2020-04-01 11:15:32,678 DEBUG: Start:	 Initializing monoview classifiers arguments
2020-04-01 11:15:32,679 DEBUG: Done:	 Initializing monoview classifiers arguments
2020-04-01 11:15:32,679 DEBUG: Start:	 Initializing monoview classifiers arguments
2020-04-01 11:15:32,679 DEBUG: Done:	 Initializing monoview classifiers arguments
2020-04-01 11:15:32,679 DEBUG: Start:	 Executing all the needed biclass benchmarks
2020-04-01 11:15:32,679 DEBUG: Start:	 Benchmark initialization
2020-04-01 11:15:32,688 DEBUG: Done:	 Benchmark initialization
2020-04-01 11:15:32,688 DEBUG: Start:	 monoview benchmark
2020-04-01 11:15:32,690 DEBUG: Start:	 Loading data
2020-04-01 11:15:32,691 DEBUG: Done:	 Loading data
2020-04-01 11:15:32,691 DEBUG: Info:	 Classification - Database:digits View:digit_col_grad_0 train ratio:0.7495826377295493, CrossValidation k-folds: 2, cores:1, algorithm : decision_tree
2020-04-01 11:15:32,691 DEBUG: Start:	 Determine Train/Test split
2020-04-01 11:15:32,691 DEBUG: Info:	 Shape X_train:(1347, 64), Length of y_train:1347
2020-04-01 11:15:32,691 DEBUG: Info:	 Shape X_test:(450, 64), Length of y_test:450
2020-04-01 11:15:32,691 DEBUG: Done:	 Determine Train/Test split
2020-04-01 11:15:32,691 DEBUG: Start:	 Generate classifier args
2020-04-01 11:15:32,691 DEBUG: Done:	 Generate classifier args
2020-04-01 11:15:32,691 DEBUG: Start:	 Training
2020-04-01 11:15:32,700 DEBUG: Done:	 Training
2020-04-01 11:15:32,700 DEBUG: Start:	 Predicting
2020-04-01 11:15:32,701 DEBUG: Done:	 Predicting
2020-04-01 11:15:32,701 DEBUG: Info:	 Duration for training and predicting: 0.010984459999235696[s]
2020-04-01 11:15:32,702 DEBUG: Start:	 Getting results
2020-04-01 11:15:32,857 DEBUG: Done:	 Getting results
2020-04-01 11:15:32,857 DEBUG: Start:	 Saving preds
2020-04-01 11:15:32,857 INFO: Classification on digits for digit_col_grad_0 with decision_tree.

Database configuration : 
	- Database name : digits
	- View name : digit_col_grad_0	 View shape : (1797, 64)
	- Learning Rate : 0.7495826377295493
	- Labels used : digit_0, digit_1, digit_2, digit_3, digit_4, digit_5, digit_6, digit_7, digit_8, digit_9
	- Number of cross validation folds : 2

Classifier configuration : 
	- DecisionTree with max_depth : 3, criterion : gini, splitter : best, random_state : RandomState(MT19937)
	- Executed on 1 core(s) 


	For Accuracy score using {}, (higher is better) : 
		- Score on train : 0.4929472902746845
		- Score on test : 0.47555555555555556

	For F1 score using average: micro, {} (higher is better) : 
		- Score on train : 0.4929472902746845
		- Score on test : 0.47555555555555556

Test set confusion matrix : 

╒═════════╤═══════════╤═══════════╤═══════════╤═══════════╤═══════════╤═══════════╤═══════════╤═══════════╤═══════════╤═══════════╕
│         │   digit_0 │   digit_1 │   digit_2 │   digit_3 │   digit_4 │   digit_5 │   digit_6 │   digit_7 │   digit_8 │   digit_9 │
╞═════════╪═══════════╪═══════════╪═══════════╪═══════════╪═══════════╪═══════════╪═══════════╪═══════════╪═══════════╪═══════════╡
│ digit_0 │        41 │         0 │         0 │         0 │         0 │         0 │         0 │         0 │         4 │         0 │
├─────────┼───────────┼───────────┼───────────┼───────────┼───────────┼───────────┼───────────┼───────────┼───────────┼───────────┤
│ digit_1 │         0 │         0 │         0 │         0 │         0 │        14 │         4 │         2 │        26 │         0 │
├─────────┼───────────┼───────────┼───────────┼───────────┼───────────┼───────────┼───────────┼───────────┼───────────┼───────────┤
│ digit_2 │         1 │         0 │         0 │         0 │         0 │         9 │         1 │         2 │        31 │         0 │
├─────────┼───────────┼───────────┼───────────┼───────────┼───────────┼───────────┼───────────┼───────────┼───────────┼───────────┤
│ digit_3 │         0 │         0 │         0 │         0 │         0 │         2 │         0 │         4 │        39 │         1 │
├─────────┼───────────┼───────────┼───────────┼───────────┼───────────┼───────────┼───────────┼───────────┼───────────┼───────────┤
│ digit_4 │         1 │         0 │         0 │         0 │         0 │         2 │         6 │         5 │        31 │         0 │
├─────────┼───────────┼───────────┼───────────┼───────────┼───────────┼───────────┼───────────┼───────────┼───────────┼───────────┤
│ digit_5 │         0 │         0 │         0 │         0 │         0 │        42 │         0 │         0 │         4 │         0 │
├─────────┼───────────┼───────────┼───────────┼───────────┼───────────┼───────────┼───────────┼───────────┼───────────┼───────────┤
│ digit_6 │         0 │         0 │         0 │         0 │         0 │         3 │        40 │         0 │         2 │         0 │
├─────────┼───────────┼───────────┼───────────┼───────────┼───────────┼───────────┼───────────┼───────────┼───────────┼───────────┤
│ digit_7 │         0 │         0 │         0 │         0 │         0 │         2 │         1 │        40 │         2 │         0 │
├─────────┼───────────┼───────────┼───────────┼───────────┼───────────┼───────────┼───────────┼───────────┼───────────┼───────────┤
│ digit_8 │         0 │         0 │         0 │         0 │         0 │         1 │         0 │         5 │        36 │         1 │
├─────────┼───────────┼───────────┼───────────┼───────────┼───────────┼───────────┼───────────┼───────────┼───────────┼───────────┤
│ digit_9 │         2 │         0 │         0 │         0 │         0 │         0 │         0 │         4 │        24 │        15 │
╘═════════╧═══════════╧═══════════╧═══════════╧═══════════╧═══════════╧═══════════╧═══════════╧═══════════╧═══════════╧═══════════╛



 Classification took 0:00:00

 Classifier Interpretation : 
First featrue : 
	36 <= 0.5
Feature importances : 
- Feature index : 21, feature importance : 0.26539503976060225
- Feature index : 36, feature importance : 0.22449217367674237
- Feature index : 42, feature importance : 0.20106225004356684
- Feature index : 60, feature importance : 0.17511746004319367
- Feature index : 28, feature importance : 0.13393307647589495

2020-04-01 11:15:32,865 INFO: Done:	 Saving results
2020-04-01 11:15:32,867 DEBUG: Start:	 Loading data
2020-04-01 11:15:32,867 DEBUG: Done:	 Loading data
2020-04-01 11:15:32,867 DEBUG: Info:	 Classification - Database:digits View:digit_col_grad_1 train ratio:0.7495826377295493, CrossValidation k-folds: 2, cores:1, algorithm : decision_tree
2020-04-01 11:15:32,867 DEBUG: Start:	 Determine Train/Test split
2020-04-01 11:15:32,868 DEBUG: Info:	 Shape X_train:(1347, 64), Length of y_train:1347
2020-04-01 11:15:32,868 DEBUG: Info:	 Shape X_test:(450, 64), Length of y_test:450
2020-04-01 11:15:32,868 DEBUG: Done:	 Determine Train/Test split
2020-04-01 11:15:32,868 DEBUG: Start:	 Generate classifier args
2020-04-01 11:15:32,868 DEBUG: Done:	 Generate classifier args
2020-04-01 11:15:32,868 DEBUG: Start:	 Training
2020-04-01 11:15:32,877 DEBUG: Done:	 Training
2020-04-01 11:15:32,877 DEBUG: Start:	 Predicting
2020-04-01 11:15:32,879 DEBUG: Done:	 Predicting
2020-04-01 11:15:32,879 DEBUG: Info:	 Duration for training and predicting: 0.01160801799960609[s]
2020-04-01 11:15:32,879 DEBUG: Start:	 Getting results
2020-04-01 11:15:33,000 DEBUG: Done:	 Getting results
2020-04-01 11:15:33,000 DEBUG: Start:	 Saving preds
2020-04-01 11:15:33,000 INFO: Classification on digits for digit_col_grad_1 with decision_tree.

Database configuration : 
	- Database name : digits
	- View name : digit_col_grad_1	 View shape : (1797, 64)
	- Learning Rate : 0.7495826377295493
	- Labels used : digit_0, digit_1, digit_2, digit_3, digit_4, digit_5, digit_6, digit_7, digit_8, digit_9
	- Number of cross validation folds : 2

Classifier configuration : 
	- DecisionTree with max_depth : 3, criterion : gini, splitter : best, random_state : RandomState(MT19937)
	- Executed on 1 core(s) 


	For Accuracy score using {}, (higher is better) : 
		- Score on train : 0.5382331106161841
		- Score on test : 0.5

	For F1 score using average: micro, {} (higher is better) : 
		- Score on train : 0.5382331106161841
		- Score on test : 0.5

Test set confusion matrix : 

╒═════════╤═══════════╤═══════════╤═══════════╤═══════════╤═══════════╤═══════════╤═══════════╤═══════════╤═══════════╤═══════════╕
│         │   digit_0 │   digit_1 │   digit_2 │   digit_3 │   digit_4 │   digit_5 │   digit_6 │   digit_7 │   digit_8 │   digit_9 │
╞═════════╪═══════════╪═══════════╪═══════════╪═══════════╪═══════════╪═══════════╪═══════════╪═══════════╪═══════════╪═══════════╡
│ digit_0 │        31 │         4 │         1 │         0 │         2 │         0 │         0 │         2 │         0 │         5 │
├─────────┼───────────┼───────────┼───────────┼───────────┼───────────┼───────────┼───────────┼───────────┼───────────┼───────────┤
│ digit_1 │         0 │        40 │         4 │         0 │         0 │         0 │         1 │         1 │         0 │         0 │
├─────────┼───────────┼───────────┼───────────┼───────────┼───────────┼───────────┼───────────┼───────────┼───────────┼───────────┤
│ digit_2 │         0 │         5 │        39 │         0 │         0 │         0 │         0 │         0 │         0 │         0 │
├─────────┼───────────┼───────────┼───────────┼───────────┼───────────┼───────────┼───────────┼───────────┼───────────┼───────────┤
│ digit_3 │         0 │         2 │        37 │         0 │         0 │         1 │         0 │         0 │         0 │         6 │
├─────────┼───────────┼───────────┼───────────┼───────────┼───────────┼───────────┼───────────┼───────────┼───────────┼───────────┤
│ digit_4 │         0 │         9 │         0 │         0 │        32 │         0 │         0 │         2 │         0 │         2 │
├─────────┼───────────┼───────────┼───────────┼───────────┼───────────┼───────────┼───────────┼───────────┼───────────┼───────────┤
│ digit_5 │         0 │         3 │         0 │         0 │         0 │        25 │         2 │         2 │         0 │        14 │
├─────────┼───────────┼───────────┼───────────┼───────────┼───────────┼───────────┼───────────┼───────────┼───────────┼───────────┤
│ digit_6 │         0 │        39 │         0 │         0 │         0 │         0 │         4 │         0 │         0 │         2 │
├─────────┼───────────┼───────────┼───────────┼───────────┼───────────┼───────────┼───────────┼───────────┼───────────┼───────────┤
│ digit_7 │         0 │         4 │         3 │         0 │         2 │         0 │         1 │        35 │         0 │         0 │
├─────────┼───────────┼───────────┼───────────┼───────────┼───────────┼───────────┼───────────┼───────────┼───────────┼───────────┤
│ digit_8 │         0 │        16 │        25 │         0 │         0 │         0 │         2 │         0 │         0 │         0 │
├─────────┼───────────┼───────────┼───────────┼───────────┼───────────┼───────────┼───────────┼───────────┼───────────┼───────────┤
│ digit_9 │         2 │        10 │        13 │         0 │         0 │         0 │         0 │         1 │         0 │        19 │
╘═════════╧═══════════╧═══════════╧═══════════╧═══════════╧═══════════╧═══════════╧═══════════╧═══════════╧═══════════╧═══════════╛



 Classification took 0:00:00

 Classifier Interpretation : 
First featrue : 
	46 <= -0.25
Feature importances : 
- Feature index : 18, feature importance : 0.33862488179885464
- Feature index : 46, feature importance : 0.17815685839779588
- Feature index : 52, feature importance : 0.16841359350523372
- Feature index : 13, feature importance : 0.1600495585447605
- Feature index : 36, feature importance : 0.12766430531260284
- Feature index : 50, feature importance : 0.027090802440752286

2020-04-01 11:15:33,007 INFO: Done:	 Saving results
2020-04-01 11:15:33,009 DEBUG: Start:	 Loading data
2020-04-01 11:15:33,010 DEBUG: Done:	 Loading data
2020-04-01 11:15:33,010 DEBUG: Info:	 Classification - Database:digits View:digit_col_grad_2 train ratio:0.7495826377295493, CrossValidation k-folds: 2, cores:1, algorithm : decision_tree
2020-04-01 11:15:33,010 DEBUG: Start:	 Determine Train/Test split
2020-04-01 11:15:33,010 DEBUG: Info:	 Shape X_train:(1347, 64), Length of y_train:1347
2020-04-01 11:15:33,010 DEBUG: Info:	 Shape X_test:(450, 64), Length of y_test:450
2020-04-01 11:15:33,010 DEBUG: Done:	 Determine Train/Test split
2020-04-01 11:15:33,010 DEBUG: Start:	 Generate classifier args
2020-04-01 11:15:33,011 DEBUG: Done:	 Generate classifier args
2020-04-01 11:15:33,011 DEBUG: Start:	 Training
2020-04-01 11:15:33,023 DEBUG: Done:	 Training
2020-04-01 11:15:33,023 DEBUG: Start:	 Predicting
2020-04-01 11:15:33,024 DEBUG: Done:	 Predicting
2020-04-01 11:15:33,024 DEBUG: Info:	 Duration for training and predicting: 0.01500083800056018[s]
2020-04-01 11:15:33,025 DEBUG: Start:	 Getting results
2020-04-01 11:15:33,139 DEBUG: Done:	 Getting results
2020-04-01 11:15:33,140 DEBUG: Start:	 Saving preds
2020-04-01 11:15:33,140 INFO: Classification on digits for digit_col_grad_2 with decision_tree.

Database configuration : 
	- Database name : digits
	- View name : digit_col_grad_2	 View shape : (1797, 64)
	- Learning Rate : 0.7495826377295493
	- Labels used : digit_0, digit_1, digit_2, digit_3, digit_4, digit_5, digit_6, digit_7, digit_8, digit_9
	- Number of cross validation folds : 2

Classifier configuration : 
	- DecisionTree with max_depth : 3, criterion : gini, splitter : best, random_state : RandomState(MT19937)
	- Executed on 1 core(s) 


	For Accuracy score using {}, (higher is better) : 
		- Score on train : 0.5011135857461024
		- Score on test : 0.4822222222222222

	For F1 score using average: micro, {} (higher is better) : 
		- Score on train : 0.5011135857461024
		- Score on test : 0.4822222222222222

Test set confusion matrix : 

╒═════════╤═══════════╤═══════════╤═══════════╤═══════════╤═══════════╤═══════════╤═══════════╤═══════════╤═══════════╤═══════════╕
│         │   digit_0 │   digit_1 │   digit_2 │   digit_3 │   digit_4 │   digit_5 │   digit_6 │   digit_7 │   digit_8 │   digit_9 │
╞═════════╪═══════════╪═══════════╪═══════════╪═══════════╪═══════════╪═══════════╪═══════════╪═══════════╪═══════════╪═══════════╡
│ digit_0 │        43 │         0 │         0 │         0 │         0 │         0 │         0 │         1 │         0 │         1 │
├─────────┼───────────┼───────────┼───────────┼───────────┼───────────┼───────────┼───────────┼───────────┼───────────┼───────────┤
│ digit_1 │         0 │         0 │         0 │         0 │         0 │         8 │        10 │        23 │         0 │         5 │
├─────────┼───────────┼───────────┼───────────┼───────────┼───────────┼───────────┼───────────┼───────────┼───────────┼───────────┤
│ digit_2 │         0 │         0 │         0 │         0 │         0 │         0 │        10 │        34 │         0 │         0 │
├─────────┼───────────┼───────────┼───────────┼───────────┼───────────┼───────────┼───────────┼───────────┼───────────┼───────────┤
│ digit_3 │         0 │         0 │         0 │         0 │         0 │         1 │         1 │         5 │         0 │        39 │
├─────────┼───────────┼───────────┼───────────┼───────────┼───────────┼───────────┼───────────┼───────────┼───────────┼───────────┤
│ digit_4 │         0 │         0 │         0 │         0 │        22 │         3 │         0 │        17 │         0 │         3 │
├─────────┼───────────┼───────────┼───────────┼───────────┼───────────┼───────────┼───────────┼───────────┼───────────┼───────────┤
│ digit_5 │         0 │         0 │         0 │         0 │         0 │        35 │         4 │         0 │         0 │         7 │
├─────────┼───────────┼───────────┼───────────┼───────────┼───────────┼───────────┼───────────┼───────────┼───────────┼───────────┤
│ digit_6 │         0 │         0 │         0 │         0 │         0 │         2 │        41 │         2 │         0 │         0 │
├─────────┼───────────┼───────────┼───────────┼───────────┼───────────┼───────────┼───────────┼───────────┼───────────┼───────────┤
│ digit_7 │         0 │         0 │         0 │         0 │         0 │         1 │         2 │        41 │         0 │         1 │
├─────────┼───────────┼───────────┼───────────┼───────────┼───────────┼───────────┼───────────┼───────────┼───────────┼───────────┤
│ digit_8 │         0 │         0 │         0 │         0 │         0 │         0 │         1 │        32 │         0 │        10 │
├─────────┼───────────┼───────────┼───────────┼───────────┼───────────┼───────────┼───────────┼───────────┼───────────┼───────────┤
│ digit_9 │         0 │         0 │         0 │         0 │         0 │         0 │         0 │        10 │         0 │        35 │
╘═════════╧═══════════╧═══════════╧═══════════╧═══════════╧═══════════╧═══════════╧═══════════╧═══════════╧═══════════╧═══════════╛



 Classification took 0:00:00

 Classifier Interpretation : 
First featrue : 
	29 <= 0.25
Feature importances : 
- Feature index : 29, feature importance : 0.21981782251685447
- Feature index : 60, feature importance : 0.19832958949850743
- Feature index : 22, feature importance : 0.19525752565844157
- Feature index : 14, feature importance : 0.1690634685520564
- Feature index : 42, feature importance : 0.15875139048481657
- Feature index : 35, feature importance : 0.041528264543039574
- Feature index : 7, feature importance : 0.01725193874628402

2020-04-01 11:15:33,147 INFO: Done:	 Saving results
2020-04-01 11:15:33,147 DEBUG: Done:	 monoview benchmark
2020-04-01 11:15:33,148 DEBUG: Start:	 multiview arguments initialization
2020-04-01 11:15:33,148 DEBUG: Done:	 multiview arguments initialization
2020-04-01 11:15:33,148 DEBUG: Start:	 multiview benchmark
2020-04-01 11:15:33,148 DEBUG: Start:	 Initialize constants
2020-04-01 11:15:33,148 INFO: Info	: Classification - Database : digits ; Views : digit_col_grad_0, digit_col_grad_1, digit_col_grad_2 ; Algorithm : weighted_linear_early_fusion ; Cores : 1, Train ratio : 0.7495826377295493, CV on 2 folds
2020-04-01 11:15:33,149 INFO: Info:	 Shape of digit_col_grad_0 :(1797, 64)
2020-04-01 11:15:33,151 INFO: Info:	 Shape of digit_col_grad_1 :(1797, 64)
2020-04-01 11:15:33,153 INFO: Info:	 Shape of digit_col_grad_2 :(1797, 64)
2020-04-01 11:15:33,154 DEBUG: Done:	 Initialize constants
2020-04-01 11:15:33,154 INFO: Info:	 Extraction duration 0.006641864776611328s
2020-04-01 11:15:33,154 DEBUG: Start:	 Getting train/test split
2020-04-01 11:15:33,154 DEBUG: Done:	 Getting train/test split
2020-04-01 11:15:33,155 DEBUG: Start:	 Getting classifiers modules
2020-04-01 11:15:33,155 DEBUG: Done:	 Getting classifiers modules
2020-04-01 11:15:33,155 DEBUG: Start:	 Optimizing hyperparameters
2020-04-01 11:15:33,188 DEBUG: Done:	 Optimizing hyperparameters
2020-04-01 11:15:33,188 DEBUG: Start:	 Fitting classifier
2020-04-01 11:15:33,228 DEBUG: Done:	 Fitting classifier
2020-04-01 11:15:33,228 DEBUG: Start:	 Predicting
2020-04-01 11:15:33,235 INFO: Done:	 Pertidcting
2020-04-01 11:15:33,235 INFO: Info:	 Classification duration 0.006641864776611328s
2020-04-01 11:15:33,235 INFO: Start:	 Result Analysis for weighted_linear_early_fusion
2020-04-01 11:15:33,254 INFO: Done:	 Result Analysis for weighted_linear_early_fusion
2020-04-01 11:15:33,255 DEBUG: Start:	 Saving preds
2020-04-01 11:15:33,255 INFO: Multiview classification on digits  with early_fusion

Database configuration : 
	- Database name : digits
	- Views : digit_col_grad_0, digit_col_grad_1, digit_col_grad_2
	- Learning Rate : 0.7495826377295493
	- Labels used : digit_0, digit_1, digit_2, digit_3, digit_4, digit_5, digit_6, digit_7, digit_8, digit_9
	- Number of cross validation folds : 2

Classifier configuration : 
	- WeightedLinearEarlyFusion with monoview_classifier_name : decision_tree, monoview_classifier_config : {'criterion': 'gini', 'max_depth': 6, 'random_state': RandomState(MT19937) at 0x7F9F8BF4B258, 'splitter': 'best'}
	- Executed on 1 core(s) 


	For Accuracy score using {}, (higher is better) : 
		- Score on train : 0.7980697847067557
		- Score on test : 0.76

	For F1 score using average: micro, {} (higher is better) : 
		- Score on train : 0.7980697847067557
		- Score on test : 0.76

Test set confusion matrix : 

╒═════════╤═══════════╤═══════════╤═══════════╤═══════════╤═══════════╤═══════════╤═══════════╤═══════════╤═══════════╤═══════════╕
│         │   digit_0 │   digit_1 │   digit_2 │   digit_3 │   digit_4 │   digit_5 │   digit_6 │   digit_7 │   digit_8 │   digit_9 │
╞═════════╪═══════════╪═══════════╪═══════════╪═══════════╪═══════════╪═══════════╪═══════════╪═══════════╪═══════════╪═══════════╡
│ digit_0 │        42 │         1 │         1 │         1 │         0 │         0 │         0 │         0 │         0 │         0 │
├─────────┼───────────┼───────────┼───────────┼───────────┼───────────┼───────────┼───────────┼───────────┼───────────┼───────────┤
│ digit_1 │         0 │        37 │         0 │         2 │         2 │         0 │         2 │         0 │         0 │         3 │
├─────────┼───────────┼───────────┼───────────┼───────────┼───────────┼───────────┼───────────┼───────────┼───────────┼───────────┤
│ digit_2 │         0 │        10 │        33 │         0 │         0 │         0 │         0 │         0 │         0 │         1 │
├─────────┼───────────┼───────────┼───────────┼───────────┼───────────┼───────────┼───────────┼───────────┼───────────┼───────────┤
│ digit_3 │         0 │         0 │         3 │        37 │         0 │         2 │         2 │         0 │         0 │         2 │
├─────────┼───────────┼───────────┼───────────┼───────────┼───────────┼───────────┼───────────┼───────────┼───────────┼───────────┤
│ digit_4 │         0 │         6 │         0 │         0 │        36 │         0 │         0 │         1 │         0 │         2 │
├─────────┼───────────┼───────────┼───────────┼───────────┼───────────┼───────────┼───────────┼───────────┼───────────┼───────────┤
│ digit_5 │         0 │         2 │         0 │         0 │         0 │        41 │         1 │         1 │         0 │         1 │
├─────────┼───────────┼───────────┼───────────┼───────────┼───────────┼───────────┼───────────┼───────────┼───────────┼───────────┤
│ digit_6 │         0 │         7 │         0 │         0 │         1 │         0 │        36 │         0 │         1 │         0 │
├─────────┼───────────┼───────────┼───────────┼───────────┼───────────┼───────────┼───────────┼───────────┼───────────┼───────────┤
│ digit_7 │         0 │         0 │         2 │         0 │         0 │         0 │         0 │        42 │         0 │         1 │
├─────────┼───────────┼───────────┼───────────┼───────────┼───────────┼───────────┼───────────┼───────────┼───────────┼───────────┤
│ digit_8 │         0 │        25 │         7 │         0 │         0 │         1 │         2 │         1 │         3 │         4 │
├─────────┼───────────┼───────────┼───────────┼───────────┼───────────┼───────────┼───────────┼───────────┼───────────┼───────────┤
│ digit_9 │         0 │         3 │         2 │         1 │         0 │         1 │         0 │         3 │         0 │        35 │
╘═════════╧═══════════╧═══════════╧═══════════╧═══════════╧═══════════╧═══════════╧═══════════╧═══════════╧═══════════╧═══════════╛



 Classification took 0:00:00

 Classifier Interpretation : 

2020-04-01 11:15:33,255 DEBUG: Start:	 Saving preds
2020-04-01 11:15:33,255 DEBUG: Start:	 Initialize constants
2020-04-01 11:15:33,256 INFO: Info	: Classification - Database : digits ; Views : digit_col_grad_0, digit_col_grad_1, digit_col_grad_2 ; Algorithm : weighted_linear_late_fusion ; Cores : 1, Train ratio : 0.7495826377295493, CV on 2 folds
2020-04-01 11:15:33,257 INFO: Info:	 Shape of digit_col_grad_0 :(1797, 64)
2020-04-01 11:15:33,258 INFO: Info:	 Shape of digit_col_grad_1 :(1797, 64)
2020-04-01 11:15:33,259 INFO: Info:	 Shape of digit_col_grad_2 :(1797, 64)
2020-04-01 11:15:33,260 DEBUG: Done:	 Initialize constants
2020-04-01 11:15:33,260 INFO: Info:	 Extraction duration 0.0041353702545166016s
2020-04-01 11:15:33,260 DEBUG: Start:	 Getting train/test split
2020-04-01 11:15:33,260 DEBUG: Done:	 Getting train/test split
2020-04-01 11:15:33,260 DEBUG: Start:	 Getting classifiers modules
2020-04-01 11:15:33,260 DEBUG: Done:	 Getting classifiers modules
2020-04-01 11:15:33,260 DEBUG: Start:	 Optimizing hyperparameters
2020-04-01 11:15:33,280 DEBUG: Done:	 Optimizing hyperparameters
2020-04-01 11:15:33,280 DEBUG: Start:	 Fitting classifier
2020-04-01 11:15:34,076 DEBUG: Done:	 Fitting classifier
2020-04-01 11:15:34,076 DEBUG: Start:	 Predicting
2020-04-01 11:15:34,295 INFO: Done:	 Pertidcting
2020-04-01 11:15:34,295 INFO: Info:	 Classification duration 0.0041353702545166016s
2020-04-01 11:15:34,295 INFO: Start:	 Result Analysis for weighted_linear_late_fusion
2020-04-01 11:15:34,313 INFO: Done:	 Result Analysis for weighted_linear_late_fusion
2020-04-01 11:15:34,313 DEBUG: Start:	 Saving preds
2020-04-01 11:15:34,313 INFO: Multiview classification on digits  with weighted_linear_late_fusion

Database configuration : 
	- Database name : digits
	- Views : digit_col_grad_0, digit_col_grad_1, digit_col_grad_2
	- Learning Rate : 0.7495826377295493
	- Labels used : digit_0, digit_1, digit_2, digit_3, digit_4, digit_5, digit_6, digit_7, digit_8, digit_9
	- Number of cross validation folds : 2

Classifier configuration : 
	- WeightedLinearLateFusion with classifiers_names : decision_tree, classifier_configs : {'decision_tree': {'max_depth': 3}}, weights : None, rs : None
	- Executed on 1 core(s) 


	For Accuracy score using {}, (higher is better) : 
		- Score on train : 0.9896065330363771
		- Score on test : 0.9177777777777778

	For F1 score using average: micro, {} (higher is better) : 
		- Score on train : 0.9896065330363771
		- Score on test : 0.9177777777777778

Test set confusion matrix : 

╒═════════╤═══════════╤═══════════╤═══════════╤═══════════╤═══════════╤═══════════╤═══════════╤═══════════╤═══════════╤═══════════╕
│         │   digit_0 │   digit_1 │   digit_2 │   digit_3 │   digit_4 │   digit_5 │   digit_6 │   digit_7 │   digit_8 │   digit_9 │
╞═════════╪═══════════╪═══════════╪═══════════╪═══════════╪═══════════╪═══════════╪═══════════╪═══════════╪═══════════╪═══════════╡
│ digit_0 │        42 │         0 │         0 │         0 │         2 │         0 │         0 │         0 │         1 │         0 │
├─────────┼───────────┼───────────┼───────────┼───────────┼───────────┼───────────┼───────────┼───────────┼───────────┼───────────┤
│ digit_1 │         0 │        42 │         0 │         0 │         0 │         1 │         0 │         0 │         2 │         1 │
├─────────┼───────────┼───────────┼───────────┼───────────┼───────────┼───────────┼───────────┼───────────┼───────────┼───────────┤
│ digit_2 │         0 │         0 │        41 │         0 │         0 │         0 │         0 │         0 │         3 │         0 │
├─────────┼───────────┼───────────┼───────────┼───────────┼───────────┼───────────┼───────────┼───────────┼───────────┼───────────┤
│ digit_3 │         0 │         0 │         2 │        40 │         0 │         0 │         0 │         2 │         0 │         2 │
├─────────┼───────────┼───────────┼───────────┼───────────┼───────────┼───────────┼───────────┼───────────┼───────────┼───────────┤
│ digit_4 │         0 │         2 │         0 │         0 │        41 │         0 │         0 │         2 │         0 │         0 │
├─────────┼───────────┼───────────┼───────────┼───────────┼───────────┼───────────┼───────────┼───────────┼───────────┼───────────┤
│ digit_5 │         0 │         0 │         0 │         0 │         1 │        42 │         0 │         0 │         0 │         3 │
├─────────┼───────────┼───────────┼───────────┼───────────┼───────────┼───────────┼───────────┼───────────┼───────────┼───────────┤
│ digit_6 │         0 │         0 │         0 │         0 │         0 │         0 │        44 │         0 │         1 │         0 │
├─────────┼───────────┼───────────┼───────────┼───────────┼───────────┼───────────┼───────────┼───────────┼───────────┼───────────┤
│ digit_7 │         0 │         0 │         0 │         0 │         1 │         0 │         0 │        43 │         1 │         0 │
├─────────┼───────────┼───────────┼───────────┼───────────┼───────────┼───────────┼───────────┼───────────┼───────────┼───────────┤
│ digit_8 │         0 │         2 │         2 │         0 │         0 │         0 │         0 │         2 │        37 │         0 │
├─────────┼───────────┼───────────┼───────────┼───────────┼───────────┼───────────┼───────────┼───────────┼───────────┼───────────┤
│ digit_9 │         1 │         0 │         0 │         1 │         0 │         0 │         0 │         1 │         1 │        41 │
╘═════════╧═══════════╧═══════════╧═══════════╧═══════════╧═══════════╧═══════════╧═══════════╧═══════════╧═══════════╧═══════════╛



 Classification took 0:00:01

 Classifier Interpretation : 
Multiclass wrapper is not interpretable yet
2020-04-01 11:15:34,313 DEBUG: Start:	 Saving preds
2020-04-01 11:15:34,314 DEBUG: Done:	 multiview benchmark
2020-04-01 11:15:34,314 DEBUG: Start:	 Analyzing all results
2020-04-01 11:15:35,376 DEBUG: Start:	 Score graph generation for accuracy_score*
2020-04-01 11:15:36,538 DEBUG: Done:	 Score graph generation for accuracy_score*
2020-04-01 11:15:36,539 DEBUG: Start:	 Score graph generation for f1_score
2020-04-01 11:15:37,327 DEBUG: Done:	 Score graph generation for f1_score
2020-04-01 11:15:37,327 DEBUG: Start:	 Biclass Label analysis figure generation
2020-04-01 11:15:37,363 DEBUG: locator: <matplotlib.ticker.FixedLocator object at 0x7f9f86534c18>
2020-04-01 11:15:37,364 DEBUG: Using fixed locator on colorbar
2020-04-01 11:15:37,365 DEBUG: Setting pcolormesh
2020-04-01 11:15:39,621 DEBUG: Done:	 Biclass Label analysis figures generation
2020-04-01 11:15:40,937 DEBUG: Done:	 Analyzing all results
2020-04-01 11:15:40,937 DEBUG: Done:	 Executing all the needed biclass benchmarks
2020-04-01 11:15:40,937 DEBUG: Start:	 Analyzing predictions
2020-04-01 11:15:40,938 DEBUG: Start:	 Analyzing all results
2020-04-01 11:15:42,158 DEBUG: Start:	 Score graph generation for accuracy_score*
2020-04-01 11:15:42,916 DEBUG: Done:	 Score graph generation for accuracy_score*
2020-04-01 11:15:42,916 DEBUG: Start:	 Score graph generation for f1_score
2020-04-01 11:15:43,695 DEBUG: Done:	 Score graph generation for f1_score
2020-04-01 11:15:43,696 DEBUG: Start:	 Biclass Label analysis figure generation
2020-04-01 11:15:43,730 DEBUG: locator: <matplotlib.ticker.FixedLocator object at 0x7f9f86eb5710>
2020-04-01 11:15:43,730 DEBUG: Using fixed locator on colorbar
2020-04-01 11:15:43,732 DEBUG: Setting pcolormesh
2020-04-01 11:15:45,952 DEBUG: Done:	 Biclass Label analysis figures generation
2020-04-01 11:15:47,134 DEBUG: Done:	 Analyzing all results
2020-04-01 11:15:47,134 DEBUG: Done:	 Analyzing predictions
