2016-09-01 10:27:12,561 INFO: Start:	 Finding all available mono- & multiview algorithms
2016-09-01 10:27:12,562 INFO: ### Main Programm for Multiview Classification
2016-09-01 10:27:12,562 INFO: ### Classification - Database : Fake ; Views : Methyl, MiRNA_, RNASeq, Clinic ; Algorithm : Mumbo ; Cores : 1
2016-09-01 10:27:12,563 INFO: Info:	 Shape of View0 :(300, 12)
2016-09-01 10:27:12,563 INFO: Info:	 Shape of View1 :(300, 19)
2016-09-01 10:27:12,564 INFO: Info:	 Shape of View2 :(300, 14)
2016-09-01 10:27:12,564 INFO: Info:	 Shape of View3 :(300, 19)
2016-09-01 10:27:12,564 INFO: Done:	 Read Database Files
2016-09-01 10:27:12,564 INFO: Start:	 Determine validation split for ratio 0.7
2016-09-01 10:27:12,575 INFO: Done:	 Determine validation split
2016-09-01 10:27:12,575 INFO: Start:	 Determine 5 folds
2016-09-01 10:27:12,587 INFO: Info:	 Length of Learning Sets: 175
2016-09-01 10:27:12,588 INFO: Info:	 Length of Testing Sets: 37
2016-09-01 10:27:12,588 INFO: Info:	 Length of Validation Set: 88
2016-09-01 10:27:12,588 INFO: Done:	 Determine folds
2016-09-01 10:27:12,588 INFO: Start:	 Learning with Mumbo and 5 folds
2016-09-01 10:27:12,588 INFO: 	Start:	 Fold number 1
2016-09-01 10:27:12,701 DEBUG: 		Start:	 Iteration 1
2016-09-01 10:27:12,709 DEBUG: 			View 0 : 0.102702702703
2016-09-01 10:27:12,717 DEBUG: 			View 1 : 0.0864864864865
2016-09-01 10:27:12,725 DEBUG: 			View 2 : 0.118918918919
2016-09-01 10:27:12,733 DEBUG: 			View 3 : 0.0810810810811
2016-09-01 10:27:12,734 WARNING: 		WARNING:	All bad for iteration 0
2016-09-01 10:27:12,900 DEBUG: 			 Best view : 		View0
2016-09-01 10:27:13,013 DEBUG: 		Start:	 Iteration 2
2016-09-01 10:27:13,021 DEBUG: 			View 0 : 0.216216216216
2016-09-01 10:27:13,030 DEBUG: 			View 1 : 0.183783783784
2016-09-01 10:27:13,038 DEBUG: 			View 2 : 0.232432432432
2016-09-01 10:27:13,046 DEBUG: 			View 3 : 0.210810810811
2016-09-01 10:27:13,046 WARNING: 		WARNING:	All bad for iteration 1
2016-09-01 10:27:13,238 DEBUG: 			 Best view : 		View2
2016-09-01 10:27:13,422 DEBUG: 		Start:	 Iteration 3
2016-09-01 10:27:13,429 DEBUG: 			View 0 : 0.216216216216
2016-09-01 10:27:13,438 DEBUG: 			View 1 : 0.183783783784
2016-09-01 10:27:13,446 DEBUG: 			View 2 : 0.232432432432
2016-09-01 10:27:13,454 DEBUG: 			View 3 : 0.210810810811
2016-09-01 10:27:13,455 WARNING: 		WARNING:	All bad for iteration 2
2016-09-01 10:27:13,656 DEBUG: 			 Best view : 		View2
2016-09-01 10:27:13,906 DEBUG: 		Start:	 Iteration 4
2016-09-01 10:27:13,914 DEBUG: 			View 0 : 0.216216216216
2016-09-01 10:27:13,922 DEBUG: 			View 1 : 0.183783783784
2016-09-01 10:27:13,931 DEBUG: 			View 2 : 0.232432432432
2016-09-01 10:27:13,939 DEBUG: 			View 3 : 0.210810810811
2016-09-01 10:27:13,939 WARNING: 		WARNING:	All bad for iteration 3
2016-09-01 10:27:14,149 DEBUG: 			 Best view : 		View2
2016-09-01 10:27:14,844 DEBUG: 		Start:	 Iteration 5
2016-09-01 10:27:14,859 DEBUG: 			View 0 : 0.216216216216
2016-09-01 10:27:14,867 DEBUG: 			View 1 : 0.183783783784
2016-09-01 10:27:14,875 DEBUG: 			View 2 : 0.232432432432
2016-09-01 10:27:14,884 DEBUG: 			View 3 : 0.210810810811
2016-09-01 10:27:14,884 WARNING: 		WARNING:	All bad for iteration 4
2016-09-01 10:27:15,099 DEBUG: 			 Best view : 		View2
2016-09-01 10:27:15,484 INFO: 	Start: 	 Classification
2016-09-01 10:27:16,043 INFO: 	Done: 	 Fold number 1
2016-09-01 10:27:16,044 INFO: 	Start:	 Fold number 2
2016-09-01 10:27:16,158 DEBUG: 		Start:	 Iteration 1
2016-09-01 10:27:16,166 DEBUG: 			View 0 : 0.0967741935484
2016-09-01 10:27:16,174 DEBUG: 			View 1 : 0.102150537634
2016-09-01 10:27:16,182 DEBUG: 			View 2 : 0.0967741935484
2016-09-01 10:27:16,191 DEBUG: 			View 3 : 0.102150537634
2016-09-01 10:27:16,191 WARNING: 		WARNING:	All bad for iteration 0
2016-09-01 10:27:16,355 DEBUG: 			 Best view : 		View3
2016-09-01 10:27:16,467 DEBUG: 		Start:	 Iteration 2
2016-09-01 10:27:16,475 DEBUG: 			View 0 : 0.241935483871
2016-09-01 10:27:16,484 DEBUG: 			View 1 : 0.215053763441
2016-09-01 10:27:16,492 DEBUG: 			View 2 : 0.241935483871
2016-09-01 10:27:16,500 DEBUG: 			View 3 : 0.193548387097
2016-09-01 10:27:16,501 WARNING: 		WARNING:	All bad for iteration 1
2016-09-01 10:27:16,692 DEBUG: 			 Best view : 		View0
2016-09-01 10:27:16,876 DEBUG: 		Start:	 Iteration 3
2016-09-01 10:27:16,884 DEBUG: 			View 0 : 0.241935483871
2016-09-01 10:27:16,892 DEBUG: 			View 1 : 0.215053763441
2016-09-01 10:27:16,900 DEBUG: 			View 2 : 0.241935483871
2016-09-01 10:27:16,909 DEBUG: 			View 3 : 0.193548387097
2016-09-01 10:27:16,909 WARNING: 		WARNING:	All bad for iteration 2
2016-09-01 10:27:17,110 DEBUG: 			 Best view : 		View0
2016-09-01 10:27:17,363 DEBUG: 		Start:	 Iteration 4
2016-09-01 10:27:17,371 DEBUG: 			View 0 : 0.241935483871
2016-09-01 10:27:17,379 DEBUG: 			View 1 : 0.215053763441
2016-09-01 10:27:17,387 DEBUG: 			View 2 : 0.241935483871
2016-09-01 10:27:17,395 DEBUG: 			View 3 : 0.193548387097
2016-09-01 10:27:17,396 WARNING: 		WARNING:	All bad for iteration 3
2016-09-01 10:27:17,608 DEBUG: 			 Best view : 		View0
2016-09-01 10:27:17,929 DEBUG: 		Start:	 Iteration 5
2016-09-01 10:27:17,937 DEBUG: 			View 0 : 0.241935483871
2016-09-01 10:27:17,945 DEBUG: 			View 1 : 0.215053763441
2016-09-01 10:27:17,953 DEBUG: 			View 2 : 0.241935483871
2016-09-01 10:27:17,962 DEBUG: 			View 3 : 0.193548387097
2016-09-01 10:27:17,962 WARNING: 		WARNING:	All bad for iteration 4
2016-09-01 10:27:18,179 DEBUG: 			 Best view : 		View0
2016-09-01 10:27:18,565 INFO: 	Start: 	 Classification
2016-09-01 10:27:19,126 INFO: 	Done: 	 Fold number 2
2016-09-01 10:27:19,127 INFO: 	Start:	 Fold number 3
2016-09-01 10:27:19,240 DEBUG: 		Start:	 Iteration 1
2016-09-01 10:27:19,248 DEBUG: 			View 0 : 0.118918918919
2016-09-01 10:27:19,256 DEBUG: 			View 1 : 0.102702702703
2016-09-01 10:27:19,264 DEBUG: 			View 2 : 0.0918918918919
2016-09-01 10:27:19,272 DEBUG: 			View 3 : 0.102702702703
2016-09-01 10:27:19,273 WARNING: 		WARNING:	All bad for iteration 0
2016-09-01 10:27:19,435 DEBUG: 			 Best view : 		View0
2016-09-01 10:27:19,545 DEBUG: 		Start:	 Iteration 2
2016-09-01 10:27:19,553 DEBUG: 			View 0 : 0.194594594595
2016-09-01 10:27:19,561 DEBUG: 			View 1 : 0.243243243243
2016-09-01 10:27:19,569 DEBUG: 			View 2 : 0.210810810811
2016-09-01 10:27:19,578 DEBUG: 			View 3 : 0.167567567568
2016-09-01 10:27:19,578 WARNING: 		WARNING:	All bad for iteration 1
2016-09-01 10:27:19,768 DEBUG: 			 Best view : 		View1
2016-09-01 10:27:19,952 DEBUG: 		Start:	 Iteration 3
2016-09-01 10:27:19,959 DEBUG: 			View 0 : 0.194594594595
2016-09-01 10:27:19,968 DEBUG: 			View 1 : 0.243243243243
2016-09-01 10:27:19,976 DEBUG: 			View 2 : 0.210810810811
2016-09-01 10:27:19,984 DEBUG: 			View 3 : 0.167567567568
2016-09-01 10:27:19,985 WARNING: 		WARNING:	All bad for iteration 2
2016-09-01 10:27:20,184 DEBUG: 			 Best view : 		View1
2016-09-01 10:27:20,435 DEBUG: 		Start:	 Iteration 4
2016-09-01 10:27:20,442 DEBUG: 			View 0 : 0.194594594595
2016-09-01 10:27:20,451 DEBUG: 			View 1 : 0.243243243243
2016-09-01 10:27:20,459 DEBUG: 			View 2 : 0.210810810811
2016-09-01 10:27:20,468 DEBUG: 			View 3 : 0.167567567568
2016-09-01 10:27:20,468 WARNING: 		WARNING:	All bad for iteration 3
2016-09-01 10:27:20,677 DEBUG: 			 Best view : 		View1
2016-09-01 10:27:20,997 DEBUG: 		Start:	 Iteration 5
2016-09-01 10:27:21,004 DEBUG: 			View 0 : 0.194594594595
2016-09-01 10:27:21,013 DEBUG: 			View 1 : 0.243243243243
2016-09-01 10:27:21,021 DEBUG: 			View 2 : 0.210810810811
2016-09-01 10:27:21,029 DEBUG: 			View 3 : 0.167567567568
2016-09-01 10:27:21,030 WARNING: 		WARNING:	All bad for iteration 4
2016-09-01 10:27:21,244 DEBUG: 			 Best view : 		View1
2016-09-01 10:27:21,630 INFO: 	Start: 	 Classification
2016-09-01 10:27:22,188 INFO: 	Done: 	 Fold number 3
2016-09-01 10:27:22,189 INFO: 	Start:	 Fold number 4
2016-09-01 10:27:22,305 DEBUG: 		Start:	 Iteration 1
2016-09-01 10:27:22,312 DEBUG: 			View 0 : 0.0634920634921
2016-09-01 10:27:22,320 DEBUG: 			View 1 : 0.0634920634921
2016-09-01 10:27:22,327 DEBUG: 			View 2 : 0.0634920634921
2016-09-01 10:27:22,334 DEBUG: 			View 3 : 0.0634920634921
2016-09-01 10:27:22,335 WARNING: 		WARNING:	All bad for iteration 0
2016-09-01 10:27:22,501 DEBUG: 			 Best view : 		View0
2016-09-01 10:27:22,614 DEBUG: 		Start:	 Iteration 2
2016-09-01 10:27:22,622 DEBUG: 			View 0 : 0.26455026455
2016-09-01 10:27:22,631 DEBUG: 			View 1 : 0.179894179894
2016-09-01 10:27:22,639 DEBUG: 			View 2 : 0.222222222222
2016-09-01 10:27:22,648 DEBUG: 			View 3 : 0.174603174603
2016-09-01 10:27:22,648 WARNING: 		WARNING:	All bad for iteration 1
2016-09-01 10:27:22,843 DEBUG: 			 Best view : 		View0
2016-09-01 10:27:23,029 DEBUG: 		Start:	 Iteration 3
2016-09-01 10:27:23,037 DEBUG: 			View 0 : 0.26455026455
2016-09-01 10:27:23,046 DEBUG: 			View 1 : 0.179894179894
2016-09-01 10:27:23,054 DEBUG: 			View 2 : 0.222222222222
2016-09-01 10:27:23,062 DEBUG: 			View 3 : 0.174603174603
2016-09-01 10:27:23,063 WARNING: 		WARNING:	All bad for iteration 2
2016-09-01 10:27:23,269 DEBUG: 			 Best view : 		View0
2016-09-01 10:27:23,525 DEBUG: 		Start:	 Iteration 4
2016-09-01 10:27:23,534 DEBUG: 			View 0 : 0.26455026455
2016-09-01 10:27:23,542 DEBUG: 			View 1 : 0.179894179894
2016-09-01 10:27:23,550 DEBUG: 			View 2 : 0.222222222222
2016-09-01 10:27:23,559 DEBUG: 			View 3 : 0.174603174603
2016-09-01 10:27:23,559 WARNING: 		WARNING:	All bad for iteration 3
2016-09-01 10:27:23,772 DEBUG: 			 Best view : 		View0
2016-09-01 10:27:24,097 DEBUG: 		Start:	 Iteration 5
2016-09-01 10:27:24,105 DEBUG: 			View 0 : 0.26455026455
2016-09-01 10:27:24,114 DEBUG: 			View 1 : 0.179894179894
2016-09-01 10:27:24,122 DEBUG: 			View 2 : 0.222222222222
2016-09-01 10:27:24,131 DEBUG: 			View 3 : 0.174603174603
2016-09-01 10:27:24,131 WARNING: 		WARNING:	All bad for iteration 4
2016-09-01 10:27:24,353 DEBUG: 			 Best view : 		View0
2016-09-01 10:27:24,745 INFO: 	Start: 	 Classification
2016-09-01 10:27:25,311 INFO: 	Done: 	 Fold number 4
2016-09-01 10:27:25,312 INFO: 	Start:	 Fold number 5
2016-09-01 10:27:25,428 DEBUG: 		Start:	 Iteration 1
2016-09-01 10:27:25,435 DEBUG: 			View 0 : 0.0957446808511
2016-09-01 10:27:25,443 DEBUG: 			View 1 : 0.0957446808511
2016-09-01 10:27:25,450 DEBUG: 			View 2 : 0.0957446808511
2016-09-01 10:27:25,457 DEBUG: 			View 3 : 0.0957446808511
2016-09-01 10:27:25,457 WARNING: 		WARNING:	All bad for iteration 0
2016-09-01 10:27:25,624 DEBUG: 			 Best view : 		View0
2016-09-01 10:27:25,737 DEBUG: 		Start:	 Iteration 2
2016-09-01 10:27:25,745 DEBUG: 			View 0 : 0.223404255319
2016-09-01 10:27:25,754 DEBUG: 			View 1 : 0.25
2016-09-01 10:27:25,762 DEBUG: 			View 2 : 0.207446808511
2016-09-01 10:27:25,770 DEBUG: 			View 3 : 0.244680851064
2016-09-01 10:27:25,771 WARNING: 		WARNING:	All bad for iteration 1
2016-09-01 10:27:25,962 DEBUG: 			 Best view : 		View1
2016-09-01 10:27:26,149 DEBUG: 		Start:	 Iteration 3
2016-09-01 10:27:26,157 DEBUG: 			View 0 : 0.223404255319
2016-09-01 10:27:26,166 DEBUG: 			View 1 : 0.25
2016-09-01 10:27:26,174 DEBUG: 			View 2 : 0.207446808511
2016-09-01 10:27:26,182 DEBUG: 			View 3 : 0.244680851064
2016-09-01 10:27:26,182 WARNING: 		WARNING:	All bad for iteration 2
2016-09-01 10:27:26,384 DEBUG: 			 Best view : 		View1
2016-09-01 10:27:26,641 DEBUG: 		Start:	 Iteration 4
2016-09-01 10:27:26,649 DEBUG: 			View 0 : 0.223404255319
2016-09-01 10:27:26,658 DEBUG: 			View 1 : 0.25
2016-09-01 10:27:26,666 DEBUG: 			View 2 : 0.207446808511
2016-09-01 10:27:26,674 DEBUG: 			View 3 : 0.244680851064
2016-09-01 10:27:26,675 WARNING: 		WARNING:	All bad for iteration 3
2016-09-01 10:27:26,886 DEBUG: 			 Best view : 		View1
2016-09-01 10:27:27,210 DEBUG: 		Start:	 Iteration 5
2016-09-01 10:27:27,218 DEBUG: 			View 0 : 0.223404255319
2016-09-01 10:27:27,226 DEBUG: 			View 1 : 0.25
2016-09-01 10:27:27,235 DEBUG: 			View 2 : 0.207446808511
2016-09-01 10:27:27,243 DEBUG: 			View 3 : 0.244680851064
2016-09-01 10:27:27,243 WARNING: 		WARNING:	All bad for iteration 4
2016-09-01 10:27:27,461 DEBUG: 			 Best view : 		View1
2016-09-01 10:27:27,854 INFO: 	Start: 	 Classification
2016-09-01 10:27:28,420 INFO: 	Done: 	 Fold number 5
2016-09-01 10:27:28,420 INFO: Done:	 Classification
2016-09-01 10:27:28,420 INFO: Info:	 Time for Classification: 15[s]
2016-09-01 10:27:28,420 INFO: Start:	 Result Analysis for Mumbo
