2016-09-01 10:48:41,884 INFO: Start:	 Finding all available mono- & multiview algorithms
2016-09-01 10:48:41,885 INFO: ### Main Programm for Multiview Classification
2016-09-01 10:48:41,885 INFO: ### Classification - Database : Fake ; Views : Methyl, MiRNA_, RNASeq, Clinic ; Algorithm : Mumbo ; Cores : 1
2016-09-01 10:48:41,886 INFO: Info:	 Shape of View0 :(300, 12)
2016-09-01 10:48:41,886 INFO: Info:	 Shape of View1 :(300, 8)
2016-09-01 10:48:41,887 INFO: Info:	 Shape of View2 :(300, 9)
2016-09-01 10:48:41,887 INFO: Info:	 Shape of View3 :(300, 8)
2016-09-01 10:48:41,887 INFO: Done:	 Read Database Files
2016-09-01 10:48:41,887 INFO: Start:	 Determine validation split for ratio 0.7
2016-09-01 10:48:41,891 INFO: Done:	 Determine validation split
2016-09-01 10:48:41,891 INFO: Start:	 Determine 5 folds
2016-09-01 10:48:41,897 INFO: Info:	 Length of Learning Sets: 170
2016-09-01 10:48:41,897 INFO: Info:	 Length of Testing Sets: 41
2016-09-01 10:48:41,897 INFO: Info:	 Length of Validation Set: 89
2016-09-01 10:48:41,897 INFO: Done:	 Determine folds
2016-09-01 10:48:41,897 INFO: Start:	 Learning with Mumbo and 5 folds
2016-09-01 10:48:41,897 INFO: 	Start:	 Fold number 1
2016-09-01 10:48:41,928 DEBUG: 		Start:	 Iteration 1
2016-09-01 10:48:41,935 DEBUG: 			View 0 : 0.483516483516
2016-09-01 10:48:41,942 DEBUG: 			View 1 : 0.43956043956
2016-09-01 10:48:41,949 DEBUG: 			View 2 : 0.472527472527
2016-09-01 10:48:41,956 DEBUG: 			View 3 : 0.505494505495
2016-09-01 10:48:41,991 DEBUG: 			 Best view : 		View1
2016-09-01 10:48:42,072 DEBUG: 		Start:	 Iteration 2
2016-09-01 10:48:42,080 DEBUG: 			View 0 : 0.686813186813
2016-09-01 10:48:42,087 DEBUG: 			View 1 : 0.708791208791
2016-09-01 10:48:42,095 DEBUG: 			View 2 : 0.725274725275
2016-09-01 10:48:42,102 DEBUG: 			View 3 : 0.615384615385
2016-09-01 10:48:42,145 DEBUG: 			 Best view : 		View2
2016-09-01 10:48:42,294 DEBUG: 		Start:	 Iteration 3
2016-09-01 10:48:42,314 DEBUG: 			View 0 : 0.686813186813
2016-09-01 10:48:42,321 DEBUG: 			View 1 : 0.708791208791
2016-09-01 10:48:42,328 DEBUG: 			View 2 : 0.725274725275
2016-09-01 10:48:42,335 DEBUG: 			View 3 : 0.615384615385
2016-09-01 10:48:42,379 DEBUG: 			 Best view : 		View2
2016-09-01 10:48:42,607 INFO: 	Start: 	 Classification
2016-09-01 10:48:42,957 INFO: 	Done: 	 Fold number 1
2016-09-01 10:48:42,958 INFO: 	Start:	 Fold number 2
2016-09-01 10:48:42,988 DEBUG: 		Start:	 Iteration 1
2016-09-01 10:48:42,995 DEBUG: 			View 0 : 0.561111111111
2016-09-01 10:48:43,002 DEBUG: 			View 1 : 0.45
2016-09-01 10:48:43,008 DEBUG: 			View 2 : 0.55
2016-09-01 10:48:43,015 DEBUG: 			View 3 : 0.527777777778
2016-09-01 10:48:43,050 DEBUG: 			 Best view : 		View1
2016-09-01 10:48:43,129 DEBUG: 		Start:	 Iteration 2
2016-09-01 10:48:43,137 DEBUG: 			View 0 : 0.688888888889
2016-09-01 10:48:43,145 DEBUG: 			View 1 : 0.655555555556
2016-09-01 10:48:43,152 DEBUG: 			View 2 : 0.672222222222
2016-09-01 10:48:43,159 DEBUG: 			View 3 : 0.672222222222
2016-09-01 10:48:43,203 DEBUG: 			 Best view : 		View0
2016-09-01 10:48:43,349 DEBUG: 		Start:	 Iteration 3
2016-09-01 10:48:43,356 DEBUG: 			View 0 : 0.688888888889
2016-09-01 10:48:43,364 DEBUG: 			View 1 : 0.655555555556
2016-09-01 10:48:43,370 DEBUG: 			View 2 : 0.672222222222
2016-09-01 10:48:43,377 DEBUG: 			View 3 : 0.672222222222
2016-09-01 10:48:43,421 DEBUG: 			 Best view : 		View0
2016-09-01 10:48:43,638 INFO: 	Start: 	 Classification
2016-09-01 10:48:43,992 INFO: 	Done: 	 Fold number 2
2016-09-01 10:48:43,992 INFO: 	Start:	 Fold number 3
2016-09-01 10:48:44,025 DEBUG: 		Start:	 Iteration 1
2016-09-01 10:48:44,032 DEBUG: 			View 0 : 0.540540540541
2016-09-01 10:48:44,039 DEBUG: 			View 1 : 0.497297297297
2016-09-01 10:48:44,046 DEBUG: 			View 2 : 0.47027027027
2016-09-01 10:48:44,054 DEBUG: 			View 3 : 0.52972972973
2016-09-01 10:48:44,089 DEBUG: 			 Best view : 		View2
2016-09-01 10:48:44,172 DEBUG: 		Start:	 Iteration 2
2016-09-01 10:48:44,180 DEBUG: 			View 0 : 0.751351351351
2016-09-01 10:48:44,187 DEBUG: 			View 1 : 0.702702702703
2016-09-01 10:48:44,194 DEBUG: 			View 2 : 0.67027027027
2016-09-01 10:48:44,202 DEBUG: 			View 3 : 0.637837837838
2016-09-01 10:48:44,244 DEBUG: 			 Best view : 		View0
2016-09-01 10:48:44,396 DEBUG: 		Start:	 Iteration 3
2016-09-01 10:48:44,404 DEBUG: 			View 0 : 0.751351351351
2016-09-01 10:48:44,411 DEBUG: 			View 1 : 0.702702702703
2016-09-01 10:48:44,419 DEBUG: 			View 2 : 0.67027027027
2016-09-01 10:48:44,426 DEBUG: 			View 3 : 0.637837837838
2016-09-01 10:48:44,473 DEBUG: 			 Best view : 		View0
2016-09-01 10:48:44,695 INFO: 	Start: 	 Classification
2016-09-01 10:48:45,055 INFO: 	Done: 	 Fold number 3
2016-09-01 10:48:45,055 INFO: 	Start:	 Fold number 4
2016-09-01 10:48:45,089 DEBUG: 		Start:	 Iteration 1
2016-09-01 10:48:45,097 DEBUG: 			View 0 : 0.483870967742
2016-09-01 10:48:45,104 DEBUG: 			View 1 : 0.52688172043
2016-09-01 10:48:45,111 DEBUG: 			View 2 : 0.505376344086
2016-09-01 10:48:45,118 DEBUG: 			View 3 : 0.494623655914
2016-09-01 10:48:45,154 DEBUG: 			 Best view : 		View3
2016-09-01 10:48:45,237 DEBUG: 		Start:	 Iteration 2
2016-09-01 10:48:45,244 DEBUG: 			View 0 : 0.693548387097
2016-09-01 10:48:45,252 DEBUG: 			View 1 : 0.688172043011
2016-09-01 10:48:45,260 DEBUG: 			View 2 : 0.602150537634
2016-09-01 10:48:45,267 DEBUG: 			View 3 : 0.55376344086
2016-09-01 10:48:45,311 DEBUG: 			 Best view : 		View0
2016-09-01 10:48:45,467 DEBUG: 		Start:	 Iteration 3
2016-09-01 10:48:45,475 DEBUG: 			View 0 : 0.693548387097
2016-09-01 10:48:45,482 DEBUG: 			View 1 : 0.688172043011
2016-09-01 10:48:45,489 DEBUG: 			View 2 : 0.602150537634
2016-09-01 10:48:45,497 DEBUG: 			View 3 : 0.55376344086
2016-09-01 10:48:45,542 DEBUG: 			 Best view : 		View0
2016-09-01 10:48:45,763 INFO: 	Start: 	 Classification
2016-09-01 10:48:46,115 INFO: 	Done: 	 Fold number 4
2016-09-01 10:48:46,115 INFO: 	Start:	 Fold number 5
2016-09-01 10:48:46,146 DEBUG: 		Start:	 Iteration 1
2016-09-01 10:48:46,153 DEBUG: 			View 0 : 0.5
2016-09-01 10:48:46,160 DEBUG: 			View 1 : 0.510989010989
2016-09-01 10:48:46,167 DEBUG: 			View 2 : 0.483516483516
2016-09-01 10:48:46,174 DEBUG: 			View 3 : 0.521978021978
2016-09-01 10:48:46,208 DEBUG: 			 Best view : 		View0
2016-09-01 10:48:46,292 DEBUG: 		Start:	 Iteration 2
2016-09-01 10:48:46,300 DEBUG: 			View 0 : 0.725274725275
2016-09-01 10:48:46,307 DEBUG: 			View 1 : 0.708791208791
2016-09-01 10:48:46,314 DEBUG: 			View 2 : 0.686813186813
2016-09-01 10:48:46,321 DEBUG: 			View 3 : 0.571428571429
2016-09-01 10:48:46,362 DEBUG: 			 Best view : 		View0
2016-09-01 10:48:46,515 DEBUG: 		Start:	 Iteration 3
2016-09-01 10:48:46,522 DEBUG: 			View 0 : 0.725274725275
2016-09-01 10:48:46,530 DEBUG: 			View 1 : 0.708791208791
2016-09-01 10:48:46,538 DEBUG: 			View 2 : 0.686813186813
2016-09-01 10:48:46,546 DEBUG: 			View 3 : 0.571428571429
2016-09-01 10:48:46,592 DEBUG: 			 Best view : 		View0
2016-09-01 10:48:46,816 INFO: 	Start: 	 Classification
2016-09-01 10:48:47,161 INFO: 	Done: 	 Fold number 5
2016-09-01 10:48:47,161 INFO: Done:	 Classification
2016-09-01 10:48:47,161 INFO: Info:	 Time for Classification: 5[s]
2016-09-01 10:48:47,161 INFO: Start:	 Result Analysis for Mumbo
