2016-09-01 10:28:52,682 INFO: Start:	 Finding all available mono- & multiview algorithms
2016-09-01 10:28:52,683 INFO: ### Main Programm for Multiview Classification
2016-09-01 10:28:52,683 INFO: ### Classification - Database : Fake ; Views : Methyl, MiRNA_, RNASeq, Clinic ; Algorithm : Mumbo ; Cores : 1
2016-09-01 10:28:52,684 INFO: Info:	 Shape of View0 :(300, 20)
2016-09-01 10:28:52,684 INFO: Info:	 Shape of View1 :(300, 14)
2016-09-01 10:28:52,684 INFO: Info:	 Shape of View2 :(300, 17)
2016-09-01 10:28:52,685 INFO: Info:	 Shape of View3 :(300, 6)
2016-09-01 10:28:52,685 INFO: Done:	 Read Database Files
2016-09-01 10:28:52,685 INFO: Start:	 Determine validation split for ratio 0.7
2016-09-01 10:28:52,696 INFO: Done:	 Determine validation split
2016-09-01 10:28:52,696 INFO: Start:	 Determine 5 folds
2016-09-01 10:28:52,708 INFO: Info:	 Length of Learning Sets: 178
2016-09-01 10:28:52,708 INFO: Info:	 Length of Testing Sets: 37
2016-09-01 10:28:52,708 INFO: Info:	 Length of Validation Set: 85
2016-09-01 10:28:52,708 INFO: Done:	 Determine folds
2016-09-01 10:28:52,708 INFO: Start:	 Learning with Mumbo and 5 folds
2016-09-01 10:28:52,708 INFO: 	Start:	 Fold number 1
2016-09-01 10:28:52,824 DEBUG: 		Start:	 Iteration 1
2016-09-01 10:28:52,831 DEBUG: 			View 0 : 0.101063829787
2016-09-01 10:28:52,839 DEBUG: 			View 1 : 0.101063829787
2016-09-01 10:28:52,846 DEBUG: 			View 2 : 0.101063829787
2016-09-01 10:28:52,854 DEBUG: 			View 3 : 0.101063829787
2016-09-01 10:28:52,854 WARNING: 		WARNING:	All bad for iteration 0
2016-09-01 10:28:53,024 DEBUG: 			 Best view : 		View0
2016-09-01 10:28:53,139 DEBUG: 		Start:	 Iteration 2
2016-09-01 10:28:53,148 DEBUG: 			View 0 : 0.244680851064
2016-09-01 10:28:53,156 DEBUG: 			View 1 : 0.25
2016-09-01 10:28:53,165 DEBUG: 			View 2 : 0.212765957447
2016-09-01 10:28:53,172 DEBUG: 			View 3 : 0.234042553191
2016-09-01 10:28:53,173 WARNING: 		WARNING:	All bad for iteration 1
2016-09-01 10:28:53,367 DEBUG: 			 Best view : 		View1
2016-09-01 10:28:53,558 DEBUG: 		Start:	 Iteration 3
2016-09-01 10:28:53,575 DEBUG: 			View 0 : 0.244680851064
2016-09-01 10:28:53,583 DEBUG: 			View 1 : 0.25
2016-09-01 10:28:53,591 DEBUG: 			View 2 : 0.212765957447
2016-09-01 10:28:53,599 DEBUG: 			View 3 : 0.234042553191
2016-09-01 10:28:53,599 WARNING: 		WARNING:	All bad for iteration 2
2016-09-01 10:28:53,803 DEBUG: 			 Best view : 		View1
2016-09-01 10:28:54,058 INFO: 	Start: 	 Classification
2016-09-01 10:28:54,402 INFO: 	Done: 	 Fold number 1
2016-09-01 10:28:54,402 INFO: 	Start:	 Fold number 2
2016-09-01 10:28:54,518 DEBUG: 		Start:	 Iteration 1
2016-09-01 10:28:54,526 DEBUG: 			View 0 : 0.0957446808511
2016-09-01 10:28:54,533 DEBUG: 			View 1 : 0.101063829787
2016-09-01 10:28:54,541 DEBUG: 			View 2 : 0.0851063829787
2016-09-01 10:28:54,549 DEBUG: 			View 3 : 0.127659574468
2016-09-01 10:28:54,549 WARNING: 		WARNING:	All bad for iteration 0
2016-09-01 10:28:54,729 DEBUG: 			 Best view : 		View0
2016-09-01 10:28:54,842 DEBUG: 		Start:	 Iteration 2
2016-09-01 10:28:54,850 DEBUG: 			View 0 : 0.265957446809
2016-09-01 10:28:54,859 DEBUG: 			View 1 : 0.212765957447
2016-09-01 10:28:54,867 DEBUG: 			View 2 : 0.228723404255
2016-09-01 10:28:54,875 DEBUG: 			View 3 : 0.212765957447
2016-09-01 10:28:54,875 WARNING: 		WARNING:	All bad for iteration 1
2016-09-01 10:28:55,069 DEBUG: 			 Best view : 		View0
2016-09-01 10:28:55,255 DEBUG: 		Start:	 Iteration 3
2016-09-01 10:28:55,264 DEBUG: 			View 0 : 0.265957446809
2016-09-01 10:28:55,272 DEBUG: 			View 1 : 0.212765957447
2016-09-01 10:28:55,281 DEBUG: 			View 2 : 0.228723404255
2016-09-01 10:28:55,288 DEBUG: 			View 3 : 0.212765957447
2016-09-01 10:28:55,289 WARNING: 		WARNING:	All bad for iteration 2
2016-09-01 10:28:55,493 DEBUG: 			 Best view : 		View0
2016-09-01 10:28:55,749 INFO: 	Start: 	 Classification
2016-09-01 10:28:56,086 INFO: 	Done: 	 Fold number 2
2016-09-01 10:28:56,086 INFO: 	Start:	 Fold number 3
2016-09-01 10:28:56,217 DEBUG: 		Start:	 Iteration 1
2016-09-01 10:28:56,225 DEBUG: 			View 0 : 0.120418848168
2016-09-01 10:28:56,234 DEBUG: 			View 1 : 0.125654450262
2016-09-01 10:28:56,242 DEBUG: 			View 2 : 0.13612565445
2016-09-01 10:28:56,249 DEBUG: 			View 3 : 0.162303664921
2016-09-01 10:28:56,250 WARNING: 		WARNING:	All bad for iteration 0
2016-09-01 10:28:56,417 DEBUG: 			 Best view : 		View3
2016-09-01 10:28:56,531 DEBUG: 		Start:	 Iteration 2
2016-09-01 10:28:56,539 DEBUG: 			View 0 : 0.256544502618
2016-09-01 10:28:56,547 DEBUG: 			View 1 : 0.214659685864
2016-09-01 10:28:56,556 DEBUG: 			View 2 : 0.240837696335
2016-09-01 10:28:56,563 DEBUG: 			View 3 : 0.230366492147
2016-09-01 10:28:56,564 WARNING: 		WARNING:	All bad for iteration 1
2016-09-01 10:28:56,762 DEBUG: 			 Best view : 		View0
2016-09-01 10:28:56,951 DEBUG: 		Start:	 Iteration 3
2016-09-01 10:28:56,959 DEBUG: 			View 0 : 0.256544502618
2016-09-01 10:28:56,968 DEBUG: 			View 1 : 0.214659685864
2016-09-01 10:28:56,976 DEBUG: 			View 2 : 0.240837696335
2016-09-01 10:28:56,984 DEBUG: 			View 3 : 0.230366492147
2016-09-01 10:28:56,984 WARNING: 		WARNING:	All bad for iteration 2
2016-09-01 10:28:57,193 DEBUG: 			 Best view : 		View0
2016-09-01 10:28:57,451 INFO: 	Start: 	 Classification
2016-09-01 10:28:57,797 INFO: 	Done: 	 Fold number 3
2016-09-01 10:28:57,798 INFO: 	Start:	 Fold number 4
2016-09-01 10:28:57,915 DEBUG: 		Start:	 Iteration 1
2016-09-01 10:28:57,924 DEBUG: 			View 0 : 0.0942408376963
2016-09-01 10:28:57,932 DEBUG: 			View 1 : 0.0942408376963
2016-09-01 10:28:57,940 DEBUG: 			View 2 : 0.0994764397906
2016-09-01 10:28:57,948 DEBUG: 			View 3 : 0.0942408376963
2016-09-01 10:28:57,948 WARNING: 		WARNING:	All bad for iteration 0
2016-09-01 10:28:58,115 DEBUG: 			 Best view : 		View2
2016-09-01 10:28:58,228 DEBUG: 		Start:	 Iteration 2
2016-09-01 10:28:58,237 DEBUG: 			View 0 : 0.198952879581
2016-09-01 10:28:58,245 DEBUG: 			View 1 : 0.219895287958
2016-09-01 10:28:58,254 DEBUG: 			View 2 : 0.272251308901
2016-09-01 10:28:58,262 DEBUG: 			View 3 : 0.204188481675
2016-09-01 10:28:58,262 WARNING: 		WARNING:	All bad for iteration 1
2016-09-01 10:28:58,459 DEBUG: 			 Best view : 		View2
2016-09-01 10:28:58,648 DEBUG: 		Start:	 Iteration 3
2016-09-01 10:28:58,657 DEBUG: 			View 0 : 0.198952879581
2016-09-01 10:28:58,665 DEBUG: 			View 1 : 0.219895287958
2016-09-01 10:28:58,673 DEBUG: 			View 2 : 0.272251308901
2016-09-01 10:28:58,681 DEBUG: 			View 3 : 0.204188481675
2016-09-01 10:28:58,681 WARNING: 		WARNING:	All bad for iteration 2
2016-09-01 10:28:58,890 DEBUG: 			 Best view : 		View2
2016-09-01 10:28:59,156 INFO: 	Start: 	 Classification
2016-09-01 10:28:59,494 INFO: 	Done: 	 Fold number 4
2016-09-01 10:28:59,494 INFO: 	Start:	 Fold number 5
2016-09-01 10:28:59,607 DEBUG: 		Start:	 Iteration 1
2016-09-01 10:28:59,615 DEBUG: 			View 0 : 0.102702702703
2016-09-01 10:28:59,623 DEBUG: 			View 1 : 0.113513513514
2016-09-01 10:28:59,631 DEBUG: 			View 2 : 0.108108108108
2016-09-01 10:28:59,638 DEBUG: 			View 3 : 0.0972972972973
2016-09-01 10:28:59,638 WARNING: 		WARNING:	All bad for iteration 0
2016-09-01 10:28:59,800 DEBUG: 			 Best view : 		View0
2016-09-01 10:28:59,911 DEBUG: 		Start:	 Iteration 2
2016-09-01 10:28:59,919 DEBUG: 			View 0 : 0.205405405405
2016-09-01 10:28:59,928 DEBUG: 			View 1 : 0.254054054054
2016-09-01 10:28:59,936 DEBUG: 			View 2 : 0.248648648649
2016-09-01 10:28:59,943 DEBUG: 			View 3 : 0.194594594595
2016-09-01 10:28:59,944 WARNING: 		WARNING:	All bad for iteration 1
2016-09-01 10:29:00,137 DEBUG: 			 Best view : 		View1
2016-09-01 10:29:00,320 DEBUG: 		Start:	 Iteration 3
2016-09-01 10:29:00,328 DEBUG: 			View 0 : 0.205405405405
2016-09-01 10:29:00,337 DEBUG: 			View 1 : 0.254054054054
2016-09-01 10:29:00,345 DEBUG: 			View 2 : 0.248648648649
2016-09-01 10:29:00,353 DEBUG: 			View 3 : 0.194594594595
2016-09-01 10:29:00,353 WARNING: 		WARNING:	All bad for iteration 2
2016-09-01 10:29:00,559 DEBUG: 			 Best view : 		View1
2016-09-01 10:29:00,820 INFO: 	Start: 	 Classification
2016-09-01 10:29:01,153 INFO: 	Done: 	 Fold number 5
2016-09-01 10:29:01,153 INFO: Done:	 Classification
2016-09-01 10:29:01,153 INFO: Info:	 Time for Classification: 8[s]
2016-09-01 10:29:01,153 INFO: Start:	 Result Analysis for Mumbo
