2016-09-01 11:10:07,033 INFO: Start:	 Finding all available mono- & multiview algorithms
2016-09-01 11:10:07,035 INFO: ### Main Programm for Multiview Classification
2016-09-01 11:10:07,035 INFO: ### Classification - Database : Fake ; Views : Methyl, MiRNA_, RNASeq, Clinic ; Algorithm : Mumbo ; Cores : 1
2016-09-01 11:10:07,035 INFO: Info:	 Shape of View0 :(300, 11)
2016-09-01 11:10:07,036 INFO: Info:	 Shape of View1 :(300, 15)
2016-09-01 11:10:07,036 INFO: Info:	 Shape of View2 :(300, 14)
2016-09-01 11:10:07,037 INFO: Info:	 Shape of View3 :(300, 5)
2016-09-01 11:10:07,037 INFO: Done:	 Read Database Files
2016-09-01 11:10:07,037 INFO: Start:	 Determine validation split for ratio 0.7
2016-09-01 11:10:07,040 INFO: Done:	 Determine validation split
2016-09-01 11:10:07,041 INFO: Start:	 Determine 5 folds
2016-09-01 11:10:07,047 INFO: Info:	 Length of Learning Sets: 168
2016-09-01 11:10:07,047 INFO: Info:	 Length of Testing Sets: 42
2016-09-01 11:10:07,047 INFO: Info:	 Length of Validation Set: 90
2016-09-01 11:10:07,047 INFO: Done:	 Determine folds
2016-09-01 11:10:07,047 INFO: Start:	 Learning with Mumbo and 5 folds
2016-09-01 11:10:07,047 INFO: 	Start:	 Fold number 1
2016-09-01 11:10:07,261 DEBUG: 		Start:	 Iteration 1
2016-09-01 11:10:07,268 DEBUG: 			View 0 : 0.568306010929
2016-09-01 11:10:07,275 DEBUG: 			View 1 : 0.568306010929
2016-09-01 11:10:07,281 DEBUG: 			View 2 : 0.568306010929
2016-09-01 11:10:07,288 DEBUG: 			View 3 : 0.568306010929
2016-09-01 11:10:07,324 DEBUG: 			 Best view : 		View0
2016-09-01 11:10:07,404 DEBUG: 		Start:	 Iteration 2
2016-09-01 11:10:07,411 DEBUG: 			View 0 : 0.693989071038
2016-09-01 11:10:07,418 DEBUG: 			View 1 : 0.699453551913
2016-09-01 11:10:07,425 DEBUG: 			View 2 : 0.715846994536
2016-09-01 11:10:07,432 DEBUG: 			View 3 : 0.677595628415
2016-09-01 11:10:07,475 DEBUG: 			 Best view : 		View2
2016-09-01 11:10:07,627 DEBUG: 		Start:	 Iteration 3
2016-09-01 11:10:07,646 DEBUG: 			View 0 : 0.693989071038
2016-09-01 11:10:07,653 DEBUG: 			View 1 : 0.699453551913
2016-09-01 11:10:07,661 DEBUG: 			View 2 : 0.715846994536
2016-09-01 11:10:07,668 DEBUG: 			View 3 : 0.677595628415
2016-09-01 11:10:07,713 DEBUG: 			 Best view : 		View2
2016-09-01 11:10:07,933 DEBUG: 		Start:	 Iteration 4
2016-09-01 11:10:07,940 DEBUG: 			View 0 : 0.568306010929
2016-09-01 11:10:07,948 DEBUG: 			View 1 : 0.693989071038
2016-09-01 11:10:07,956 DEBUG: 			View 2 : 0.737704918033
2016-09-01 11:10:07,963 DEBUG: 			View 3 : 0.584699453552
2016-09-01 11:10:08,011 DEBUG: 			 Best view : 		View2
2016-09-01 11:10:08,291 DEBUG: 		Start:	 Iteration 5
2016-09-01 11:10:08,298 DEBUG: 			View 0 : 0.568306010929
2016-09-01 11:10:08,306 DEBUG: 			View 1 : 0.693989071038
2016-09-01 11:10:08,313 DEBUG: 			View 2 : 0.737704918033
2016-09-01 11:10:08,319 DEBUG: 			View 3 : 0.584699453552
2016-09-01 11:10:08,370 DEBUG: 			 Best view : 		View2
2016-09-01 11:10:08,717 DEBUG: 		Start:	 Iteration 6
2016-09-01 11:10:08,724 DEBUG: 			View 0 : 0.666666666667
2016-09-01 11:10:08,732 DEBUG: 			View 1 : 0.699453551913
2016-09-01 11:10:08,739 DEBUG: 			View 2 : 0.68306010929
2016-09-01 11:10:08,746 DEBUG: 			View 3 : 0.639344262295
2016-09-01 11:10:08,799 DEBUG: 			 Best view : 		View2
2016-09-01 11:10:09,207 DEBUG: 		Start:	 Iteration 7
2016-09-01 11:10:09,215 DEBUG: 			View 0 : 0.688524590164
2016-09-01 11:10:09,222 DEBUG: 			View 1 : 0.699453551913
2016-09-01 11:10:09,230 DEBUG: 			View 2 : 0.704918032787
2016-09-01 11:10:09,236 DEBUG: 			View 3 : 0.688524590164
2016-09-01 11:10:09,294 DEBUG: 			 Best view : 		View0
2016-09-01 11:10:09,781 DEBUG: 		Start:	 Iteration 8
2016-09-01 11:10:09,789 DEBUG: 			View 0 : 0.688524590164
2016-09-01 11:10:09,797 DEBUG: 			View 1 : 0.693989071038
2016-09-01 11:10:09,804 DEBUG: 			View 2 : 0.737704918033
2016-09-01 11:10:09,811 DEBUG: 			View 3 : 0.688524590164
2016-09-01 11:10:09,872 DEBUG: 			 Best view : 		View2
2016-09-01 11:10:10,424 INFO: 	Start: 	 Classification
2016-09-01 11:10:11,320 INFO: 	Done: 	 Fold number 1
2016-09-01 11:10:11,321 INFO: 	Start:	 Fold number 2
2016-09-01 11:10:11,522 DEBUG: 		Start:	 Iteration 1
2016-09-01 11:10:11,529 DEBUG: 			View 0 : 0.453038674033
2016-09-01 11:10:11,536 DEBUG: 			View 1 : 0.552486187845
2016-09-01 11:10:11,543 DEBUG: 			View 2 : 0.591160220994
2016-09-01 11:10:11,550 DEBUG: 			View 3 : 0.585635359116
2016-09-01 11:10:11,585 DEBUG: 			 Best view : 		View2
2016-09-01 11:10:11,662 DEBUG: 		Start:	 Iteration 2
2016-09-01 11:10:11,669 DEBUG: 			View 0 : 0.740331491713
2016-09-01 11:10:11,676 DEBUG: 			View 1 : 0.701657458564
2016-09-01 11:10:11,684 DEBUG: 			View 2 : 0.71270718232
2016-09-01 11:10:11,691 DEBUG: 			View 3 : 0.651933701657
2016-09-01 11:10:11,733 DEBUG: 			 Best view : 		View0
2016-09-01 11:10:11,876 DEBUG: 		Start:	 Iteration 3
2016-09-01 11:10:11,883 DEBUG: 			View 0 : 0.740331491713
2016-09-01 11:10:11,891 DEBUG: 			View 1 : 0.701657458564
2016-09-01 11:10:11,898 DEBUG: 			View 2 : 0.71270718232
2016-09-01 11:10:11,905 DEBUG: 			View 3 : 0.591160220994
2016-09-01 11:10:11,949 DEBUG: 			 Best view : 		View0
2016-09-01 11:10:12,157 DEBUG: 		Start:	 Iteration 4
2016-09-01 11:10:12,164 DEBUG: 			View 0 : 0.71270718232
2016-09-01 11:10:12,172 DEBUG: 			View 1 : 0.723756906077
2016-09-01 11:10:12,179 DEBUG: 			View 2 : 0.71270718232
2016-09-01 11:10:12,186 DEBUG: 			View 3 : 0.685082872928
2016-09-01 11:10:12,233 DEBUG: 			 Best view : 		View2
2016-09-01 11:10:12,505 DEBUG: 		Start:	 Iteration 5
2016-09-01 11:10:12,512 DEBUG: 			View 0 : 0.646408839779
2016-09-01 11:10:12,519 DEBUG: 			View 1 : 0.718232044199
2016-09-01 11:10:12,526 DEBUG: 			View 2 : 0.71270718232
2016-09-01 11:10:12,533 DEBUG: 			View 3 : 0.685082872928
2016-09-01 11:10:12,583 DEBUG: 			 Best view : 		View2
2016-09-01 11:10:12,920 DEBUG: 		Start:	 Iteration 6
2016-09-01 11:10:12,927 DEBUG: 			View 0 : 0.668508287293
2016-09-01 11:10:12,935 DEBUG: 			View 1 : 0.718232044199
2016-09-01 11:10:12,942 DEBUG: 			View 2 : 0.723756906077
2016-09-01 11:10:12,949 DEBUG: 			View 3 : 0.685082872928
2016-09-01 11:10:13,002 DEBUG: 			 Best view : 		View2
2016-09-01 11:10:13,405 DEBUG: 		Start:	 Iteration 7
2016-09-01 11:10:13,412 DEBUG: 			View 0 : 0.685082872928
2016-09-01 11:10:13,420 DEBUG: 			View 1 : 0.75138121547
2016-09-01 11:10:13,427 DEBUG: 			View 2 : 0.718232044199
2016-09-01 11:10:13,434 DEBUG: 			View 3 : 0.657458563536
2016-09-01 11:10:13,489 DEBUG: 			 Best view : 		View1
2016-09-01 11:10:13,955 DEBUG: 		Start:	 Iteration 8
2016-09-01 11:10:13,962 DEBUG: 			View 0 : 0.685082872928
2016-09-01 11:10:13,969 DEBUG: 			View 1 : 0.75138121547
2016-09-01 11:10:13,976 DEBUG: 			View 2 : 0.718232044199
2016-09-01 11:10:13,983 DEBUG: 			View 3 : 0.657458563536
2016-09-01 11:10:14,041 DEBUG: 			 Best view : 		View1
2016-09-01 11:10:14,570 DEBUG: 		Start:	 Iteration 9
2016-09-01 11:10:14,577 DEBUG: 			View 0 : 0.71270718232
2016-09-01 11:10:14,584 DEBUG: 			View 1 : 0.635359116022
2016-09-01 11:10:14,591 DEBUG: 			View 2 : 0.707182320442
2016-09-01 11:10:14,598 DEBUG: 			View 3 : 0.635359116022
2016-09-01 11:10:14,659 DEBUG: 			 Best view : 		View2
2016-09-01 11:10:15,256 DEBUG: 		Start:	 Iteration 10
2016-09-01 11:10:15,263 DEBUG: 			View 0 : 0.734806629834
2016-09-01 11:10:15,271 DEBUG: 			View 1 : 0.635359116022
2016-09-01 11:10:15,278 DEBUG: 			View 2 : 0.707182320442
2016-09-01 11:10:15,285 DEBUG: 			View 3 : 0.690607734807
2016-09-01 11:10:15,349 DEBUG: 			 Best view : 		View0
2016-09-01 11:10:16,009 INFO: 	Start: 	 Classification
2016-09-01 11:10:17,126 INFO: 	Done: 	 Fold number 2
2016-09-01 11:10:17,126 INFO: 	Start:	 Fold number 3
2016-09-01 11:10:17,328 DEBUG: 		Start:	 Iteration 1
2016-09-01 11:10:17,335 DEBUG: 			View 0 : 0.568306010929
2016-09-01 11:10:17,341 DEBUG: 			View 1 : 0.568306010929
2016-09-01 11:10:17,348 DEBUG: 			View 2 : 0.568306010929
2016-09-01 11:10:17,354 DEBUG: 			View 3 : 0.568306010929
2016-09-01 11:10:17,390 DEBUG: 			 Best view : 		View0
2016-09-01 11:10:17,468 DEBUG: 		Start:	 Iteration 2
2016-09-01 11:10:17,475 DEBUG: 			View 0 : 0.710382513661
2016-09-01 11:10:17,482 DEBUG: 			View 1 : 0.710382513661
2016-09-01 11:10:17,489 DEBUG: 			View 2 : 0.72131147541
2016-09-01 11:10:17,496 DEBUG: 			View 3 : 0.677595628415
2016-09-01 11:10:17,538 DEBUG: 			 Best view : 		View2
2016-09-01 11:10:17,683 DEBUG: 		Start:	 Iteration 3
2016-09-01 11:10:17,691 DEBUG: 			View 0 : 0.710382513661
2016-09-01 11:10:17,699 DEBUG: 			View 1 : 0.710382513661
2016-09-01 11:10:17,706 DEBUG: 			View 2 : 0.72131147541
2016-09-01 11:10:17,713 DEBUG: 			View 3 : 0.677595628415
2016-09-01 11:10:17,759 DEBUG: 			 Best view : 		View2
2016-09-01 11:10:17,969 DEBUG: 		Start:	 Iteration 4
2016-09-01 11:10:17,976 DEBUG: 			View 0 : 0.715846994536
2016-09-01 11:10:17,983 DEBUG: 			View 1 : 0.672131147541
2016-09-01 11:10:17,991 DEBUG: 			View 2 : 0.748633879781
2016-09-01 11:10:17,997 DEBUG: 			View 3 : 0.693989071038
2016-09-01 11:10:18,045 DEBUG: 			 Best view : 		View2
2016-09-01 11:10:18,320 DEBUG: 		Start:	 Iteration 5
2016-09-01 11:10:18,327 DEBUG: 			View 0 : 0.715846994536
2016-09-01 11:10:18,335 DEBUG: 			View 1 : 0.672131147541
2016-09-01 11:10:18,342 DEBUG: 			View 2 : 0.748633879781
2016-09-01 11:10:18,349 DEBUG: 			View 3 : 0.693989071038
2016-09-01 11:10:18,400 DEBUG: 			 Best view : 		View2
2016-09-01 11:10:18,740 DEBUG: 		Start:	 Iteration 6
2016-09-01 11:10:18,747 DEBUG: 			View 0 : 0.72131147541
2016-09-01 11:10:18,755 DEBUG: 			View 1 : 0.650273224044
2016-09-01 11:10:18,762 DEBUG: 			View 2 : 0.75956284153
2016-09-01 11:10:18,768 DEBUG: 			View 3 : 0.628415300546
2016-09-01 11:10:18,822 DEBUG: 			 Best view : 		View2
2016-09-01 11:10:19,238 DEBUG: 		Start:	 Iteration 7
2016-09-01 11:10:19,245 DEBUG: 			View 0 : 0.688524590164
2016-09-01 11:10:19,252 DEBUG: 			View 1 : 0.677595628415
2016-09-01 11:10:19,260 DEBUG: 			View 2 : 0.715846994536
2016-09-01 11:10:19,267 DEBUG: 			View 3 : 0.628415300546
2016-09-01 11:10:19,322 DEBUG: 			 Best view : 		View2
2016-09-01 11:10:19,792 DEBUG: 		Start:	 Iteration 8
2016-09-01 11:10:19,799 DEBUG: 			View 0 : 0.688524590164
2016-09-01 11:10:19,807 DEBUG: 			View 1 : 0.699453551913
2016-09-01 11:10:19,814 DEBUG: 			View 2 : 0.72131147541
2016-09-01 11:10:19,821 DEBUG: 			View 3 : 0.622950819672
2016-09-01 11:10:19,880 DEBUG: 			 Best view : 		View2
2016-09-01 11:10:20,415 INFO: 	Start: 	 Classification
2016-09-01 11:10:21,316 INFO: 	Done: 	 Fold number 3
2016-09-01 11:10:21,316 INFO: 	Start:	 Fold number 4
2016-09-01 11:10:21,517 DEBUG: 		Start:	 Iteration 1
2016-09-01 11:10:21,523 DEBUG: 			View 0 : 0.558011049724
2016-09-01 11:10:21,530 DEBUG: 			View 1 : 0.558011049724
2016-09-01 11:10:21,536 DEBUG: 			View 2 : 0.558011049724
2016-09-01 11:10:21,542 DEBUG: 			View 3 : 0.558011049724
2016-09-01 11:10:21,578 DEBUG: 			 Best view : 		View0
2016-09-01 11:10:21,655 DEBUG: 		Start:	 Iteration 2
2016-09-01 11:10:21,662 DEBUG: 			View 0 : 0.707182320442
2016-09-01 11:10:21,670 DEBUG: 			View 1 : 0.75138121547
2016-09-01 11:10:21,677 DEBUG: 			View 2 : 0.723756906077
2016-09-01 11:10:21,683 DEBUG: 			View 3 : 0.71270718232
2016-09-01 11:10:21,725 DEBUG: 			 Best view : 		View1
2016-09-01 11:10:21,867 DEBUG: 		Start:	 Iteration 3
2016-09-01 11:10:21,874 DEBUG: 			View 0 : 0.707182320442
2016-09-01 11:10:21,882 DEBUG: 			View 1 : 0.75138121547
2016-09-01 11:10:21,889 DEBUG: 			View 2 : 0.723756906077
2016-09-01 11:10:21,895 DEBUG: 			View 3 : 0.71270718232
2016-09-01 11:10:21,940 DEBUG: 			 Best view : 		View1
2016-09-01 11:10:22,147 DEBUG: 		Start:	 Iteration 4
2016-09-01 11:10:22,154 DEBUG: 			View 0 : 0.67955801105
2016-09-01 11:10:22,162 DEBUG: 			View 1 : 0.718232044199
2016-09-01 11:10:22,169 DEBUG: 			View 2 : 0.690607734807
2016-09-01 11:10:22,176 DEBUG: 			View 3 : 0.668508287293
2016-09-01 11:10:22,223 DEBUG: 			 Best view : 		View1
2016-09-01 11:10:22,496 DEBUG: 		Start:	 Iteration 5
2016-09-01 11:10:22,503 DEBUG: 			View 0 : 0.67955801105
2016-09-01 11:10:22,511 DEBUG: 			View 1 : 0.718232044199
2016-09-01 11:10:22,518 DEBUG: 			View 2 : 0.690607734807
2016-09-01 11:10:22,525 DEBUG: 			View 3 : 0.668508287293
2016-09-01 11:10:22,575 DEBUG: 			 Best view : 		View1
2016-09-01 11:10:22,914 DEBUG: 		Start:	 Iteration 6
2016-09-01 11:10:22,921 DEBUG: 			View 0 : 0.707182320442
2016-09-01 11:10:22,929 DEBUG: 			View 1 : 0.740331491713
2016-09-01 11:10:22,936 DEBUG: 			View 2 : 0.729281767956
2016-09-01 11:10:22,942 DEBUG: 			View 3 : 0.662983425414
2016-09-01 11:10:22,995 DEBUG: 			 Best view : 		View2
2016-09-01 11:10:23,397 DEBUG: 		Start:	 Iteration 7
2016-09-01 11:10:23,404 DEBUG: 			View 0 : 0.707182320442
2016-09-01 11:10:23,412 DEBUG: 			View 1 : 0.640883977901
2016-09-01 11:10:23,419 DEBUG: 			View 2 : 0.729281767956
2016-09-01 11:10:23,426 DEBUG: 			View 3 : 0.685082872928
2016-09-01 11:10:23,482 DEBUG: 			 Best view : 		View2
2016-09-01 11:10:23,952 DEBUG: 		Start:	 Iteration 8
2016-09-01 11:10:23,959 DEBUG: 			View 0 : 0.707182320442
2016-09-01 11:10:23,967 DEBUG: 			View 1 : 0.640883977901
2016-09-01 11:10:23,974 DEBUG: 			View 2 : 0.734806629834
2016-09-01 11:10:23,981 DEBUG: 			View 3 : 0.67955801105
2016-09-01 11:10:24,039 DEBUG: 			 Best view : 		View2
2016-09-01 11:10:24,569 DEBUG: 		Start:	 Iteration 9
2016-09-01 11:10:24,576 DEBUG: 			View 0 : 0.696132596685
2016-09-01 11:10:24,584 DEBUG: 			View 1 : 0.640883977901
2016-09-01 11:10:24,591 DEBUG: 			View 2 : 0.718232044199
2016-09-01 11:10:24,597 DEBUG: 			View 3 : 0.685082872928
2016-09-01 11:10:24,658 DEBUG: 			 Best view : 		View2
2016-09-01 11:10:25,253 DEBUG: 		Start:	 Iteration 10
2016-09-01 11:10:25,260 DEBUG: 			View 0 : 0.67955801105
2016-09-01 11:10:25,267 DEBUG: 			View 1 : 0.640883977901
2016-09-01 11:10:25,275 DEBUG: 			View 2 : 0.718232044199
2016-09-01 11:10:25,281 DEBUG: 			View 3 : 0.668508287293
2016-09-01 11:10:25,345 DEBUG: 			 Best view : 		View2
2016-09-01 11:10:26,006 DEBUG: 		Start:	 Iteration 11
2016-09-01 11:10:26,013 DEBUG: 			View 0 : 0.685082872928
2016-09-01 11:10:26,021 DEBUG: 			View 1 : 0.640883977901
2016-09-01 11:10:26,028 DEBUG: 			View 2 : 0.723756906077
2016-09-01 11:10:26,035 DEBUG: 			View 3 : 0.67955801105
2016-09-01 11:10:26,101 DEBUG: 			 Best view : 		View2
2016-09-01 11:10:26,834 DEBUG: 		Start:	 Iteration 12
2016-09-01 11:10:26,841 DEBUG: 			View 0 : 0.696132596685
2016-09-01 11:10:26,849 DEBUG: 			View 1 : 0.657458563536
2016-09-01 11:10:26,856 DEBUG: 			View 2 : 0.723756906077
2016-09-01 11:10:26,863 DEBUG: 			View 3 : 0.685082872928
2016-09-01 11:10:26,932 DEBUG: 			 Best view : 		View2
2016-09-01 11:10:27,725 INFO: 	Start: 	 Classification
2016-09-01 11:10:29,069 INFO: 	Done: 	 Fold number 4
2016-09-01 11:10:29,069 INFO: 	Start:	 Fold number 5
2016-09-01 11:10:29,280 DEBUG: 		Start:	 Iteration 1
2016-09-01 11:10:29,286 DEBUG: 			View 0 : 0.565217391304
2016-09-01 11:10:29,293 DEBUG: 			View 1 : 0.565217391304
2016-09-01 11:10:29,299 DEBUG: 			View 2 : 0.565217391304
2016-09-01 11:10:29,306 DEBUG: 			View 3 : 0.565217391304
2016-09-01 11:10:29,342 DEBUG: 			 Best view : 		View0
2016-09-01 11:10:29,420 DEBUG: 		Start:	 Iteration 2
2016-09-01 11:10:29,427 DEBUG: 			View 0 : 0.701086956522
2016-09-01 11:10:29,435 DEBUG: 			View 1 : 0.70652173913
2016-09-01 11:10:29,442 DEBUG: 			View 2 : 0.690217391304
2016-09-01 11:10:29,448 DEBUG: 			View 3 : 0.695652173913
2016-09-01 11:10:29,491 DEBUG: 			 Best view : 		View1
2016-09-01 11:10:29,636 DEBUG: 		Start:	 Iteration 3
2016-09-01 11:10:29,643 DEBUG: 			View 0 : 0.701086956522
2016-09-01 11:10:29,651 DEBUG: 			View 1 : 0.70652173913
2016-09-01 11:10:29,658 DEBUG: 			View 2 : 0.690217391304
2016-09-01 11:10:29,664 DEBUG: 			View 3 : 0.695652173913
2016-09-01 11:10:29,710 DEBUG: 			 Best view : 		View1
2016-09-01 11:10:29,923 DEBUG: 		Start:	 Iteration 4
2016-09-01 11:10:29,930 DEBUG: 			View 0 : 0.66847826087
2016-09-01 11:10:29,938 DEBUG: 			View 1 : 0.711956521739
2016-09-01 11:10:29,945 DEBUG: 			View 2 : 0.717391304348
2016-09-01 11:10:29,952 DEBUG: 			View 3 : 0.625
2016-09-01 11:10:30,000 DEBUG: 			 Best view : 		View2
2016-09-01 11:10:30,277 DEBUG: 		Start:	 Iteration 5
2016-09-01 11:10:30,284 DEBUG: 			View 0 : 0.66847826087
2016-09-01 11:10:30,291 DEBUG: 			View 1 : 0.657608695652
2016-09-01 11:10:30,299 DEBUG: 			View 2 : 0.717391304348
2016-09-01 11:10:30,306 DEBUG: 			View 3 : 0.625
2016-09-01 11:10:30,356 DEBUG: 			 Best view : 		View2
2016-09-01 11:10:30,699 DEBUG: 		Start:	 Iteration 6
2016-09-01 11:10:30,706 DEBUG: 			View 0 : 0.679347826087
2016-09-01 11:10:30,714 DEBUG: 			View 1 : 0.690217391304
2016-09-01 11:10:30,721 DEBUG: 			View 2 : 0.717391304348
2016-09-01 11:10:30,728 DEBUG: 			View 3 : 0.657608695652
2016-09-01 11:10:30,783 DEBUG: 			 Best view : 		View2
2016-09-01 11:10:31,192 DEBUG: 		Start:	 Iteration 7
2016-09-01 11:10:31,199 DEBUG: 			View 0 : 0.684782608696
2016-09-01 11:10:31,206 DEBUG: 			View 1 : 0.695652173913
2016-09-01 11:10:31,214 DEBUG: 			View 2 : 0.722826086957
2016-09-01 11:10:31,220 DEBUG: 			View 3 : 0.70652173913
2016-09-01 11:10:31,277 DEBUG: 			 Best view : 		View2
2016-09-01 11:10:31,756 DEBUG: 		Start:	 Iteration 8
2016-09-01 11:10:31,763 DEBUG: 			View 0 : 0.684782608696
2016-09-01 11:10:31,771 DEBUG: 			View 1 : 0.717391304348
2016-09-01 11:10:31,778 DEBUG: 			View 2 : 0.695652173913
2016-09-01 11:10:31,785 DEBUG: 			View 3 : 0.690217391304
2016-09-01 11:10:31,844 DEBUG: 			 Best view : 		View1
2016-09-01 11:10:32,384 DEBUG: 		Start:	 Iteration 9
2016-09-01 11:10:32,391 DEBUG: 			View 0 : 0.663043478261
2016-09-01 11:10:32,399 DEBUG: 			View 1 : 0.711956521739
2016-09-01 11:10:32,406 DEBUG: 			View 2 : 0.701086956522
2016-09-01 11:10:32,413 DEBUG: 			View 3 : 0.690217391304
2016-09-01 11:10:32,475 DEBUG: 			 Best view : 		View1
2016-09-01 11:10:33,084 DEBUG: 		Start:	 Iteration 10
2016-09-01 11:10:33,091 DEBUG: 			View 0 : 0.663043478261
2016-09-01 11:10:33,098 DEBUG: 			View 1 : 0.711956521739
2016-09-01 11:10:33,106 DEBUG: 			View 2 : 0.701086956522
2016-09-01 11:10:33,112 DEBUG: 			View 3 : 0.70652173913
2016-09-01 11:10:33,179 DEBUG: 			 Best view : 		View2
2016-09-01 11:10:33,851 INFO: 	Start: 	 Classification
2016-09-01 11:10:34,991 INFO: 	Done: 	 Fold number 5
2016-09-01 11:10:34,991 INFO: Done:	 Classification
2016-09-01 11:10:34,991 INFO: Info:	 Time for Classification: 27[s]
2016-09-01 11:10:34,991 INFO: Start:	 Result Analysis for Mumbo
2016-09-01 11:10:40,723 INFO: 		Result for Multiview classification with Mumbo

Average accuracy :
	-On Train : 81.2688936756
	-On Test : 50.0
	-On Validation : 71.5555555556Dataset info :
	-Dataset name : Fake
	-Labels : Methyl, MiRNA_, RNASeq, Clinic
	-Views : View0 of shape (300, 11), View1 of shape (300, 15), View2 of shape (300, 14), View3 of shape (300, 5)
	-5 folds
	- Validation set length : 90 for learning rate : 0.7 on a total number of examples of 300



Mumbo configuration : 
	-Used 1 core(s)
	-Iterations : min 1, max 100, threshold 0.002
	-Weak Classifiers : DecisionTree with depth 3,  sub-sampled at 1.0 on View0
		-DecisionTree with depth 3,  sub-sampled at 1.0 on View1
		-DecisionTree with depth 3,  sub-sampled at 1.0 on View2
		-DecisionTree with depth 3,  sub-sampled at 1.0 on View3



Computation time on 1 cores : 
	Database extraction time : 0:00:00
	                         Learn     Prediction
	         Fold 1        0:00:03        0:00:00
	         Fold 2        0:00:08        0:00:01
	         Fold 3        0:00:13        0:00:00
	         Fold 4        0:00:20        0:00:01
	         Fold 5        0:00:26        0:00:01
	          Total        0:01:13        0:00:05
	So a total classification time of 0:00:27.



Mean average accuracies and stats for each fold :
	- Fold 0, used 9
		- On View0 : 
			- Mean average Accuracy : 0.0513661202186
			- Percentage of time chosen : 0.94
		- On View1 : 
			- Mean average Accuracy : 0.0544808743169
			- Percentage of time chosen : 0.0
		- On View2 : 
			- Mean average Accuracy : 0.0560109289617
			- Percentage of time chosen : 0.06
		- On View3 : 
			- Mean average Accuracy : 0.0510928961749
			- Percentage of time chosen : 0.0
	- Fold 1, used 11
		- On View0 : 
			- Mean average Accuracy : 0.0677900552486
			- Percentage of time chosen : 0.93
		- On View1 : 
			- Mean average Accuracy : 0.0688950276243
			- Percentage of time chosen : 0.02
		- On View2 : 
			- Mean average Accuracy : 0.0701657458564
			- Percentage of time chosen : 0.05
		- On View3 : 
			- Mean average Accuracy : 0.0652486187845
			- Percentage of time chosen : 0.0
	- Fold 2, used 9
		- On View0 : 
			- Mean average Accuracy : 0.0551912568306
			- Percentage of time chosen : 0.93
		- On View1 : 
			- Mean average Accuracy : 0.053606557377
			- Percentage of time chosen : 0.0
		- On View2 : 
			- Mean average Accuracy : 0.0570491803279
			- Percentage of time chosen : 0.07
		- On View3 : 
			- Mean average Accuracy : 0.051912568306
			- Percentage of time chosen : 0.0
	- Fold 3, used 13
		- On View0 : 
			- Mean average Accuracy : 0.0820994475138
			- Percentage of time chosen : 0.89
		- On View1 : 
			- Mean average Accuracy : 0.0809944751381
			- Percentage of time chosen : 0.04
		- On View2 : 
			- Mean average Accuracy : 0.0846408839779
			- Percentage of time chosen : 0.07
		- On View3 : 
			- Mean average Accuracy : 0.0806629834254
			- Percentage of time chosen : 0.0
	- Fold 4, used 11
		- On View0 : 
			- Mean average Accuracy : 0.0667934782609
			- Percentage of time chosen : 0.91
		- On View1 : 
			- Mean average Accuracy : 0.06875
			- Percentage of time chosen : 0.04
		- On View2 : 
			- Mean average Accuracy : 0.0691847826087
			- Percentage of time chosen : 0.05
		- On View3 : 
			- Mean average Accuracy : 0.0665760869565
			- Percentage of time chosen : 0.0

 For each iteration : 
	- Iteration 1
		 Fold 1
			Accuracy on train : 56.8306010929
			Accuracy on test : 0.0
			Accuracy on validation : 50.0
			Selected View : View0
		 Fold 2
			Accuracy on train : 56.3535911602
			Accuracy on test : 0.0
			Accuracy on validation : 50.0
			Selected View : View2
		 Fold 3
			Accuracy on train : 56.8306010929
			Accuracy on test : 0.0
			Accuracy on validation : 50.0
			Selected View : View0
		 Fold 4
			Accuracy on train : 55.8011049724
			Accuracy on test : 0.0
			Accuracy on validation : 50.0
			Selected View : View0
		 Fold 5
			Accuracy on train : 56.5217391304
			Accuracy on test : 0.0
			Accuracy on validation : 50.0
			Selected View : View0
	- Iteration 2
		 Fold 1
			Accuracy on train : 71.5846994536
			Accuracy on test : 0.0
			Accuracy on validation : 62.2222222222
			Selected View : View2
		 Fold 2
			Accuracy on train : 74.0331491713
			Accuracy on test : 0.0
			Accuracy on validation : 71.1111111111
			Selected View : View0
		 Fold 3
			Accuracy on train : 72.131147541
			Accuracy on test : 0.0
			Accuracy on validation : 63.3333333333
			Selected View : View2
		 Fold 4
			Accuracy on train : 75.138121547
			Accuracy on test : 0.0
			Accuracy on validation : 78.8888888889
			Selected View : View1
		 Fold 5
			Accuracy on train : 70.652173913
			Accuracy on test : 0.0
			Accuracy on validation : 64.4444444444
			Selected View : View1
	- Iteration 3
		 Fold 1
			Accuracy on train : 71.5846994536
			Accuracy on test : 0.0
			Accuracy on validation : 62.2222222222
			Selected View : View2
		 Fold 2
			Accuracy on train : 74.0331491713
			Accuracy on test : 0.0
			Accuracy on validation : 71.1111111111
			Selected View : View0
		 Fold 3
			Accuracy on train : 72.131147541
			Accuracy on test : 0.0
			Accuracy on validation : 63.3333333333
			Selected View : View2
		 Fold 4
			Accuracy on train : 75.138121547
			Accuracy on test : 0.0
			Accuracy on validation : 78.8888888889
			Selected View : View1
		 Fold 5
			Accuracy on train : 71.7391304348
			Accuracy on test : 0.0
			Accuracy on validation : 66.6666666667
			Selected View : View1
	- Iteration 4
		 Fold 1
			Accuracy on train : 71.5846994536
			Accuracy on test : 0.0
			Accuracy on validation : 62.2222222222
			Selected View : View2
		 Fold 2
			Accuracy on train : 74.0331491713
			Accuracy on test : 0.0
			Accuracy on validation : 71.1111111111
			Selected View : View2
		 Fold 3
			Accuracy on train : 72.131147541
			Accuracy on test : 0.0
			Accuracy on validation : 63.3333333333
			Selected View : View2
		 Fold 4
			Accuracy on train : 75.138121547
			Accuracy on test : 0.0
			Accuracy on validation : 78.8888888889
			Selected View : View1
		 Fold 5
			Accuracy on train : 70.1086956522
			Accuracy on test : 0.0
			Accuracy on validation : 64.4444444444
			Selected View : View2
	- Iteration 5
		 Fold 1
			Accuracy on train : 73.7704918033
			Accuracy on test : 0.0
			Accuracy on validation : 70.0
			Selected View : View2
		 Fold 2
			Accuracy on train : 74.0331491713
			Accuracy on test : 0.0
			Accuracy on validation : 71.1111111111
			Selected View : View2
		 Fold 3
			Accuracy on train : 74.8633879781
			Accuracy on test : 0.0
			Accuracy on validation : 63.3333333333
			Selected View : View2
		 Fold 4
			Accuracy on train : 72.3756906077
			Accuracy on test : 0.0
			Accuracy on validation : 65.5555555556
			Selected View : View1
		 Fold 5
			Accuracy on train : 71.7391304348
			Accuracy on test : 0.0
			Accuracy on validation : 65.5555555556
			Selected View : View2
	- Iteration 6
		 Fold 1
			Accuracy on train : 77.0491803279
			Accuracy on test : 0.0
			Accuracy on validation : 65.5555555556
			Selected View : View2
		 Fold 2
			Accuracy on train : 77.9005524862
			Accuracy on test : 0.0
			Accuracy on validation : 63.3333333333
			Selected View : View2
		 Fold 3
			Accuracy on train : 76.5027322404
			Accuracy on test : 0.0
			Accuracy on validation : 62.2222222222
			Selected View : View2
		 Fold 4
			Accuracy on train : 87.8453038674
			Accuracy on test : 0.0
			Accuracy on validation : 84.4444444444
			Selected View : View2
		 Fold 5
			Accuracy on train : 81.5217391304
			Accuracy on test : 0.0
			Accuracy on validation : 72.2222222222
			Selected View : View2
	- Iteration 7
		 Fold 1
			Accuracy on train : 75.4098360656
			Accuracy on test : 0.0
			Accuracy on validation : 63.3333333333
			Selected View : View0
		 Fold 2
			Accuracy on train : 81.2154696133
			Accuracy on test : 0.0
			Accuracy on validation : 72.2222222222
			Selected View : View1
		 Fold 3
			Accuracy on train : 77.0491803279
			Accuracy on test : 0.0
			Accuracy on validation : 62.2222222222
			Selected View : View2
		 Fold 4
			Accuracy on train : 86.1878453039
			Accuracy on test : 0.0
			Accuracy on validation : 83.3333333333
			Selected View : View2
		 Fold 5
			Accuracy on train : 82.0652173913
			Accuracy on test : 0.0
			Accuracy on validation : 73.3333333333
			Selected View : View2
	- Iteration 8
		 Fold 1
			Accuracy on train : 75.956284153
			Accuracy on test : 0.0
			Accuracy on validation : 63.3333333333
			Selected View : View2
		 Fold 2
			Accuracy on train : 82.320441989
			Accuracy on test : 0.0
			Accuracy on validation : 73.3333333333
			Selected View : View1
		 Fold 3
			Accuracy on train : 75.956284153
			Accuracy on test : 0.0
			Accuracy on validation : 64.4444444444
			Selected View : View2
		 Fold 4
			Accuracy on train : 86.7403314917
			Accuracy on test : 0.0
			Accuracy on validation : 83.3333333333
			Selected View : View2
		 Fold 5
			Accuracy on train : 82.0652173913
			Accuracy on test : 0.0
			Accuracy on validation : 73.3333333333
			Selected View : View1
	- Iteration 9
		 Fold 1
			Accuracy on train : 56.8306010929
			Accuracy on test : 0.0
			Accuracy on validation : 50.0
			Selected View : View0
		 Fold 2
			Accuracy on train : 83.4254143646
			Accuracy on test : 0.0
			Accuracy on validation : 74.4444444444
			Selected View : View2
		 Fold 3
			Accuracy on train : 56.8306010929
			Accuracy on test : 0.0
			Accuracy on validation : 50.0
			Selected View : View0
		 Fold 4
			Accuracy on train : 87.2928176796
			Accuracy on test : 0.0
			Accuracy on validation : 83.3333333333
			Selected View : View2
		 Fold 5
			Accuracy on train : 80.9782608696
			Accuracy on test : 0.0
			Accuracy on validation : 68.8888888889
			Selected View : View1
	- Iteration 10
		 Fold 2
			Accuracy on train : 85.0828729282
			Accuracy on test : 0.0
			Accuracy on validation : 76.6666666667
			Selected View : View0
		 Fold 4
			Accuracy on train : 84.5303867403
			Accuracy on test : 0.0
			Accuracy on validation : 75.5555555556
			Selected View : View2
		 Fold 5
			Accuracy on train : 82.6086956522
			Accuracy on test : 0.0
			Accuracy on validation : 75.5555555556
			Selected View : View2
	- Iteration 11
		 Fold 2
			Accuracy on train : 56.3535911602
			Accuracy on test : 0.0
			Accuracy on validation : 50.0
			Selected View : View0
		 Fold 4
			Accuracy on train : 85.0828729282
			Accuracy on test : 0.0
			Accuracy on validation : 77.7777777778
			Selected View : View2
		 Fold 5
			Accuracy on train : 56.5217391304
			Accuracy on test : 0.0
			Accuracy on validation : 50.0
			Selected View : View0
	- Iteration 12
		 Fold 4
			Accuracy on train : 86.7403314917
			Accuracy on test : 0.0
			Accuracy on validation : 77.7777777778
			Selected View : View2
	- Iteration 13
		 Fold 4
			Accuracy on train : 55.8011049724
			Accuracy on test : 0.0
			Accuracy on validation : 50.0
			Selected View : View0
2016-09-01 11:10:40,949 INFO: Done:	 Result Analysis
