2016-09-01 11:08:43,019 INFO: Start:	 Finding all available mono- & multiview algorithms
2016-09-01 11:08:43,021 INFO: ### Main Programm for Multiview Classification
2016-09-01 11:08:43,021 INFO: ### Classification - Database : Fake ; Views : Methyl, MiRNA_, RNASeq, Clinic ; Algorithm : Mumbo ; Cores : 1
2016-09-01 11:08:43,021 INFO: Info:	 Shape of View0 :(300, 18)
2016-09-01 11:08:43,022 INFO: Info:	 Shape of View1 :(300, 16)
2016-09-01 11:08:43,022 INFO: Info:	 Shape of View2 :(300, 20)
2016-09-01 11:08:43,023 INFO: Info:	 Shape of View3 :(300, 18)
2016-09-01 11:08:43,023 INFO: Done:	 Read Database Files
2016-09-01 11:08:43,023 INFO: Start:	 Determine validation split for ratio 0.7
2016-09-01 11:08:43,026 INFO: Done:	 Determine validation split
2016-09-01 11:08:43,026 INFO: Start:	 Determine 5 folds
2016-09-01 11:08:43,033 INFO: Info:	 Length of Learning Sets: 169
2016-09-01 11:08:43,033 INFO: Info:	 Length of Testing Sets: 42
2016-09-01 11:08:43,033 INFO: Info:	 Length of Validation Set: 89
2016-09-01 11:08:43,033 INFO: Done:	 Determine folds
2016-09-01 11:08:43,033 INFO: Start:	 Learning with Mumbo and 5 folds
2016-09-01 11:08:43,033 INFO: 	Start:	 Fold number 1
2016-09-01 11:08:43,242 DEBUG: 		Start:	 Iteration 1
2016-09-01 11:08:43,249 DEBUG: 			View 0 : 0.508379888268
2016-09-01 11:08:43,256 DEBUG: 			View 1 : 0.469273743017
2016-09-01 11:08:43,264 DEBUG: 			View 2 : 0.519553072626
2016-09-01 11:08:43,271 DEBUG: 			View 3 : 0.530726256983
2016-09-01 11:08:43,306 DEBUG: 			 Best view : 		View0
2016-09-01 11:08:43,385 DEBUG: 		Start:	 Iteration 2
2016-09-01 11:08:43,393 DEBUG: 			View 0 : 0.664804469274
2016-09-01 11:08:43,400 DEBUG: 			View 1 : 0.709497206704
2016-09-01 11:08:43,408 DEBUG: 			View 2 : 0.765363128492
2016-09-01 11:08:43,415 DEBUG: 			View 3 : 0.675977653631
2016-09-01 11:08:43,457 DEBUG: 			 Best view : 		View2
2016-09-01 11:08:43,606 DEBUG: 		Start:	 Iteration 3
2016-09-01 11:08:43,624 DEBUG: 			View 0 : 0.664804469274
2016-09-01 11:08:43,631 DEBUG: 			View 1 : 0.709497206704
2016-09-01 11:08:43,639 DEBUG: 			View 2 : 0.765363128492
2016-09-01 11:08:43,647 DEBUG: 			View 3 : 0.675977653631
2016-09-01 11:08:43,692 DEBUG: 			 Best view : 		View2
2016-09-01 11:08:43,912 DEBUG: 		Start:	 Iteration 4
2016-09-01 11:08:43,920 DEBUG: 			View 0 : 0.703910614525
2016-09-01 11:08:43,928 DEBUG: 			View 1 : 0.731843575419
2016-09-01 11:08:43,936 DEBUG: 			View 2 : 0.754189944134
2016-09-01 11:08:43,943 DEBUG: 			View 3 : 0.703910614525
2016-09-01 11:08:43,991 DEBUG: 			 Best view : 		View2
2016-09-01 11:08:44,265 DEBUG: 		Start:	 Iteration 5
2016-09-01 11:08:44,272 DEBUG: 			View 0 : 0.703910614525
2016-09-01 11:08:44,280 DEBUG: 			View 1 : 0.731843575419
2016-09-01 11:08:44,288 DEBUG: 			View 2 : 0.754189944134
2016-09-01 11:08:44,295 DEBUG: 			View 3 : 0.703910614525
2016-09-01 11:08:44,345 DEBUG: 			 Best view : 		View2
2016-09-01 11:08:44,679 DEBUG: 		Start:	 Iteration 6
2016-09-01 11:08:44,686 DEBUG: 			View 0 : 0.63687150838
2016-09-01 11:08:44,694 DEBUG: 			View 1 : 0.653631284916
2016-09-01 11:08:44,701 DEBUG: 			View 2 : 0.765363128492
2016-09-01 11:08:44,709 DEBUG: 			View 3 : 0.68156424581
2016-09-01 11:08:44,761 DEBUG: 			 Best view : 		View2
2016-09-01 11:08:45,162 DEBUG: 		Start:	 Iteration 7
2016-09-01 11:08:45,170 DEBUG: 			View 0 : 0.63687150838
2016-09-01 11:08:45,177 DEBUG: 			View 1 : 0.653631284916
2016-09-01 11:08:45,185 DEBUG: 			View 2 : 0.765363128492
2016-09-01 11:08:45,192 DEBUG: 			View 3 : 0.68156424581
2016-09-01 11:08:45,248 DEBUG: 			 Best view : 		View2
2016-09-01 11:08:45,732 DEBUG: 		Start:	 Iteration 8
2016-09-01 11:08:45,740 DEBUG: 			View 0 : 0.63687150838
2016-09-01 11:08:45,748 DEBUG: 			View 1 : 0.659217877095
2016-09-01 11:08:45,755 DEBUG: 			View 2 : 0.743016759777
2016-09-01 11:08:45,763 DEBUG: 			View 3 : 0.692737430168
2016-09-01 11:08:45,821 DEBUG: 			 Best view : 		View2
2016-09-01 11:08:46,359 DEBUG: 		Start:	 Iteration 9
2016-09-01 11:08:46,367 DEBUG: 			View 0 : 0.675977653631
2016-09-01 11:08:46,375 DEBUG: 			View 1 : 0.698324022346
2016-09-01 11:08:46,382 DEBUG: 			View 2 : 0.759776536313
2016-09-01 11:08:46,390 DEBUG: 			View 3 : 0.692737430168
2016-09-01 11:08:46,450 DEBUG: 			 Best view : 		View2
2016-09-01 11:08:47,051 DEBUG: 		Start:	 Iteration 10
2016-09-01 11:08:47,058 DEBUG: 			View 0 : 0.675977653631
2016-09-01 11:08:47,066 DEBUG: 			View 1 : 0.698324022346
2016-09-01 11:08:47,073 DEBUG: 			View 2 : 0.748603351955
2016-09-01 11:08:47,081 DEBUG: 			View 3 : 0.698324022346
2016-09-01 11:08:47,144 DEBUG: 			 Best view : 		View2
2016-09-01 11:08:47,805 DEBUG: 		Start:	 Iteration 11
2016-09-01 11:08:47,813 DEBUG: 			View 0 : 0.664804469274
2016-09-01 11:08:47,821 DEBUG: 			View 1 : 0.709497206704
2016-09-01 11:08:47,828 DEBUG: 			View 2 : 0.748603351955
2016-09-01 11:08:47,836 DEBUG: 			View 3 : 0.687150837989
2016-09-01 11:08:47,901 DEBUG: 			 Best view : 		View2
2016-09-01 11:08:48,631 DEBUG: 		Start:	 Iteration 12
2016-09-01 11:08:48,638 DEBUG: 			View 0 : 0.664804469274
2016-09-01 11:08:48,645 DEBUG: 			View 1 : 0.709497206704
2016-09-01 11:08:48,653 DEBUG: 			View 2 : 0.715083798883
2016-09-01 11:08:48,661 DEBUG: 			View 3 : 0.687150837989
2016-09-01 11:08:48,729 DEBUG: 			 Best view : 		View2
2016-09-01 11:08:49,552 INFO: 	Start: 	 Classification
2016-09-01 11:08:50,936 INFO: 	Done: 	 Fold number 1
2016-09-01 11:08:50,936 INFO: 	Start:	 Fold number 2
2016-09-01 11:08:51,197 DEBUG: 		Start:	 Iteration 1
2016-09-01 11:08:51,205 DEBUG: 			View 0 : 0.531073446328
2016-09-01 11:08:51,213 DEBUG: 			View 1 : 0.468926553672
2016-09-01 11:08:51,221 DEBUG: 			View 2 : 0.463276836158
2016-09-01 11:08:51,230 DEBUG: 			View 3 : 0.412429378531
2016-09-01 11:08:51,269 DEBUG: 			 Best view : 		View0
2016-09-01 11:08:51,351 DEBUG: 		Start:	 Iteration 2
2016-09-01 11:08:51,360 DEBUG: 			View 0 : 0.728813559322
2016-09-01 11:08:51,369 DEBUG: 			View 1 : 0.717514124294
2016-09-01 11:08:51,380 DEBUG: 			View 2 : 0.74011299435
2016-09-01 11:08:51,389 DEBUG: 			View 3 : 0.700564971751
2016-09-01 11:08:51,447 DEBUG: 			 Best view : 		View2
2016-09-01 11:08:51,611 DEBUG: 		Start:	 Iteration 3
2016-09-01 11:08:51,620 DEBUG: 			View 0 : 0.728813559322
2016-09-01 11:08:51,628 DEBUG: 			View 1 : 0.717514124294
2016-09-01 11:08:51,637 DEBUG: 			View 2 : 0.728813559322
2016-09-01 11:08:51,645 DEBUG: 			View 3 : 0.700564971751
2016-09-01 11:08:51,695 DEBUG: 			 Best view : 		View0
2016-09-01 11:08:51,911 DEBUG: 		Start:	 Iteration 4
2016-09-01 11:08:51,919 DEBUG: 			View 0 : 0.706214689266
2016-09-01 11:08:51,926 DEBUG: 			View 1 : 0.587570621469
2016-09-01 11:08:51,934 DEBUG: 			View 2 : 0.717514124294
2016-09-01 11:08:51,941 DEBUG: 			View 3 : 0.672316384181
2016-09-01 11:08:51,989 DEBUG: 			 Best view : 		View0
2016-09-01 11:08:52,265 DEBUG: 		Start:	 Iteration 5
2016-09-01 11:08:52,273 DEBUG: 			View 0 : 0.706214689266
2016-09-01 11:08:52,280 DEBUG: 			View 1 : 0.587570621469
2016-09-01 11:08:52,287 DEBUG: 			View 2 : 0.717514124294
2016-09-01 11:08:52,295 DEBUG: 			View 3 : 0.672316384181
2016-09-01 11:08:52,344 DEBUG: 			 Best view : 		View0
2016-09-01 11:08:52,682 DEBUG: 		Start:	 Iteration 6
2016-09-01 11:08:52,689 DEBUG: 			View 0 : 0.71186440678
2016-09-01 11:08:52,697 DEBUG: 			View 1 : 0.666666666667
2016-09-01 11:08:52,704 DEBUG: 			View 2 : 0.745762711864
2016-09-01 11:08:52,712 DEBUG: 			View 3 : 0.689265536723
2016-09-01 11:08:52,765 DEBUG: 			 Best view : 		View2
2016-09-01 11:08:53,167 DEBUG: 		Start:	 Iteration 7
2016-09-01 11:08:53,175 DEBUG: 			View 0 : 0.762711864407
2016-09-01 11:08:53,182 DEBUG: 			View 1 : 0.666666666667
2016-09-01 11:08:53,190 DEBUG: 			View 2 : 0.734463276836
2016-09-01 11:08:53,197 DEBUG: 			View 3 : 0.61581920904
2016-09-01 11:08:53,252 DEBUG: 			 Best view : 		View0
2016-09-01 11:08:53,718 DEBUG: 		Start:	 Iteration 8
2016-09-01 11:08:53,726 DEBUG: 			View 0 : 0.762711864407
2016-09-01 11:08:53,734 DEBUG: 			View 1 : 0.61581920904
2016-09-01 11:08:53,741 DEBUG: 			View 2 : 0.751412429379
2016-09-01 11:08:53,749 DEBUG: 			View 3 : 0.689265536723
2016-09-01 11:08:53,808 DEBUG: 			 Best view : 		View0
2016-09-01 11:08:54,343 DEBUG: 		Start:	 Iteration 9
2016-09-01 11:08:54,350 DEBUG: 			View 0 : 0.728813559322
2016-09-01 11:08:54,362 DEBUG: 			View 1 : 0.598870056497
2016-09-01 11:08:54,375 DEBUG: 			View 2 : 0.734463276836
2016-09-01 11:08:54,384 DEBUG: 			View 3 : 0.61581920904
2016-09-01 11:08:54,445 DEBUG: 			 Best view : 		View2
2016-09-01 11:08:55,064 DEBUG: 		Start:	 Iteration 10
2016-09-01 11:08:55,071 DEBUG: 			View 0 : 0.734463276836
2016-09-01 11:08:55,079 DEBUG: 			View 1 : 0.71186440678
2016-09-01 11:08:55,086 DEBUG: 			View 2 : 0.762711864407
2016-09-01 11:08:55,094 DEBUG: 			View 3 : 0.700564971751
2016-09-01 11:08:55,157 DEBUG: 			 Best view : 		View2
2016-09-01 11:08:55,839 DEBUG: 		Start:	 Iteration 11
2016-09-01 11:08:55,846 DEBUG: 			View 0 : 0.717514124294
2016-09-01 11:08:55,854 DEBUG: 			View 1 : 0.666666666667
2016-09-01 11:08:55,861 DEBUG: 			View 2 : 0.762711864407
2016-09-01 11:08:55,868 DEBUG: 			View 3 : 0.700564971751
2016-09-01 11:08:55,935 DEBUG: 			 Best view : 		View2
2016-09-01 11:08:56,694 DEBUG: 		Start:	 Iteration 12
2016-09-01 11:08:56,701 DEBUG: 			View 0 : 0.723163841808
2016-09-01 11:08:56,709 DEBUG: 			View 1 : 0.666666666667
2016-09-01 11:08:56,716 DEBUG: 			View 2 : 0.762711864407
2016-09-01 11:08:56,724 DEBUG: 			View 3 : 0.677966101695
2016-09-01 11:08:56,794 DEBUG: 			 Best view : 		View2
2016-09-01 11:08:57,600 DEBUG: 		Start:	 Iteration 13
2016-09-01 11:08:57,607 DEBUG: 			View 0 : 0.723163841808
2016-09-01 11:08:57,615 DEBUG: 			View 1 : 0.598870056497
2016-09-01 11:08:57,622 DEBUG: 			View 2 : 0.768361581921
2016-09-01 11:08:57,630 DEBUG: 			View 3 : 0.677966101695
2016-09-01 11:08:57,701 DEBUG: 			 Best view : 		View2
2016-09-01 11:08:58,550 DEBUG: 		Start:	 Iteration 14
2016-09-01 11:08:58,558 DEBUG: 			View 0 : 0.774011299435
2016-09-01 11:08:58,565 DEBUG: 			View 1 : 0.598870056497
2016-09-01 11:08:58,573 DEBUG: 			View 2 : 0.762711864407
2016-09-01 11:08:58,580 DEBUG: 			View 3 : 0.677966101695
2016-09-01 11:08:58,654 DEBUG: 			 Best view : 		View0
2016-09-01 11:08:59,573 INFO: 	Start: 	 Classification
2016-09-01 11:09:01,157 INFO: 	Done: 	 Fold number 2
2016-09-01 11:09:01,158 INFO: 	Start:	 Fold number 3
2016-09-01 11:09:01,376 DEBUG: 		Start:	 Iteration 1
2016-09-01 11:09:01,383 DEBUG: 			View 0 : 0.559139784946
2016-09-01 11:09:01,391 DEBUG: 			View 1 : 0.516129032258
2016-09-01 11:09:01,397 DEBUG: 			View 2 : 0.569892473118
2016-09-01 11:09:01,404 DEBUG: 			View 3 : 0.483870967742
2016-09-01 11:09:01,441 DEBUG: 			 Best view : 		View0
2016-09-01 11:09:01,523 DEBUG: 		Start:	 Iteration 2
2016-09-01 11:09:01,530 DEBUG: 			View 0 : 0.725806451613
2016-09-01 11:09:01,538 DEBUG: 			View 1 : 0.666666666667
2016-09-01 11:09:01,545 DEBUG: 			View 2 : 0.725806451613
2016-09-01 11:09:01,553 DEBUG: 			View 3 : 0.693548387097
2016-09-01 11:09:01,597 DEBUG: 			 Best view : 		View0
2016-09-01 11:09:01,746 DEBUG: 		Start:	 Iteration 3
2016-09-01 11:09:01,753 DEBUG: 			View 0 : 0.725806451613
2016-09-01 11:09:01,761 DEBUG: 			View 1 : 0.666666666667
2016-09-01 11:09:01,769 DEBUG: 			View 2 : 0.725806451613
2016-09-01 11:09:01,776 DEBUG: 			View 3 : 0.693548387097
2016-09-01 11:09:01,823 DEBUG: 			 Best view : 		View0
2016-09-01 11:09:02,041 DEBUG: 		Start:	 Iteration 4
2016-09-01 11:09:02,049 DEBUG: 			View 0 : 0.693548387097
2016-09-01 11:09:02,057 DEBUG: 			View 1 : 0.55376344086
2016-09-01 11:09:02,064 DEBUG: 			View 2 : 0.666666666667
2016-09-01 11:09:02,072 DEBUG: 			View 3 : 0.677419354839
2016-09-01 11:09:02,120 DEBUG: 			 Best view : 		View0
2016-09-01 11:09:02,403 DEBUG: 		Start:	 Iteration 5
2016-09-01 11:09:02,411 DEBUG: 			View 0 : 0.693548387097
2016-09-01 11:09:02,419 DEBUG: 			View 1 : 0.55376344086
2016-09-01 11:09:02,426 DEBUG: 			View 2 : 0.661290322581
2016-09-01 11:09:02,434 DEBUG: 			View 3 : 0.677419354839
2016-09-01 11:09:02,486 DEBUG: 			 Best view : 		View0
2016-09-01 11:09:02,838 DEBUG: 		Start:	 Iteration 6
2016-09-01 11:09:02,846 DEBUG: 			View 0 : 0.688172043011
2016-09-01 11:09:02,853 DEBUG: 			View 1 : 0.623655913978
2016-09-01 11:09:02,861 DEBUG: 			View 2 : 0.704301075269
2016-09-01 11:09:02,869 DEBUG: 			View 3 : 0.693548387097
2016-09-01 11:09:02,923 DEBUG: 			 Best view : 		View3
2016-09-01 11:09:03,343 DEBUG: 		Start:	 Iteration 7
2016-09-01 11:09:03,351 DEBUG: 			View 0 : 0.709677419355
2016-09-01 11:09:03,358 DEBUG: 			View 1 : 0.623655913978
2016-09-01 11:09:03,366 DEBUG: 			View 2 : 0.709677419355
2016-09-01 11:09:03,373 DEBUG: 			View 3 : 0.704301075269
2016-09-01 11:09:03,431 DEBUG: 			 Best view : 		View3
2016-09-01 11:09:03,920 DEBUG: 		Start:	 Iteration 8
2016-09-01 11:09:03,927 DEBUG: 			View 0 : 0.698924731183
2016-09-01 11:09:03,935 DEBUG: 			View 1 : 0.612903225806
2016-09-01 11:09:03,943 DEBUG: 			View 2 : 0.709677419355
2016-09-01 11:09:03,950 DEBUG: 			View 3 : 0.672043010753
2016-09-01 11:09:04,011 DEBUG: 			 Best view : 		View2
2016-09-01 11:09:04,563 DEBUG: 		Start:	 Iteration 9
2016-09-01 11:09:04,571 DEBUG: 			View 0 : 0.704301075269
2016-09-01 11:09:04,578 DEBUG: 			View 1 : 0.612903225806
2016-09-01 11:09:04,586 DEBUG: 			View 2 : 0.709677419355
2016-09-01 11:09:04,594 DEBUG: 			View 3 : 0.698924731183
2016-09-01 11:09:04,658 DEBUG: 			 Best view : 		View2
2016-09-01 11:09:05,306 DEBUG: 		Start:	 Iteration 10
2016-09-01 11:09:05,313 DEBUG: 			View 0 : 0.688172043011
2016-09-01 11:09:05,321 DEBUG: 			View 1 : 0.661290322581
2016-09-01 11:09:05,329 DEBUG: 			View 2 : 0.725806451613
2016-09-01 11:09:05,336 DEBUG: 			View 3 : 0.682795698925
2016-09-01 11:09:05,404 DEBUG: 			 Best view : 		View2
2016-09-01 11:09:06,111 INFO: 	Start: 	 Classification
2016-09-01 11:09:07,326 INFO: 	Done: 	 Fold number 3
2016-09-01 11:09:07,326 INFO: 	Start:	 Fold number 4
2016-09-01 11:09:07,534 DEBUG: 		Start:	 Iteration 1
2016-09-01 11:09:07,541 DEBUG: 			View 0 : 0.533333333333
2016-09-01 11:09:07,549 DEBUG: 			View 1 : 0.466666666667
2016-09-01 11:09:07,557 DEBUG: 			View 2 : 0.533333333333
2016-09-01 11:09:07,564 DEBUG: 			View 3 : 0.5
2016-09-01 11:09:07,599 DEBUG: 			 Best view : 		View2
2016-09-01 11:09:07,680 DEBUG: 		Start:	 Iteration 2
2016-09-01 11:09:07,687 DEBUG: 			View 0 : 0.722222222222
2016-09-01 11:09:07,695 DEBUG: 			View 1 : 0.633333333333
2016-09-01 11:09:07,703 DEBUG: 			View 2 : 0.777777777778
2016-09-01 11:09:07,710 DEBUG: 			View 3 : 0.761111111111
2016-09-01 11:09:07,753 DEBUG: 			 Best view : 		View2
2016-09-01 11:09:07,902 DEBUG: 		Start:	 Iteration 3
2016-09-01 11:09:07,909 DEBUG: 			View 0 : 0.722222222222
2016-09-01 11:09:07,917 DEBUG: 			View 1 : 0.633333333333
2016-09-01 11:09:07,925 DEBUG: 			View 2 : 0.777777777778
2016-09-01 11:09:07,932 DEBUG: 			View 3 : 0.761111111111
2016-09-01 11:09:07,978 DEBUG: 			 Best view : 		View2
2016-09-01 11:09:08,193 DEBUG: 		Start:	 Iteration 4
2016-09-01 11:09:08,200 DEBUG: 			View 0 : 0.733333333333
2016-09-01 11:09:08,208 DEBUG: 			View 1 : 0.627777777778
2016-09-01 11:09:08,216 DEBUG: 			View 2 : 0.755555555556
2016-09-01 11:09:08,224 DEBUG: 			View 3 : 0.688888888889
2016-09-01 11:09:08,273 DEBUG: 			 Best view : 		View2
2016-09-01 11:09:08,552 DEBUG: 		Start:	 Iteration 5
2016-09-01 11:09:08,560 DEBUG: 			View 0 : 0.722222222222
2016-09-01 11:09:08,567 DEBUG: 			View 1 : 0.627777777778
2016-09-01 11:09:08,575 DEBUG: 			View 2 : 0.755555555556
2016-09-01 11:09:08,582 DEBUG: 			View 3 : 0.683333333333
2016-09-01 11:09:08,632 DEBUG: 			 Best view : 		View2
2016-09-01 11:09:08,977 DEBUG: 		Start:	 Iteration 6
2016-09-01 11:09:08,984 DEBUG: 			View 0 : 0.722222222222
2016-09-01 11:09:08,992 DEBUG: 			View 1 : 0.627777777778
2016-09-01 11:09:08,999 DEBUG: 			View 2 : 0.75
2016-09-01 11:09:09,006 DEBUG: 			View 3 : 0.733333333333
2016-09-01 11:09:09,061 DEBUG: 			 Best view : 		View2
2016-09-01 11:09:09,483 DEBUG: 		Start:	 Iteration 7
2016-09-01 11:09:09,490 DEBUG: 			View 0 : 0.733333333333
2016-09-01 11:09:09,498 DEBUG: 			View 1 : 0.644444444444
2016-09-01 11:09:09,505 DEBUG: 			View 2 : 0.733333333333
2016-09-01 11:09:09,513 DEBUG: 			View 3 : 0.761111111111
2016-09-01 11:09:09,569 DEBUG: 			 Best view : 		View3
2016-09-01 11:09:10,078 DEBUG: 		Start:	 Iteration 8
2016-09-01 11:09:10,086 DEBUG: 			View 0 : 0.733333333333
2016-09-01 11:09:10,093 DEBUG: 			View 1 : 0.627777777778
2016-09-01 11:09:10,101 DEBUG: 			View 2 : 0.733333333333
2016-09-01 11:09:10,109 DEBUG: 			View 3 : 0.761111111111
2016-09-01 11:09:10,170 DEBUG: 			 Best view : 		View3
2016-09-01 11:09:10,726 DEBUG: 		Start:	 Iteration 9
2016-09-01 11:09:10,734 DEBUG: 			View 0 : 0.744444444444
2016-09-01 11:09:10,742 DEBUG: 			View 1 : 0.633333333333
2016-09-01 11:09:10,749 DEBUG: 			View 2 : 0.672222222222
2016-09-01 11:09:10,758 DEBUG: 			View 3 : 0.761111111111
2016-09-01 11:09:10,821 DEBUG: 			 Best view : 		View0
2016-09-01 11:09:11,463 DEBUG: 		Start:	 Iteration 10
2016-09-01 11:09:11,475 DEBUG: 			View 0 : 0.744444444444
2016-09-01 11:09:11,484 DEBUG: 			View 1 : 0.633333333333
2016-09-01 11:09:11,493 DEBUG: 			View 2 : 0.672222222222
2016-09-01 11:09:11,501 DEBUG: 			View 3 : 0.75
2016-09-01 11:09:11,570 DEBUG: 			 Best view : 		View0
2016-09-01 11:09:12,237 DEBUG: 		Start:	 Iteration 11
2016-09-01 11:09:12,244 DEBUG: 			View 0 : 0.722222222222
2016-09-01 11:09:12,252 DEBUG: 			View 1 : 0.633333333333
2016-09-01 11:09:12,259 DEBUG: 			View 2 : 0.738888888889
2016-09-01 11:09:12,267 DEBUG: 			View 3 : 0.705555555556
2016-09-01 11:09:12,335 DEBUG: 			 Best view : 		View2
2016-09-01 11:09:13,074 DEBUG: 		Start:	 Iteration 12
2016-09-01 11:09:13,082 DEBUG: 			View 0 : 0.722222222222
2016-09-01 11:09:13,090 DEBUG: 			View 1 : 0.583333333333
2016-09-01 11:09:13,097 DEBUG: 			View 2 : 0.75
2016-09-01 11:09:13,105 DEBUG: 			View 3 : 0.683333333333
2016-09-01 11:09:13,176 DEBUG: 			 Best view : 		View2
2016-09-01 11:09:13,983 INFO: 	Start: 	 Classification
2016-09-01 11:09:15,324 INFO: 	Done: 	 Fold number 4
2016-09-01 11:09:15,324 INFO: 	Start:	 Fold number 5
2016-09-01 11:09:15,525 DEBUG: 		Start:	 Iteration 1
2016-09-01 11:09:15,532 DEBUG: 			View 0 : 0.522222222222
2016-09-01 11:09:15,539 DEBUG: 			View 1 : 0.477777777778
2016-09-01 11:09:15,546 DEBUG: 			View 2 : 0.472222222222
2016-09-01 11:09:15,554 DEBUG: 			View 3 : 0.505555555556
2016-09-01 11:09:15,589 DEBUG: 			 Best view : 		View0
2016-09-01 11:09:15,669 DEBUG: 		Start:	 Iteration 2
2016-09-01 11:09:15,677 DEBUG: 			View 0 : 0.727777777778
2016-09-01 11:09:15,684 DEBUG: 			View 1 : 0.727777777778
2016-09-01 11:09:15,691 DEBUG: 			View 2 : 0.75
2016-09-01 11:09:15,699 DEBUG: 			View 3 : 0.722222222222
2016-09-01 11:09:15,741 DEBUG: 			 Best view : 		View2
2016-09-01 11:09:15,885 DEBUG: 		Start:	 Iteration 3
2016-09-01 11:09:15,892 DEBUG: 			View 0 : 0.727777777778
2016-09-01 11:09:15,900 DEBUG: 			View 1 : 0.727777777778
2016-09-01 11:09:15,907 DEBUG: 			View 2 : 0.75
2016-09-01 11:09:15,915 DEBUG: 			View 3 : 0.722222222222
2016-09-01 11:09:15,961 DEBUG: 			 Best view : 		View2
2016-09-01 11:09:16,169 DEBUG: 		Start:	 Iteration 4
2016-09-01 11:09:16,177 DEBUG: 			View 0 : 0.722222222222
2016-09-01 11:09:16,184 DEBUG: 			View 1 : 0.661111111111
2016-09-01 11:09:16,192 DEBUG: 			View 2 : 0.705555555556
2016-09-01 11:09:16,200 DEBUG: 			View 3 : 0.705555555556
2016-09-01 11:09:16,248 DEBUG: 			 Best view : 		View0
2016-09-01 11:09:16,521 DEBUG: 		Start:	 Iteration 5
2016-09-01 11:09:16,529 DEBUG: 			View 0 : 0.722222222222
2016-09-01 11:09:16,536 DEBUG: 			View 1 : 0.661111111111
2016-09-01 11:09:16,544 DEBUG: 			View 2 : 0.705555555556
2016-09-01 11:09:16,551 DEBUG: 			View 3 : 0.705555555556
2016-09-01 11:09:16,602 DEBUG: 			 Best view : 		View0
2016-09-01 11:09:16,940 DEBUG: 		Start:	 Iteration 6
2016-09-01 11:09:16,948 DEBUG: 			View 0 : 0.688888888889
2016-09-01 11:09:16,955 DEBUG: 			View 1 : 0.683333333333
2016-09-01 11:09:16,963 DEBUG: 			View 2 : 0.611111111111
2016-09-01 11:09:16,971 DEBUG: 			View 3 : 0.7
2016-09-01 11:09:17,024 DEBUG: 			 Best view : 		View3
2016-09-01 11:09:17,428 DEBUG: 		Start:	 Iteration 7
2016-09-01 11:09:17,435 DEBUG: 			View 0 : 0.683333333333
2016-09-01 11:09:17,443 DEBUG: 			View 1 : 0.688888888889
2016-09-01 11:09:17,451 DEBUG: 			View 2 : 0.611111111111
2016-09-01 11:09:17,458 DEBUG: 			View 3 : 0.661111111111
2016-09-01 11:09:17,514 DEBUG: 			 Best view : 		View3
2016-09-01 11:09:17,980 DEBUG: 		Start:	 Iteration 8
2016-09-01 11:09:17,988 DEBUG: 			View 0 : 0.694444444444
2016-09-01 11:09:17,996 DEBUG: 			View 1 : 0.688888888889
2016-09-01 11:09:18,003 DEBUG: 			View 2 : 0.638888888889
2016-09-01 11:09:18,011 DEBUG: 			View 3 : 0.694444444444
2016-09-01 11:09:18,069 DEBUG: 			 Best view : 		View0
2016-09-01 11:09:18,600 DEBUG: 		Start:	 Iteration 9
2016-09-01 11:09:18,607 DEBUG: 			View 0 : 0.716666666667
2016-09-01 11:09:18,615 DEBUG: 			View 1 : 0.666666666667
2016-09-01 11:09:18,623 DEBUG: 			View 2 : 0.716666666667
2016-09-01 11:09:18,632 DEBUG: 			View 3 : 0.7
2016-09-01 11:09:18,694 DEBUG: 			 Best view : 		View2
2016-09-01 11:09:19,291 DEBUG: 		Start:	 Iteration 10
2016-09-01 11:09:19,299 DEBUG: 			View 0 : 0.716666666667
2016-09-01 11:09:19,307 DEBUG: 			View 1 : 0.683333333333
2016-09-01 11:09:19,314 DEBUG: 			View 2 : 0.666666666667
2016-09-01 11:09:19,322 DEBUG: 			View 3 : 0.705555555556
2016-09-01 11:09:19,386 DEBUG: 			 Best view : 		View3
2016-09-01 11:09:20,048 DEBUG: 		Start:	 Iteration 11
2016-09-01 11:09:20,055 DEBUG: 			View 0 : 0.727777777778
2016-09-01 11:09:20,063 DEBUG: 			View 1 : 0.683333333333
2016-09-01 11:09:20,070 DEBUG: 			View 2 : 0.666666666667
2016-09-01 11:09:20,078 DEBUG: 			View 3 : 0.705555555556
2016-09-01 11:09:20,146 DEBUG: 			 Best view : 		View3
2016-09-01 11:09:20,872 DEBUG: 		Start:	 Iteration 12
2016-09-01 11:09:20,879 DEBUG: 			View 0 : 0.727777777778
2016-09-01 11:09:20,887 DEBUG: 			View 1 : 0.683333333333
2016-09-01 11:09:20,895 DEBUG: 			View 2 : 0.727777777778
2016-09-01 11:09:20,903 DEBUG: 			View 3 : 0.705555555556
2016-09-01 11:09:20,973 DEBUG: 			 Best view : 		View2
2016-09-01 11:09:21,769 DEBUG: 		Start:	 Iteration 13
2016-09-01 11:09:21,776 DEBUG: 			View 0 : 0.727777777778
2016-09-01 11:09:21,784 DEBUG: 			View 1 : 0.683333333333
2016-09-01 11:09:21,792 DEBUG: 			View 2 : 0.727777777778
2016-09-01 11:09:21,799 DEBUG: 			View 3 : 0.7
2016-09-01 11:09:21,870 DEBUG: 			 Best view : 		View2
2016-09-01 11:09:22,723 INFO: 	Start: 	 Classification
2016-09-01 11:09:24,174 INFO: 	Done: 	 Fold number 5
2016-09-01 11:09:24,174 INFO: Done:	 Classification
2016-09-01 11:09:24,174 INFO: Info:	 Time for Classification: 41[s]
2016-09-01 11:09:24,174 INFO: Start:	 Result Analysis for Mumbo
