2016-09-01 10:28:10,583 INFO: Start:	 Finding all available mono- & multiview algorithms
2016-09-01 10:28:10,584 INFO: ### Main Programm for Multiview Classification
2016-09-01 10:28:10,584 INFO: ### Classification - Database : Fake ; Views : Methyl, MiRNA_, RNASeq, Clinic ; Algorithm : Mumbo ; Cores : 1
2016-09-01 10:28:10,584 INFO: Info:	 Shape of View0 :(300, 15)
2016-09-01 10:28:10,585 INFO: Info:	 Shape of View1 :(300, 9)
2016-09-01 10:28:10,585 INFO: Info:	 Shape of View2 :(300, 10)
2016-09-01 10:28:10,585 INFO: Info:	 Shape of View3 :(300, 11)
2016-09-01 10:28:10,586 INFO: Done:	 Read Database Files
2016-09-01 10:28:10,586 INFO: Start:	 Determine validation split for ratio 0.7
2016-09-01 10:28:10,596 INFO: Done:	 Determine validation split
2016-09-01 10:28:10,596 INFO: Start:	 Determine 5 folds
2016-09-01 10:28:10,610 INFO: Info:	 Length of Learning Sets: 177
2016-09-01 10:28:10,610 INFO: Info:	 Length of Testing Sets: 37
2016-09-01 10:28:10,610 INFO: Info:	 Length of Validation Set: 86
2016-09-01 10:28:10,610 INFO: Done:	 Determine folds
2016-09-01 10:28:10,610 INFO: Start:	 Learning with Mumbo and 5 folds
2016-09-01 10:28:10,611 INFO: 	Start:	 Fold number 1
2016-09-01 10:28:10,728 DEBUG: 		Start:	 Iteration 1
2016-09-01 10:28:10,736 DEBUG: 			View 0 : 0.0942408376963
2016-09-01 10:28:10,744 DEBUG: 			View 1 : 0.0942408376963
2016-09-01 10:28:10,751 DEBUG: 			View 2 : 0.0942408376963
2016-09-01 10:28:10,758 DEBUG: 			View 3 : 0.0942408376963
2016-09-01 10:28:10,759 WARNING: 		WARNING:	All bad for iteration 0
2016-09-01 10:28:10,929 DEBUG: 			 Best view : 		View0
2016-09-01 10:28:11,044 DEBUG: 		Start:	 Iteration 2
2016-09-01 10:28:11,052 DEBUG: 			View 0 : 0.235602094241
2016-09-01 10:28:11,060 DEBUG: 			View 1 : 0.246073298429
2016-09-01 10:28:11,068 DEBUG: 			View 2 : 0.240837696335
2016-09-01 10:28:11,076 DEBUG: 			View 3 : 0.272251308901
2016-09-01 10:28:11,077 WARNING: 		WARNING:	All bad for iteration 1
2016-09-01 10:28:11,275 DEBUG: 			 Best view : 		View3
2016-09-01 10:28:11,467 DEBUG: 		Start:	 Iteration 3
2016-09-01 10:28:11,478 DEBUG: 			View 0 : 0.235602094241
2016-09-01 10:28:11,487 DEBUG: 			View 1 : 0.246073298429
2016-09-01 10:28:11,495 DEBUG: 			View 2 : 0.240837696335
2016-09-01 10:28:11,503 DEBUG: 			View 3 : 0.272251308901
2016-09-01 10:28:11,503 WARNING: 		WARNING:	All bad for iteration 2
2016-09-01 10:28:11,711 DEBUG: 			 Best view : 		View3
2016-09-01 10:28:11,970 INFO: 	Start: 	 Classification
2016-09-01 10:28:12,310 INFO: 	Done: 	 Fold number 1
2016-09-01 10:28:12,311 INFO: 	Start:	 Fold number 2
2016-09-01 10:28:12,425 DEBUG: 		Start:	 Iteration 1
2016-09-01 10:28:12,432 DEBUG: 			View 0 : 0.10752688172
2016-09-01 10:28:12,440 DEBUG: 			View 1 : 0.10752688172
2016-09-01 10:28:12,447 DEBUG: 			View 2 : 0.10752688172
2016-09-01 10:28:12,455 DEBUG: 			View 3 : 0.10752688172
2016-09-01 10:28:12,455 WARNING: 		WARNING:	All bad for iteration 0
2016-09-01 10:28:12,621 DEBUG: 			 Best view : 		View0
2016-09-01 10:28:12,733 DEBUG: 		Start:	 Iteration 2
2016-09-01 10:28:12,741 DEBUG: 			View 0 : 0.225806451613
2016-09-01 10:28:12,749 DEBUG: 			View 1 : 0.215053763441
2016-09-01 10:28:12,757 DEBUG: 			View 2 : 0.295698924731
2016-09-01 10:28:12,765 DEBUG: 			View 3 : 0.263440860215
2016-09-01 10:28:12,765 WARNING: 		WARNING:	All bad for iteration 1
2016-09-01 10:28:12,958 DEBUG: 			 Best view : 		View2
2016-09-01 10:28:13,142 DEBUG: 		Start:	 Iteration 3
2016-09-01 10:28:13,150 DEBUG: 			View 0 : 0.225806451613
2016-09-01 10:28:13,158 DEBUG: 			View 1 : 0.215053763441
2016-09-01 10:28:13,166 DEBUG: 			View 2 : 0.295698924731
2016-09-01 10:28:13,174 DEBUG: 			View 3 : 0.263440860215
2016-09-01 10:28:13,174 WARNING: 		WARNING:	All bad for iteration 2
2016-09-01 10:28:13,378 DEBUG: 			 Best view : 		View2
2016-09-01 10:28:13,630 INFO: 	Start: 	 Classification
2016-09-01 10:28:13,963 INFO: 	Done: 	 Fold number 2
2016-09-01 10:28:13,963 INFO: 	Start:	 Fold number 3
2016-09-01 10:28:14,078 DEBUG: 		Start:	 Iteration 1
2016-09-01 10:28:14,085 DEBUG: 			View 0 : 0.096256684492
2016-09-01 10:28:14,093 DEBUG: 			View 1 : 0.096256684492
2016-09-01 10:28:14,100 DEBUG: 			View 2 : 0.096256684492
2016-09-01 10:28:14,108 DEBUG: 			View 3 : 0.096256684492
2016-09-01 10:28:14,108 WARNING: 		WARNING:	All bad for iteration 0
2016-09-01 10:28:14,274 DEBUG: 			 Best view : 		View0
2016-09-01 10:28:14,385 DEBUG: 		Start:	 Iteration 2
2016-09-01 10:28:14,393 DEBUG: 			View 0 : 0.213903743316
2016-09-01 10:28:14,401 DEBUG: 			View 1 : 0.235294117647
2016-09-01 10:28:14,409 DEBUG: 			View 2 : 0.24064171123
2016-09-01 10:28:14,418 DEBUG: 			View 3 : 0.176470588235
2016-09-01 10:28:14,418 WARNING: 		WARNING:	All bad for iteration 1
2016-09-01 10:28:14,613 DEBUG: 			 Best view : 		View2
2016-09-01 10:28:14,797 DEBUG: 		Start:	 Iteration 3
2016-09-01 10:28:14,805 DEBUG: 			View 0 : 0.213903743316
2016-09-01 10:28:14,814 DEBUG: 			View 1 : 0.235294117647
2016-09-01 10:28:14,821 DEBUG: 			View 2 : 0.24064171123
2016-09-01 10:28:14,830 DEBUG: 			View 3 : 0.176470588235
2016-09-01 10:28:14,830 WARNING: 		WARNING:	All bad for iteration 2
2016-09-01 10:28:15,032 DEBUG: 			 Best view : 		View2
2016-09-01 10:28:15,288 INFO: 	Start: 	 Classification
2016-09-01 10:28:15,622 INFO: 	Done: 	 Fold number 3
2016-09-01 10:28:15,622 INFO: 	Start:	 Fold number 4
2016-09-01 10:28:15,739 DEBUG: 		Start:	 Iteration 1
2016-09-01 10:28:15,747 DEBUG: 			View 0 : 0.0967741935484
2016-09-01 10:28:15,755 DEBUG: 			View 1 : 0.118279569892
2016-09-01 10:28:15,762 DEBUG: 			View 2 : 0.0913978494624
2016-09-01 10:28:15,770 DEBUG: 			View 3 : 0.102150537634
2016-09-01 10:28:15,770 WARNING: 		WARNING:	All bad for iteration 0
2016-09-01 10:28:15,934 DEBUG: 			 Best view : 		View0
2016-09-01 10:28:16,044 DEBUG: 		Start:	 Iteration 2
2016-09-01 10:28:16,052 DEBUG: 			View 0 : 0.198924731183
2016-09-01 10:28:16,060 DEBUG: 			View 1 : 0.204301075269
2016-09-01 10:28:16,068 DEBUG: 			View 2 : 0.209677419355
2016-09-01 10:28:16,076 DEBUG: 			View 3 : 0.241935483871
2016-09-01 10:28:16,077 WARNING: 		WARNING:	All bad for iteration 1
2016-09-01 10:28:16,268 DEBUG: 			 Best view : 		View3
2016-09-01 10:28:16,452 DEBUG: 		Start:	 Iteration 3
2016-09-01 10:28:16,460 DEBUG: 			View 0 : 0.198924731183
2016-09-01 10:28:16,468 DEBUG: 			View 1 : 0.204301075269
2016-09-01 10:28:16,476 DEBUG: 			View 2 : 0.209677419355
2016-09-01 10:28:16,484 DEBUG: 			View 3 : 0.241935483871
2016-09-01 10:28:16,484 WARNING: 		WARNING:	All bad for iteration 2
2016-09-01 10:28:16,687 DEBUG: 			 Best view : 		View3
2016-09-01 10:28:16,940 INFO: 	Start: 	 Classification
2016-09-01 10:28:17,273 INFO: 	Done: 	 Fold number 4
2016-09-01 10:28:17,273 INFO: 	Start:	 Fold number 5
2016-09-01 10:28:17,389 DEBUG: 		Start:	 Iteration 1
2016-09-01 10:28:17,397 DEBUG: 			View 0 : 0.0846560846561
2016-09-01 10:28:17,405 DEBUG: 			View 1 : 0.0952380952381
2016-09-01 10:28:17,412 DEBUG: 			View 2 : 0.0846560846561
2016-09-01 10:28:17,420 DEBUG: 			View 3 : 0.0793650793651
2016-09-01 10:28:17,420 WARNING: 		WARNING:	All bad for iteration 0
2016-09-01 10:28:17,586 DEBUG: 			 Best view : 		View0
2016-09-01 10:28:17,698 DEBUG: 		Start:	 Iteration 2
2016-09-01 10:28:17,706 DEBUG: 			View 0 : 0.227513227513
2016-09-01 10:28:17,714 DEBUG: 			View 1 : 0.280423280423
2016-09-01 10:28:17,722 DEBUG: 			View 2 : 0.232804232804
2016-09-01 10:28:17,730 DEBUG: 			View 3 : 0.232804232804
2016-09-01 10:28:17,730 WARNING: 		WARNING:	All bad for iteration 1
2016-09-01 10:28:17,926 DEBUG: 			 Best view : 		View1
2016-09-01 10:28:18,113 DEBUG: 		Start:	 Iteration 3
2016-09-01 10:28:18,121 DEBUG: 			View 0 : 0.227513227513
2016-09-01 10:28:18,129 DEBUG: 			View 1 : 0.280423280423
2016-09-01 10:28:18,137 DEBUG: 			View 2 : 0.232804232804
2016-09-01 10:28:18,145 DEBUG: 			View 3 : 0.232804232804
2016-09-01 10:28:18,146 WARNING: 		WARNING:	All bad for iteration 2
2016-09-01 10:28:18,352 DEBUG: 			 Best view : 		View1
2016-09-01 10:28:18,607 INFO: 	Start: 	 Classification
2016-09-01 10:28:18,942 INFO: 	Done: 	 Fold number 5
2016-09-01 10:28:18,942 INFO: Done:	 Classification
2016-09-01 10:28:18,943 INFO: Info:	 Time for Classification: 8[s]
2016-09-01 10:28:18,943 INFO: Start:	 Result Analysis for Mumbo
