2016-09-01 10:55:46,256 INFO: Start:	 Finding all available mono- & multiview algorithms
2016-09-01 10:55:46,257 INFO: ### Main Programm for Multiview Classification
2016-09-01 10:55:46,257 INFO: ### Classification - Database : Fake ; Views : Methyl, MiRNA_, RNASeq, Clinic ; Algorithm : Mumbo ; Cores : 1
2016-09-01 10:55:46,258 INFO: Info:	 Shape of View0 :(300, 13)
2016-09-01 10:55:46,258 INFO: Info:	 Shape of View1 :(300, 17)
2016-09-01 10:55:46,259 INFO: Info:	 Shape of View2 :(300, 11)
2016-09-01 10:55:46,259 INFO: Info:	 Shape of View3 :(300, 7)
2016-09-01 10:55:46,259 INFO: Done:	 Read Database Files
2016-09-01 10:55:46,259 INFO: Start:	 Determine validation split for ratio 0.7
2016-09-01 10:55:46,263 INFO: Done:	 Determine validation split
2016-09-01 10:55:46,263 INFO: Start:	 Determine 5 folds
2016-09-01 10:55:46,270 INFO: Info:	 Length of Learning Sets: 169
2016-09-01 10:55:46,270 INFO: Info:	 Length of Testing Sets: 42
2016-09-01 10:55:46,270 INFO: Info:	 Length of Validation Set: 89
2016-09-01 10:55:46,270 INFO: Done:	 Determine folds
2016-09-01 10:55:46,270 INFO: Start:	 Learning with Mumbo and 5 folds
2016-09-01 10:55:46,270 INFO: 	Start:	 Fold number 1
2016-09-01 10:55:46,301 DEBUG: 		Start:	 Iteration 1
2016-09-01 10:55:46,308 DEBUG: 			View 0 : 0.569060773481
2016-09-01 10:55:46,315 DEBUG: 			View 1 : 0.502762430939
2016-09-01 10:55:46,322 DEBUG: 			View 2 : 0.519337016575
2016-09-01 10:55:46,328 DEBUG: 			View 3 : 0.447513812155
2016-09-01 10:55:46,366 DEBUG: 			 Best view : 		View0
2016-09-01 10:55:46,447 DEBUG: 		Start:	 Iteration 2
2016-09-01 10:55:46,455 DEBUG: 			View 0 : 0.723756906077
2016-09-01 10:55:46,463 DEBUG: 			View 1 : 0.740331491713
2016-09-01 10:55:46,471 DEBUG: 			View 2 : 0.635359116022
2016-09-01 10:55:46,477 DEBUG: 			View 3 : 0.60773480663
2016-09-01 10:55:46,519 DEBUG: 			 Best view : 		View1
2016-09-01 10:55:46,669 DEBUG: 		Start:	 Iteration 3
2016-09-01 10:55:46,677 DEBUG: 			View 0 : 0.723756906077
2016-09-01 10:55:46,685 DEBUG: 			View 1 : 0.740331491713
2016-09-01 10:55:46,693 DEBUG: 			View 2 : 0.635359116022
2016-09-01 10:55:46,700 DEBUG: 			View 3 : 0.60773480663
2016-09-01 10:55:46,744 DEBUG: 			 Best view : 		View1
2016-09-01 10:55:46,957 DEBUG: 		Start:	 Iteration 4
2016-09-01 10:55:46,964 DEBUG: 			View 0 : 0.729281767956
2016-09-01 10:55:46,972 DEBUG: 			View 1 : 0.729281767956
2016-09-01 10:55:46,979 DEBUG: 			View 2 : 0.674033149171
2016-09-01 10:55:46,986 DEBUG: 			View 3 : 0.624309392265
2016-09-01 10:55:47,032 DEBUG: 			 Best view : 		View0
2016-09-01 10:55:47,311 DEBUG: 		Start:	 Iteration 5
2016-09-01 10:55:47,318 DEBUG: 			View 0 : 0.729281767956
2016-09-01 10:55:47,326 DEBUG: 			View 1 : 0.729281767956
2016-09-01 10:55:47,333 DEBUG: 			View 2 : 0.674033149171
2016-09-01 10:55:47,339 DEBUG: 			View 3 : 0.624309392265
2016-09-01 10:55:47,389 DEBUG: 			 Best view : 		View0
2016-09-01 10:55:47,728 DEBUG: 		Start:	 Iteration 6
2016-09-01 10:55:47,736 DEBUG: 			View 0 : 0.646408839779
2016-09-01 10:55:47,743 DEBUG: 			View 1 : 0.685082872928
2016-09-01 10:55:47,750 DEBUG: 			View 2 : 0.696132596685
2016-09-01 10:55:47,757 DEBUG: 			View 3 : 0.613259668508
2016-09-01 10:55:47,810 DEBUG: 			 Best view : 		View2
2016-09-01 10:55:48,212 DEBUG: 		Start:	 Iteration 7
2016-09-01 10:55:48,219 DEBUG: 			View 0 : 0.651933701657
2016-09-01 10:55:48,226 DEBUG: 			View 1 : 0.718232044199
2016-09-01 10:55:48,233 DEBUG: 			View 2 : 0.674033149171
2016-09-01 10:55:48,240 DEBUG: 			View 3 : 0.613259668508
2016-09-01 10:55:48,295 DEBUG: 			 Best view : 		View1
2016-09-01 10:55:48,775 DEBUG: 		Start:	 Iteration 8
2016-09-01 10:55:48,782 DEBUG: 			View 0 : 0.624309392265
2016-09-01 10:55:48,790 DEBUG: 			View 1 : 0.718232044199
2016-09-01 10:55:48,797 DEBUG: 			View 2 : 0.662983425414
2016-09-01 10:55:48,804 DEBUG: 			View 3 : 0.602209944751
2016-09-01 10:55:48,861 DEBUG: 			 Best view : 		View1
2016-09-01 10:55:49,411 DEBUG: 		Start:	 Iteration 9
2016-09-01 10:55:49,418 DEBUG: 			View 0 : 0.734806629834
2016-09-01 10:55:49,425 DEBUG: 			View 1 : 0.723756906077
2016-09-01 10:55:49,432 DEBUG: 			View 2 : 0.662983425414
2016-09-01 10:55:49,439 DEBUG: 			View 3 : 0.602209944751
2016-09-01 10:55:49,499 DEBUG: 			 Best view : 		View1
2016-09-01 10:55:50,097 INFO: 	Start: 	 Classification
2016-09-01 10:55:51,107 INFO: 	Done: 	 Fold number 1
2016-09-01 10:55:51,107 INFO: 	Start:	 Fold number 2
2016-09-01 10:55:51,138 DEBUG: 		Start:	 Iteration 1
2016-09-01 10:55:51,145 DEBUG: 			View 0 : 0.478021978022
2016-09-01 10:55:51,151 DEBUG: 			View 1 : 0.478021978022
