2016-09-01 10:42:39,126 INFO: Start:	 Finding all available mono- & multiview algorithms
2016-09-01 10:42:39,128 INFO: ### Main Programm for Multiview Classification
2016-09-01 10:42:39,128 INFO: ### Classification - Database : Fake ; Views : Methyl, MiRNA_, RNASeq, Clinic ; Algorithm : Mumbo ; Cores : 1
2016-09-01 10:42:39,128 INFO: Info:	 Shape of View0 :(300, 5)
2016-09-01 10:42:39,129 INFO: Info:	 Shape of View1 :(300, 20)
2016-09-01 10:42:39,129 INFO: Info:	 Shape of View2 :(300, 9)
2016-09-01 10:42:39,129 INFO: Info:	 Shape of View3 :(300, 12)
2016-09-01 10:42:39,130 INFO: Done:	 Read Database Files
2016-09-01 10:42:39,130 INFO: Start:	 Determine validation split for ratio 0.7
2016-09-01 10:42:39,133 INFO: Done:	 Determine validation split
2016-09-01 10:42:39,133 INFO: Start:	 Determine 5 folds
2016-09-01 10:42:39,138 INFO: Info:	 Length of Learning Sets: 170
2016-09-01 10:42:39,138 INFO: Info:	 Length of Testing Sets: 41
2016-09-01 10:42:39,138 INFO: Info:	 Length of Validation Set: 89
2016-09-01 10:42:39,138 INFO: Done:	 Determine folds
2016-09-01 10:42:39,139 INFO: Start:	 Learning with Mumbo and 5 folds
2016-09-01 10:42:39,139 INFO: 	Start:	 Fold number 1
2016-09-01 10:42:39,179 DEBUG: 		Start:	 Iteration 1
2016-09-01 10:42:39,186 DEBUG: 			View 0 : 0.544444444444
2016-09-01 10:42:39,193 DEBUG: 			View 1 : 0.527777777778
2016-09-01 10:42:39,202 DEBUG: 			View 2 : 0.516666666667
2016-09-01 10:42:39,209 DEBUG: 			View 3 : 0.505555555556
2016-09-01 10:42:39,244 DEBUG: 			 Best view : 		View1
2016-09-01 10:42:39,322 DEBUG: 		Start:	 Iteration 2
2016-09-01 10:42:39,329 DEBUG: 			View 0 : 0.633333333333
2016-09-01 10:42:39,336 DEBUG: 			View 1 : 0.75
2016-09-01 10:42:39,343 DEBUG: 			View 2 : 0.705555555556
2016-09-01 10:42:39,351 DEBUG: 			View 3 : 0.666666666667
2016-09-01 10:42:39,393 DEBUG: 			 Best view : 		View1
2016-09-01 10:42:39,539 DEBUG: 		Start:	 Iteration 3
2016-09-01 10:42:39,553 DEBUG: 			View 0 : 0.633333333333
2016-09-01 10:42:39,561 DEBUG: 			View 1 : 0.75
2016-09-01 10:42:39,568 DEBUG: 			View 2 : 0.705555555556
2016-09-01 10:42:39,575 DEBUG: 			View 3 : 0.666666666667
2016-09-01 10:42:39,618 DEBUG: 			 Best view : 		View1
2016-09-01 10:42:39,825 INFO: 	Start: 	 Classification
2016-09-01 10:42:40,161 INFO: 	Done: 	 Fold number 1
2016-09-01 10:42:40,161 INFO: 	Start:	 Fold number 2
2016-09-01 10:42:40,192 DEBUG: 		Start:	 Iteration 1
2016-09-01 10:42:40,199 DEBUG: 			View 0 : 0.532967032967
2016-09-01 10:42:40,207 DEBUG: 			View 1 : 0.483516483516
2016-09-01 10:42:40,213 DEBUG: 			View 2 : 0.494505494505
2016-09-01 10:42:40,220 DEBUG: 			View 3 : 0.510989010989
2016-09-01 10:42:40,255 DEBUG: 			 Best view : 		View2
2016-09-01 10:42:40,332 DEBUG: 		Start:	 Iteration 2
2016-09-01 10:42:40,339 DEBUG: 			View 0 : 0.653846153846
2016-09-01 10:42:40,347 DEBUG: 			View 1 : 0.686813186813
2016-09-01 10:42:40,354 DEBUG: 			View 2 : 0.637362637363
2016-09-01 10:42:40,361 DEBUG: 			View 3 : 0.631868131868
2016-09-01 10:42:40,402 DEBUG: 			 Best view : 		View1
2016-09-01 10:42:40,547 DEBUG: 		Start:	 Iteration 3
2016-09-01 10:42:40,554 DEBUG: 			View 0 : 0.653846153846
2016-09-01 10:42:40,562 DEBUG: 			View 1 : 0.686813186813
2016-09-01 10:42:40,569 DEBUG: 			View 2 : 0.637362637363
2016-09-01 10:42:40,576 DEBUG: 			View 3 : 0.631868131868
2016-09-01 10:42:40,620 DEBUG: 			 Best view : 		View1
2016-09-01 10:42:40,831 INFO: 	Start: 	 Classification
2016-09-01 10:42:41,170 INFO: 	Done: 	 Fold number 2
2016-09-01 10:42:41,170 INFO: 	Start:	 Fold number 3
2016-09-01 10:42:41,202 DEBUG: 		Start:	 Iteration 1
2016-09-01 10:42:41,208 DEBUG: 			View 0 : 0.486631016043
2016-09-01 10:42:41,215 DEBUG: 			View 1 : 0.486631016043
2016-09-01 10:42:41,222 DEBUG: 			View 2 : 0.486631016043
2016-09-01 10:42:41,229 DEBUG: 			View 3 : 0.486631016043
2016-09-01 10:42:41,229 WARNING: 		WARNING:	All bad for iteration 0
2016-09-01 10:42:41,264 DEBUG: 			 Best view : 		View0
2016-09-01 10:42:41,344 DEBUG: 		Start:	 Iteration 2
2016-09-01 10:42:41,350 DEBUG: 			View 0 : 0.663101604278
2016-09-01 10:42:41,358 DEBUG: 			View 1 : 0.689839572193
2016-09-01 10:42:41,365 DEBUG: 			View 2 : 0.679144385027
2016-09-01 10:42:41,373 DEBUG: 			View 3 : 0.631016042781
2016-09-01 10:42:41,415 DEBUG: 			 Best view : 		View1
2016-09-01 10:42:41,562 DEBUG: 		Start:	 Iteration 3
2016-09-01 10:42:41,569 DEBUG: 			View 0 : 0.663101604278
2016-09-01 10:42:41,577 DEBUG: 			View 1 : 0.689839572193
2016-09-01 10:42:41,584 DEBUG: 			View 2 : 0.679144385027
2016-09-01 10:42:41,591 DEBUG: 			View 3 : 0.631016042781
2016-09-01 10:42:41,636 DEBUG: 			 Best view : 		View1
2016-09-01 10:42:41,852 INFO: 	Start: 	 Classification
2016-09-01 10:42:42,196 INFO: 	Done: 	 Fold number 3
2016-09-01 10:42:42,196 INFO: 	Start:	 Fold number 4
2016-09-01 10:42:42,227 DEBUG: 		Start:	 Iteration 1
2016-09-01 10:42:42,234 DEBUG: 			View 0 : 0.538461538462
2016-09-01 10:42:42,241 DEBUG: 			View 1 : 0.543956043956
2016-09-01 10:42:42,248 DEBUG: 			View 2 : 0.527472527473
2016-09-01 10:42:42,255 DEBUG: 			View 3 : 0.532967032967
2016-09-01 10:42:42,289 DEBUG: 			 Best view : 		View1
2016-09-01 10:42:42,367 DEBUG: 		Start:	 Iteration 2
2016-09-01 10:42:42,374 DEBUG: 			View 0 : 0.648351648352
2016-09-01 10:42:42,381 DEBUG: 			View 1 : 0.664835164835
2016-09-01 10:42:42,389 DEBUG: 			View 2 : 0.626373626374
2016-09-01 10:42:42,396 DEBUG: 			View 3 : 0.692307692308
2016-09-01 10:42:42,437 DEBUG: 			 Best view : 		View3
2016-09-01 10:42:42,580 DEBUG: 		Start:	 Iteration 3
2016-09-01 10:42:42,587 DEBUG: 			View 0 : 0.648351648352
2016-09-01 10:42:42,595 DEBUG: 			View 1 : 0.664835164835
2016-09-01 10:42:42,602 DEBUG: 			View 2 : 0.626373626374
2016-09-01 10:42:42,609 DEBUG: 			View 3 : 0.692307692308
2016-09-01 10:42:42,653 DEBUG: 			 Best view : 		View3
2016-09-01 10:42:42,863 INFO: 	Start: 	 Classification
2016-09-01 10:42:43,201 INFO: 	Done: 	 Fold number 4
2016-09-01 10:42:43,201 INFO: 	Start:	 Fold number 5
2016-09-01 10:42:43,233 DEBUG: 		Start:	 Iteration 1
2016-09-01 10:42:43,240 DEBUG: 			View 0 : 0.497237569061
2016-09-01 10:42:43,247 DEBUG: 			View 1 : 0.530386740331
2016-09-01 10:42:43,253 DEBUG: 			View 2 : 0.519337016575
2016-09-01 10:42:43,261 DEBUG: 			View 3 : 0.524861878453
2016-09-01 10:42:43,295 DEBUG: 			 Best view : 		View0
2016-09-01 10:42:43,372 DEBUG: 		Start:	 Iteration 2
2016-09-01 10:42:43,378 DEBUG: 			View 0 : 0.674033149171
2016-09-01 10:42:43,386 DEBUG: 			View 1 : 0.67955801105
2016-09-01 10:42:43,393 DEBUG: 			View 2 : 0.696132596685
2016-09-01 10:42:43,400 DEBUG: 			View 3 : 0.662983425414
2016-09-01 10:42:43,441 DEBUG: 			 Best view : 		View2
2016-09-01 10:42:43,584 DEBUG: 		Start:	 Iteration 3
2016-09-01 10:42:43,591 DEBUG: 			View 0 : 0.674033149171
2016-09-01 10:42:43,599 DEBUG: 			View 1 : 0.67955801105
2016-09-01 10:42:43,606 DEBUG: 			View 2 : 0.696132596685
2016-09-01 10:42:43,613 DEBUG: 			View 3 : 0.662983425414
2016-09-01 10:42:43,658 DEBUG: 			 Best view : 		View2
2016-09-01 10:42:43,866 INFO: 	Start: 	 Classification
2016-09-01 10:42:44,203 INFO: 	Done: 	 Fold number 5
2016-09-01 10:42:44,203 INFO: Done:	 Classification
2016-09-01 10:42:44,203 INFO: Info:	 Time for Classification: 5[s]
2016-09-01 10:42:44,203 INFO: Start:	 Result Analysis for Mumbo
