2016-09-01 10:39:01,023 INFO: Start:	 Finding all available mono- & multiview algorithms
2016-09-01 10:39:01,025 INFO: ### Main Programm for Multiview Classification
2016-09-01 10:39:01,025 INFO: ### Classification - Database : Fake ; Views : Methyl, MiRNA_, RNASeq, Clinic ; Algorithm : Mumbo ; Cores : 1
2016-09-01 10:39:01,025 INFO: Info:	 Shape of View0 :(300, 9)
2016-09-01 10:39:01,026 INFO: Info:	 Shape of View1 :(300, 8)
2016-09-01 10:39:01,026 INFO: Info:	 Shape of View2 :(300, 12)
2016-09-01 10:39:01,027 INFO: Info:	 Shape of View3 :(300, 9)
2016-09-01 10:39:01,027 INFO: Done:	 Read Database Files
2016-09-01 10:39:01,027 INFO: Start:	 Determine validation split for ratio 0.7
2016-09-01 10:39:01,030 INFO: Done:	 Determine validation split
2016-09-01 10:39:01,031 INFO: Start:	 Determine 5 folds
2016-09-01 10:39:01,040 INFO: Info:	 Length of Learning Sets: 169
2016-09-01 10:39:01,040 INFO: Info:	 Length of Testing Sets: 42
2016-09-01 10:39:01,041 INFO: Info:	 Length of Validation Set: 89
2016-09-01 10:39:01,041 INFO: Done:	 Determine folds
2016-09-01 10:39:01,041 INFO: Start:	 Learning with Mumbo and 5 folds
2016-09-01 10:39:01,041 INFO: 	Start:	 Fold number 1
2016-09-01 10:39:01,077 DEBUG: 		Start:	 Iteration 1
2016-09-01 10:39:01,085 DEBUG: 			View 0 : 0.551912568306
2016-09-01 10:39:01,094 DEBUG: 			View 1 : 0.551912568306
2016-09-01 10:39:01,102 DEBUG: 			View 2 : 0.551912568306
2016-09-01 10:39:01,111 DEBUG: 			View 3 : 0.551912568306
2016-09-01 10:39:01,156 DEBUG: 			 Best view : 		View0
2016-09-01 10:39:01,245 DEBUG: 		Start:	 Iteration 2
2016-09-01 10:39:01,253 DEBUG: 			View 0 : 0.628415300546
2016-09-01 10:39:01,262 DEBUG: 			View 1 : 0.644808743169
2016-09-01 10:39:01,270 DEBUG: 			View 2 : 0.75956284153
2016-09-01 10:39:01,279 DEBUG: 			View 3 : 0.732240437158
2016-09-01 10:39:01,338 DEBUG: 			 Best view : 		View2
2016-09-01 10:39:01,488 DEBUG: 		Start:	 Iteration 3
2016-09-01 10:39:01,505 DEBUG: 			View 0 : 0.628415300546
2016-09-01 10:39:01,513 DEBUG: 			View 1 : 0.644808743169
2016-09-01 10:39:01,521 DEBUG: 			View 2 : 0.75956284153
2016-09-01 10:39:01,528 DEBUG: 			View 3 : 0.732240437158
2016-09-01 10:39:01,576 DEBUG: 			 Best view : 		View2
2016-09-01 10:39:01,785 INFO: 	Start: 	 Classification
2016-09-01 10:39:02,131 INFO: 	Done: 	 Fold number 1
2016-09-01 10:39:02,131 INFO: 	Start:	 Fold number 2
2016-09-01 10:39:02,163 DEBUG: 		Start:	 Iteration 1
2016-09-01 10:39:02,170 DEBUG: 			View 0 : 0.540106951872
2016-09-01 10:39:02,177 DEBUG: 			View 1 : 0.540106951872
2016-09-01 10:39:02,184 DEBUG: 			View 2 : 0.540106951872
2016-09-01 10:39:02,192 DEBUG: 			View 3 : 0.540106951872
2016-09-01 10:39:02,231 DEBUG: 			 Best view : 		View0
2016-09-01 10:39:02,310 DEBUG: 		Start:	 Iteration 2
2016-09-01 10:39:02,318 DEBUG: 			View 0 : 0.641711229947
2016-09-01 10:39:02,326 DEBUG: 			View 1 : 0.631016042781
2016-09-01 10:39:02,334 DEBUG: 			View 2 : 0.716577540107
2016-09-01 10:39:02,341 DEBUG: 			View 3 : 0.695187165775
2016-09-01 10:39:02,387 DEBUG: 			 Best view : 		View2
2016-09-01 10:39:02,535 DEBUG: 		Start:	 Iteration 3
2016-09-01 10:39:02,543 DEBUG: 			View 0 : 0.641711229947
2016-09-01 10:39:02,551 DEBUG: 			View 1 : 0.631016042781
2016-09-01 10:39:02,559 DEBUG: 			View 2 : 0.716577540107
2016-09-01 10:39:02,566 DEBUG: 			View 3 : 0.695187165775
2016-09-01 10:39:02,615 DEBUG: 			 Best view : 		View2
2016-09-01 10:39:02,829 INFO: 	Start: 	 Classification
2016-09-01 10:39:03,171 INFO: 	Done: 	 Fold number 2
2016-09-01 10:39:03,171 INFO: 	Start:	 Fold number 3
2016-09-01 10:39:03,201 DEBUG: 		Start:	 Iteration 1
2016-09-01 10:39:03,209 DEBUG: 			View 0 : 0.572222222222
2016-09-01 10:39:03,216 DEBUG: 			View 1 : 0.511111111111
2016-09-01 10:39:03,223 DEBUG: 			View 2 : 0.583333333333
2016-09-01 10:39:03,231 DEBUG: 			View 3 : 0.516666666667
2016-09-01 10:39:03,269 DEBUG: 			 Best view : 		View1
2016-09-01 10:39:03,346 DEBUG: 		Start:	 Iteration 2
2016-09-01 10:39:03,354 DEBUG: 			View 0 : 0.705555555556
2016-09-01 10:39:03,362 DEBUG: 			View 1 : 0.644444444444
2016-09-01 10:39:03,369 DEBUG: 			View 2 : 0.738888888889
2016-09-01 10:39:03,377 DEBUG: 			View 3 : 0.727777777778
2016-09-01 10:39:03,421 DEBUG: 			 Best view : 		View2
2016-09-01 10:39:03,571 DEBUG: 		Start:	 Iteration 3
2016-09-01 10:39:03,579 DEBUG: 			View 0 : 0.705555555556
2016-09-01 10:39:03,587 DEBUG: 			View 1 : 0.644444444444
2016-09-01 10:39:03,594 DEBUG: 			View 2 : 0.738888888889
2016-09-01 10:39:03,602 DEBUG: 			View 3 : 0.727777777778
2016-09-01 10:39:03,649 DEBUG: 			 Best view : 		View2
2016-09-01 10:39:03,854 INFO: 	Start: 	 Classification
2016-09-01 10:39:04,187 INFO: 	Done: 	 Fold number 3
2016-09-01 10:39:04,187 INFO: 	Start:	 Fold number 4
2016-09-01 10:39:04,217 DEBUG: 		Start:	 Iteration 1
2016-09-01 10:39:04,224 DEBUG: 			View 0 : 0.513812154696
2016-09-01 10:39:04,231 DEBUG: 			View 1 : 0.497237569061
2016-09-01 10:39:04,239 DEBUG: 			View 2 : 0.46408839779
2016-09-01 10:39:04,246 DEBUG: 			View 3 : 0.53591160221
2016-09-01 10:39:04,284 DEBUG: 			 Best view : 		View3
2016-09-01 10:39:04,361 DEBUG: 		Start:	 Iteration 2
2016-09-01 10:39:04,369 DEBUG: 			View 0 : 0.624309392265
2016-09-01 10:39:04,376 DEBUG: 			View 1 : 0.646408839779
2016-09-01 10:39:04,384 DEBUG: 			View 2 : 0.729281767956
2016-09-01 10:39:04,392 DEBUG: 			View 3 : 0.729281767956
2016-09-01 10:39:04,435 DEBUG: 			 Best view : 		View2
2016-09-01 10:39:04,578 DEBUG: 		Start:	 Iteration 3
2016-09-01 10:39:04,585 DEBUG: 			View 0 : 0.624309392265
2016-09-01 10:39:04,593 DEBUG: 			View 1 : 0.646408839779
2016-09-01 10:39:04,600 DEBUG: 			View 2 : 0.729281767956
2016-09-01 10:39:04,608 DEBUG: 			View 3 : 0.729281767956
2016-09-01 10:39:04,655 DEBUG: 			 Best view : 		View2
2016-09-01 10:39:04,868 INFO: 	Start: 	 Classification
2016-09-01 10:39:05,221 INFO: 	Done: 	 Fold number 4
2016-09-01 10:39:05,221 INFO: 	Start:	 Fold number 5
2016-09-01 10:39:05,252 DEBUG: 		Start:	 Iteration 1
2016-09-01 10:39:05,259 DEBUG: 			View 0 : 0.552486187845
2016-09-01 10:39:05,266 DEBUG: 			View 1 : 0.552486187845
2016-09-01 10:39:05,273 DEBUG: 			View 2 : 0.552486187845
2016-09-01 10:39:05,280 DEBUG: 			View 3 : 0.552486187845
2016-09-01 10:39:05,318 DEBUG: 			 Best view : 		View0
2016-09-01 10:39:05,396 DEBUG: 		Start:	 Iteration 2
2016-09-01 10:39:05,403 DEBUG: 			View 0 : 0.618784530387
2016-09-01 10:39:05,411 DEBUG: 			View 1 : 0.685082872928
2016-09-01 10:39:05,418 DEBUG: 			View 2 : 0.718232044199
2016-09-01 10:39:05,426 DEBUG: 			View 3 : 0.690607734807
2016-09-01 10:39:05,470 DEBUG: 			 Best view : 		View2
2016-09-01 10:39:05,612 DEBUG: 		Start:	 Iteration 3
2016-09-01 10:39:05,620 DEBUG: 			View 0 : 0.618784530387
2016-09-01 10:39:05,627 DEBUG: 			View 1 : 0.685082872928
2016-09-01 10:39:05,635 DEBUG: 			View 2 : 0.718232044199
2016-09-01 10:39:05,642 DEBUG: 			View 3 : 0.690607734807
2016-09-01 10:39:05,693 DEBUG: 			 Best view : 		View2
2016-09-01 10:39:05,900 INFO: 	Start: 	 Classification
2016-09-01 10:39:06,236 INFO: 	Done: 	 Fold number 5
2016-09-01 10:39:06,236 INFO: Done:	 Classification
2016-09-01 10:39:06,236 INFO: Info:	 Time for Classification: 5[s]
2016-09-01 10:39:06,236 INFO: Start:	 Result Analysis for Mumbo
