2016-09-01 10:55:31,673 INFO: Start:	 Finding all available mono- & multiview algorithms
2016-09-01 10:55:31,675 INFO: ### Main Programm for Multiview Classification
2016-09-01 10:55:31,675 INFO: ### Classification - Database : Fake ; Views : Methyl, MiRNA_, RNASeq, Clinic ; Algorithm : Mumbo ; Cores : 1
2016-09-01 10:55:31,675 INFO: Info:	 Shape of View0 :(300, 16)
2016-09-01 10:55:31,676 INFO: Info:	 Shape of View1 :(300, 8)
2016-09-01 10:55:31,676 INFO: Info:	 Shape of View2 :(300, 9)
2016-09-01 10:55:31,676 INFO: Info:	 Shape of View3 :(300, 20)
2016-09-01 10:55:31,677 INFO: Done:	 Read Database Files
2016-09-01 10:55:31,677 INFO: Start:	 Determine validation split for ratio 0.7
2016-09-01 10:55:31,680 INFO: Done:	 Determine validation split
2016-09-01 10:55:31,680 INFO: Start:	 Determine 5 folds
2016-09-01 10:55:31,685 INFO: Info:	 Length of Learning Sets: 170
2016-09-01 10:55:31,685 INFO: Info:	 Length of Testing Sets: 41
2016-09-01 10:55:31,685 INFO: Info:	 Length of Validation Set: 89
2016-09-01 10:55:31,685 INFO: Done:	 Determine folds
2016-09-01 10:55:31,685 INFO: Start:	 Learning with Mumbo and 5 folds
2016-09-01 10:55:31,685 INFO: 	Start:	 Fold number 1
2016-09-01 10:55:31,717 DEBUG: 		Start:	 Iteration 1
2016-09-01 10:55:31,724 DEBUG: 			View 0 : 0.518918918919
2016-09-01 10:55:31,732 DEBUG: 			View 1 : 0.491891891892
2016-09-01 10:55:31,739 DEBUG: 			View 2 : 0.556756756757
2016-09-01 10:55:31,746 DEBUG: 			View 3 : 0.52972972973
2016-09-01 10:55:31,781 DEBUG: 			 Best view : 		View3
2016-09-01 10:55:31,866 DEBUG: 		Start:	 Iteration 2
2016-09-01 10:55:31,874 DEBUG: 			View 0 : 0.686486486486
2016-09-01 10:55:31,882 DEBUG: 			View 1 : 0.691891891892
2016-09-01 10:55:31,889 DEBUG: 			View 2 : 0.605405405405
2016-09-01 10:55:31,896 DEBUG: 			View 3 : 0.72972972973
2016-09-01 10:55:31,939 DEBUG: 			 Best view : 		View3
2016-09-01 10:55:32,094 DEBUG: 		Start:	 Iteration 3
2016-09-01 10:55:32,114 DEBUG: 			View 0 : 0.686486486486
2016-09-01 10:55:32,121 DEBUG: 			View 1 : 0.691891891892
2016-09-01 10:55:32,128 DEBUG: 			View 2 : 0.605405405405
2016-09-01 10:55:32,135 DEBUG: 			View 3 : 0.72972972973
2016-09-01 10:55:32,180 DEBUG: 			 Best view : 		View3
2016-09-01 10:55:32,400 DEBUG: 		Start:	 Iteration 4
2016-09-01 10:55:32,408 DEBUG: 			View 0 : 0.632432432432
2016-09-01 10:55:32,415 DEBUG: 			View 1 : 0.627027027027
2016-09-01 10:55:32,422 DEBUG: 			View 2 : 0.605405405405
2016-09-01 10:55:32,429 DEBUG: 			View 3 : 0.681081081081
2016-09-01 10:55:32,477 DEBUG: 			 Best view : 		View3
2016-09-01 10:55:32,765 DEBUG: 		Start:	 Iteration 5
2016-09-01 10:55:32,772 DEBUG: 			View 0 : 0.632432432432
2016-09-01 10:55:32,779 DEBUG: 			View 1 : 0.627027027027
2016-09-01 10:55:32,786 DEBUG: 			View 2 : 0.605405405405
2016-09-01 10:55:32,794 DEBUG: 			View 3 : 0.681081081081
2016-09-01 10:55:32,844 DEBUG: 			 Best view : 		View3
2016-09-01 10:55:33,190 DEBUG: 		Start:	 Iteration 6
2016-09-01 10:55:33,197 DEBUG: 			View 0 : 0.681081081081
2016-09-01 10:55:33,204 DEBUG: 			View 1 : 0.659459459459
2016-09-01 10:55:33,211 DEBUG: 			View 2 : 0.643243243243
2016-09-01 10:55:33,218 DEBUG: 			View 3 : 0.637837837838
2016-09-01 10:55:33,271 DEBUG: 			 Best view : 		View0
2016-09-01 10:55:33,682 DEBUG: 		Start:	 Iteration 7
2016-09-01 10:55:33,689 DEBUG: 			View 0 : 0.708108108108
2016-09-01 10:55:33,696 DEBUG: 			View 1 : 0.654054054054
2016-09-01 10:55:33,703 DEBUG: 			View 2 : 0.578378378378
2016-09-01 10:55:33,711 DEBUG: 			View 3 : 0.675675675676
2016-09-01 10:55:33,767 DEBUG: 			 Best view : 		View0
2016-09-01 10:55:34,258 DEBUG: 		Start:	 Iteration 8
2016-09-01 10:55:34,265 DEBUG: 			View 0 : 0.708108108108
2016-09-01 10:55:34,273 DEBUG: 			View 1 : 0.659459459459
2016-09-01 10:55:34,279 DEBUG: 			View 2 : 0.578378378378
2016-09-01 10:55:34,287 DEBUG: 			View 3 : 0.735135135135
2016-09-01 10:55:34,346 DEBUG: 			 Best view : 		View3
2016-09-01 10:55:34,902 DEBUG: 		Start:	 Iteration 9
2016-09-01 10:55:34,910 DEBUG: 			View 0 : 0.675675675676
2016-09-01 10:55:34,917 DEBUG: 			View 1 : 0.648648648649
2016-09-01 10:55:34,924 DEBUG: 			View 2 : 0.578378378378
2016-09-01 10:55:34,931 DEBUG: 			View 3 : 0.675675675676
2016-09-01 10:55:34,992 DEBUG: 			 Best view : 		View0
2016-09-01 10:55:35,606 INFO: 	Start: 	 Classification
2016-09-01 10:55:36,626 INFO: 	Done: 	 Fold number 1
2016-09-01 10:55:36,627 INFO: 	Start:	 Fold number 2
2016-09-01 10:55:36,659 DEBUG: 		Start:	 Iteration 1
2016-09-01 10:55:36,666 DEBUG: 			View 0 : 0.489473684211
2016-09-01 10:55:36,673 DEBUG: 			View 1 : 0.473684210526
2016-09-01 10:55:36,680 DEBUG: 			View 2 : 0.531578947368
2016-09-01 10:55:36,688 DEBUG: 			View 3 : 0.5
2016-09-01 10:55:36,723 DEBUG: 			 Best view : 		View1
2016-09-01 10:55:36,806 DEBUG: 		Start:	 Iteration 2
2016-09-01 10:55:36,814 DEBUG: 			View 0 : 0.726315789474
2016-09-01 10:55:36,821 DEBUG: 			View 1 : 0.710526315789
2016-09-01 10:55:36,828 DEBUG: 			View 2 : 0.684210526316
2016-09-01 10:55:36,836 DEBUG: 			View 3 : 0.673684210526
2016-09-01 10:55:36,879 DEBUG: 			 Best view : 		View0
2016-09-01 10:55:37,029 DEBUG: 		Start:	 Iteration 3
2016-09-01 10:55:37,036 DEBUG: 			View 0 : 0.726315789474
2016-09-01 10:55:37,044 DEBUG: 			View 1 : 0.710526315789
2016-09-01 10:55:37,051 DEBUG: 			View 2 : 0.684210526316
2016-09-01 10:55:37,059 DEBUG: 			View 3 : 0.673684210526
2016-09-01 10:55:37,104 DEBUG: 			 Best view : 		View0
2016-09-01 10:55:37,322 DEBUG: 		Start:	 Iteration 4
2016-09-01 10:55:37,329 DEBUG: 			View 0 : 0.678947368421
2016-09-01 10:55:37,337 DEBUG: 			View 1 : 0.715789473684
2016-09-01 10:55:37,344 DEBUG: 			View 2 : 0.652631578947
2016-09-01 10:55:37,352 DEBUG: 			View 3 : 0.657894736842
2016-09-01 10:55:37,401 DEBUG: 			 Best view : 		View1
2016-09-01 10:55:37,687 DEBUG: 		Start:	 Iteration 5
2016-09-01 10:55:37,694 DEBUG: 			View 0 : 0.673684210526
2016-09-01 10:55:37,702 DEBUG: 			View 1 : 0.715789473684
2016-09-01 10:55:37,709 DEBUG: 			View 2 : 0.657894736842
2016-09-01 10:55:37,716 DEBUG: 			View 3 : 0.657894736842
2016-09-01 10:55:37,768 DEBUG: 			 Best view : 		View1
2016-09-01 10:55:38,122 DEBUG: 		Start:	 Iteration 6
2016-09-01 10:55:38,129 DEBUG: 			View 0 : 0.684210526316
2016-09-01 10:55:38,137 DEBUG: 			View 1 : 0.678947368421
2016-09-01 10:55:38,144 DEBUG: 			View 2 : 0.642105263158
2016-09-01 10:55:38,152 DEBUG: 			View 3 : 0.668421052632
2016-09-01 10:55:38,206 DEBUG: 			 Best view : 		View1
2016-09-01 10:55:38,632 DEBUG: 		Start:	 Iteration 7
2016-09-01 10:55:38,640 DEBUG: 			View 0 : 0.678947368421
2016-09-01 10:55:38,647 DEBUG: 			View 1 : 0.678947368421
2016-09-01 10:55:38,654 DEBUG: 			View 2 : 0.689473684211
2016-09-01 10:55:38,662 DEBUG: 			View 3 : 0.668421052632
2016-09-01 10:55:38,719 DEBUG: 			 Best view : 		View1
2016-09-01 10:55:39,211 DEBUG: 		Start:	 Iteration 8
2016-09-01 10:55:39,219 DEBUG: 			View 0 : 0.694736842105
2016-09-01 10:55:39,226 DEBUG: 			View 1 : 0.647368421053
2016-09-01 10:55:39,233 DEBUG: 			View 2 : 0.689473684211
2016-09-01 10:55:39,241 DEBUG: 			View 3 : 0.647368421053
2016-09-01 10:55:39,300 DEBUG: 			 Best view : 		View2
