2016-09-01 10:39:40,915 INFO: Start:	 Finding all available mono- & multiview algorithms
2016-09-01 10:39:40,917 INFO: ### Main Programm for Multiview Classification
2016-09-01 10:39:40,917 INFO: ### Classification - Database : Fake ; Views : Methyl, MiRNA_, RNASeq, Clinic ; Algorithm : Mumbo ; Cores : 1
2016-09-01 10:39:40,918 INFO: Info:	 Shape of View0 :(300, 8)
2016-09-01 10:39:40,918 INFO: Info:	 Shape of View1 :(300, 7)
2016-09-01 10:39:40,919 INFO: Info:	 Shape of View2 :(300, 13)
2016-09-01 10:39:40,919 INFO: Info:	 Shape of View3 :(300, 16)
2016-09-01 10:39:40,919 INFO: Done:	 Read Database Files
2016-09-01 10:39:40,919 INFO: Start:	 Determine validation split for ratio 0.7
2016-09-01 10:39:40,923 INFO: Done:	 Determine validation split
2016-09-01 10:39:40,923 INFO: Start:	 Determine 5 folds
2016-09-01 10:39:40,930 INFO: Info:	 Length of Learning Sets: 170
2016-09-01 10:39:40,930 INFO: Info:	 Length of Testing Sets: 41
2016-09-01 10:39:40,930 INFO: Info:	 Length of Validation Set: 89
2016-09-01 10:39:40,930 INFO: Done:	 Determine folds
2016-09-01 10:39:40,930 INFO: Start:	 Learning with Mumbo and 5 folds
2016-09-01 10:39:40,930 INFO: 	Start:	 Fold number 1
2016-09-01 10:39:40,966 DEBUG: 		Start:	 Iteration 1
2016-09-01 10:39:40,974 DEBUG: 			View 0 : 0.55737704918
2016-09-01 10:39:40,981 DEBUG: 			View 1 : 0.55737704918
2016-09-01 10:39:40,988 DEBUG: 			View 2 : 0.55737704918
2016-09-01 10:39:40,996 DEBUG: 			View 3 : 0.55737704918
2016-09-01 10:39:41,037 DEBUG: 			 Best view : 		View0
2016-09-01 10:39:41,118 DEBUG: 		Start:	 Iteration 2
2016-09-01 10:39:41,126 DEBUG: 			View 0 : 0.699453551913
2016-09-01 10:39:41,133 DEBUG: 			View 1 : 0.677595628415
2016-09-01 10:39:41,141 DEBUG: 			View 2 : 0.726775956284
2016-09-01 10:39:41,149 DEBUG: 			View 3 : 0.72131147541
2016-09-01 10:39:41,195 DEBUG: 			 Best view : 		View2
2016-09-01 10:39:41,345 DEBUG: 		Start:	 Iteration 3
2016-09-01 10:39:41,359 DEBUG: 			View 0 : 0.699453551913
2016-09-01 10:39:41,366 DEBUG: 			View 1 : 0.677595628415
2016-09-01 10:39:41,374 DEBUG: 			View 2 : 0.726775956284
2016-09-01 10:39:41,382 DEBUG: 			View 3 : 0.715846994536
2016-09-01 10:39:41,431 DEBUG: 			 Best view : 		View2
2016-09-01 10:39:41,642 INFO: 	Start: 	 Classification
2016-09-01 10:39:41,980 INFO: 	Done: 	 Fold number 1
2016-09-01 10:39:41,981 INFO: 	Start:	 Fold number 2
2016-09-01 10:39:42,011 DEBUG: 		Start:	 Iteration 1
2016-09-01 10:39:42,018 DEBUG: 			View 0 : 0.441340782123
2016-09-01 10:39:42,025 DEBUG: 			View 1 : 0.441340782123
2016-09-01 10:39:42,032 DEBUG: 			View 2 : 0.441340782123
2016-09-01 10:39:42,039 DEBUG: 			View 3 : 0.441340782123
2016-09-01 10:39:42,039 WARNING: 		WARNING:	All bad for iteration 0
2016-09-01 10:39:42,078 DEBUG: 			 Best view : 		View0
2016-09-01 10:39:42,155 DEBUG: 		Start:	 Iteration 2
2016-09-01 10:39:42,162 DEBUG: 			View 0 : 0.664804469274
2016-09-01 10:39:42,170 DEBUG: 			View 1 : 0.715083798883
2016-09-01 10:39:42,177 DEBUG: 			View 2 : 0.68156424581
2016-09-01 10:39:42,185 DEBUG: 			View 3 : 0.715083798883
2016-09-01 10:39:42,231 DEBUG: 			 Best view : 		View1
2016-09-01 10:39:42,373 DEBUG: 		Start:	 Iteration 3
2016-09-01 10:39:42,380 DEBUG: 			View 0 : 0.664804469274
2016-09-01 10:39:42,388 DEBUG: 			View 1 : 0.715083798883
2016-09-01 10:39:42,395 DEBUG: 			View 2 : 0.68156424581
2016-09-01 10:39:42,403 DEBUG: 			View 3 : 0.715083798883
2016-09-01 10:39:42,452 DEBUG: 			 Best view : 		View1
2016-09-01 10:39:42,657 INFO: 	Start: 	 Classification
2016-09-01 10:39:42,991 INFO: 	Done: 	 Fold number 2
2016-09-01 10:39:42,991 INFO: 	Start:	 Fold number 3
2016-09-01 10:39:43,023 DEBUG: 		Start:	 Iteration 1
2016-09-01 10:39:43,030 DEBUG: 			View 0 : 0.562162162162
2016-09-01 10:39:43,037 DEBUG: 			View 1 : 0.562162162162
2016-09-01 10:39:43,044 DEBUG: 			View 2 : 0.562162162162
2016-09-01 10:39:43,051 DEBUG: 			View 3 : 0.562162162162
2016-09-01 10:39:43,092 DEBUG: 			 Best view : 		View0
2016-09-01 10:39:43,172 DEBUG: 		Start:	 Iteration 2
2016-09-01 10:39:43,179 DEBUG: 			View 0 : 0.643243243243
2016-09-01 10:39:43,187 DEBUG: 			View 1 : 0.702702702703
2016-09-01 10:39:43,195 DEBUG: 			View 2 : 0.654054054054
2016-09-01 10:39:43,203 DEBUG: 			View 3 : 0.654054054054
2016-09-01 10:39:43,249 DEBUG: 			 Best view : 		View1
2016-09-01 10:39:43,395 DEBUG: 		Start:	 Iteration 3
2016-09-01 10:39:43,403 DEBUG: 			View 0 : 0.643243243243
2016-09-01 10:39:43,411 DEBUG: 			View 1 : 0.702702702703
2016-09-01 10:39:43,418 DEBUG: 			View 2 : 0.654054054054
2016-09-01 10:39:43,427 DEBUG: 			View 3 : 0.654054054054
2016-09-01 10:39:43,476 DEBUG: 			 Best view : 		View1
2016-09-01 10:39:43,688 INFO: 	Start: 	 Classification
2016-09-01 10:39:44,027 INFO: 	Done: 	 Fold number 3
2016-09-01 10:39:44,027 INFO: 	Start:	 Fold number 4
2016-09-01 10:39:44,058 DEBUG: 		Start:	 Iteration 1
2016-09-01 10:39:44,065 DEBUG: 			View 0 : 0.420765027322
2016-09-01 10:39:44,072 DEBUG: 			View 1 : 0.420765027322
2016-09-01 10:39:44,079 DEBUG: 			View 2 : 0.420765027322
2016-09-01 10:39:44,087 DEBUG: 			View 3 : 0.420765027322
2016-09-01 10:39:44,087 WARNING: 		WARNING:	All bad for iteration 0
2016-09-01 10:39:44,126 DEBUG: 			 Best view : 		View0
2016-09-01 10:39:44,205 DEBUG: 		Start:	 Iteration 2
2016-09-01 10:39:44,212 DEBUG: 			View 0 : 0.677595628415
2016-09-01 10:39:44,220 DEBUG: 			View 1 : 0.765027322404
2016-09-01 10:39:44,227 DEBUG: 			View 2 : 0.704918032787
2016-09-01 10:39:44,236 DEBUG: 			View 3 : 0.743169398907
