2016-09-01 10:56:28,356 INFO: Start:	 Finding all available mono- & multiview algorithms
2016-09-01 10:56:28,358 INFO: ### Main Programm for Multiview Classification
2016-09-01 10:56:28,358 INFO: ### Classification - Database : Fake ; Views : Methyl, MiRNA_, RNASeq, Clinic ; Algorithm : Mumbo ; Cores : 1
2016-09-01 10:56:28,358 INFO: Info:	 Shape of View0 :(300, 7)
2016-09-01 10:56:28,359 INFO: Info:	 Shape of View1 :(300, 19)
2016-09-01 10:56:28,359 INFO: Info:	 Shape of View2 :(300, 16)
2016-09-01 10:56:28,360 INFO: Info:	 Shape of View3 :(300, 18)
2016-09-01 10:56:28,360 INFO: Done:	 Read Database Files
2016-09-01 10:56:28,360 INFO: Start:	 Determine validation split for ratio 0.7
2016-09-01 10:56:28,363 INFO: Done:	 Determine validation split
2016-09-01 10:56:28,363 INFO: Start:	 Determine 5 folds
2016-09-01 10:56:28,370 INFO: Info:	 Length of Learning Sets: 170
2016-09-01 10:56:28,370 INFO: Info:	 Length of Testing Sets: 41
2016-09-01 10:56:28,370 INFO: Info:	 Length of Validation Set: 89
2016-09-01 10:56:28,370 INFO: Done:	 Determine folds
2016-09-01 10:56:28,370 INFO: Start:	 Learning with Mumbo and 5 folds
2016-09-01 10:56:28,370 INFO: 	Start:	 Fold number 1
2016-09-01 10:56:28,587 DEBUG: 		Start:	 Iteration 1
2016-09-01 10:56:28,594 DEBUG: 			View 0 : 0.491978609626
2016-09-01 10:56:28,601 DEBUG: 			View 1 : 0.491978609626
2016-09-01 10:56:28,608 DEBUG: 			View 2 : 0.491978609626
2016-09-01 10:56:28,614 DEBUG: 			View 3 : 0.491978609626
2016-09-01 10:56:28,615 WARNING: 		WARNING:	All bad for iteration 0
2016-09-01 10:56:28,651 DEBUG: 			 Best view : 		View0
2016-09-01 10:56:28,732 DEBUG: 		Start:	 Iteration 2
2016-09-01 10:56:28,739 DEBUG: 			View 0 : 0.561497326203
2016-09-01 10:56:28,747 DEBUG: 			View 1 : 0.727272727273
2016-09-01 10:56:28,754 DEBUG: 			View 2 : 0.68449197861
2016-09-01 10:56:28,762 DEBUG: 			View 3 : 0.695187165775
2016-09-01 10:56:28,806 DEBUG: 			 Best view : 		View1
2016-09-01 10:56:28,961 DEBUG: 		Start:	 Iteration 3
2016-09-01 10:56:28,974 DEBUG: 			View 0 : 0.561497326203
2016-09-01 10:56:28,982 DEBUG: 			View 1 : 0.727272727273
2016-09-01 10:56:28,990 DEBUG: 			View 2 : 0.68449197861
2016-09-01 10:56:28,997 DEBUG: 			View 3 : 0.695187165775
2016-09-01 10:56:29,044 DEBUG: 			 Best view : 		View1
2016-09-01 10:56:29,265 DEBUG: 		Start:	 Iteration 4
2016-09-01 10:56:29,272 DEBUG: 			View 0 : 0.588235294118
2016-09-01 10:56:29,280 DEBUG: 			View 1 : 0.695187165775
2016-09-01 10:56:29,287 DEBUG: 			View 2 : 0.716577540107
2016-09-01 10:56:29,295 DEBUG: 			View 3 : 0.695187165775
2016-09-01 10:56:29,345 DEBUG: 			 Best view : 		View2
2016-09-01 10:56:29,629 INFO: 	Start: 	 Classification
2016-09-01 10:56:30,087 INFO: 	Done: 	 Fold number 1
2016-09-01 10:56:30,087 INFO: 	Start:	 Fold number 2
2016-09-01 10:56:30,285 DEBUG: 		Start:	 Iteration 1
2016-09-01 10:56:30,292 DEBUG: 			View 0 : 0.486033519553
2016-09-01 10:56:30,298 DEBUG: 			View 1 : 0.486033519553
2016-09-01 10:56:30,305 DEBUG: 			View 2 : 0.486033519553
2016-09-01 10:56:30,311 DEBUG: 			View 3 : 0.486033519553
2016-09-01 10:56:30,311 WARNING: 		WARNING:	All bad for iteration 0
2016-09-01 10:56:30,345 DEBUG: 			 Best view : 		View0
2016-09-01 10:56:30,420 DEBUG: 		Start:	 Iteration 2
2016-09-01 10:56:30,427 DEBUG: 			View 0 : 0.575418994413
2016-09-01 10:56:30,434 DEBUG: 			View 1 : 0.709497206704
2016-09-01 10:56:30,441 DEBUG: 			View 2 : 0.659217877095
2016-09-01 10:56:30,448 DEBUG: 			View 3 : 0.77094972067
2016-09-01 10:56:30,489 DEBUG: 			 Best view : 		View3
2016-09-01 10:56:30,633 DEBUG: 		Start:	 Iteration 3
2016-09-01 10:56:30,640 DEBUG: 			View 0 : 0.575418994413
2016-09-01 10:56:30,648 DEBUG: 			View 1 : 0.709497206704
2016-09-01 10:56:30,655 DEBUG: 			View 2 : 0.659217877095
2016-09-01 10:56:30,662 DEBUG: 			View 3 : 0.77094972067
2016-09-01 10:56:30,708 DEBUG: 			 Best view : 		View3
2016-09-01 10:56:30,919 DEBUG: 		Start:	 Iteration 4
2016-09-01 10:56:30,926 DEBUG: 			View 0 : 0.59217877095
2016-09-01 10:56:30,934 DEBUG: 			View 1 : 0.709497206704
2016-09-01 10:56:30,941 DEBUG: 			View 2 : 0.653631284916
2016-09-01 10:56:30,948 DEBUG: 			View 3 : 0.63687150838
2016-09-01 10:56:30,996 DEBUG: 			 Best view : 		View1
2016-09-01 10:56:31,274 INFO: 	Start: 	 Classification
2016-09-01 10:56:31,724 INFO: 	Done: 	 Fold number 2
2016-09-01 10:56:31,724 INFO: 	Start:	 Fold number 3
2016-09-01 10:56:31,926 DEBUG: 		Start:	 Iteration 1
2016-09-01 10:56:31,932 DEBUG: 			View 0 : 0.48087431694
2016-09-01 10:56:31,939 DEBUG: 			View 1 : 0.540983606557
2016-09-01 10:56:31,946 DEBUG: 			View 2 : 0.513661202186
2016-09-01 10:56:31,953 DEBUG: 			View 3 : 0.551912568306
2016-09-01 10:56:31,988 DEBUG: 			 Best view : 		View1
2016-09-01 10:56:32,066 DEBUG: 		Start:	 Iteration 2
2016-09-01 10:56:32,073 DEBUG: 			View 0 : 0.606557377049
2016-09-01 10:56:32,080 DEBUG: 			View 1 : 0.704918032787
2016-09-01 10:56:32,087 DEBUG: 			View 2 : 0.715846994536
2016-09-01 10:56:32,095 DEBUG: 			View 3 : 0.606557377049
2016-09-01 10:56:32,136 DEBUG: 			 Best view : 		View2
2016-09-01 10:56:32,279 DEBUG: 		Start:	 Iteration 3
2016-09-01 10:56:32,286 DEBUG: 			View 0 : 0.606557377049
2016-09-01 10:56:32,293 DEBUG: 			View 1 : 0.704918032787
2016-09-01 10:56:32,301 DEBUG: 			View 2 : 0.715846994536
2016-09-01 10:56:32,308 DEBUG: 			View 3 : 0.606557377049
2016-09-01 10:56:32,353 DEBUG: 			 Best view : 		View2
2016-09-01 10:56:32,561 DEBUG: 		Start:	 Iteration 4
2016-09-01 10:56:32,567 DEBUG: 			View 0 : 0.595628415301
2016-09-01 10:56:32,575 DEBUG: 			View 1 : 0.704918032787
2016-09-01 10:56:32,583 DEBUG: 			View 2 : 0.650273224044
2016-09-01 10:56:32,590 DEBUG: 			View 3 : 0.704918032787
2016-09-01 10:56:32,637 DEBUG: 			 Best view : 		View3
2016-09-01 10:56:32,914 INFO: 	Start: 	 Classification
2016-09-01 10:56:33,366 INFO: 	Done: 	 Fold number 3
2016-09-01 10:56:33,366 INFO: 	Start:	 Fold number 4
2016-09-01 10:56:33,566 DEBUG: 		Start:	 Iteration 1
2016-09-01 10:56:33,572 DEBUG: 			View 0 : 0.541436464088
2016-09-01 10:56:33,579 DEBUG: 			View 1 : 0.458563535912
2016-09-01 10:56:33,586 DEBUG: 			View 2 : 0.530386740331
2016-09-01 10:56:33,593 DEBUG: 			View 3 : 0.497237569061
2016-09-01 10:56:33,627 DEBUG: 			 Best view : 		View3
2016-09-01 10:56:33,704 DEBUG: 		Start:	 Iteration 2
2016-09-01 10:56:33,711 DEBUG: 			View 0 : 0.580110497238
2016-09-01 10:56:33,718 DEBUG: 			View 1 : 0.707182320442
2016-09-01 10:56:33,725 DEBUG: 			View 2 : 0.696132596685
2016-09-01 10:56:33,733 DEBUG: 			View 3 : 0.734806629834
2016-09-01 10:56:33,773 DEBUG: 			 Best view : 		View3
2016-09-01 10:56:33,916 DEBUG: 		Start:	 Iteration 3
2016-09-01 10:56:33,923 DEBUG: 			View 0 : 0.580110497238
2016-09-01 10:56:33,930 DEBUG: 			View 1 : 0.707182320442
2016-09-01 10:56:33,937 DEBUG: 			View 2 : 0.696132596685
2016-09-01 10:56:33,945 DEBUG: 			View 3 : 0.734806629834
2016-09-01 10:56:33,989 DEBUG: 			 Best view : 		View3
2016-09-01 10:56:34,197 DEBUG: 		Start:	 Iteration 4
2016-09-01 10:56:34,203 DEBUG: 			View 0 : 0.546961325967
2016-09-01 10:56:34,211 DEBUG: 			View 1 : 0.67955801105
2016-09-01 10:56:34,218 DEBUG: 			View 2 : 0.718232044199
2016-09-01 10:56:34,225 DEBUG: 			View 3 : 0.640883977901
2016-09-01 10:56:34,272 DEBUG: 			 Best view : 		View2
2016-09-01 10:56:34,545 INFO: 	Start: 	 Classification
2016-09-01 10:56:34,990 INFO: 	Done: 	 Fold number 4
2016-09-01 10:56:34,990 INFO: 	Start:	 Fold number 5
2016-09-01 10:56:35,189 DEBUG: 		Start:	 Iteration 1
2016-09-01 10:56:35,195 DEBUG: 			View 0 : 0.522222222222
2016-09-01 10:56:35,202 DEBUG: 			View 1 : 0.522222222222
2016-09-01 10:56:35,209 DEBUG: 			View 2 : 0.522222222222
2016-09-01 10:56:35,216 DEBUG: 			View 3 : 0.522222222222
2016-09-01 10:56:35,249 DEBUG: 			 Best view : 		View0
2016-09-01 10:56:35,326 DEBUG: 		Start:	 Iteration 2
2016-09-01 10:56:35,333 DEBUG: 			View 0 : 0.605555555556
2016-09-01 10:56:35,340 DEBUG: 			View 1 : 0.677777777778
2016-09-01 10:56:35,348 DEBUG: 			View 2 : 0.694444444444
2016-09-01 10:56:35,355 DEBUG: 			View 3 : 0.733333333333
2016-09-01 10:56:35,396 DEBUG: 			 Best view : 		View3
2016-09-01 10:56:35,537 DEBUG: 		Start:	 Iteration 3
2016-09-01 10:56:35,544 DEBUG: 			View 0 : 0.605555555556
2016-09-01 10:56:35,551 DEBUG: 			View 1 : 0.677777777778
2016-09-01 10:56:35,558 DEBUG: 			View 2 : 0.694444444444
2016-09-01 10:56:35,566 DEBUG: 			View 3 : 0.733333333333
2016-09-01 10:56:35,610 DEBUG: 			 Best view : 		View3
2016-09-01 10:56:35,817 DEBUG: 		Start:	 Iteration 4
2016-09-01 10:56:35,824 DEBUG: 			View 0 : 0.505555555556
2016-09-01 10:56:35,831 DEBUG: 			View 1 : 0.727777777778
2016-09-01 10:56:35,839 DEBUG: 			View 2 : 0.672222222222
2016-09-01 10:56:35,846 DEBUG: 			View 3 : 0.738888888889
2016-09-01 10:56:35,894 DEBUG: 			 Best view : 		View3
