2016-09-01 10:45:06,090 INFO: Start:	 Finding all available mono- & multiview algorithms
2016-09-01 10:45:06,091 INFO: ### Main Programm for Multiview Classification
2016-09-01 10:45:06,092 INFO: ### Classification - Database : Fake ; Views : Methyl, MiRNA_, RNASeq, Clinic ; Algorithm : Mumbo ; Cores : 1
2016-09-01 10:45:06,092 INFO: Info:	 Shape of View0 :(300, 15)
2016-09-01 10:45:06,092 INFO: Info:	 Shape of View1 :(300, 18)
2016-09-01 10:45:06,093 INFO: Info:	 Shape of View2 :(300, 5)
2016-09-01 10:45:06,093 INFO: Info:	 Shape of View3 :(300, 17)
2016-09-01 10:45:06,093 INFO: Done:	 Read Database Files
2016-09-01 10:45:06,093 INFO: Start:	 Determine validation split for ratio 0.7
2016-09-01 10:45:06,097 INFO: Done:	 Determine validation split
2016-09-01 10:45:06,097 INFO: Start:	 Determine 5 folds
2016-09-01 10:45:06,104 INFO: Info:	 Length of Learning Sets: 169
2016-09-01 10:45:06,104 INFO: Info:	 Length of Testing Sets: 42
2016-09-01 10:45:06,104 INFO: Info:	 Length of Validation Set: 89
2016-09-01 10:45:06,104 INFO: Done:	 Determine folds
2016-09-01 10:45:06,104 INFO: Start:	 Learning with Mumbo and 5 folds
2016-09-01 10:45:06,104 INFO: 	Start:	 Fold number 1
2016-09-01 10:45:06,136 DEBUG: 		Start:	 Iteration 1
2016-09-01 10:45:06,143 DEBUG: 			View 0 : 0.468926553672
2016-09-01 10:45:06,151 DEBUG: 			View 1 : 0.542372881356
2016-09-01 10:45:06,158 DEBUG: 			View 2 : 0.576271186441
2016-09-01 10:45:06,165 DEBUG: 			View 3 : 0.519774011299
2016-09-01 10:45:06,200 DEBUG: 			 Best view : 		View3
2016-09-01 10:45:06,282 DEBUG: 		Start:	 Iteration 2
2016-09-01 10:45:06,289 DEBUG: 			View 0 : 0.723163841808
2016-09-01 10:45:06,297 DEBUG: 			View 1 : 0.700564971751
2016-09-01 10:45:06,303 DEBUG: 			View 2 : 0.661016949153
2016-09-01 10:45:06,310 DEBUG: 			View 3 : 0.762711864407
2016-09-01 10:45:06,351 DEBUG: 			 Best view : 		View3
2016-09-01 10:45:06,495 DEBUG: 		Start:	 Iteration 3
2016-09-01 10:45:06,507 DEBUG: 			View 0 : 0.723163841808
2016-09-01 10:45:06,514 DEBUG: 			View 1 : 0.700564971751
2016-09-01 10:45:06,521 DEBUG: 			View 2 : 0.661016949153
2016-09-01 10:45:06,528 DEBUG: 			View 3 : 0.762711864407
2016-09-01 10:45:06,571 DEBUG: 			 Best view : 		View3
2016-09-01 10:45:06,774 INFO: 	Start: 	 Classification
2016-09-01 10:45:07,108 INFO: 	Done: 	 Fold number 1
2016-09-01 10:45:07,108 INFO: 	Start:	 Fold number 2
2016-09-01 10:45:07,139 DEBUG: 		Start:	 Iteration 1
2016-09-01 10:45:07,145 DEBUG: 			View 0 : 0.446927374302
2016-09-01 10:45:07,152 DEBUG: 			View 1 : 0.541899441341
2016-09-01 10:45:07,158 DEBUG: 			View 2 : 0.525139664804
2016-09-01 10:45:07,165 DEBUG: 			View 3 : 0.558659217877
2016-09-01 10:45:07,199 DEBUG: 			 Best view : 		View3
2016-09-01 10:45:07,275 DEBUG: 		Start:	 Iteration 2
2016-09-01 10:45:07,282 DEBUG: 			View 0 : 0.720670391061
2016-09-01 10:45:07,290 DEBUG: 			View 1 : 0.664804469274
2016-09-01 10:45:07,297 DEBUG: 			View 2 : 0.72625698324
2016-09-01 10:45:07,304 DEBUG: 			View 3 : 0.776536312849
2016-09-01 10:45:07,344 DEBUG: 			 Best view : 		View3
2016-09-01 10:45:07,486 DEBUG: 		Start:	 Iteration 3
2016-09-01 10:45:07,493 DEBUG: 			View 0 : 0.720670391061
2016-09-01 10:45:07,500 DEBUG: 			View 1 : 0.664804469274
2016-09-01 10:45:07,507 DEBUG: 			View 2 : 0.72625698324
2016-09-01 10:45:07,514 DEBUG: 			View 3 : 0.776536312849
2016-09-01 10:45:07,558 DEBUG: 			 Best view : 		View3
2016-09-01 10:45:07,764 INFO: 	Start: 	 Classification
2016-09-01 10:45:08,106 INFO: 	Done: 	 Fold number 2
2016-09-01 10:45:08,106 INFO: 	Start:	 Fold number 3
2016-09-01 10:45:08,137 DEBUG: 		Start:	 Iteration 1
2016-09-01 10:45:08,144 DEBUG: 			View 0 : 0.505494505495
2016-09-01 10:45:08,150 DEBUG: 			View 1 : 0.494505494505
2016-09-01 10:45:08,157 DEBUG: 			View 2 : 0.527472527473
2016-09-01 10:45:08,164 DEBUG: 			View 3 : 0.450549450549
2016-09-01 10:45:08,198 DEBUG: 			 Best view : 		View0
2016-09-01 10:45:08,277 DEBUG: 		Start:	 Iteration 2
2016-09-01 10:45:08,284 DEBUG: 			View 0 : 0.736263736264
2016-09-01 10:45:08,292 DEBUG: 			View 1 : 0.703296703297
2016-09-01 10:45:08,298 DEBUG: 			View 2 : 0.697802197802
2016-09-01 10:45:08,306 DEBUG: 			View 3 : 0.741758241758
2016-09-01 10:45:08,347 DEBUG: 			 Best view : 		View3
2016-09-01 10:45:08,490 DEBUG: 		Start:	 Iteration 3
2016-09-01 10:45:08,497 DEBUG: 			View 0 : 0.736263736264
2016-09-01 10:45:08,505 DEBUG: 			View 1 : 0.703296703297
2016-09-01 10:45:08,512 DEBUG: 			View 2 : 0.697802197802
2016-09-01 10:45:08,520 DEBUG: 			View 3 : 0.741758241758
2016-09-01 10:45:08,563 DEBUG: 			 Best view : 		View3
2016-09-01 10:45:08,772 INFO: 	Start: 	 Classification
2016-09-01 10:45:09,111 INFO: 	Done: 	 Fold number 3
2016-09-01 10:45:09,111 INFO: 	Start:	 Fold number 4
2016-09-01 10:45:09,142 DEBUG: 		Start:	 Iteration 1
2016-09-01 10:45:09,149 DEBUG: 			View 0 : 0.532967032967
2016-09-01 10:45:09,155 DEBUG: 			View 1 : 0.467032967033
2016-09-01 10:45:09,162 DEBUG: 			View 2 : 0.516483516484
2016-09-01 10:45:09,169 DEBUG: 			View 3 : 0.516483516484
2016-09-01 10:45:09,203 DEBUG: 			 Best view : 		View0
2016-09-01 10:45:09,281 DEBUG: 		Start:	 Iteration 2
2016-09-01 10:45:09,288 DEBUG: 			View 0 : 0.730769230769
2016-09-01 10:45:09,295 DEBUG: 			View 1 : 0.692307692308
2016-09-01 10:45:09,302 DEBUG: 			View 2 : 0.708791208791
2016-09-01 10:45:09,309 DEBUG: 			View 3 : 0.736263736264
2016-09-01 10:45:09,351 DEBUG: 			 Best view : 		View3
2016-09-01 10:45:09,495 DEBUG: 		Start:	 Iteration 3
2016-09-01 10:45:09,502 DEBUG: 			View 0 : 0.730769230769
2016-09-01 10:45:09,510 DEBUG: 			View 1 : 0.692307692308
2016-09-01 10:45:09,517 DEBUG: 			View 2 : 0.708791208791
2016-09-01 10:45:09,524 DEBUG: 			View 3 : 0.736263736264
2016-09-01 10:45:09,568 DEBUG: 			 Best view : 		View3
2016-09-01 10:45:09,777 INFO: 	Start: 	 Classification
2016-09-01 10:45:10,117 INFO: 	Done: 	 Fold number 4
2016-09-01 10:45:10,117 INFO: 	Start:	 Fold number 5
2016-09-01 10:45:10,149 DEBUG: 		Start:	 Iteration 1
2016-09-01 10:45:10,156 DEBUG: 			View 0 : 0.55
2016-09-01 10:45:10,163 DEBUG: 			View 1 : 0.538888888889
2016-09-01 10:45:10,169 DEBUG: 			View 2 : 0.505555555556
2016-09-01 10:45:10,176 DEBUG: 			View 3 : 0.461111111111
2016-09-01 10:45:10,210 DEBUG: 			 Best view : 		View0
2016-09-01 10:45:10,287 DEBUG: 		Start:	 Iteration 2
2016-09-01 10:45:10,294 DEBUG: 			View 0 : 0.738888888889
2016-09-01 10:45:10,302 DEBUG: 			View 1 : 0.722222222222
2016-09-01 10:45:10,309 DEBUG: 			View 2 : 0.7
2016-09-01 10:45:10,317 DEBUG: 			View 3 : 0.75
2016-09-01 10:45:10,357 DEBUG: 			 Best view : 		View3
2016-09-01 10:45:10,499 DEBUG: 		Start:	 Iteration 3
2016-09-01 10:45:10,506 DEBUG: 			View 0 : 0.738888888889
2016-09-01 10:45:10,520 DEBUG: 			View 1 : 0.722222222222
2016-09-01 10:45:10,529 DEBUG: 			View 2 : 0.7
2016-09-01 10:45:10,536 DEBUG: 			View 3 : 0.75
2016-09-01 10:45:10,579 DEBUG: 			 Best view : 		View3
2016-09-01 10:45:10,786 INFO: 	Start: 	 Classification
2016-09-01 10:45:11,128 INFO: 	Done: 	 Fold number 5
2016-09-01 10:45:11,128 INFO: Done:	 Classification
2016-09-01 10:45:11,128 INFO: Info:	 Time for Classification: 5[s]
2016-09-01 10:45:11,128 INFO: Start:	 Result Analysis for Mumbo
