2016-09-01 10:32:08,403 INFO: Start:	 Finding all available mono- & multiview algorithms
2016-09-01 10:32:08,404 INFO: ### Main Programm for Multiview Classification
2016-09-01 10:32:08,405 INFO: ### Classification - Database : Fake ; Views : Methyl, MiRNA_, RNASeq, Clinic ; Algorithm : Mumbo ; Cores : 1
2016-09-01 10:32:08,405 INFO: Info:	 Shape of View0 :(300, 16)
2016-09-01 10:32:08,405 INFO: Info:	 Shape of View1 :(300, 14)
2016-09-01 10:32:08,406 INFO: Info:	 Shape of View2 :(300, 17)
2016-09-01 10:32:08,406 INFO: Info:	 Shape of View3 :(300, 16)
2016-09-01 10:32:08,406 INFO: Done:	 Read Database Files
2016-09-01 10:32:08,407 INFO: Start:	 Determine validation split for ratio 0.7
2016-09-01 10:32:08,417 INFO: Done:	 Determine validation split
2016-09-01 10:32:08,417 INFO: Start:	 Determine 5 folds
2016-09-01 10:32:08,429 INFO: Info:	 Length of Learning Sets: 178
2016-09-01 10:32:08,429 INFO: Info:	 Length of Testing Sets: 37
2016-09-01 10:32:08,429 INFO: Info:	 Length of Validation Set: 85
2016-09-01 10:32:08,430 INFO: Done:	 Determine folds
2016-09-01 10:32:08,430 INFO: Start:	 Learning with Mumbo and 5 folds
2016-09-01 10:32:08,430 INFO: 	Start:	 Fold number 1
2016-09-01 10:32:08,546 DEBUG: 		Start:	 Iteration 1
2016-09-01 10:32:08,554 DEBUG: 			View 0 : 0.0736842105263
2016-09-01 10:32:08,563 DEBUG: 			View 1 : 0.0947368421053
2016-09-01 10:32:08,571 DEBUG: 			View 2 : 0.0789473684211
2016-09-01 10:32:08,580 DEBUG: 			View 3 : 0.0736842105263
2016-09-01 10:32:08,580 WARNING: 		WARNING:	All bad for iteration 0
2016-09-01 10:32:08,749 DEBUG: 			 Best view : 		View0
2016-09-01 10:32:08,863 DEBUG: 		Start:	 Iteration 2
2016-09-01 10:32:08,871 DEBUG: 			View 0 : 0.210526315789
2016-09-01 10:32:08,879 DEBUG: 			View 1 : 0.231578947368
2016-09-01 10:32:08,888 DEBUG: 			View 2 : 0.226315789474
2016-09-01 10:32:08,896 DEBUG: 			View 3 : 0.268421052632
2016-09-01 10:32:08,896 WARNING: 		WARNING:	All bad for iteration 1
2016-09-01 10:32:09,101 DEBUG: 			 Best view : 		View3
2016-09-01 10:32:09,292 DEBUG: 		Start:	 Iteration 3
2016-09-01 10:32:09,307 DEBUG: 			View 0 : 0.210526315789
2016-09-01 10:32:09,315 DEBUG: 			View 1 : 0.231578947368
2016-09-01 10:32:09,324 DEBUG: 			View 2 : 0.226315789474
2016-09-01 10:32:09,332 DEBUG: 			View 3 : 0.268421052632
2016-09-01 10:32:09,333 WARNING: 		WARNING:	All bad for iteration 2
2016-09-01 10:32:09,536 DEBUG: 			 Best view : 		View3
2016-09-01 10:32:09,793 INFO: 	Start: 	 Classification
2016-09-01 10:32:10,130 INFO: 	Done: 	 Fold number 1
2016-09-01 10:32:10,130 INFO: 	Start:	 Fold number 2
2016-09-01 10:32:10,243 DEBUG: 		Start:	 Iteration 1
2016-09-01 10:32:10,251 DEBUG: 			View 0 : 0.0913978494624
2016-09-01 10:32:10,258 DEBUG: 			View 1 : 0.0913978494624
2016-09-01 10:32:10,265 DEBUG: 			View 2 : 0.0913978494624
2016-09-01 10:32:10,272 DEBUG: 			View 3 : 0.0913978494624
2016-09-01 10:32:10,273 WARNING: 		WARNING:	All bad for iteration 0
2016-09-01 10:32:10,437 DEBUG: 			 Best view : 		View0
2016-09-01 10:32:10,549 DEBUG: 		Start:	 Iteration 2
2016-09-01 10:32:10,557 DEBUG: 			View 0 : 0.204301075269
2016-09-01 10:32:10,565 DEBUG: 			View 1 : 0.225806451613
2016-09-01 10:32:10,573 DEBUG: 			View 2 : 0.198924731183
2016-09-01 10:32:10,582 DEBUG: 			View 3 : 0.241935483871
2016-09-01 10:32:10,582 WARNING: 		WARNING:	All bad for iteration 1
2016-09-01 10:32:10,772 DEBUG: 			 Best view : 		View3
2016-09-01 10:32:10,957 DEBUG: 		Start:	 Iteration 3
2016-09-01 10:32:10,965 DEBUG: 			View 0 : 0.204301075269
2016-09-01 10:32:10,973 DEBUG: 			View 1 : 0.225806451613
2016-09-01 10:32:10,982 DEBUG: 			View 2 : 0.198924731183
2016-09-01 10:32:10,990 DEBUG: 			View 3 : 0.241935483871
2016-09-01 10:32:10,990 WARNING: 		WARNING:	All bad for iteration 2
2016-09-01 10:32:11,189 DEBUG: 			 Best view : 		View3
2016-09-01 10:32:11,440 INFO: 	Start: 	 Classification
2016-09-01 10:32:11,773 INFO: 	Done: 	 Fold number 2
2016-09-01 10:32:11,773 INFO: 	Start:	 Fold number 3
2016-09-01 10:32:11,889 DEBUG: 		Start:	 Iteration 1
2016-09-01 10:32:11,897 DEBUG: 			View 0 : 0.109947643979
2016-09-01 10:32:11,905 DEBUG: 			View 1 : 0.0890052356021
2016-09-01 10:32:11,913 DEBUG: 			View 2 : 0.115183246073
2016-09-01 10:32:11,922 DEBUG: 			View 3 : 0.13612565445
2016-09-01 10:32:11,922 WARNING: 		WARNING:	All bad for iteration 0
2016-09-01 10:32:12,090 DEBUG: 			 Best view : 		View1
2016-09-01 10:32:12,203 DEBUG: 		Start:	 Iteration 2
2016-09-01 10:32:12,211 DEBUG: 			View 0 : 0.240837696335
2016-09-01 10:32:12,220 DEBUG: 			View 1 : 0.214659685864
2016-09-01 10:32:12,228 DEBUG: 			View 2 : 0.240837696335
2016-09-01 10:32:12,237 DEBUG: 			View 3 : 0.188481675393
2016-09-01 10:32:12,237 WARNING: 		WARNING:	All bad for iteration 1
2016-09-01 10:32:12,430 DEBUG: 			 Best view : 		View2
2016-09-01 10:32:12,618 DEBUG: 		Start:	 Iteration 3
2016-09-01 10:32:12,626 DEBUG: 			View 0 : 0.240837696335
2016-09-01 10:32:12,635 DEBUG: 			View 1 : 0.214659685864
2016-09-01 10:32:12,643 DEBUG: 			View 2 : 0.240837696335
2016-09-01 10:32:12,652 DEBUG: 			View 3 : 0.188481675393
2016-09-01 10:32:12,652 WARNING: 		WARNING:	All bad for iteration 2
2016-09-01 10:32:12,856 DEBUG: 			 Best view : 		View0
2016-09-01 10:32:13,113 INFO: 	Start: 	 Classification
2016-09-01 10:32:13,451 INFO: 	Done: 	 Fold number 3
2016-09-01 10:32:13,452 INFO: 	Start:	 Fold number 4
2016-09-01 10:32:13,564 DEBUG: 		Start:	 Iteration 1
2016-09-01 10:32:13,572 DEBUG: 			View 0 : 0.0765027322404
2016-09-01 10:32:13,580 DEBUG: 			View 1 : 0.120218579235
2016-09-01 10:32:13,587 DEBUG: 			View 2 : 0.114754098361
2016-09-01 10:32:13,595 DEBUG: 			View 3 : 0.103825136612
2016-09-01 10:32:13,595 WARNING: 		WARNING:	All bad for iteration 0
2016-09-01 10:32:13,754 DEBUG: 			 Best view : 		View1
2016-09-01 10:32:13,863 DEBUG: 		Start:	 Iteration 2
2016-09-01 10:32:13,871 DEBUG: 			View 0 : 0.218579234973
2016-09-01 10:32:13,879 DEBUG: 			View 1 : 0.234972677596
2016-09-01 10:32:13,887 DEBUG: 			View 2 : 0.24043715847
2016-09-01 10:32:13,895 DEBUG: 			View 3 : 0.251366120219
2016-09-01 10:32:13,896 WARNING: 		WARNING:	All bad for iteration 1
2016-09-01 10:32:14,081 DEBUG: 			 Best view : 		View3
2016-09-01 10:32:14,261 DEBUG: 		Start:	 Iteration 3
2016-09-01 10:32:14,269 DEBUG: 			View 0 : 0.218579234973
2016-09-01 10:32:14,278 DEBUG: 			View 1 : 0.234972677596
2016-09-01 10:32:14,286 DEBUG: 			View 2 : 0.24043715847
2016-09-01 10:32:14,294 DEBUG: 			View 3 : 0.251366120219
2016-09-01 10:32:14,295 WARNING: 		WARNING:	All bad for iteration 2
2016-09-01 10:32:14,491 DEBUG: 			 Best view : 		View3
2016-09-01 10:32:14,738 INFO: 	Start: 	 Classification
2016-09-01 10:32:15,069 INFO: 	Done: 	 Fold number 4
2016-09-01 10:32:15,070 INFO: 	Start:	 Fold number 5
2016-09-01 10:32:15,185 DEBUG: 		Start:	 Iteration 1
2016-09-01 10:32:15,192 DEBUG: 			View 0 : 0.106382978723
2016-09-01 10:32:15,200 DEBUG: 			View 1 : 0.106382978723
2016-09-01 10:32:15,207 DEBUG: 			View 2 : 0.106382978723
2016-09-01 10:32:15,214 DEBUG: 			View 3 : 0.106382978723
2016-09-01 10:32:15,214 WARNING: 		WARNING:	All bad for iteration 0
2016-09-01 10:32:15,377 DEBUG: 			 Best view : 		View0
2016-09-01 10:32:15,488 DEBUG: 		Start:	 Iteration 2
2016-09-01 10:32:15,496 DEBUG: 			View 0 : 0.212765957447
2016-09-01 10:32:15,505 DEBUG: 			View 1 : 0.207446808511
2016-09-01 10:32:15,513 DEBUG: 			View 2 : 0.212765957447
2016-09-01 10:32:15,521 DEBUG: 			View 3 : 0.218085106383
2016-09-01 10:32:15,521 WARNING: 		WARNING:	All bad for iteration 1
2016-09-01 10:32:15,719 DEBUG: 			 Best view : 		View3
2016-09-01 10:32:15,906 DEBUG: 		Start:	 Iteration 3
2016-09-01 10:32:15,914 DEBUG: 			View 0 : 0.212765957447
2016-09-01 10:32:15,923 DEBUG: 			View 1 : 0.207446808511
2016-09-01 10:32:15,931 DEBUG: 			View 2 : 0.212765957447
2016-09-01 10:32:15,940 DEBUG: 			View 3 : 0.218085106383
2016-09-01 10:32:15,940 WARNING: 		WARNING:	All bad for iteration 2
2016-09-01 10:32:16,141 DEBUG: 			 Best view : 		View3
2016-09-01 10:32:16,394 INFO: 	Start: 	 Classification
2016-09-01 10:32:16,730 INFO: 	Done: 	 Fold number 5
2016-09-01 10:32:16,730 INFO: Done:	 Classification
2016-09-01 10:32:16,730 INFO: Info:	 Time for Classification: 8[s]
2016-09-01 10:32:16,730 INFO: Start:	 Result Analysis for Mumbo
