2016-09-01 10:43:56,544 INFO: Start:	 Finding all available mono- & multiview algorithms
2016-09-01 10:43:56,546 INFO: ### Main Programm for Multiview Classification
2016-09-01 10:43:56,546 INFO: ### Classification - Database : Fake ; Views : Methyl, MiRNA_, RNASeq, Clinic ; Algorithm : Mumbo ; Cores : 1
2016-09-01 10:43:56,546 INFO: Info:	 Shape of View0 :(300, 19)
2016-09-01 10:43:56,547 INFO: Info:	 Shape of View1 :(300, 19)
2016-09-01 10:43:56,547 INFO: Info:	 Shape of View2 :(300, 10)
2016-09-01 10:43:56,548 INFO: Info:	 Shape of View3 :(300, 15)
2016-09-01 10:43:56,548 INFO: Done:	 Read Database Files
2016-09-01 10:43:56,548 INFO: Start:	 Determine validation split for ratio 0.7
2016-09-01 10:43:56,551 INFO: Done:	 Determine validation split
2016-09-01 10:43:56,551 INFO: Start:	 Determine 5 folds
2016-09-01 10:43:56,559 INFO: Info:	 Length of Learning Sets: 168
2016-09-01 10:43:56,559 INFO: Info:	 Length of Testing Sets: 42
2016-09-01 10:43:56,559 INFO: Info:	 Length of Validation Set: 90
2016-09-01 10:43:56,559 INFO: Done:	 Determine folds
2016-09-01 10:43:56,559 INFO: Start:	 Learning with Mumbo and 5 folds
2016-09-01 10:43:56,559 INFO: 	Start:	 Fold number 1
2016-09-01 10:43:56,590 DEBUG: 		Start:	 Iteration 1
2016-09-01 10:43:56,597 DEBUG: 			View 0 : 0.475138121547
2016-09-01 10:43:56,604 DEBUG: 			View 1 : 0.447513812155
2016-09-01 10:43:56,610 DEBUG: 			View 2 : 0.480662983425
2016-09-01 10:43:56,617 DEBUG: 			View 3 : 0.569060773481
2016-09-01 10:43:56,651 DEBUG: 			 Best view : 		View0
2016-09-01 10:43:56,729 DEBUG: 		Start:	 Iteration 2
2016-09-01 10:43:56,737 DEBUG: 			View 0 : 0.668508287293
2016-09-01 10:43:56,744 DEBUG: 			View 1 : 0.745856353591
2016-09-01 10:43:56,751 DEBUG: 			View 2 : 0.71270718232
2016-09-01 10:43:56,758 DEBUG: 			View 3 : 0.674033149171
2016-09-01 10:43:56,799 DEBUG: 			 Best view : 		View1
2016-09-01 10:43:56,945 DEBUG: 		Start:	 Iteration 3
2016-09-01 10:43:56,958 DEBUG: 			View 0 : 0.668508287293
2016-09-01 10:43:56,966 DEBUG: 			View 1 : 0.745856353591
2016-09-01 10:43:56,973 DEBUG: 			View 2 : 0.71270718232
2016-09-01 10:43:56,980 DEBUG: 			View 3 : 0.674033149171
2016-09-01 10:43:57,024 DEBUG: 			 Best view : 		View1
2016-09-01 10:43:57,232 INFO: 	Start: 	 Classification
2016-09-01 10:43:57,577 INFO: 	Done: 	 Fold number 1
2016-09-01 10:43:57,577 INFO: 	Start:	 Fold number 2
2016-09-01 10:43:57,609 DEBUG: 		Start:	 Iteration 1
2016-09-01 10:43:57,616 DEBUG: 			View 0 : 0.480225988701
2016-09-01 10:43:57,623 DEBUG: 			View 1 : 0.514124293785
2016-09-01 10:43:57,629 DEBUG: 			View 2 : 0.525423728814
2016-09-01 10:43:57,636 DEBUG: 			View 3 : 0.497175141243
2016-09-01 10:43:57,669 DEBUG: 			 Best view : 		View0
2016-09-01 10:43:57,745 DEBUG: 		Start:	 Iteration 2
2016-09-01 10:43:57,752 DEBUG: 			View 0 : 0.689265536723
2016-09-01 10:43:57,760 DEBUG: 			View 1 : 0.717514124294
2016-09-01 10:43:57,767 DEBUG: 			View 2 : 0.604519774011
2016-09-01 10:43:57,774 DEBUG: 			View 3 : 0.683615819209
2016-09-01 10:43:57,813 DEBUG: 			 Best view : 		View1
2016-09-01 10:43:57,953 DEBUG: 		Start:	 Iteration 3
2016-09-01 10:43:57,960 DEBUG: 			View 0 : 0.689265536723
2016-09-01 10:43:57,968 DEBUG: 			View 1 : 0.717514124294
2016-09-01 10:43:57,975 DEBUG: 			View 2 : 0.604519774011
2016-09-01 10:43:57,982 DEBUG: 			View 3 : 0.683615819209
2016-09-01 10:43:58,033 DEBUG: 			 Best view : 		View1
2016-09-01 10:43:58,238 INFO: 	Start: 	 Classification
2016-09-01 10:43:58,573 INFO: 	Done: 	 Fold number 2
2016-09-01 10:43:58,573 INFO: 	Start:	 Fold number 3
2016-09-01 10:43:58,605 DEBUG: 		Start:	 Iteration 1
2016-09-01 10:43:58,612 DEBUG: 			View 0 : 0.532608695652
2016-09-01 10:43:58,619 DEBUG: 			View 1 : 0.54347826087
2016-09-01 10:43:58,625 DEBUG: 			View 2 : 0.489130434783
2016-09-01 10:43:58,632 DEBUG: 			View 3 : 0.532608695652
2016-09-01 10:43:58,666 DEBUG: 			 Best view : 		View3
2016-09-01 10:43:58,745 DEBUG: 		Start:	 Iteration 2
2016-09-01 10:43:58,752 DEBUG: 			View 0 : 0.646739130435
2016-09-01 10:43:58,760 DEBUG: 			View 1 : 0.733695652174
2016-09-01 10:43:58,767 DEBUG: 			View 2 : 0.690217391304
2016-09-01 10:43:58,775 DEBUG: 			View 3 : 0.717391304348
2016-09-01 10:43:58,815 DEBUG: 			 Best view : 		View1
2016-09-01 10:43:58,961 DEBUG: 		Start:	 Iteration 3
2016-09-01 10:43:58,968 DEBUG: 			View 0 : 0.646739130435
2016-09-01 10:43:58,976 DEBUG: 			View 1 : 0.733695652174
2016-09-01 10:43:58,983 DEBUG: 			View 2 : 0.690217391304
2016-09-01 10:43:58,990 DEBUG: 			View 3 : 0.717391304348
2016-09-01 10:43:59,034 DEBUG: 			 Best view : 		View1
2016-09-01 10:43:59,246 INFO: 	Start: 	 Classification
2016-09-01 10:43:59,598 INFO: 	Done: 	 Fold number 3
2016-09-01 10:43:59,598 INFO: 	Start:	 Fold number 4
2016-09-01 10:43:59,629 DEBUG: 		Start:	 Iteration 1
2016-09-01 10:43:59,636 DEBUG: 			View 0 : 0.558659217877
2016-09-01 10:43:59,643 DEBUG: 			View 1 : 0.497206703911
2016-09-01 10:43:59,650 DEBUG: 			View 2 : 0.480446927374
2016-09-01 10:43:59,658 DEBUG: 			View 3 : 0.469273743017
2016-09-01 10:43:59,691 DEBUG: 			 Best view : 		View1
2016-09-01 10:43:59,770 DEBUG: 		Start:	 Iteration 2
2016-09-01 10:43:59,778 DEBUG: 			View 0 : 0.625698324022
2016-09-01 10:43:59,786 DEBUG: 			View 1 : 0.737430167598
2016-09-01 10:43:59,793 DEBUG: 			View 2 : 0.68156424581
2016-09-01 10:43:59,801 DEBUG: 			View 3 : 0.731843575419
2016-09-01 10:43:59,841 DEBUG: 			 Best view : 		View1
2016-09-01 10:43:59,983 DEBUG: 		Start:	 Iteration 3
2016-09-01 10:43:59,991 DEBUG: 			View 0 : 0.664804469274
2016-09-01 10:43:59,999 DEBUG: 			View 1 : 0.737430167598
2016-09-01 10:44:00,006 DEBUG: 			View 2 : 0.68156424581
2016-09-01 10:44:00,014 DEBUG: 			View 3 : 0.731843575419
2016-09-01 10:44:00,056 DEBUG: 			 Best view : 		View1
2016-09-01 10:44:00,268 INFO: 	Start: 	 Classification
2016-09-01 10:44:00,607 INFO: 	Done: 	 Fold number 4
2016-09-01 10:44:00,607 INFO: 	Start:	 Fold number 5
2016-09-01 10:44:00,638 DEBUG: 		Start:	 Iteration 1
2016-09-01 10:44:00,645 DEBUG: 			View 0 : 0.461538461538
2016-09-01 10:44:00,652 DEBUG: 			View 1 : 0.461538461538
2016-09-01 10:44:00,659 DEBUG: 			View 2 : 0.516483516484
2016-09-01 10:44:00,666 DEBUG: 			View 3 : 0.494505494505
2016-09-01 10:44:00,700 DEBUG: 			 Best view : 		View1
2016-09-01 10:44:00,779 DEBUG: 		Start:	 Iteration 2
2016-09-01 10:44:00,786 DEBUG: 			View 0 : 0.741758241758
2016-09-01 10:44:00,794 DEBUG: 			View 1 : 0.681318681319
2016-09-01 10:44:00,801 DEBUG: 			View 2 : 0.692307692308
2016-09-01 10:44:00,809 DEBUG: 			View 3 : 0.758241758242
2016-09-01 10:44:00,849 DEBUG: 			 Best view : 		View3
2016-09-01 10:44:00,994 DEBUG: 		Start:	 Iteration 3
2016-09-01 10:44:01,001 DEBUG: 			View 0 : 0.741758241758
2016-09-01 10:44:01,009 DEBUG: 			View 1 : 0.681318681319
2016-09-01 10:44:01,016 DEBUG: 			View 2 : 0.692307692308
2016-09-01 10:44:01,024 DEBUG: 			View 3 : 0.758241758242
2016-09-01 10:44:01,069 DEBUG: 			 Best view : 		View3
2016-09-01 10:44:01,281 INFO: 	Start: 	 Classification
2016-09-01 10:44:01,622 INFO: 	Done: 	 Fold number 5
2016-09-01 10:44:01,622 INFO: Done:	 Classification
2016-09-01 10:44:01,622 INFO: Info:	 Time for Classification: 5[s]
2016-09-01 10:44:01,622 INFO: Start:	 Result Analysis for Mumbo
