2016-09-01 10:54:10,389 INFO: Start:	 Finding all available mono- & multiview algorithms
2016-09-01 10:54:10,391 INFO: ### Main Programm for Multiview Classification
2016-09-01 10:54:10,391 INFO: ### Classification - Database : Fake ; Views : Methyl, MiRNA_, RNASeq, Clinic ; Algorithm : Mumbo ; Cores : 1
2016-09-01 10:54:10,391 INFO: Info:	 Shape of View0 :(300, 6)
2016-09-01 10:54:10,391 INFO: Info:	 Shape of View1 :(300, 18)
2016-09-01 10:54:10,392 INFO: Info:	 Shape of View2 :(300, 12)
2016-09-01 10:54:10,392 INFO: Info:	 Shape of View3 :(300, 15)
2016-09-01 10:54:10,392 INFO: Done:	 Read Database Files
2016-09-01 10:54:10,392 INFO: Start:	 Determine validation split for ratio 0.7
2016-09-01 10:54:10,396 INFO: Done:	 Determine validation split
2016-09-01 10:54:10,396 INFO: Start:	 Determine 5 folds
2016-09-01 10:54:10,403 INFO: Info:	 Length of Learning Sets: 169
2016-09-01 10:54:10,404 INFO: Info:	 Length of Testing Sets: 42
2016-09-01 10:54:10,404 INFO: Info:	 Length of Validation Set: 89
2016-09-01 10:54:10,404 INFO: Done:	 Determine folds
2016-09-01 10:54:10,404 INFO: Start:	 Learning with Mumbo and 5 folds
2016-09-01 10:54:10,404 INFO: 	Start:	 Fold number 1
2016-09-01 10:54:10,435 DEBUG: 		Start:	 Iteration 1
2016-09-01 10:54:10,442 DEBUG: 			View 0 : 0.478021978022
2016-09-01 10:54:10,450 DEBUG: 			View 1 : 0.510989010989
2016-09-01 10:54:10,456 DEBUG: 			View 2 : 0.489010989011
2016-09-01 10:54:10,464 DEBUG: 			View 3 : 0.521978021978
2016-09-01 10:54:10,500 DEBUG: 			 Best view : 		View2
2016-09-01 10:54:10,581 DEBUG: 		Start:	 Iteration 2
2016-09-01 10:54:10,588 DEBUG: 			View 0 : 0.692307692308
2016-09-01 10:54:10,596 DEBUG: 			View 1 : 0.637362637363
2016-09-01 10:54:10,604 DEBUG: 			View 2 : 0.648351648352
2016-09-01 10:54:10,611 DEBUG: 			View 3 : 0.659340659341
2016-09-01 10:54:10,653 DEBUG: 			 Best view : 		View0
2016-09-01 10:54:10,804 DEBUG: 		Start:	 Iteration 3
2016-09-01 10:54:10,818 DEBUG: 			View 0 : 0.692307692308
2016-09-01 10:54:10,825 DEBUG: 			View 1 : 0.637362637363
2016-09-01 10:54:10,834 DEBUG: 			View 2 : 0.648351648352
2016-09-01 10:54:10,841 DEBUG: 			View 3 : 0.659340659341
2016-09-01 10:54:10,886 DEBUG: 			 Best view : 		View0
2016-09-01 10:54:11,099 DEBUG: 		Start:	 Iteration 4
2016-09-01 10:54:11,106 DEBUG: 			View 0 : 0.686813186813
2016-09-01 10:54:11,113 DEBUG: 			View 1 : 0.642857142857
2016-09-01 10:54:11,121 DEBUG: 			View 2 : 0.664835164835
2016-09-01 10:54:11,128 DEBUG: 			View 3 : 0.675824175824
2016-09-01 10:54:11,175 DEBUG: 			 Best view : 		View2
2016-09-01 10:54:11,453 DEBUG: 		Start:	 Iteration 5
2016-09-01 10:54:11,460 DEBUG: 			View 0 : 0.686813186813
2016-09-01 10:54:11,468 DEBUG: 			View 1 : 0.642857142857
2016-09-01 10:54:11,475 DEBUG: 			View 2 : 0.664835164835
2016-09-01 10:54:11,482 DEBUG: 			View 3 : 0.675824175824
2016-09-01 10:54:11,532 DEBUG: 			 Best view : 		View2
2016-09-01 10:54:11,878 DEBUG: 		Start:	 Iteration 6
2016-09-01 10:54:11,885 DEBUG: 			View 0 : 0.675824175824
2016-09-01 10:54:11,892 DEBUG: 			View 1 : 0.752747252747
2016-09-01 10:54:11,899 DEBUG: 			View 2 : 0.659340659341
2016-09-01 10:54:11,907 DEBUG: 			View 3 : 0.631868131868
2016-09-01 10:54:11,958 DEBUG: 			 Best view : 		View1
2016-09-01 10:54:12,361 DEBUG: 		Start:	 Iteration 7
2016-09-01 10:54:12,368 DEBUG: 			View 0 : 0.631868131868
2016-09-01 10:54:12,376 DEBUG: 			View 1 : 0.637362637363
2016-09-01 10:54:12,383 DEBUG: 			View 2 : 0.664835164835
2016-09-01 10:54:12,390 DEBUG: 			View 3 : 0.631868131868
2016-09-01 10:54:12,445 DEBUG: 			 Best view : 		View2
2016-09-01 10:54:12,926 DEBUG: 		Start:	 Iteration 8
2016-09-01 10:54:12,933 DEBUG: 			View 0 : 0.631868131868
2016-09-01 10:54:12,940 DEBUG: 			View 1 : 0.637362637363
2016-09-01 10:54:12,947 DEBUG: 			View 2 : 0.631868131868
2016-09-01 10:54:12,955 DEBUG: 			View 3 : 0.626373626374
2016-09-01 10:54:13,013 DEBUG: 			 Best view : 		View0
2016-09-01 10:54:13,569 DEBUG: 		Start:	 Iteration 9
2016-09-01 10:54:13,576 DEBUG: 			View 0 : 0.565934065934
2016-09-01 10:54:13,584 DEBUG: 			View 1 : 0.626373626374
2016-09-01 10:54:13,591 DEBUG: 			View 2 : 0.648351648352
2016-09-01 10:54:13,599 DEBUG: 			View 3 : 0.626373626374
2016-09-01 10:54:13,660 DEBUG: 			 Best view : 		View1
2016-09-01 10:54:14,257 DEBUG: 		Start:	 Iteration 10
2016-09-01 10:54:14,263 DEBUG: 			View 0 : 0.56043956044
2016-09-01 10:54:14,271 DEBUG: 			View 1 : 0.615384615385
2016-09-01 10:54:14,278 DEBUG: 			View 2 : 0.648351648352
2016-09-01 10:54:14,286 DEBUG: 			View 3 : 0.659340659341
2016-09-01 10:54:14,350 DEBUG: 			 Best view : 		View2
2016-09-01 10:54:15,015 DEBUG: 		Start:	 Iteration 11
2016-09-01 10:54:15,022 DEBUG: 			View 0 : 0.56043956044
2016-09-01 10:54:15,030 DEBUG: 			View 1 : 0.653846153846
2016-09-01 10:54:15,037 DEBUG: 			View 2 : 0.648351648352
2016-09-01 10:54:15,044 DEBUG: 			View 3 : 0.675824175824
