2016-09-01 10:11:43,153 INFO: Start:	 Finding all available mono- & multiview algorithms
2016-09-01 10:11:43,155 INFO: ### Main Programm for Multiview Classification
2016-09-01 10:11:43,155 INFO: ### Classification - Database : Fake ; Views : Methyl, MiRNA_, RNASeq, Clinic ; Algorithm : Mumbo ; Cores : 1
2016-09-01 10:11:43,155 INFO: Info:	 Shape of View0 :(300, 20)
2016-09-01 10:11:43,156 INFO: Info:	 Shape of View1 :(300, 17)
2016-09-01 10:11:43,156 INFO: Info:	 Shape of View2 :(300, 18)
2016-09-01 10:11:43,157 INFO: Info:	 Shape of View3 :(300, 6)
2016-09-01 10:11:43,157 INFO: Done:	 Read Database Files
2016-09-01 10:11:43,157 INFO: Start:	 Determine validation split for ratio 0.7
2016-09-01 10:11:43,167 INFO: Done:	 Determine validation split
2016-09-01 10:11:43,167 INFO: Start:	 Determine 5 folds
2016-09-01 10:11:43,181 INFO: Info:	 Length of Learning Sets: 177
2016-09-01 10:11:43,181 INFO: Info:	 Length of Testing Sets: 37
2016-09-01 10:11:43,181 INFO: Info:	 Length of Validation Set: 86
2016-09-01 10:11:43,181 INFO: Done:	 Determine folds
2016-09-01 10:11:43,181 INFO: Start:	 Learning with Mumbo and 5 folds
2016-09-01 10:11:43,181 INFO: Start:	 Gridsearching best settings for monoview classifiers
2016-09-01 10:11:43,182 DEBUG: 	Start:	 Gridsearch for DecisionTree on View0
2016-09-01 10:15:45,055 DEBUG: 		Info:	 Best Reslut : 0.571869158879
2016-09-01 10:15:45,055 DEBUG: 	Done:	 Gridsearch for DecisionTree
2016-09-01 10:15:45,055 DEBUG: 	Start:	 Gridsearch for DecisionTree on View1
