2016-09-01 10:56:55,092 INFO: Start:	 Finding all available mono- & multiview algorithms
2016-09-01 10:56:55,094 INFO: ### Main Programm for Multiview Classification
2016-09-01 10:56:55,094 INFO: ### Classification - Database : Fake ; Views : Methyl, MiRNA_, RNASeq, Clinic ; Algorithm : Mumbo ; Cores : 1
2016-09-01 10:56:55,094 INFO: Info:	 Shape of View0 :(300, 14)
2016-09-01 10:56:55,095 INFO: Info:	 Shape of View1 :(300, 8)
2016-09-01 10:56:55,095 INFO: Info:	 Shape of View2 :(300, 12)
2016-09-01 10:56:55,096 INFO: Info:	 Shape of View3 :(300, 16)
2016-09-01 10:56:55,096 INFO: Done:	 Read Database Files
2016-09-01 10:56:55,096 INFO: Start:	 Determine validation split for ratio 0.7
2016-09-01 10:56:55,099 INFO: Done:	 Determine validation split
2016-09-01 10:56:55,100 INFO: Start:	 Determine 5 folds
2016-09-01 10:56:55,106 INFO: Info:	 Length of Learning Sets: 170
2016-09-01 10:56:55,106 INFO: Info:	 Length of Testing Sets: 41
2016-09-01 10:56:55,106 INFO: Info:	 Length of Validation Set: 89
2016-09-01 10:56:55,106 INFO: Done:	 Determine folds
2016-09-01 10:56:55,106 INFO: Start:	 Learning with Mumbo and 5 folds
2016-09-01 10:56:55,106 INFO: 	Start:	 Fold number 1
2016-09-01 10:56:55,320 DEBUG: 		Start:	 Iteration 1
2016-09-01 10:56:55,327 DEBUG: 			View 0 : 0.483870967742
2016-09-01 10:56:55,335 DEBUG: 			View 1 : 0.537634408602
2016-09-01 10:56:55,342 DEBUG: 			View 2 : 0.505376344086
2016-09-01 10:56:55,349 DEBUG: 			View 3 : 0.516129032258
2016-09-01 10:56:55,385 DEBUG: 			 Best view : 		View1
2016-09-01 10:56:55,467 DEBUG: 		Start:	 Iteration 2
2016-09-01 10:56:55,474 DEBUG: 			View 0 : 0.623655913978
2016-09-01 10:56:55,481 DEBUG: 			View 1 : 0.645161290323
2016-09-01 10:56:55,488 DEBUG: 			View 2 : 0.666666666667
2016-09-01 10:56:55,500 DEBUG: 			View 3 : 0.698924731183
2016-09-01 10:56:55,546 DEBUG: 			 Best view : 		View3
2016-09-01 10:56:55,701 DEBUG: 		Start:	 Iteration 3
2016-09-01 10:56:55,712 DEBUG: 			View 0 : 0.623655913978
2016-09-01 10:56:55,719 DEBUG: 			View 1 : 0.623655913978
2016-09-01 10:56:55,726 DEBUG: 			View 2 : 0.666666666667
2016-09-01 10:56:55,734 DEBUG: 			View 3 : 0.698924731183
2016-09-01 10:56:55,781 DEBUG: 			 Best view : 		View3
2016-09-01 10:56:55,999 DEBUG: 		Start:	 Iteration 4
2016-09-01 10:56:56,006 DEBUG: 			View 0 : 0.677419354839
2016-09-01 10:56:56,014 DEBUG: 			View 1 : 0.666666666667
2016-09-01 10:56:56,021 DEBUG: 			View 2 : 0.698924731183
2016-09-01 10:56:56,028 DEBUG: 			View 3 : 0.693548387097
2016-09-01 10:56:56,077 DEBUG: 			 Best view : 		View2
2016-09-01 10:56:56,362 DEBUG: 		Start:	 Iteration 5
2016-09-01 10:56:56,369 DEBUG: 			View 0 : 0.677419354839
2016-09-01 10:56:56,377 DEBUG: 			View 1 : 0.666666666667
2016-09-01 10:56:56,384 DEBUG: 			View 2 : 0.698924731183
2016-09-01 10:56:56,391 DEBUG: 			View 3 : 0.672043010753
2016-09-01 10:56:56,441 DEBUG: 			 Best view : 		View2
2016-09-01 10:56:56,787 DEBUG: 		Start:	 Iteration 6
2016-09-01 10:56:56,794 DEBUG: 			View 0 : 0.715053763441
2016-09-01 10:56:56,802 DEBUG: 			View 1 : 0.645161290323
2016-09-01 10:56:56,809 DEBUG: 			View 2 : 0.698924731183
2016-09-01 10:56:56,816 DEBUG: 			View 3 : 0.682795698925
2016-09-01 10:56:56,869 DEBUG: 			 Best view : 		View0
2016-09-01 10:56:57,287 DEBUG: 		Start:	 Iteration 7
2016-09-01 10:56:57,294 DEBUG: 			View 0 : 0.715053763441
2016-09-01 10:56:57,301 DEBUG: 			View 1 : 0.645161290323
2016-09-01 10:56:57,309 DEBUG: 			View 2 : 0.677419354839
2016-09-01 10:56:57,316 DEBUG: 			View 3 : 0.688172043011
2016-09-01 10:56:57,374 DEBUG: 			 Best view : 		View0
2016-09-01 10:56:57,869 DEBUG: 		Start:	 Iteration 8
2016-09-01 10:56:57,877 DEBUG: 			View 0 : 0.688172043011
2016-09-01 10:56:57,884 DEBUG: 			View 1 : 0.623655913978
2016-09-01 10:56:57,891 DEBUG: 			View 2 : 0.650537634409
2016-09-01 10:56:57,899 DEBUG: 			View 3 : 0.661290322581
2016-09-01 10:56:57,959 DEBUG: 			 Best view : 		View0
2016-09-01 10:56:58,514 DEBUG: 		Start:	 Iteration 9
2016-09-01 10:56:58,521 DEBUG: 			View 0 : 0.666666666667
2016-09-01 10:56:58,529 DEBUG: 			View 1 : 0.623655913978
2016-09-01 10:56:58,536 DEBUG: 			View 2 : 0.612903225806
2016-09-01 10:56:58,544 DEBUG: 			View 3 : 0.655913978495
2016-09-01 10:56:58,606 DEBUG: 			 Best view : 		View0
2016-09-01 10:56:59,224 DEBUG: 		Start:	 Iteration 10
2016-09-01 10:56:59,231 DEBUG: 			View 0 : 0.672043010753
2016-09-01 10:56:59,238 DEBUG: 			View 1 : 0.618279569892
2016-09-01 10:56:59,245 DEBUG: 			View 2 : 0.666666666667
2016-09-01 10:56:59,253 DEBUG: 			View 3 : 0.60752688172
2016-09-01 10:56:59,318 DEBUG: 			 Best view : 		View0
2016-09-01 10:56:59,997 DEBUG: 		Start:	 Iteration 11
2016-09-01 10:57:00,005 DEBUG: 			View 0 : 0.672043010753
2016-09-01 10:57:00,012 DEBUG: 			View 1 : 0.618279569892
2016-09-01 10:57:00,019 DEBUG: 			View 2 : 0.634408602151
2016-09-01 10:57:00,027 DEBUG: 			View 3 : 0.666666666667
2016-09-01 10:57:00,096 DEBUG: 			 Best view : 		View3
2016-09-01 10:57:00,842 DEBUG: 		Start:	 Iteration 12
2016-09-01 10:57:00,849 DEBUG: 			View 0 : 0.634408602151
2016-09-01 10:57:00,856 DEBUG: 			View 1 : 0.639784946237
2016-09-01 10:57:00,864 DEBUG: 			View 2 : 0.672043010753
2016-09-01 10:57:00,871 DEBUG: 			View 3 : 0.666666666667
2016-09-01 10:57:00,941 DEBUG: 			 Best view : 		View3
2016-09-01 10:57:01,760 DEBUG: 		Start:	 Iteration 13
2016-09-01 10:57:01,767 DEBUG: 			View 0 : 0.623655913978
2016-09-01 10:57:01,774 DEBUG: 			View 1 : 0.639784946237
2016-09-01 10:57:01,781 DEBUG: 			View 2 : 0.666666666667
2016-09-01 10:57:01,789 DEBUG: 			View 3 : 0.650537634409
2016-09-01 10:57:01,862 DEBUG: 			 Best view : 		View2
2016-09-01 10:57:02,740 INFO: 	Start: 	 Classification
2016-09-01 10:57:04,206 INFO: 	Done: 	 Fold number 1
2016-09-01 10:57:04,206 INFO: 	Start:	 Fold number 2
2016-09-01 10:57:04,407 DEBUG: 		Start:	 Iteration 1
2016-09-01 10:57:04,414 DEBUG: 			View 0 : 0.461538461538
2016-09-01 10:57:04,421 DEBUG: 			View 1 : 0.489010989011
2016-09-01 10:57:04,428 DEBUG: 			View 2 : 0.510989010989
2016-09-01 10:57:04,434 DEBUG: 			View 3 : 0.521978021978
2016-09-01 10:57:04,469 DEBUG: 			 Best view : 		View2
2016-09-01 10:57:04,546 DEBUG: 		Start:	 Iteration 2
2016-09-01 10:57:04,553 DEBUG: 			View 0 : 0.675824175824
2016-09-01 10:57:04,561 DEBUG: 			View 1 : 0.642857142857
2016-09-01 10:57:04,568 DEBUG: 			View 2 : 0.736263736264
2016-09-01 10:57:04,576 DEBUG: 			View 3 : 0.71978021978
2016-09-01 10:57:04,617 DEBUG: 			 Best view : 		View2
2016-09-01 10:57:04,760 DEBUG: 		Start:	 Iteration 3
2016-09-01 10:57:04,767 DEBUG: 			View 0 : 0.675824175824
2016-09-01 10:57:04,775 DEBUG: 			View 1 : 0.642857142857
2016-09-01 10:57:04,782 DEBUG: 			View 2 : 0.736263736264
2016-09-01 10:57:04,789 DEBUG: 			View 3 : 0.71978021978
2016-09-01 10:57:04,833 DEBUG: 			 Best view : 		View2
2016-09-01 10:57:05,042 DEBUG: 		Start:	 Iteration 4
2016-09-01 10:57:05,049 DEBUG: 			View 0 : 0.659340659341
2016-09-01 10:57:05,056 DEBUG: 			View 1 : 0.648351648352
2016-09-01 10:57:05,063 DEBUG: 			View 2 : 0.71978021978
2016-09-01 10:57:05,070 DEBUG: 			View 3 : 0.587912087912
2016-09-01 10:57:05,117 DEBUG: 			 Best view : 		View2
2016-09-01 10:57:05,389 DEBUG: 		Start:	 Iteration 5
2016-09-01 10:57:05,396 DEBUG: 			View 0 : 0.659340659341
2016-09-01 10:57:05,404 DEBUG: 			View 1 : 0.648351648352
2016-09-01 10:57:05,411 DEBUG: 			View 2 : 0.71978021978
2016-09-01 10:57:05,418 DEBUG: 			View 3 : 0.587912087912
2016-09-01 10:57:05,468 DEBUG: 			 Best view : 		View2
2016-09-01 10:57:05,806 DEBUG: 		Start:	 Iteration 6
2016-09-01 10:57:05,813 DEBUG: 			View 0 : 0.697802197802
2016-09-01 10:57:05,821 DEBUG: 			View 1 : 0.653846153846
2016-09-01 10:57:05,828 DEBUG: 			View 2 : 0.67032967033
2016-09-01 10:57:05,835 DEBUG: 			View 3 : 0.675824175824
2016-09-01 10:57:05,887 DEBUG: 			 Best view : 		View0
2016-09-01 10:57:06,292 DEBUG: 		Start:	 Iteration 7
2016-09-01 10:57:06,299 DEBUG: 			View 0 : 0.697802197802
2016-09-01 10:57:06,307 DEBUG: 			View 1 : 0.653846153846
2016-09-01 10:57:06,314 DEBUG: 			View 2 : 0.648351648352
2016-09-01 10:57:06,321 DEBUG: 			View 3 : 0.681318681319
2016-09-01 10:57:06,376 DEBUG: 			 Best view : 		View0
2016-09-01 10:57:06,846 DEBUG: 		Start:	 Iteration 8
2016-09-01 10:57:06,853 DEBUG: 			View 0 : 0.703296703297
2016-09-01 10:57:06,859 DEBUG: 			View 1 : 0.60989010989
2016-09-01 10:57:06,866 DEBUG: 			View 2 : 0.664835164835
2016-09-01 10:57:06,874 DEBUG: 			View 3 : 0.686813186813
2016-09-01 10:57:06,932 DEBUG: 			 Best view : 		View0
2016-09-01 10:57:07,466 DEBUG: 		Start:	 Iteration 9
2016-09-01 10:57:07,473 DEBUG: 			View 0 : 0.703296703297
2016-09-01 10:57:07,480 DEBUG: 			View 1 : 0.576923076923
2016-09-01 10:57:07,487 DEBUG: 			View 2 : 0.697802197802
2016-09-01 10:57:07,495 DEBUG: 			View 3 : 0.642857142857
2016-09-01 10:57:07,555 DEBUG: 			 Best view : 		View2
2016-09-01 10:57:08,158 DEBUG: 		Start:	 Iteration 10
2016-09-01 10:57:08,165 DEBUG: 			View 0 : 0.626373626374
2016-09-01 10:57:08,173 DEBUG: 			View 1 : 0.56043956044
2016-09-01 10:57:08,180 DEBUG: 			View 2 : 0.703296703297
2016-09-01 10:57:08,187 DEBUG: 			View 3 : 0.642857142857
2016-09-01 10:57:08,251 DEBUG: 			 Best view : 		View2
2016-09-01 10:57:08,916 DEBUG: 		Start:	 Iteration 11
2016-09-01 10:57:08,923 DEBUG: 			View 0 : 0.631868131868
2016-09-01 10:57:08,930 DEBUG: 			View 1 : 0.56043956044
2016-09-01 10:57:08,937 DEBUG: 			View 2 : 0.620879120879
2016-09-01 10:57:08,945 DEBUG: 			View 3 : 0.642857142857
2016-09-01 10:57:09,011 DEBUG: 			 Best view : 		View2
2016-09-01 10:57:09,741 DEBUG: 		Start:	 Iteration 12
2016-09-01 10:57:09,748 DEBUG: 			View 0 : 0.631868131868
2016-09-01 10:57:09,756 DEBUG: 			View 1 : 0.648351648352
2016-09-01 10:57:09,763 DEBUG: 			View 2 : 0.714285714286
2016-09-01 10:57:09,770 DEBUG: 			View 3 : 0.642857142857
2016-09-01 10:57:09,840 DEBUG: 			 Best view : 		View2
2016-09-01 10:57:10,636 DEBUG: 		Start:	 Iteration 13
2016-09-01 10:57:10,643 DEBUG: 			View 0 : 0.642857142857
2016-09-01 10:57:10,651 DEBUG: 			View 1 : 0.648351648352
2016-09-01 10:57:10,658 DEBUG: 			View 2 : 0.725274725275
2016-09-01 10:57:10,665 DEBUG: 			View 3 : 0.71978021978
2016-09-01 10:57:10,738 DEBUG: 			 Best view : 		View2
2016-09-01 10:57:11,597 DEBUG: 		Start:	 Iteration 14
2016-09-01 10:57:11,604 DEBUG: 			View 0 : 0.642857142857
2016-09-01 10:57:11,611 DEBUG: 			View 1 : 0.626373626374
2016-09-01 10:57:11,618 DEBUG: 			View 2 : 0.714285714286
2016-09-01 10:57:11,626 DEBUG: 			View 3 : 0.71978021978
2016-09-01 10:57:11,700 DEBUG: 			 Best view : 		View2
2016-09-01 10:57:12,626 INFO: 	Start: 	 Classification
2016-09-01 10:57:14,185 INFO: 	Done: 	 Fold number 2
2016-09-01 10:57:14,185 INFO: 	Start:	 Fold number 3
2016-09-01 10:57:14,389 DEBUG: 		Start:	 Iteration 1
2016-09-01 10:57:14,396 DEBUG: 			View 0 : 0.47311827957
2016-09-01 10:57:14,403 DEBUG: 			View 1 : 0.505376344086
2016-09-01 10:57:14,410 DEBUG: 			View 2 : 0.430107526882
2016-09-01 10:57:14,417 DEBUG: 			View 3 : 0.483870967742
2016-09-01 10:57:14,452 DEBUG: 			 Best view : 		View0
2016-09-01 10:57:14,531 DEBUG: 		Start:	 Iteration 2
2016-09-01 10:57:14,538 DEBUG: 			View 0 : 0.725806451613
2016-09-01 10:57:14,546 DEBUG: 			View 1 : 0.612903225806
2016-09-01 10:57:14,553 DEBUG: 			View 2 : 0.704301075269
2016-09-01 10:57:14,560 DEBUG: 			View 3 : 0.720430107527
2016-09-01 10:57:14,601 DEBUG: 			 Best view : 		View0
2016-09-01 10:57:14,748 DEBUG: 		Start:	 Iteration 3
2016-09-01 10:57:14,755 DEBUG: 			View 0 : 0.725806451613
2016-09-01 10:57:14,762 DEBUG: 			View 1 : 0.612903225806
2016-09-01 10:57:14,769 DEBUG: 			View 2 : 0.704301075269
2016-09-01 10:57:14,777 DEBUG: 			View 3 : 0.720430107527
2016-09-01 10:57:14,822 DEBUG: 			 Best view : 		View0
2016-09-01 10:57:15,035 DEBUG: 		Start:	 Iteration 4
2016-09-01 10:57:15,042 DEBUG: 			View 0 : 0.634408602151
2016-09-01 10:57:15,049 DEBUG: 			View 1 : 0.602150537634
2016-09-01 10:57:15,057 DEBUG: 			View 2 : 0.698924731183
2016-09-01 10:57:15,064 DEBUG: 			View 3 : 0.629032258065
2016-09-01 10:57:15,111 DEBUG: 			 Best view : 		View2
2016-09-01 10:57:15,393 DEBUG: 		Start:	 Iteration 5
2016-09-01 10:57:15,400 DEBUG: 			View 0 : 0.634408602151
2016-09-01 10:57:15,407 DEBUG: 			View 1 : 0.602150537634
2016-09-01 10:57:15,415 DEBUG: 			View 2 : 0.698924731183
2016-09-01 10:57:15,422 DEBUG: 			View 3 : 0.629032258065
2016-09-01 10:57:15,472 DEBUG: 			 Best view : 		View2
2016-09-01 10:57:15,819 DEBUG: 		Start:	 Iteration 6
2016-09-01 10:57:15,826 DEBUG: 			View 0 : 0.677419354839
2016-09-01 10:57:15,833 DEBUG: 			View 1 : 0.688172043011
2016-09-01 10:57:15,840 DEBUG: 			View 2 : 0.666666666667
2016-09-01 10:57:15,848 DEBUG: 			View 3 : 0.677419354839
2016-09-01 10:57:15,902 DEBUG: 			 Best view : 		View0
2016-09-01 10:57:16,314 DEBUG: 		Start:	 Iteration 7
2016-09-01 10:57:16,321 DEBUG: 			View 0 : 0.677419354839
2016-09-01 10:57:16,328 DEBUG: 			View 1 : 0.688172043011
2016-09-01 10:57:16,335 DEBUG: 			View 2 : 0.645161290323
2016-09-01 10:57:16,343 DEBUG: 			View 3 : 0.677419354839
2016-09-01 10:57:16,399 DEBUG: 			 Best view : 		View3
2016-09-01 10:57:16,881 DEBUG: 		Start:	 Iteration 8
2016-09-01 10:57:16,889 DEBUG: 			View 0 : 0.677419354839
2016-09-01 10:57:16,896 DEBUG: 			View 1 : 0.693548387097
2016-09-01 10:57:16,903 DEBUG: 			View 2 : 0.709677419355
2016-09-01 10:57:16,910 DEBUG: 			View 3 : 0.725806451613
2016-09-01 10:57:16,969 DEBUG: 			 Best view : 		View3
2016-09-01 10:57:17,514 DEBUG: 		Start:	 Iteration 9
2016-09-01 10:57:17,522 DEBUG: 			View 0 : 0.688172043011
2016-09-01 10:57:17,529 DEBUG: 			View 1 : 0.693548387097
2016-09-01 10:57:17,536 DEBUG: 			View 2 : 0.709677419355
2016-09-01 10:57:17,544 DEBUG: 			View 3 : 0.720430107527
2016-09-01 10:57:17,605 DEBUG: 			 Best view : 		View3
2016-09-01 10:57:18,219 DEBUG: 		Start:	 Iteration 10
2016-09-01 10:57:18,227 DEBUG: 			View 0 : 0.688172043011
2016-09-01 10:57:18,233 DEBUG: 			View 1 : 0.591397849462
2016-09-01 10:57:18,241 DEBUG: 			View 2 : 0.688172043011
2016-09-01 10:57:18,249 DEBUG: 			View 3 : 0.672043010753
2016-09-01 10:57:18,314 DEBUG: 			 Best view : 		View2
2016-09-01 10:57:18,994 DEBUG: 		Start:	 Iteration 11
2016-09-01 10:57:19,001 DEBUG: 			View 0 : 0.682795698925
2016-09-01 10:57:19,008 DEBUG: 			View 1 : 0.612903225806
2016-09-01 10:57:19,015 DEBUG: 			View 2 : 0.693548387097
2016-09-01 10:57:19,023 DEBUG: 			View 3 : 0.698924731183
2016-09-01 10:57:19,090 DEBUG: 			 Best view : 		View3
2016-09-01 10:57:19,840 DEBUG: 		Start:	 Iteration 12
2016-09-01 10:57:19,847 DEBUG: 			View 0 : 0.682795698925
2016-09-01 10:57:19,855 DEBUG: 			View 1 : 0.612903225806
2016-09-01 10:57:19,862 DEBUG: 			View 2 : 0.709677419355
2016-09-01 10:57:19,870 DEBUG: 			View 3 : 0.698924731183
2016-09-01 10:57:19,939 DEBUG: 			 Best view : 		View3
2016-09-01 10:57:20,756 DEBUG: 		Start:	 Iteration 13
2016-09-01 10:57:20,763 DEBUG: 			View 0 : 0.677419354839
2016-09-01 10:57:20,771 DEBUG: 			View 1 : 0.661290322581
2016-09-01 10:57:20,777 DEBUG: 			View 2 : 0.704301075269
2016-09-01 10:57:20,785 DEBUG: 			View 3 : 0.655913978495
2016-09-01 10:57:20,858 DEBUG: 			 Best view : 		View0
2016-09-01 10:57:21,739 INFO: 	Start: 	 Classification
2016-09-01 10:57:23,207 INFO: 	Done: 	 Fold number 3
2016-09-01 10:57:23,208 INFO: 	Start:	 Fold number 4
2016-09-01 10:57:23,406 DEBUG: 		Start:	 Iteration 1
2016-09-01 10:57:23,413 DEBUG: 			View 0 : 0.444444444444
2016-09-01 10:57:23,419 DEBUG: 			View 1 : 0.477777777778
2016-09-01 10:57:23,426 DEBUG: 			View 2 : 0.433333333333
2016-09-01 10:57:23,433 DEBUG: 			View 3 : 0.494444444444
2016-09-01 10:57:23,433 WARNING: 		WARNING:	All bad for iteration 0
2016-09-01 10:57:23,467 DEBUG: 			 Best view : 		View0
2016-09-01 10:57:23,544 DEBUG: 		Start:	 Iteration 2
2016-09-01 10:57:23,551 DEBUG: 			View 0 : 0.716666666667
2016-09-01 10:57:23,558 DEBUG: 			View 1 : 0.694444444444
2016-09-01 10:57:23,565 DEBUG: 			View 2 : 0.722222222222
2016-09-01 10:57:23,572 DEBUG: 			View 3 : 0.733333333333
2016-09-01 10:57:23,612 DEBUG: 			 Best view : 		View3
2016-09-01 10:57:23,755 DEBUG: 		Start:	 Iteration 3
2016-09-01 10:57:23,762 DEBUG: 			View 0 : 0.716666666667
2016-09-01 10:57:23,769 DEBUG: 			View 1 : 0.694444444444
2016-09-01 10:57:23,776 DEBUG: 			View 2 : 0.722222222222
2016-09-01 10:57:23,783 DEBUG: 			View 3 : 0.733333333333
2016-09-01 10:57:23,827 DEBUG: 			 Best view : 		View3
2016-09-01 10:57:24,034 DEBUG: 		Start:	 Iteration 4
2016-09-01 10:57:24,041 DEBUG: 			View 0 : 0.65
2016-09-01 10:57:24,048 DEBUG: 			View 1 : 0.7
2016-09-01 10:57:24,055 DEBUG: 			View 2 : 0.661111111111
2016-09-01 10:57:24,062 DEBUG: 			View 3 : 0.677777777778
2016-09-01 10:57:24,108 DEBUG: 			 Best view : 		View3
2016-09-01 10:57:24,383 DEBUG: 		Start:	 Iteration 5
2016-09-01 10:57:24,390 DEBUG: 			View 0 : 0.65
2016-09-01 10:57:24,397 DEBUG: 			View 1 : 0.7
2016-09-01 10:57:24,404 DEBUG: 			View 2 : 0.661111111111
2016-09-01 10:57:24,411 DEBUG: 			View 3 : 0.677777777778
2016-09-01 10:57:24,460 DEBUG: 			 Best view : 		View3
2016-09-01 10:57:24,795 DEBUG: 		Start:	 Iteration 6
2016-09-01 10:57:24,802 DEBUG: 			View 0 : 0.622222222222
2016-09-01 10:57:24,809 DEBUG: 			View 1 : 0.644444444444
2016-09-01 10:57:24,816 DEBUG: 			View 2 : 0.672222222222
2016-09-01 10:57:24,823 DEBUG: 			View 3 : 0.711111111111
2016-09-01 10:57:24,875 DEBUG: 			 Best view : 		View3
2016-09-01 10:57:25,274 DEBUG: 		Start:	 Iteration 7
2016-09-01 10:57:25,281 DEBUG: 			View 0 : 0.622222222222
2016-09-01 10:57:25,291 DEBUG: 			View 1 : 0.588888888889
2016-09-01 10:57:25,300 DEBUG: 			View 2 : 0.661111111111
2016-09-01 10:57:25,307 DEBUG: 			View 3 : 0.711111111111
2016-09-01 10:57:25,362 DEBUG: 			 Best view : 		View3
2016-09-01 10:57:25,829 DEBUG: 		Start:	 Iteration 8
2016-09-01 10:57:25,836 DEBUG: 			View 0 : 0.611111111111
2016-09-01 10:57:25,843 DEBUG: 			View 1 : 0.644444444444
2016-09-01 10:57:25,850 DEBUG: 			View 2 : 0.666666666667
2016-09-01 10:57:25,857 DEBUG: 			View 3 : 0.683333333333
2016-09-01 10:57:25,914 DEBUG: 			 Best view : 		View2
2016-09-01 10:57:26,443 DEBUG: 		Start:	 Iteration 9
2016-09-01 10:57:26,450 DEBUG: 			View 0 : 0.622222222222
2016-09-01 10:57:26,457 DEBUG: 			View 1 : 0.655555555556
2016-09-01 10:57:26,464 DEBUG: 			View 2 : 0.672222222222
2016-09-01 10:57:26,471 DEBUG: 			View 3 : 0.716666666667
2016-09-01 10:57:26,532 DEBUG: 			 Best view : 		View3
2016-09-01 10:57:27,125 DEBUG: 		Start:	 Iteration 10
2016-09-01 10:57:27,132 DEBUG: 			View 0 : 0.622222222222
2016-09-01 10:57:27,139 DEBUG: 			View 1 : 0.683333333333
2016-09-01 10:57:27,146 DEBUG: 			View 2 : 0.672222222222
2016-09-01 10:57:27,153 DEBUG: 			View 3 : 0.683333333333
2016-09-01 10:57:27,217 DEBUG: 			 Best view : 		View1
2016-09-01 10:57:27,887 DEBUG: 		Start:	 Iteration 11
2016-09-01 10:57:27,894 DEBUG: 			View 0 : 0.611111111111
2016-09-01 10:57:27,901 DEBUG: 			View 1 : 0.683333333333
2016-09-01 10:57:27,908 DEBUG: 			View 2 : 0.694444444444
2016-09-01 10:57:27,915 DEBUG: 			View 3 : 0.672222222222
2016-09-01 10:57:27,981 DEBUG: 			 Best view : 		View2
2016-09-01 10:57:28,705 DEBUG: 		Start:	 Iteration 12
2016-09-01 10:57:28,712 DEBUG: 			View 0 : 0.65
2016-09-01 10:57:28,719 DEBUG: 			View 1 : 0.638888888889
2016-09-01 10:57:28,726 DEBUG: 			View 2 : 0.694444444444
2016-09-01 10:57:28,733 DEBUG: 			View 3 : 0.688888888889
2016-09-01 10:57:28,803 DEBUG: 			 Best view : 		View2
2016-09-01 10:57:29,591 INFO: 	Start: 	 Classification
2016-09-01 10:57:30,923 INFO: 	Done: 	 Fold number 4
2016-09-01 10:57:30,924 INFO: 	Start:	 Fold number 5
2016-09-01 10:57:31,122 DEBUG: 		Start:	 Iteration 1
2016-09-01 10:57:31,129 DEBUG: 			View 0 : 0.505617977528
2016-09-01 10:57:31,135 DEBUG: 			View 1 : 0.550561797753
2016-09-01 10:57:31,142 DEBUG: 			View 2 : 0.460674157303
2016-09-01 10:57:31,149 DEBUG: 			View 3 : 0.567415730337
2016-09-01 10:57:31,183 DEBUG: 			 Best view : 		View1
2016-09-01 10:57:31,259 DEBUG: 		Start:	 Iteration 2
2016-09-01 10:57:31,266 DEBUG: 			View 0 : 0.679775280899
2016-09-01 10:57:31,273 DEBUG: 			View 1 : 0.674157303371
2016-09-01 10:57:31,280 DEBUG: 			View 2 : 0.696629213483
2016-09-01 10:57:31,287 DEBUG: 			View 3 : 0.719101123596
2016-09-01 10:57:31,327 DEBUG: 			 Best view : 		View3
2016-09-01 10:57:31,468 DEBUG: 		Start:	 Iteration 3
2016-09-01 10:57:31,475 DEBUG: 			View 0 : 0.679775280899
2016-09-01 10:57:31,482 DEBUG: 			View 1 : 0.674157303371
2016-09-01 10:57:31,489 DEBUG: 			View 2 : 0.696629213483
2016-09-01 10:57:31,496 DEBUG: 			View 3 : 0.719101123596
2016-09-01 10:57:31,539 DEBUG: 			 Best view : 		View3
2016-09-01 10:57:31,745 DEBUG: 		Start:	 Iteration 4
2016-09-01 10:57:31,752 DEBUG: 			View 0 : 0.606741573034
2016-09-01 10:57:31,759 DEBUG: 			View 1 : 0.595505617978
2016-09-01 10:57:31,766 DEBUG: 			View 2 : 0.702247191011
2016-09-01 10:57:31,773 DEBUG: 			View 3 : 0.674157303371
2016-09-01 10:57:31,820 DEBUG: 			 Best view : 		View2
2016-09-01 10:57:32,089 DEBUG: 		Start:	 Iteration 5
2016-09-01 10:57:32,096 DEBUG: 			View 0 : 0.606741573034
2016-09-01 10:57:32,103 DEBUG: 			View 1 : 0.595505617978
2016-09-01 10:57:32,110 DEBUG: 			View 2 : 0.702247191011
2016-09-01 10:57:32,117 DEBUG: 			View 3 : 0.674157303371
2016-09-01 10:57:32,166 DEBUG: 			 Best view : 		View2
2016-09-01 10:57:32,497 DEBUG: 		Start:	 Iteration 6
2016-09-01 10:57:32,504 DEBUG: 			View 0 : 0.662921348315
2016-09-01 10:57:32,512 DEBUG: 			View 1 : 0.668539325843
2016-09-01 10:57:32,518 DEBUG: 			View 2 : 0.662921348315
2016-09-01 10:57:32,526 DEBUG: 			View 3 : 0.696629213483
2016-09-01 10:57:32,577 DEBUG: 			 Best view : 		View3
2016-09-01 10:57:32,972 DEBUG: 		Start:	 Iteration 7
2016-09-01 10:57:32,979 DEBUG: 			View 0 : 0.662921348315
2016-09-01 10:57:32,986 DEBUG: 			View 1 : 0.696629213483
2016-09-01 10:57:32,993 DEBUG: 			View 2 : 0.662921348315
2016-09-01 10:57:33,000 DEBUG: 			View 3 : 0.696629213483
2016-09-01 10:57:33,054 DEBUG: 			 Best view : 		View3
2016-09-01 10:57:33,517 DEBUG: 		Start:	 Iteration 8
2016-09-01 10:57:33,524 DEBUG: 			View 0 : 0.651685393258
2016-09-01 10:57:33,531 DEBUG: 			View 1 : 0.668539325843
2016-09-01 10:57:33,538 DEBUG: 			View 2 : 0.662921348315
2016-09-01 10:57:33,545 DEBUG: 			View 3 : 0.707865168539
2016-09-01 10:57:33,602 DEBUG: 			 Best view : 		View3
2016-09-01 10:57:34,124 DEBUG: 		Start:	 Iteration 9
2016-09-01 10:57:34,131 DEBUG: 			View 0 : 0.662921348315
2016-09-01 10:57:34,139 DEBUG: 			View 1 : 0.668539325843
2016-09-01 10:57:34,145 DEBUG: 			View 2 : 0.679775280899
2016-09-01 10:57:34,153 DEBUG: 			View 3 : 0.707865168539
2016-09-01 10:57:34,212 DEBUG: 			 Best view : 		View3
2016-09-01 10:57:34,803 DEBUG: 		Start:	 Iteration 10
2016-09-01 10:57:34,811 DEBUG: 			View 0 : 0.662921348315
2016-09-01 10:57:34,818 DEBUG: 			View 1 : 0.696629213483
2016-09-01 10:57:34,825 DEBUG: 			View 2 : 0.679775280899
2016-09-01 10:57:34,833 DEBUG: 			View 3 : 0.713483146067
2016-09-01 10:57:34,896 DEBUG: 			 Best view : 		View3
2016-09-01 10:57:35,551 DEBUG: 		Start:	 Iteration 11
2016-09-01 10:57:35,559 DEBUG: 			View 0 : 0.662921348315
2016-09-01 10:57:35,566 DEBUG: 			View 1 : 0.696629213483
2016-09-01 10:57:35,573 DEBUG: 			View 2 : 0.679775280899
2016-09-01 10:57:35,580 DEBUG: 			View 3 : 0.719101123596
2016-09-01 10:57:35,651 DEBUG: 			 Best view : 		View3
2016-09-01 10:57:36,402 DEBUG: 		Start:	 Iteration 12
2016-09-01 10:57:36,409 DEBUG: 			View 0 : 0.651685393258
2016-09-01 10:57:36,416 DEBUG: 			View 1 : 0.668539325843
2016-09-01 10:57:36,424 DEBUG: 			View 2 : 0.651685393258
2016-09-01 10:57:36,431 DEBUG: 			View 3 : 0.696629213483
2016-09-01 10:57:36,501 DEBUG: 			 Best view : 		View3
2016-09-01 10:57:37,313 INFO: 	Start: 	 Classification
2016-09-01 10:57:38,702 INFO: 	Done: 	 Fold number 5
2016-09-01 10:57:38,702 INFO: Done:	 Classification
2016-09-01 10:57:38,703 INFO: Info:	 Time for Classification: 43[s]
2016-09-01 10:57:38,703 INFO: Start:	 Result Analysis for Mumbo
2016-09-01 10:57:46,405 INFO: 		Result for Multiview classification with Mumbo

Average accuracy :
	-On Train : 81.5158825307
	-On Test : 46.8292682927
	-On Validation : 69.2134831461Dataset info :
	-Dataset name : Fake
	-Labels : Methyl, MiRNA_, RNASeq, Clinic
	-Views : View0 of shape (300, 14), View1 of shape (300, 8), View2 of shape (300, 12), View3 of shape (300, 16)
	-5 folds
	- Validation set length : 89 for learning rate : 0.7 on a total number of examples of 300



Mumbo configuration : 
	-Used 1 core(s)
	-Iterations : min 1, max 100, threshold 0.002
	-Weak Classifiers : DecisionTree with depth 3,  sub-sampled at 1.0 on View0
		-DecisionTree with depth 3,  sub-sampled at 1.0 on View1
		-DecisionTree with depth 3,  sub-sampled at 1.0 on View2
		-DecisionTree with depth 3,  sub-sampled at 1.0 on View3



Computation time on 1 cores : 
	Database extraction time : 0:00:00
	                         Learn     Prediction
	         Fold 1        0:00:07        0:00:01
	         Fold 2        0:00:17        0:00:01
	         Fold 3        0:00:26        0:00:01
	         Fold 4        0:00:34        0:00:01
	         Fold 5        0:00:42        0:00:01
	          Total        0:02:08        0:00:07
	So a total classification time of 0:00:43.



Mean average accuracies and stats for each fold :
	- Fold 0, used 14
		- On View0 : 
			- Mean average Accuracy : 0.0847311827957
			- Percentage of time chosen : 0.92
		- On View1 : 
			- Mean average Accuracy : 0.081935483871
			- Percentage of time chosen : 0.01
		- On View2 : 
			- Mean average Accuracy : 0.0851612903226
			- Percentage of time chosen : 0.03
		- On View3 : 
			- Mean average Accuracy : 0.0855913978495
			- Percentage of time chosen : 0.04
	- Fold 1, used 15
		- On View0 : 
			- Mean average Accuracy : 0.0910989010989
			- Percentage of time chosen : 0.89
		- On View1 : 
			- Mean average Accuracy : 0.0860989010989
			- Percentage of time chosen : 0.0
		- On View2 : 
			- Mean average Accuracy : 0.0958241758242
			- Percentage of time chosen : 0.11
		- On View3 : 
			- Mean average Accuracy : 0.0919230769231
			- Percentage of time chosen : 0.0
	- Fold 2, used 14
		- On View0 : 
			- Mean average Accuracy : 0.0864516129032
			- Percentage of time chosen : 0.92
		- On View1 : 
			- Mean average Accuracy : 0.0817741935484
			- Percentage of time chosen : 0.0
		- On View2 : 
			- Mean average Accuracy : 0.0876344086022
			- Percentage of time chosen : 0.03
		- On View3 : 
			- Mean average Accuracy : 0.0870967741935
			- Percentage of time chosen : 0.05
	- Fold 3, used 13
		- On View0 : 
			- Mean average Accuracy : 0.0753888888889
			- Percentage of time chosen : 0.89
		- On View1 : 
			- Mean average Accuracy : 0.0780555555556
			- Percentage of time chosen : 0.01
		- On View2 : 
			- Mean average Accuracy : 0.0793333333333
			- Percentage of time chosen : 0.03
		- On View3 : 
			- Mean average Accuracy : 0.0818333333333
			- Percentage of time chosen : 0.07
	- Fold 4, used 13
		- On View0 : 
			- Mean average Accuracy : 0.0769662921348
			- Percentage of time chosen : 0.88
		- On View1 : 
			- Mean average Accuracy : 0.0785393258427
			- Percentage of time chosen : 0.01
		- On View2 : 
			- Mean average Accuracy : 0.0793820224719
			- Percentage of time chosen : 0.02
		- On View3 : 
			- Mean average Accuracy : 0.0829213483146
			- Percentage of time chosen : 0.09

 For each iteration : 
	- Iteration 13
		 Fold 4
			Accuracy on train : 48.3333333333
			Accuracy on test : 0.0
			Accuracy on validation : 48.3146067416
			Selected View : View0
		 Fold 5
			Accuracy on train : 48.3146067416
			Accuracy on test : 0.0
			Accuracy on validation : 48.3146067416
			Selected View : View0
2016-09-01 10:57:46,644 INFO: Done:	 Result Analysis
