2016-09-01 10:25:47,429 INFO: Start:	 Finding all available mono- & multiview algorithms
2016-09-01 10:25:47,431 INFO: ### Main Programm for Multiview Classification
2016-09-01 10:25:47,431 INFO: ### Classification - Database : Fake ; Views : Methyl, MiRNA_, RNASeq, Clinic ; Algorithm : Mumbo ; Cores : 1
2016-09-01 10:25:47,431 INFO: Info:	 Shape of View0 :(300, 18)
2016-09-01 10:25:47,432 INFO: Info:	 Shape of View1 :(300, 14)
2016-09-01 10:25:47,432 INFO: Info:	 Shape of View2 :(300, 19)
2016-09-01 10:25:47,433 INFO: Info:	 Shape of View3 :(300, 10)
2016-09-01 10:25:47,433 INFO: Done:	 Read Database Files
2016-09-01 10:25:47,433 INFO: Start:	 Determine validation split for ratio 0.7
2016-09-01 10:25:47,443 INFO: Done:	 Determine validation split
2016-09-01 10:25:47,443 INFO: Start:	 Determine 5 folds
2016-09-01 10:25:47,464 INFO: Info:	 Length of Learning Sets: 175
2016-09-01 10:25:47,464 INFO: Info:	 Length of Testing Sets: 38
2016-09-01 10:25:47,464 INFO: Info:	 Length of Validation Set: 87
2016-09-01 10:25:47,464 INFO: Done:	 Determine folds
2016-09-01 10:25:47,464 INFO: Start:	 Learning with Mumbo and 5 folds
2016-09-01 10:25:47,464 INFO: 	Start:	 Fold number 1
2016-09-01 10:25:55,460 DEBUG: 		Start:	 Iteration 1
2016-09-01 10:25:55,468 DEBUG: 			View 0 : 0.11170212766
2016-09-01 10:25:55,477 DEBUG: 			View 1 : 0.106382978723
2016-09-01 10:25:55,485 DEBUG: 			View 2 : 0.122340425532
2016-09-01 10:25:55,493 DEBUG: 			View 3 : 0.106382978723
2016-09-01 10:25:55,493 WARNING: 		WARNING:	All bad for iteration 0
2016-09-01 10:25:55,742 DEBUG: 			 Best view : 		View3
2016-09-01 10:25:55,864 DEBUG: 		Start:	 Iteration 2
2016-09-01 10:25:55,872 DEBUG: 			View 0 : 0.276595744681
2016-09-01 10:25:55,880 DEBUG: 			View 1 : 0.276595744681
2016-09-01 10:25:55,889 DEBUG: 			View 2 : 0.244680851064
2016-09-01 10:25:55,898 DEBUG: 			View 3 : 0.265957446809
2016-09-01 10:25:55,898 WARNING: 		WARNING:	All bad for iteration 1
2016-09-01 10:25:56,146 DEBUG: 			 Best view : 		View0
2016-09-01 10:25:56,339 DEBUG: 		Start:	 Iteration 3
2016-09-01 10:25:56,347 DEBUG: 			View 0 : 0.276595744681
2016-09-01 10:25:56,356 DEBUG: 			View 1 : 0.276595744681
2016-09-01 10:25:56,364 DEBUG: 			View 2 : 0.244680851064
2016-09-01 10:25:56,372 DEBUG: 			View 3 : 0.265957446809
2016-09-01 10:25:56,372 WARNING: 		WARNING:	All bad for iteration 2
2016-09-01 10:25:56,635 DEBUG: 			 Best view : 		View0
2016-09-01 10:25:56,896 DEBUG: 		Start:	 Iteration 4
2016-09-01 10:25:56,904 DEBUG: 			View 0 : 0.276595744681
2016-09-01 10:25:56,913 DEBUG: 			View 1 : 0.276595744681
2016-09-01 10:25:56,921 DEBUG: 			View 2 : 0.244680851064
2016-09-01 10:25:56,929 DEBUG: 			View 3 : 0.265957446809
2016-09-01 10:25:56,929 WARNING: 		WARNING:	All bad for iteration 3
2016-09-01 10:25:57,196 DEBUG: 			 Best view : 		View0
2016-09-01 10:25:57,529 DEBUG: 		Start:	 Iteration 5
2016-09-01 10:25:57,537 DEBUG: 			View 0 : 0.276595744681
2016-09-01 10:25:57,545 DEBUG: 			View 1 : 0.276595744681
2016-09-01 10:25:57,554 DEBUG: 			View 2 : 0.244680851064
2016-09-01 10:25:57,562 DEBUG: 			View 3 : 0.265957446809
2016-09-01 10:25:57,562 WARNING: 		WARNING:	All bad for iteration 4
2016-09-01 10:25:57,837 DEBUG: 			 Best view : 		View0
2016-09-01 10:25:58,236 DEBUG: 		Start:	 Iteration 6
2016-09-01 10:25:58,244 DEBUG: 			View 0 : 0.276595744681
2016-09-01 10:25:58,252 DEBUG: 			View 1 : 0.276595744681
2016-09-01 10:25:58,261 DEBUG: 			View 2 : 0.244680851064
2016-09-01 10:25:58,269 DEBUG: 			View 3 : 0.265957446809
2016-09-01 10:25:58,269 WARNING: 		WARNING:	All bad for iteration 5
2016-09-01 10:25:58,554 DEBUG: 			 Best view : 		View0
2016-09-01 10:25:59,024 DEBUG: 		Start:	 Iteration 7
2016-09-01 10:25:59,033 DEBUG: 			View 0 : 0.276595744681
2016-09-01 10:25:59,041 DEBUG: 			View 1 : 0.276595744681
2016-09-01 10:25:59,049 DEBUG: 			View 2 : 0.244680851064
2016-09-01 10:25:59,058 DEBUG: 			View 3 : 0.265957446809
2016-09-01 10:25:59,058 WARNING: 		WARNING:	All bad for iteration 6
2016-09-01 10:25:59,350 DEBUG: 			 Best view : 		View0
2016-09-01 10:25:59,895 DEBUG: 		Start:	 Iteration 8
2016-09-01 10:25:59,903 DEBUG: 			View 0 : 0.276595744681
2016-09-01 10:25:59,911 DEBUG: 			View 1 : 0.276595744681
2016-09-01 10:25:59,920 DEBUG: 			View 2 : 0.244680851064
2016-09-01 10:25:59,928 DEBUG: 			View 3 : 0.265957446809
2016-09-01 10:25:59,928 WARNING: 		WARNING:	All bad for iteration 7
2016-09-01 10:26:00,239 DEBUG: 			 Best view : 		View0
2016-09-01 10:26:00,854 DEBUG: 		Start:	 Iteration 9
2016-09-01 10:26:00,862 DEBUG: 			View 0 : 0.276595744681
2016-09-01 10:26:00,871 DEBUG: 			View 1 : 0.276595744681
2016-09-01 10:26:00,879 DEBUG: 			View 2 : 0.244680851064
2016-09-01 10:26:00,887 DEBUG: 			View 3 : 0.265957446809
2016-09-01 10:26:00,888 WARNING: 		WARNING:	All bad for iteration 8
2016-09-01 10:26:01,198 DEBUG: 			 Best view : 		View0
2016-09-01 10:26:01,876 DEBUG: 		Start:	 Iteration 10
2016-09-01 10:26:01,884 DEBUG: 			View 0 : 0.276595744681
2016-09-01 10:26:01,892 DEBUG: 			View 1 : 0.276595744681
2016-09-01 10:26:01,901 DEBUG: 			View 2 : 0.244680851064
2016-09-01 10:26:01,909 DEBUG: 			View 3 : 0.265957446809
2016-09-01 10:26:01,909 WARNING: 		WARNING:	All bad for iteration 9
2016-09-01 10:26:02,227 DEBUG: 			 Best view : 		View0
2016-09-01 10:26:02,972 DEBUG: 		Start:	 Iteration 11
2016-09-01 10:26:02,980 DEBUG: 			View 0 : 0.276595744681
2016-09-01 10:26:02,988 DEBUG: 			View 1 : 0.276595744681
2016-09-01 10:26:02,997 DEBUG: 			View 2 : 0.244680851064
2016-09-01 10:26:03,005 DEBUG: 			View 3 : 0.265957446809
2016-09-01 10:26:03,005 WARNING: 		WARNING:	All bad for iteration 10
2016-09-01 10:26:03,334 DEBUG: 			 Best view : 		View0
2016-09-01 10:26:04,151 DEBUG: 		Start:	 Iteration 12
2016-09-01 10:26:04,159 DEBUG: 			View 0 : 0.276595744681
2016-09-01 10:26:04,167 DEBUG: 			View 1 : 0.276595744681
2016-09-01 10:26:04,176 DEBUG: 			View 2 : 0.244680851064
2016-09-01 10:26:04,184 DEBUG: 			View 3 : 0.265957446809
2016-09-01 10:26:04,184 WARNING: 		WARNING:	All bad for iteration 11
2016-09-01 10:26:04,535 DEBUG: 			 Best view : 		View0
2016-09-01 10:26:05,493 DEBUG: 		Start:	 Iteration 13
2016-09-01 10:26:05,501 DEBUG: 			View 0 : 0.276595744681
2016-09-01 10:26:05,509 DEBUG: 			View 1 : 0.276595744681
2016-09-01 10:26:05,518 DEBUG: 			View 2 : 0.244680851064
2016-09-01 10:26:05,526 DEBUG: 			View 3 : 0.265957446809
2016-09-01 10:26:05,527 WARNING: 		WARNING:	All bad for iteration 12
2016-09-01 10:26:05,878 DEBUG: 			 Best view : 		View0
2016-09-01 10:26:06,849 DEBUG: 		Start:	 Iteration 14
2016-09-01 10:26:06,859 DEBUG: 			View 0 : 0.276595744681
2016-09-01 10:26:06,868 DEBUG: 			View 1 : 0.276595744681
2016-09-01 10:26:06,876 DEBUG: 			View 2 : 0.244680851064
2016-09-01 10:26:06,884 DEBUG: 			View 3 : 0.265957446809
2016-09-01 10:26:06,885 WARNING: 		WARNING:	All bad for iteration 13
2016-09-01 10:26:07,265 DEBUG: 			 Best view : 		View0
2016-09-01 10:26:08,412 DEBUG: 		Start:	 Iteration 15
2016-09-01 10:26:08,421 DEBUG: 			View 0 : 0.276595744681
2016-09-01 10:26:08,430 DEBUG: 			View 1 : 0.276595744681
2016-09-01 10:26:08,439 DEBUG: 			View 2 : 0.244680851064
2016-09-01 10:26:08,449 DEBUG: 			View 3 : 0.265957446809
2016-09-01 10:26:08,449 WARNING: 		WARNING:	All bad for iteration 14
2016-09-01 10:26:08,827 DEBUG: 			 Best view : 		View0
2016-09-01 10:26:09,937 DEBUG: 		Start:	 Iteration 16
2016-09-01 10:26:09,945 DEBUG: 			View 0 : 0.276595744681
2016-09-01 10:26:09,954 DEBUG: 			View 1 : 0.276595744681
2016-09-01 10:26:09,962 DEBUG: 			View 2 : 0.244680851064
2016-09-01 10:26:09,971 DEBUG: 			View 3 : 0.265957446809
2016-09-01 10:26:09,971 WARNING: 		WARNING:	All bad for iteration 15
2016-09-01 10:26:10,350 DEBUG: 			 Best view : 		View0
2016-09-01 10:26:11,540 DEBUG: 		Start:	 Iteration 17
2016-09-01 10:26:11,548 DEBUG: 			View 0 : 0.276595744681
2016-09-01 10:26:11,557 DEBUG: 			View 1 : 0.276595744681
2016-09-01 10:26:11,565 DEBUG: 			View 2 : 0.244680851064
2016-09-01 10:26:11,574 DEBUG: 			View 3 : 0.265957446809
2016-09-01 10:26:11,574 WARNING: 		WARNING:	All bad for iteration 16
2016-09-01 10:26:11,962 DEBUG: 			 Best view : 		View0
2016-09-01 10:26:13,204 DEBUG: 		Start:	 Iteration 18
2016-09-01 10:26:13,212 DEBUG: 			View 0 : 0.276595744681
2016-09-01 10:26:13,220 DEBUG: 			View 1 : 0.276595744681
2016-09-01 10:26:13,229 DEBUG: 			View 2 : 0.244680851064
2016-09-01 10:26:13,237 DEBUG: 			View 3 : 0.265957446809
2016-09-01 10:26:13,237 WARNING: 		WARNING:	All bad for iteration 17
2016-09-01 10:26:13,634 DEBUG: 			 Best view : 		View0
2016-09-01 10:26:14,957 DEBUG: 		Start:	 Iteration 19
2016-09-01 10:26:14,965 DEBUG: 			View 0 : 0.276595744681
2016-09-01 10:26:14,973 DEBUG: 			View 1 : 0.276595744681
2016-09-01 10:26:14,982 DEBUG: 			View 2 : 0.244680851064
2016-09-01 10:26:14,990 DEBUG: 			View 3 : 0.265957446809
2016-09-01 10:26:14,990 WARNING: 		WARNING:	All bad for iteration 18
2016-09-01 10:26:15,392 DEBUG: 			 Best view : 		View0
2016-09-01 10:26:16,765 DEBUG: 		Start:	 Iteration 20
2016-09-01 10:26:16,774 DEBUG: 			View 0 : 0.276595744681
2016-09-01 10:26:16,782 DEBUG: 			View 1 : 0.276595744681
2016-09-01 10:26:16,791 DEBUG: 			View 2 : 0.244680851064
2016-09-01 10:26:16,799 DEBUG: 			View 3 : 0.265957446809
2016-09-01 10:26:16,799 WARNING: 		WARNING:	All bad for iteration 19
2016-09-01 10:26:17,202 DEBUG: 			 Best view : 		View0
2016-09-01 10:26:18,654 DEBUG: 		Start:	 Iteration 21
2016-09-01 10:26:18,663 DEBUG: 			View 0 : 0.276595744681
2016-09-01 10:26:18,671 DEBUG: 			View 1 : 0.276595744681
2016-09-01 10:26:18,680 DEBUG: 			View 2 : 0.244680851064
2016-09-01 10:26:18,688 DEBUG: 			View 3 : 0.265957446809
2016-09-01 10:26:18,688 WARNING: 		WARNING:	All bad for iteration 20
2016-09-01 10:26:19,102 DEBUG: 			 Best view : 		View0
2016-09-01 10:26:20,638 DEBUG: 		Start:	 Iteration 22
2016-09-01 10:26:20,647 DEBUG: 			View 0 : 0.276595744681
2016-09-01 10:26:20,656 DEBUG: 			View 1 : 0.276595744681
2016-09-01 10:26:20,664 DEBUG: 			View 2 : 0.244680851064
2016-09-01 10:26:20,672 DEBUG: 			View 3 : 0.265957446809
2016-09-01 10:26:20,673 WARNING: 		WARNING:	All bad for iteration 21
2016-09-01 10:26:21,104 DEBUG: 			 Best view : 		View0
2016-09-01 10:26:22,680 DEBUG: 		Start:	 Iteration 23
2016-09-01 10:26:22,688 DEBUG: 			View 0 : 0.276595744681
2016-09-01 10:26:22,696 DEBUG: 			View 1 : 0.276595744681
2016-09-01 10:26:22,705 DEBUG: 			View 2 : 0.244680851064
2016-09-01 10:26:22,713 DEBUG: 			View 3 : 0.265957446809
2016-09-01 10:26:22,713 WARNING: 		WARNING:	All bad for iteration 22
2016-09-01 10:26:23,143 DEBUG: 			 Best view : 		View0
2016-09-01 10:26:24,781 DEBUG: 		Start:	 Iteration 24
2016-09-01 10:26:24,789 DEBUG: 			View 0 : 0.276595744681
2016-09-01 10:26:24,798 DEBUG: 			View 1 : 0.276595744681
2016-09-01 10:26:24,806 DEBUG: 			View 2 : 0.244680851064
2016-09-01 10:26:24,815 DEBUG: 			View 3 : 0.265957446809
2016-09-01 10:26:24,815 WARNING: 		WARNING:	All bad for iteration 23
2016-09-01 10:26:25,248 DEBUG: 			 Best view : 		View0
2016-09-01 10:26:26,957 DEBUG: 		Start:	 Iteration 25
2016-09-01 10:26:26,965 DEBUG: 			View 0 : 0.276595744681
2016-09-01 10:26:26,974 DEBUG: 			View 1 : 0.276595744681
2016-09-01 10:26:26,982 DEBUG: 			View 2 : 0.244680851064
2016-09-01 10:26:26,990 DEBUG: 			View 3 : 0.265957446809
2016-09-01 10:26:26,990 WARNING: 		WARNING:	All bad for iteration 24
2016-09-01 10:26:27,448 DEBUG: 			 Best view : 		View0
2016-09-01 10:26:29,393 DEBUG: 		Start:	 Iteration 26
2016-09-01 10:26:29,401 DEBUG: 			View 0 : 0.276595744681
2016-09-01 10:26:29,410 DEBUG: 			View 1 : 0.276595744681
2016-09-01 10:26:29,418 DEBUG: 			View 2 : 0.244680851064
2016-09-01 10:26:29,426 DEBUG: 			View 3 : 0.265957446809
2016-09-01 10:26:29,426 WARNING: 		WARNING:	All bad for iteration 25
2016-09-01 10:26:29,880 DEBUG: 			 Best view : 		View0
2016-09-01 10:26:31,785 DEBUG: 		Start:	 Iteration 27
2016-09-01 10:26:31,794 DEBUG: 			View 0 : 0.276595744681
2016-09-01 10:26:31,802 DEBUG: 			View 1 : 0.276595744681
2016-09-01 10:26:31,811 DEBUG: 			View 2 : 0.244680851064
2016-09-01 10:26:31,819 DEBUG: 			View 3 : 0.265957446809
2016-09-01 10:26:31,819 WARNING: 		WARNING:	All bad for iteration 26
2016-09-01 10:26:32,301 DEBUG: 			 Best view : 		View0
2016-09-01 10:26:34,366 DEBUG: 		Start:	 Iteration 28
2016-09-01 10:26:34,374 DEBUG: 			View 0 : 0.276595744681
2016-09-01 10:26:34,383 DEBUG: 			View 1 : 0.276595744681
2016-09-01 10:26:34,391 DEBUG: 			View 2 : 0.244680851064
2016-09-01 10:26:34,400 DEBUG: 			View 3 : 0.265957446809
2016-09-01 10:26:34,400 WARNING: 		WARNING:	All bad for iteration 27
2016-09-01 10:26:34,878 DEBUG: 			 Best view : 		View0
2016-09-01 10:26:36,879 DEBUG: 		Start:	 Iteration 29
2016-09-01 10:26:36,888 DEBUG: 			View 0 : 0.276595744681
2016-09-01 10:26:36,896 DEBUG: 			View 1 : 0.276595744681
2016-09-01 10:26:36,904 DEBUG: 			View 2 : 0.244680851064
2016-09-01 10:26:36,913 DEBUG: 			View 3 : 0.265957446809
2016-09-01 10:26:36,913 WARNING: 		WARNING:	All bad for iteration 28
2016-09-01 10:26:37,406 DEBUG: 			 Best view : 		View0
2016-09-01 10:26:39,642 DEBUG: 		Start:	 Iteration 30
2016-09-01 10:26:39,651 DEBUG: 			View 0 : 0.276595744681
2016-09-01 10:26:39,659 DEBUG: 			View 1 : 0.276595744681
2016-09-01 10:26:39,667 DEBUG: 			View 2 : 0.244680851064
2016-09-01 10:26:39,675 DEBUG: 			View 3 : 0.265957446809
2016-09-01 10:26:39,675 WARNING: 		WARNING:	All bad for iteration 29
2016-09-01 10:26:40,170 DEBUG: 			 Best view : 		View0
2016-09-01 10:26:42,318 DEBUG: 		Start:	 Iteration 31
2016-09-01 10:26:42,327 DEBUG: 			View 0 : 0.276595744681
2016-09-01 10:26:42,335 DEBUG: 			View 1 : 0.276595744681
2016-09-01 10:26:42,344 DEBUG: 			View 2 : 0.244680851064
2016-09-01 10:26:42,352 DEBUG: 			View 3 : 0.265957446809
2016-09-01 10:26:42,352 WARNING: 		WARNING:	All bad for iteration 30
2016-09-01 10:26:42,858 DEBUG: 			 Best view : 		View0
2016-09-01 10:26:45,076 DEBUG: 		Start:	 Iteration 32
2016-09-01 10:26:45,084 DEBUG: 			View 0 : 0.276595744681
2016-09-01 10:26:45,093 DEBUG: 			View 1 : 0.276595744681
2016-09-01 10:26:45,101 DEBUG: 			View 2 : 0.244680851064
2016-09-01 10:26:45,109 DEBUG: 			View 3 : 0.265957446809
2016-09-01 10:26:45,109 WARNING: 		WARNING:	All bad for iteration 31
2016-09-01 10:26:45,616 DEBUG: 			 Best view : 		View0
2016-09-01 10:26:47,911 DEBUG: 		Start:	 Iteration 33
2016-09-01 10:26:47,919 DEBUG: 			View 0 : 0.276595744681
2016-09-01 10:26:47,928 DEBUG: 			View 1 : 0.276595744681
2016-09-01 10:26:47,936 DEBUG: 			View 2 : 0.244680851064
2016-09-01 10:26:47,944 DEBUG: 			View 3 : 0.265957446809
2016-09-01 10:26:47,945 WARNING: 		WARNING:	All bad for iteration 32
2016-09-01 10:26:48,466 DEBUG: 			 Best view : 		View0
2016-09-01 10:26:50,828 DEBUG: 		Start:	 Iteration 34
2016-09-01 10:26:50,836 DEBUG: 			View 0 : 0.276595744681
2016-09-01 10:26:50,844 DEBUG: 			View 1 : 0.276595744681
2016-09-01 10:26:50,853 DEBUG: 			View 2 : 0.244680851064
2016-09-01 10:26:50,861 DEBUG: 			View 3 : 0.265957446809
2016-09-01 10:26:50,861 WARNING: 		WARNING:	All bad for iteration 33
2016-09-01 10:26:51,380 DEBUG: 			 Best view : 		View0
2016-09-01 10:26:53,792 DEBUG: 		Start:	 Iteration 35
2016-09-01 10:26:53,800 DEBUG: 			View 0 : 0.276595744681
2016-09-01 10:26:53,809 DEBUG: 			View 1 : 0.276595744681
2016-09-01 10:26:53,817 DEBUG: 			View 2 : 0.244680851064
2016-09-01 10:26:53,825 DEBUG: 			View 3 : 0.265957446809
2016-09-01 10:26:53,825 WARNING: 		WARNING:	All bad for iteration 34
2016-09-01 10:26:54,348 DEBUG: 			 Best view : 		View0
2016-09-01 10:26:56,890 DEBUG: 		Start:	 Iteration 36
2016-09-01 10:26:56,898 DEBUG: 			View 0 : 0.276595744681
2016-09-01 10:26:56,906 DEBUG: 			View 1 : 0.276595744681
2016-09-01 10:26:56,915 DEBUG: 			View 2 : 0.244680851064
2016-09-01 10:26:56,923 DEBUG: 			View 3 : 0.265957446809
2016-09-01 10:26:56,923 WARNING: 		WARNING:	All bad for iteration 35
