2016-09-01 10:46:08,502 INFO: Start:	 Finding all available mono- & multiview algorithms
2016-09-01 10:46:08,504 INFO: ### Main Programm for Multiview Classification
2016-09-01 10:46:08,504 INFO: ### Classification - Database : Fake ; Views : Methyl, MiRNA_, RNASeq, Clinic ; Algorithm : Mumbo ; Cores : 1
2016-09-01 10:46:08,505 INFO: Info:	 Shape of View0 :(300, 15)
2016-09-01 10:46:08,505 INFO: Info:	 Shape of View1 :(300, 18)
2016-09-01 10:46:08,506 INFO: Info:	 Shape of View2 :(300, 18)
2016-09-01 10:46:08,506 INFO: Info:	 Shape of View3 :(300, 10)
2016-09-01 10:46:08,506 INFO: Done:	 Read Database Files
2016-09-01 10:46:08,507 INFO: Start:	 Determine validation split for ratio 0.7
2016-09-01 10:46:08,510 INFO: Done:	 Determine validation split
2016-09-01 10:46:08,510 INFO: Start:	 Determine 5 folds
2016-09-01 10:46:08,518 INFO: Info:	 Length of Learning Sets: 170
2016-09-01 10:46:08,518 INFO: Info:	 Length of Testing Sets: 41
2016-09-01 10:46:08,518 INFO: Info:	 Length of Validation Set: 89
2016-09-01 10:46:08,518 INFO: Done:	 Determine folds
2016-09-01 10:46:08,518 INFO: Start:	 Learning with Mumbo and 5 folds
2016-09-01 10:46:08,519 INFO: 	Start:	 Fold number 1
2016-09-01 10:46:08,552 DEBUG: 		Start:	 Iteration 1
2016-09-01 10:46:08,560 DEBUG: 			View 0 : 0.53591160221
2016-09-01 10:46:08,567 DEBUG: 			View 1 : 0.53591160221
2016-09-01 10:46:08,574 DEBUG: 			View 2 : 0.53591160221
2016-09-01 10:46:08,581 DEBUG: 			View 3 : 0.53591160221
2016-09-01 10:46:08,617 DEBUG: 			 Best view : 		View0
2016-09-01 10:46:08,699 DEBUG: 		Start:	 Iteration 2
2016-09-01 10:46:08,706 DEBUG: 			View 0 : 0.629834254144
2016-09-01 10:46:08,714 DEBUG: 			View 1 : 0.662983425414
2016-09-01 10:46:08,723 DEBUG: 			View 2 : 0.646408839779
2016-09-01 10:46:08,730 DEBUG: 			View 3 : 0.668508287293
2016-09-01 10:46:08,772 DEBUG: 			 Best view : 		View3
2016-09-01 10:46:08,922 DEBUG: 		Start:	 Iteration 3
2016-09-01 10:46:08,934 DEBUG: 			View 0 : 0.629834254144
2016-09-01 10:46:08,946 DEBUG: 			View 1 : 0.662983425414
2016-09-01 10:46:08,958 DEBUG: 			View 2 : 0.646408839779
2016-09-01 10:46:08,970 DEBUG: 			View 3 : 0.668508287293
2016-09-01 10:46:09,017 DEBUG: 			 Best view : 		View3
2016-09-01 10:46:09,225 INFO: 	Start: 	 Classification
2016-09-01 10:46:09,560 INFO: 	Done: 	 Fold number 1
2016-09-01 10:46:09,560 INFO: 	Start:	 Fold number 2
2016-09-01 10:46:09,591 DEBUG: 		Start:	 Iteration 1
2016-09-01 10:46:09,598 DEBUG: 			View 0 : 0.475138121547
2016-09-01 10:46:09,604 DEBUG: 			View 1 : 0.475138121547
2016-09-01 10:46:09,611 DEBUG: 			View 2 : 0.475138121547
2016-09-01 10:46:09,617 DEBUG: 			View 3 : 0.475138121547
2016-09-01 10:46:09,617 WARNING: 		WARNING:	All bad for iteration 0
2016-09-01 10:46:09,650 DEBUG: 			 Best view : 		View0
2016-09-01 10:46:09,727 DEBUG: 		Start:	 Iteration 2
2016-09-01 10:46:09,735 DEBUG: 			View 0 : 0.71270718232
2016-09-01 10:46:09,742 DEBUG: 			View 1 : 0.67955801105
2016-09-01 10:46:09,749 DEBUG: 			View 2 : 0.640883977901
2016-09-01 10:46:09,757 DEBUG: 			View 3 : 0.67955801105
2016-09-01 10:46:09,796 DEBUG: 			 Best view : 		View0
2016-09-01 10:46:09,939 DEBUG: 		Start:	 Iteration 3
2016-09-01 10:46:09,946 DEBUG: 			View 0 : 0.71270718232
2016-09-01 10:46:09,953 DEBUG: 			View 1 : 0.67955801105
2016-09-01 10:46:09,961 DEBUG: 			View 2 : 0.640883977901
2016-09-01 10:46:09,968 DEBUG: 			View 3 : 0.67955801105
2016-09-01 10:46:10,012 DEBUG: 			 Best view : 		View0
2016-09-01 10:46:10,219 INFO: 	Start: 	 Classification
2016-09-01 10:46:10,555 INFO: 	Done: 	 Fold number 2
2016-09-01 10:46:10,555 INFO: 	Start:	 Fold number 3
2016-09-01 10:46:10,585 DEBUG: 		Start:	 Iteration 1
2016-09-01 10:46:10,592 DEBUG: 			View 0 : 0.463687150838
2016-09-01 10:46:10,598 DEBUG: 			View 1 : 0.463687150838
2016-09-01 10:46:10,604 DEBUG: 			View 2 : 0.463687150838
2016-09-01 10:46:10,611 DEBUG: 			View 3 : 0.463687150838
2016-09-01 10:46:10,611 WARNING: 		WARNING:	All bad for iteration 0
2016-09-01 10:46:10,643 DEBUG: 			 Best view : 		View0
2016-09-01 10:46:10,721 DEBUG: 		Start:	 Iteration 2
2016-09-01 10:46:10,728 DEBUG: 			View 0 : 0.709497206704
2016-09-01 10:46:10,736 DEBUG: 			View 1 : 0.653631284916
2016-09-01 10:46:10,743 DEBUG: 			View 2 : 0.653631284916
2016-09-01 10:46:10,750 DEBUG: 			View 3 : 0.670391061453
2016-09-01 10:46:10,789 DEBUG: 			 Best view : 		View0
2016-09-01 10:46:10,930 DEBUG: 		Start:	 Iteration 3
2016-09-01 10:46:10,937 DEBUG: 			View 0 : 0.709497206704
2016-09-01 10:46:10,945 DEBUG: 			View 1 : 0.653631284916
2016-09-01 10:46:10,952 DEBUG: 			View 2 : 0.653631284916
2016-09-01 10:46:10,959 DEBUG: 			View 3 : 0.670391061453
2016-09-01 10:46:11,002 DEBUG: 			 Best view : 		View0
2016-09-01 10:46:11,207 INFO: 	Start: 	 Classification
2016-09-01 10:46:11,542 INFO: 	Done: 	 Fold number 3
2016-09-01 10:46:11,542 INFO: 	Start:	 Fold number 4
2016-09-01 10:46:11,573 DEBUG: 		Start:	 Iteration 1
2016-09-01 10:46:11,579 DEBUG: 			View 0 : 0.546448087432
2016-09-01 10:46:11,586 DEBUG: 			View 1 : 0.546448087432
2016-09-01 10:46:11,593 DEBUG: 			View 2 : 0.546448087432
2016-09-01 10:46:11,599 DEBUG: 			View 3 : 0.546448087432
2016-09-01 10:46:11,633 DEBUG: 			 Best view : 		View0
2016-09-01 10:46:11,712 DEBUG: 		Start:	 Iteration 2
2016-09-01 10:46:11,719 DEBUG: 			View 0 : 0.672131147541
2016-09-01 10:46:11,727 DEBUG: 			View 1 : 0.644808743169
2016-09-01 10:46:11,734 DEBUG: 			View 2 : 0.650273224044
2016-09-01 10:46:11,742 DEBUG: 			View 3 : 0.677595628415
2016-09-01 10:46:11,781 DEBUG: 			 Best view : 		View3
2016-09-01 10:46:11,925 DEBUG: 		Start:	 Iteration 3
2016-09-01 10:46:11,932 DEBUG: 			View 0 : 0.672131147541
2016-09-01 10:46:11,940 DEBUG: 			View 1 : 0.644808743169
2016-09-01 10:46:11,947 DEBUG: 			View 2 : 0.650273224044
2016-09-01 10:46:11,954 DEBUG: 			View 3 : 0.677595628415
2016-09-01 10:46:11,997 DEBUG: 			 Best view : 		View3
2016-09-01 10:46:12,206 INFO: 	Start: 	 Classification
2016-09-01 10:46:12,543 INFO: 	Done: 	 Fold number 4
2016-09-01 10:46:12,543 INFO: 	Start:	 Fold number 5
2016-09-01 10:46:12,573 DEBUG: 		Start:	 Iteration 1
2016-09-01 10:46:12,581 DEBUG: 			View 0 : 0.593406593407
2016-09-01 10:46:12,587 DEBUG: 			View 1 : 0.549450549451
2016-09-01 10:46:12,594 DEBUG: 			View 2 : 0.472527472527
2016-09-01 10:46:12,601 DEBUG: 			View 3 : 0.527472527473
2016-09-01 10:46:12,635 DEBUG: 			 Best view : 		View1
2016-09-01 10:46:12,713 DEBUG: 		Start:	 Iteration 2
2016-09-01 10:46:12,720 DEBUG: 			View 0 : 0.703296703297
2016-09-01 10:46:12,728 DEBUG: 			View 1 : 0.620879120879
2016-09-01 10:46:12,735 DEBUG: 			View 2 : 0.642857142857
2016-09-01 10:46:12,742 DEBUG: 			View 3 : 0.708791208791
2016-09-01 10:46:12,782 DEBUG: 			 Best view : 		View3
2016-09-01 10:46:12,925 DEBUG: 		Start:	 Iteration 3
2016-09-01 10:46:12,932 DEBUG: 			View 0 : 0.703296703297
2016-09-01 10:46:12,940 DEBUG: 			View 1 : 0.620879120879
2016-09-01 10:46:12,947 DEBUG: 			View 2 : 0.642857142857
2016-09-01 10:46:12,954 DEBUG: 			View 3 : 0.637362637363
2016-09-01 10:46:12,997 DEBUG: 			 Best view : 		View3
2016-09-01 10:46:13,207 INFO: 	Start: 	 Classification
2016-09-01 10:46:13,543 INFO: 	Done: 	 Fold number 5
2016-09-01 10:46:13,543 INFO: Done:	 Classification
2016-09-01 10:46:13,543 INFO: Info:	 Time for Classification: 5[s]
2016-09-01 10:46:13,544 INFO: Start:	 Result Analysis for Mumbo
