2016-09-01 10:55:55,635 INFO: Start:	 Finding all available mono- & multiview algorithms
2016-09-01 10:55:55,636 INFO: ### Main Programm for Multiview Classification
2016-09-01 10:55:55,636 INFO: ### Classification - Database : Fake ; Views : Methyl, MiRNA_, RNASeq, Clinic ; Algorithm : Mumbo ; Cores : 1
2016-09-01 10:55:55,637 INFO: Info:	 Shape of View0 :(300, 8)
2016-09-01 10:55:55,637 INFO: Info:	 Shape of View1 :(300, 20)
2016-09-01 10:55:55,637 INFO: Info:	 Shape of View2 :(300, 5)
2016-09-01 10:55:55,638 INFO: Info:	 Shape of View3 :(300, 11)
2016-09-01 10:55:55,638 INFO: Done:	 Read Database Files
2016-09-01 10:55:55,638 INFO: Start:	 Determine validation split for ratio 0.7
2016-09-01 10:55:55,641 INFO: Done:	 Determine validation split
2016-09-01 10:55:55,642 INFO: Start:	 Determine 5 folds
2016-09-01 10:55:55,648 INFO: Info:	 Length of Learning Sets: 170
2016-09-01 10:55:55,648 INFO: Info:	 Length of Testing Sets: 41
2016-09-01 10:55:55,648 INFO: Info:	 Length of Validation Set: 89
2016-09-01 10:55:55,648 INFO: Done:	 Determine folds
2016-09-01 10:55:55,648 INFO: Start:	 Learning with Mumbo and 5 folds
2016-09-01 10:55:55,648 INFO: 	Start:	 Fold number 1
2016-09-01 10:55:55,858 DEBUG: 		Start:	 Iteration 1
2016-09-01 10:55:55,865 DEBUG: 			View 0 : 0.464864864865
2016-09-01 10:55:55,872 DEBUG: 			View 1 : 0.508108108108
2016-09-01 10:55:55,879 DEBUG: 			View 2 : 0.513513513514
2016-09-01 10:55:55,886 DEBUG: 			View 3 : 0.540540540541
2016-09-01 10:55:55,921 DEBUG: 			 Best view : 		View1
2016-09-01 10:55:56,001 DEBUG: 		Start:	 Iteration 2
2016-09-01 10:55:56,008 DEBUG: 			View 0 : 0.648648648649
2016-09-01 10:55:56,016 DEBUG: 			View 1 : 0.708108108108
2016-09-01 10:55:56,023 DEBUG: 			View 2 : 0.664864864865
2016-09-01 10:55:56,030 DEBUG: 			View 3 : 0.681081081081
2016-09-01 10:55:56,071 DEBUG: 			 Best view : 		View1
2016-09-01 10:55:56,222 DEBUG: 		Start:	 Iteration 3
2016-09-01 10:55:56,237 DEBUG: 			View 0 : 0.648648648649
2016-09-01 10:55:56,245 DEBUG: 			View 1 : 0.708108108108
2016-09-01 10:55:56,252 DEBUG: 			View 2 : 0.664864864865
2016-09-01 10:55:56,260 DEBUG: 			View 3 : 0.681081081081
2016-09-01 10:55:56,306 DEBUG: 			 Best view : 		View1
2016-09-01 10:55:56,525 DEBUG: 		Start:	 Iteration 4
2016-09-01 10:55:56,532 DEBUG: 			View 0 : 0.621621621622
2016-09-01 10:55:56,540 DEBUG: 			View 1 : 0.702702702703
2016-09-01 10:55:56,548 DEBUG: 			View 2 : 0.583783783784
2016-09-01 10:55:56,555 DEBUG: 			View 3 : 0.718918918919
2016-09-01 10:55:56,604 DEBUG: 			 Best view : 		View1
2016-09-01 10:55:56,887 DEBUG: 		Start:	 Iteration 5
2016-09-01 10:55:56,894 DEBUG: 			View 0 : 0.621621621622
2016-09-01 10:55:56,902 DEBUG: 			View 1 : 0.702702702703
2016-09-01 10:55:56,908 DEBUG: 			View 2 : 0.583783783784
2016-09-01 10:55:56,916 DEBUG: 			View 3 : 0.718918918919
2016-09-01 10:55:56,966 DEBUG: 			 Best view : 		View1
2016-09-01 10:55:57,309 DEBUG: 		Start:	 Iteration 6
2016-09-01 10:55:57,316 DEBUG: 			View 0 : 0.691891891892
2016-09-01 10:55:57,324 DEBUG: 			View 1 : 0.67027027027
2016-09-01 10:55:57,330 DEBUG: 			View 2 : 0.659459459459
2016-09-01 10:55:57,337 DEBUG: 			View 3 : 0.718918918919
2016-09-01 10:55:57,391 DEBUG: 			 Best view : 		View3
2016-09-01 10:55:57,805 DEBUG: 		Start:	 Iteration 7
2016-09-01 10:55:57,812 DEBUG: 			View 0 : 0.675675675676
2016-09-01 10:55:57,821 DEBUG: 			View 1 : 0.708108108108
2016-09-01 10:55:57,828 DEBUG: 			View 2 : 0.659459459459
2016-09-01 10:55:57,835 DEBUG: 			View 3 : 0.681081081081
2016-09-01 10:55:57,892 DEBUG: 			 Best view : 		View1
2016-09-01 10:55:58,399 DEBUG: 		Start:	 Iteration 8
2016-09-01 10:55:58,406 DEBUG: 			View 0 : 0.675675675676
2016-09-01 10:55:58,414 DEBUG: 			View 1 : 0.697297297297
2016-09-01 10:55:58,420 DEBUG: 			View 2 : 0.659459459459
2016-09-01 10:55:58,428 DEBUG: 			View 3 : 0.697297297297
2016-09-01 10:55:58,487 DEBUG: 			 Best view : 		View1
2016-09-01 10:55:59,045 DEBUG: 		Start:	 Iteration 9
2016-09-01 10:55:59,052 DEBUG: 			View 0 : 0.610810810811
2016-09-01 10:55:59,059 DEBUG: 			View 1 : 0.697297297297
2016-09-01 10:55:59,066 DEBUG: 			View 2 : 0.659459459459
2016-09-01 10:55:59,074 DEBUG: 			View 3 : 0.718918918919
2016-09-01 10:55:59,135 DEBUG: 			 Best view : 		View3
2016-09-01 10:55:59,754 DEBUG: 		Start:	 Iteration 10
2016-09-01 10:55:59,761 DEBUG: 			View 0 : 0.610810810811
2016-09-01 10:55:59,769 DEBUG: 			View 1 : 0.664864864865
2016-09-01 10:55:59,776 DEBUG: 			View 2 : 0.659459459459
2016-09-01 10:55:59,783 DEBUG: 			View 3 : 0.718918918919
2016-09-01 10:55:59,848 DEBUG: 			 Best view : 		View3
2016-09-01 10:56:00,527 DEBUG: 		Start:	 Iteration 11
2016-09-01 10:56:00,534 DEBUG: 			View 0 : 0.589189189189
2016-09-01 10:56:00,542 DEBUG: 			View 1 : 0.664864864865
2016-09-01 10:56:00,549 DEBUG: 			View 2 : 0.589189189189
2016-09-01 10:56:00,556 DEBUG: 			View 3 : 0.681081081081
2016-09-01 10:56:00,623 DEBUG: 			 Best view : 		View1
2016-09-01 10:56:01,378 DEBUG: 		Start:	 Iteration 12
2016-09-01 10:56:01,385 DEBUG: 			View 0 : 0.562162162162
2016-09-01 10:56:01,393 DEBUG: 			View 1 : 0.654054054054
2016-09-01 10:56:01,400 DEBUG: 			View 2 : 0.589189189189
2016-09-01 10:56:01,408 DEBUG: 			View 3 : 0.681081081081
2016-09-01 10:56:01,479 DEBUG: 			 Best view : 		View1
2016-09-01 10:56:02,291 DEBUG: 		Start:	 Iteration 13
2016-09-01 10:56:02,298 DEBUG: 			View 0 : 0.562162162162
2016-09-01 10:56:02,306 DEBUG: 			View 1 : 0.654054054054
2016-09-01 10:56:02,313 DEBUG: 			View 2 : 0.659459459459
2016-09-01 10:56:02,320 DEBUG: 			View 3 : 0.681081081081
2016-09-01 10:56:02,393 DEBUG: 			 Best view : 		View3
2016-09-01 10:56:03,269 DEBUG: 		Start:	 Iteration 14
2016-09-01 10:56:03,276 DEBUG: 			View 0 : 0.562162162162
2016-09-01 10:56:03,284 DEBUG: 			View 1 : 0.708108108108
2016-09-01 10:56:03,291 DEBUG: 			View 2 : 0.659459459459
2016-09-01 10:56:03,298 DEBUG: 			View 3 : 0.681081081081
2016-09-01 10:56:03,374 DEBUG: 			 Best view : 		View1
2016-09-01 10:56:04,316 DEBUG: 		Start:	 Iteration 15
2016-09-01 10:56:04,323 DEBUG: 			View 0 : 0.562162162162
2016-09-01 10:56:04,331 DEBUG: 			View 1 : 0.708108108108
2016-09-01 10:56:04,338 DEBUG: 			View 2 : 0.659459459459
2016-09-01 10:56:04,345 DEBUG: 			View 3 : 0.681081081081
2016-09-01 10:56:04,424 DEBUG: 			 Best view : 		View1
2016-09-01 10:56:05,432 DEBUG: 		Start:	 Iteration 16
2016-09-01 10:56:05,439 DEBUG: 			View 0 : 0.627027027027
2016-09-01 10:56:05,447 DEBUG: 			View 1 : 0.691891891892
2016-09-01 10:56:05,454 DEBUG: 			View 2 : 0.659459459459
2016-09-01 10:56:05,461 DEBUG: 			View 3 : 0.702702702703
2016-09-01 10:56:05,543 DEBUG: 			 Best view : 		View3
