2016-09-01 10:32:38,198 INFO: Start:	 Finding all available mono- & multiview algorithms
2016-09-01 10:32:38,200 INFO: ### Main Programm for Multiview Classification
2016-09-01 10:32:38,200 INFO: ### Classification - Database : Fake ; Views : Methyl, MiRNA_, RNASeq, Clinic ; Algorithm : Mumbo ; Cores : 1
2016-09-01 10:32:38,200 INFO: Info:	 Shape of View0 :(300, 17)
2016-09-01 10:32:38,200 INFO: Info:	 Shape of View1 :(300, 6)
2016-09-01 10:32:38,201 INFO: Info:	 Shape of View2 :(300, 16)
2016-09-01 10:32:38,201 INFO: Info:	 Shape of View3 :(300, 15)
2016-09-01 10:32:38,201 INFO: Done:	 Read Database Files
2016-09-01 10:32:38,201 INFO: Start:	 Determine validation split for ratio 0.7
2016-09-01 10:32:38,212 INFO: Done:	 Determine validation split
2016-09-01 10:32:38,212 INFO: Start:	 Determine 5 folds
2016-09-01 10:32:38,224 INFO: Info:	 Length of Learning Sets: 180
2016-09-01 10:32:38,224 INFO: Info:	 Length of Testing Sets: 36
2016-09-01 10:32:38,224 INFO: Info:	 Length of Validation Set: 84
2016-09-01 10:32:38,224 INFO: Done:	 Determine folds
2016-09-01 10:32:38,224 INFO: Start:	 Learning with Mumbo and 5 folds
2016-09-01 10:32:38,224 INFO: 	Start:	 Fold number 1
2016-09-01 10:32:38,343 DEBUG: 		Start:	 Iteration 1
2016-09-01 10:32:38,350 DEBUG: 			View 0 : 0.125654450262
2016-09-01 10:32:38,358 DEBUG: 			View 1 : 0.125654450262
2016-09-01 10:32:38,365 DEBUG: 			View 2 : 0.125654450262
2016-09-01 10:32:38,373 DEBUG: 			View 3 : 0.125654450262
2016-09-01 10:32:38,373 WARNING: 		WARNING:	All bad for iteration 0
2016-09-01 10:32:38,544 DEBUG: 			 Best view : 		View0
2016-09-01 10:32:38,658 DEBUG: 		Start:	 Iteration 2
2016-09-01 10:32:38,667 DEBUG: 			View 0 : 0.225130890052
2016-09-01 10:32:38,675 DEBUG: 			View 1 : 0.240837696335
2016-09-01 10:32:38,683 DEBUG: 			View 2 : 0.277486910995
2016-09-01 10:32:38,691 DEBUG: 			View 3 : 0.282722513089
2016-09-01 10:32:38,691 WARNING: 		WARNING:	All bad for iteration 1
2016-09-01 10:32:38,889 DEBUG: 			 Best view : 		View3
2016-09-01 10:32:39,084 DEBUG: 		Start:	 Iteration 3
2016-09-01 10:32:39,102 DEBUG: 			View 0 : 0.225130890052
2016-09-01 10:32:39,109 DEBUG: 			View 1 : 0.240837696335
2016-09-01 10:32:39,118 DEBUG: 			View 2 : 0.277486910995
2016-09-01 10:32:39,126 DEBUG: 			View 3 : 0.282722513089
2016-09-01 10:32:39,126 WARNING: 		WARNING:	All bad for iteration 2
2016-09-01 10:32:39,336 DEBUG: 			 Best view : 		View3
2016-09-01 10:32:39,595 INFO: 	Start: 	 Classification
2016-09-01 10:32:39,931 INFO: 	Done: 	 Fold number 1
2016-09-01 10:32:39,931 INFO: 	Start:	 Fold number 2
2016-09-01 10:32:40,048 DEBUG: 		Start:	 Iteration 1
2016-09-01 10:32:40,056 DEBUG: 			View 0 : 0.116402116402
2016-09-01 10:32:40,064 DEBUG: 			View 1 : 0.100529100529
2016-09-01 10:32:40,072 DEBUG: 			View 2 : 0.0899470899471
2016-09-01 10:32:40,080 DEBUG: 			View 3 : 0.0793650793651
2016-09-01 10:32:40,080 WARNING: 		WARNING:	All bad for iteration 0
2016-09-01 10:32:40,247 DEBUG: 			 Best view : 		View2
2016-09-01 10:32:40,360 DEBUG: 		Start:	 Iteration 2
2016-09-01 10:32:40,368 DEBUG: 			View 0 : 0.253968253968
2016-09-01 10:32:40,376 DEBUG: 			View 1 : 0.232804232804
2016-09-01 10:32:40,384 DEBUG: 			View 2 : 0.238095238095
2016-09-01 10:32:40,393 DEBUG: 			View 3 : 0.26455026455
2016-09-01 10:32:40,393 WARNING: 		WARNING:	All bad for iteration 1
2016-09-01 10:32:40,589 DEBUG: 			 Best view : 		View3
2016-09-01 10:32:40,777 DEBUG: 		Start:	 Iteration 3
2016-09-01 10:32:40,786 DEBUG: 			View 0 : 0.253968253968
2016-09-01 10:32:40,794 DEBUG: 			View 1 : 0.232804232804
2016-09-01 10:32:40,803 DEBUG: 			View 2 : 0.238095238095
2016-09-01 10:32:40,811 DEBUG: 			View 3 : 0.26455026455
2016-09-01 10:32:40,811 WARNING: 		WARNING:	All bad for iteration 2
2016-09-01 10:32:41,017 DEBUG: 			 Best view : 		View3
2016-09-01 10:32:41,272 INFO: 	Start: 	 Classification
2016-09-01 10:32:41,606 INFO: 	Done: 	 Fold number 2
2016-09-01 10:32:41,606 INFO: 	Start:	 Fold number 3
2016-09-01 10:32:41,723 DEBUG: 		Start:	 Iteration 1
2016-09-01 10:32:41,731 DEBUG: 			View 0 : 0.142857142857
2016-09-01 10:32:41,739 DEBUG: 			View 1 : 0.0793650793651
2016-09-01 10:32:41,747 DEBUG: 			View 2 : 0.0952380952381
2016-09-01 10:32:41,755 DEBUG: 			View 3 : 0.116402116402
2016-09-01 10:32:41,755 WARNING: 		WARNING:	All bad for iteration 0
2016-09-01 10:32:41,920 DEBUG: 			 Best view : 		View0
2016-09-01 10:32:42,032 DEBUG: 		Start:	 Iteration 2
2016-09-01 10:32:42,040 DEBUG: 			View 0 : 0.206349206349
2016-09-01 10:32:42,048 DEBUG: 			View 1 : 0.216931216931
2016-09-01 10:32:42,057 DEBUG: 			View 2 : 0.232804232804
2016-09-01 10:32:42,065 DEBUG: 			View 3 : 0.301587301587
2016-09-01 10:32:42,065 WARNING: 		WARNING:	All bad for iteration 1
2016-09-01 10:32:42,259 DEBUG: 			 Best view : 		View3
2016-09-01 10:32:42,447 DEBUG: 		Start:	 Iteration 3
2016-09-01 10:32:42,455 DEBUG: 			View 0 : 0.206349206349
2016-09-01 10:32:42,463 DEBUG: 			View 1 : 0.216931216931
2016-09-01 10:32:42,471 DEBUG: 			View 2 : 0.232804232804
2016-09-01 10:32:42,480 DEBUG: 			View 3 : 0.301587301587
2016-09-01 10:32:42,480 WARNING: 		WARNING:	All bad for iteration 2
2016-09-01 10:32:42,686 DEBUG: 			 Best view : 		View3
2016-09-01 10:32:42,942 INFO: 	Start: 	 Classification
2016-09-01 10:32:43,276 INFO: 	Done: 	 Fold number 3
2016-09-01 10:32:43,277 INFO: 	Start:	 Fold number 4
2016-09-01 10:32:43,394 DEBUG: 		Start:	 Iteration 1
2016-09-01 10:32:43,402 DEBUG: 			View 0 : 0.121693121693
2016-09-01 10:32:43,409 DEBUG: 			View 1 : 0.0952380952381
2016-09-01 10:32:43,417 DEBUG: 			View 2 : 0.0899470899471
2016-09-01 10:32:43,426 DEBUG: 			View 3 : 0.111111111111
2016-09-01 10:32:43,426 WARNING: 		WARNING:	All bad for iteration 0
2016-09-01 10:32:43,590 DEBUG: 			 Best view : 		View0
2016-09-01 10:32:43,702 DEBUG: 		Start:	 Iteration 2
2016-09-01 10:32:43,710 DEBUG: 			View 0 : 0.232804232804
2016-09-01 10:32:43,718 DEBUG: 			View 1 : 0.238095238095
2016-09-01 10:32:43,726 DEBUG: 			View 2 : 0.227513227513
2016-09-01 10:32:43,735 DEBUG: 			View 3 : 0.291005291005
2016-09-01 10:32:43,735 WARNING: 		WARNING:	All bad for iteration 1
2016-09-01 10:32:43,930 DEBUG: 			 Best view : 		View3
2016-09-01 10:32:44,117 DEBUG: 		Start:	 Iteration 3
2016-09-01 10:32:44,125 DEBUG: 			View 0 : 0.232804232804
2016-09-01 10:32:44,133 DEBUG: 			View 1 : 0.238095238095
2016-09-01 10:32:44,141 DEBUG: 			View 2 : 0.227513227513
2016-09-01 10:32:44,149 DEBUG: 			View 3 : 0.291005291005
2016-09-01 10:32:44,150 WARNING: 		WARNING:	All bad for iteration 2
2016-09-01 10:32:44,356 DEBUG: 			 Best view : 		View3
2016-09-01 10:32:44,611 INFO: 	Start: 	 Classification
2016-09-01 10:32:44,944 INFO: 	Done: 	 Fold number 4
2016-09-01 10:32:44,944 INFO: 	Start:	 Fold number 5
2016-09-01 10:32:45,061 DEBUG: 		Start:	 Iteration 1
2016-09-01 10:32:45,069 DEBUG: 			View 0 : 0.10582010582
2016-09-01 10:32:45,076 DEBUG: 			View 1 : 0.10582010582
2016-09-01 10:32:45,085 DEBUG: 			View 2 : 0.0846560846561
2016-09-01 10:32:45,094 DEBUG: 			View 3 : 0.132275132275
2016-09-01 10:32:45,094 WARNING: 		WARNING:	All bad for iteration 0
2016-09-01 10:32:45,259 DEBUG: 			 Best view : 		View3
2016-09-01 10:32:45,373 DEBUG: 		Start:	 Iteration 2
2016-09-01 10:32:45,381 DEBUG: 			View 0 : 0.26455026455
2016-09-01 10:32:45,389 DEBUG: 			View 1 : 0.21164021164
2016-09-01 10:32:45,397 DEBUG: 			View 2 : 0.259259259259
2016-09-01 10:32:45,406 DEBUG: 			View 3 : 0.269841269841
2016-09-01 10:32:45,406 WARNING: 		WARNING:	All bad for iteration 1
2016-09-01 10:32:45,603 DEBUG: 			 Best view : 		View3
2016-09-01 10:32:45,793 DEBUG: 		Start:	 Iteration 3
2016-09-01 10:32:45,801 DEBUG: 			View 0 : 0.26455026455
2016-09-01 10:32:45,809 DEBUG: 			View 1 : 0.21164021164
2016-09-01 10:32:45,818 DEBUG: 			View 2 : 0.259259259259
2016-09-01 10:32:45,826 DEBUG: 			View 3 : 0.269841269841
2016-09-01 10:32:45,826 WARNING: 		WARNING:	All bad for iteration 2
2016-09-01 10:32:46,034 DEBUG: 			 Best view : 		View3
2016-09-01 10:32:46,290 INFO: 	Start: 	 Classification
2016-09-01 10:32:46,622 INFO: 	Done: 	 Fold number 5
2016-09-01 10:32:46,622 INFO: Done:	 Classification
2016-09-01 10:32:46,622 INFO: Info:	 Time for Classification: 8[s]
2016-09-01 10:32:46,622 INFO: Start:	 Result Analysis for Mumbo
