2016-09-01 10:56:13,131 INFO: Start:	 Finding all available mono- & multiview algorithms
2016-09-01 10:56:13,133 INFO: ### Main Programm for Multiview Classification
2016-09-01 10:56:13,133 INFO: ### Classification - Database : Fake ; Views : Methyl, MiRNA_, RNASeq, Clinic ; Algorithm : Mumbo ; Cores : 1
2016-09-01 10:56:13,134 INFO: Info:	 Shape of View0 :(300, 20)
2016-09-01 10:56:13,134 INFO: Info:	 Shape of View1 :(300, 14)
2016-09-01 10:56:13,135 INFO: Info:	 Shape of View2 :(300, 10)
2016-09-01 10:56:13,136 INFO: Info:	 Shape of View3 :(300, 11)
2016-09-01 10:56:13,136 INFO: Done:	 Read Database Files
2016-09-01 10:56:13,136 INFO: Start:	 Determine validation split for ratio 0.7
2016-09-01 10:56:13,139 INFO: Done:	 Determine validation split
2016-09-01 10:56:13,139 INFO: Start:	 Determine 5 folds
2016-09-01 10:56:13,147 INFO: Info:	 Length of Learning Sets: 169
2016-09-01 10:56:13,147 INFO: Info:	 Length of Testing Sets: 42
2016-09-01 10:56:13,147 INFO: Info:	 Length of Validation Set: 89
2016-09-01 10:56:13,147 INFO: Done:	 Determine folds
2016-09-01 10:56:13,147 INFO: Start:	 Learning with Mumbo and 5 folds
2016-09-01 10:56:13,147 INFO: 	Start:	 Fold number 1
2016-09-01 10:56:13,356 DEBUG: 		Start:	 Iteration 1
2016-09-01 10:56:13,363 DEBUG: 			View 0 : 0.467391304348
2016-09-01 10:56:13,370 DEBUG: 			View 1 : 0.467391304348
2016-09-01 10:56:13,377 DEBUG: 			View 2 : 0.467391304348
2016-09-01 10:56:13,384 DEBUG: 			View 3 : 0.467391304348
2016-09-01 10:56:13,384 WARNING: 		WARNING:	All bad for iteration 0
2016-09-01 10:56:13,420 DEBUG: 			 Best view : 		View0
2016-09-01 10:56:13,500 DEBUG: 		Start:	 Iteration 2
2016-09-01 10:56:13,508 DEBUG: 			View 0 : 0.673913043478
2016-09-01 10:56:13,516 DEBUG: 			View 1 : 0.739130434783
2016-09-01 10:56:13,523 DEBUG: 			View 2 : 0.717391304348
2016-09-01 10:56:13,530 DEBUG: 			View 3 : 0.679347826087
2016-09-01 10:56:13,572 DEBUG: 			 Best view : 		View1
2016-09-01 10:56:13,724 DEBUG: 		Start:	 Iteration 3
2016-09-01 10:56:13,733 DEBUG: 			View 0 : 0.673913043478
2016-09-01 10:56:13,742 DEBUG: 			View 1 : 0.739130434783
2016-09-01 10:56:13,749 DEBUG: 			View 2 : 0.717391304348
2016-09-01 10:56:13,756 DEBUG: 			View 3 : 0.679347826087
2016-09-01 10:56:13,802 DEBUG: 			 Best view : 		View1
2016-09-01 10:56:14,019 DEBUG: 		Start:	 Iteration 4
2016-09-01 10:56:14,027 DEBUG: 			View 0 : 0.673913043478
2016-09-01 10:56:14,034 DEBUG: 			View 1 : 0.701086956522
2016-09-01 10:56:14,041 DEBUG: 			View 2 : 0.70652173913
2016-09-01 10:56:14,049 DEBUG: 			View 3 : 0.66847826087
2016-09-01 10:56:14,097 DEBUG: 			 Best view : 		View1
2016-09-01 10:56:14,377 INFO: 	Start: 	 Classification
2016-09-01 10:56:14,835 INFO: 	Done: 	 Fold number 1
2016-09-01 10:56:14,835 INFO: 	Start:	 Fold number 2
2016-09-01 10:56:15,039 DEBUG: 		Start:	 Iteration 1
2016-09-01 10:56:15,046 DEBUG: 			View 0 : 0.527173913043
2016-09-01 10:56:15,053 DEBUG: 			View 1 : 0.565217391304
2016-09-01 10:56:15,060 DEBUG: 			View 2 : 0.597826086957
2016-09-01 10:56:15,067 DEBUG: 			View 3 : 0.532608695652
2016-09-01 10:56:15,102 DEBUG: 			 Best view : 		View3
2016-09-01 10:56:15,182 DEBUG: 		Start:	 Iteration 2
2016-09-01 10:56:15,190 DEBUG: 			View 0 : 0.701086956522
2016-09-01 10:56:15,198 DEBUG: 			View 1 : 0.717391304348
2016-09-01 10:56:15,205 DEBUG: 			View 2 : 0.733695652174
2016-09-01 10:56:15,212 DEBUG: 			View 3 : 0.630434782609
2016-09-01 10:56:15,254 DEBUG: 			 Best view : 		View2
2016-09-01 10:56:15,402 DEBUG: 		Start:	 Iteration 3
2016-09-01 10:56:15,410 DEBUG: 			View 0 : 0.701086956522
2016-09-01 10:56:15,417 DEBUG: 			View 1 : 0.70652173913
2016-09-01 10:56:15,424 DEBUG: 			View 2 : 0.733695652174
2016-09-01 10:56:15,432 DEBUG: 			View 3 : 0.630434782609
2016-09-01 10:56:15,477 DEBUG: 			 Best view : 		View1
2016-09-01 10:56:15,696 DEBUG: 		Start:	 Iteration 4
2016-09-01 10:56:15,704 DEBUG: 			View 0 : 0.695652173913
2016-09-01 10:56:15,712 DEBUG: 			View 1 : 0.711956521739
2016-09-01 10:56:15,719 DEBUG: 			View 2 : 0.711956521739
2016-09-01 10:56:15,726 DEBUG: 			View 3 : 0.619565217391
2016-09-01 10:56:15,774 DEBUG: 			 Best view : 		View2
2016-09-01 10:56:16,061 INFO: 	Start: 	 Classification
2016-09-01 10:56:16,520 INFO: 	Done: 	 Fold number 2
2016-09-01 10:56:16,520 INFO: 	Start:	 Fold number 3
2016-09-01 10:56:16,714 DEBUG: 		Start:	 Iteration 1
2016-09-01 10:56:16,720 DEBUG: 			View 0 : 0.477272727273
2016-09-01 10:56:16,727 DEBUG: 			View 1 : 0.477272727273
2016-09-01 10:56:16,733 DEBUG: 			View 2 : 0.477272727273
2016-09-01 10:56:16,739 DEBUG: 			View 3 : 0.477272727273
2016-09-01 10:56:16,740 WARNING: 		WARNING:	All bad for iteration 0
2016-09-01 10:56:16,772 DEBUG: 			 Best view : 		View0
2016-09-01 10:56:16,849 DEBUG: 		Start:	 Iteration 2
2016-09-01 10:56:16,856 DEBUG: 			View 0 : 0.738636363636
2016-09-01 10:56:16,863 DEBUG: 			View 1 : 0.738636363636
2016-09-01 10:56:16,870 DEBUG: 			View 2 : 0.636363636364
2016-09-01 10:56:16,877 DEBUG: 			View 3 : 0.681818181818
2016-09-01 10:56:16,916 DEBUG: 			 Best view : 		View0
2016-09-01 10:56:17,056 DEBUG: 		Start:	 Iteration 3
2016-09-01 10:56:17,063 DEBUG: 			View 0 : 0.738636363636
2016-09-01 10:56:17,070 DEBUG: 			View 1 : 0.738636363636
2016-09-01 10:56:17,077 DEBUG: 			View 2 : 0.636363636364
2016-09-01 10:56:17,084 DEBUG: 			View 3 : 0.681818181818
2016-09-01 10:56:17,127 DEBUG: 			 Best view : 		View0
2016-09-01 10:56:17,329 DEBUG: 		Start:	 Iteration 4
2016-09-01 10:56:17,336 DEBUG: 			View 0 : 0.636363636364
2016-09-01 10:56:17,343 DEBUG: 			View 1 : 0.738636363636
2016-09-01 10:56:17,350 DEBUG: 			View 2 : 0.670454545455
2016-09-01 10:56:17,357 DEBUG: 			View 3 : 0.653409090909
2016-09-01 10:56:17,402 DEBUG: 			 Best view : 		View1
2016-09-01 10:56:17,668 INFO: 	Start: 	 Classification
2016-09-01 10:56:18,110 INFO: 	Done: 	 Fold number 3
2016-09-01 10:56:18,110 INFO: 	Start:	 Fold number 4
2016-09-01 10:56:18,311 DEBUG: 		Start:	 Iteration 1
2016-09-01 10:56:18,317 DEBUG: 			View 0 : 0.524590163934
2016-09-01 10:56:18,324 DEBUG: 			View 1 : 0.524590163934
2016-09-01 10:56:18,330 DEBUG: 			View 2 : 0.524590163934
2016-09-01 10:56:18,337 DEBUG: 			View 3 : 0.524590163934
2016-09-01 10:56:18,370 DEBUG: 			 Best view : 		View0
2016-09-01 10:56:18,449 DEBUG: 		Start:	 Iteration 2
2016-09-01 10:56:18,456 DEBUG: 			View 0 : 0.677595628415
2016-09-01 10:56:18,463 DEBUG: 			View 1 : 0.699453551913
2016-09-01 10:56:18,470 DEBUG: 			View 2 : 0.644808743169
2016-09-01 10:56:18,477 DEBUG: 			View 3 : 0.68306010929
2016-09-01 10:56:18,518 DEBUG: 			 Best view : 		View1
2016-09-01 10:56:18,662 DEBUG: 		Start:	 Iteration 3
2016-09-01 10:56:18,670 DEBUG: 			View 0 : 0.677595628415
2016-09-01 10:56:18,677 DEBUG: 			View 1 : 0.699453551913
2016-09-01 10:56:18,684 DEBUG: 			View 2 : 0.644808743169
2016-09-01 10:56:18,691 DEBUG: 			View 3 : 0.68306010929
2016-09-01 10:56:18,735 DEBUG: 			 Best view : 		View1
2016-09-01 10:56:18,945 INFO: 	Start: 	 Classification
