2016-09-01 10:47:59,452 INFO: Start:	 Finding all available mono- & multiview algorithms
2016-09-01 10:47:59,454 INFO: ### Main Programm for Multiview Classification
2016-09-01 10:47:59,454 INFO: ### Classification - Database : Fake ; Views : Methyl, MiRNA_, RNASeq, Clinic ; Algorithm : Mumbo ; Cores : 1
2016-09-01 10:47:59,454 INFO: Info:	 Shape of View0 :(300, 12)
2016-09-01 10:47:59,455 INFO: Info:	 Shape of View1 :(300, 17)
2016-09-01 10:47:59,455 INFO: Info:	 Shape of View2 :(300, 20)
2016-09-01 10:47:59,456 INFO: Info:	 Shape of View3 :(300, 11)
2016-09-01 10:47:59,456 INFO: Done:	 Read Database Files
2016-09-01 10:47:59,456 INFO: Start:	 Determine validation split for ratio 0.7
2016-09-01 10:47:59,460 INFO: Done:	 Determine validation split
2016-09-01 10:47:59,460 INFO: Start:	 Determine 5 folds
2016-09-01 10:47:59,467 INFO: Info:	 Length of Learning Sets: 170
2016-09-01 10:47:59,467 INFO: Info:	 Length of Testing Sets: 41
2016-09-01 10:47:59,467 INFO: Info:	 Length of Validation Set: 89
2016-09-01 10:47:59,467 INFO: Done:	 Determine folds
2016-09-01 10:47:59,467 INFO: Start:	 Learning with Mumbo and 5 folds
2016-09-01 10:47:59,467 INFO: 	Start:	 Fold number 1
2016-09-01 10:47:59,498 DEBUG: 		Start:	 Iteration 1
2016-09-01 10:47:59,506 DEBUG: 			View 0 : 0.516853932584
2016-09-01 10:47:59,514 DEBUG: 			View 1 : 0.438202247191
2016-09-01 10:47:59,521 DEBUG: 			View 2 : 0.5
2016-09-01 10:47:59,528 DEBUG: 			View 3 : 0.5
2016-09-01 10:47:59,563 DEBUG: 			 Best view : 		View0
2016-09-01 10:47:59,639 DEBUG: 		Start:	 Iteration 2
2016-09-01 10:47:59,645 DEBUG: 			View 0 : 0.707865168539
2016-09-01 10:47:59,653 DEBUG: 			View 1 : 0.696629213483
2016-09-01 10:47:59,660 DEBUG: 			View 2 : 0.713483146067
2016-09-01 10:47:59,667 DEBUG: 			View 3 : 0.696629213483
2016-09-01 10:47:59,706 DEBUG: 			 Best view : 		View2
2016-09-01 10:47:59,850 DEBUG: 		Start:	 Iteration 3
2016-09-01 10:47:59,858 DEBUG: 			View 0 : 0.691011235955
2016-09-01 10:47:59,867 DEBUG: 			View 1 : 0.696629213483
2016-09-01 10:47:59,874 DEBUG: 			View 2 : 0.713483146067
2016-09-01 10:47:59,881 DEBUG: 			View 3 : 0.685393258427
2016-09-01 10:47:59,923 DEBUG: 			 Best view : 		View2
2016-09-01 10:48:00,129 INFO: 	Start: 	 Classification
2016-09-01 10:48:00,461 INFO: 	Done: 	 Fold number 1
2016-09-01 10:48:00,461 INFO: 	Start:	 Fold number 2
2016-09-01 10:48:00,492 DEBUG: 		Start:	 Iteration 1
2016-09-01 10:48:00,499 DEBUG: 			View 0 : 0.502702702703
2016-09-01 10:48:00,506 DEBUG: 			View 1 : 0.6
2016-09-01 10:48:00,513 DEBUG: 			View 2 : 0.518918918919
2016-09-01 10:48:00,520 DEBUG: 			View 3 : 0.52972972973
2016-09-01 10:48:00,554 DEBUG: 			 Best view : 		View2
2016-09-01 10:48:00,634 DEBUG: 		Start:	 Iteration 2
2016-09-01 10:48:00,641 DEBUG: 			View 0 : 0.675675675676
2016-09-01 10:48:00,648 DEBUG: 			View 1 : 0.686486486486
2016-09-01 10:48:00,656 DEBUG: 			View 2 : 0.681081081081
2016-09-01 10:48:00,663 DEBUG: 			View 3 : 0.675675675676
2016-09-01 10:48:00,704 DEBUG: 			 Best view : 		View1
2016-09-01 10:48:00,849 DEBUG: 		Start:	 Iteration 3
2016-09-01 10:48:00,856 DEBUG: 			View 0 : 0.675675675676
2016-09-01 10:48:00,863 DEBUG: 			View 1 : 0.686486486486
2016-09-01 10:48:00,871 DEBUG: 			View 2 : 0.681081081081
2016-09-01 10:48:00,877 DEBUG: 			View 3 : 0.675675675676
2016-09-01 10:48:00,921 DEBUG: 			 Best view : 		View1
2016-09-01 10:48:01,135 INFO: 	Start: 	 Classification
2016-09-01 10:48:01,476 INFO: 	Done: 	 Fold number 2
2016-09-01 10:48:01,476 INFO: 	Start:	 Fold number 3
2016-09-01 10:48:01,506 DEBUG: 		Start:	 Iteration 1
2016-09-01 10:48:01,512 DEBUG: 			View 0 : 0.52808988764
2016-09-01 10:48:01,519 DEBUG: 			View 1 : 0.432584269663
2016-09-01 10:48:01,526 DEBUG: 			View 2 : 0.5
2016-09-01 10:48:01,532 DEBUG: 			View 3 : 0.511235955056
2016-09-01 10:48:01,566 DEBUG: 			 Best view : 		View0
2016-09-01 10:48:01,642 DEBUG: 		Start:	 Iteration 2
2016-09-01 10:48:01,649 DEBUG: 			View 0 : 0.674157303371
2016-09-01 10:48:01,656 DEBUG: 			View 1 : 0.702247191011
2016-09-01 10:48:01,663 DEBUG: 			View 2 : 0.73595505618
2016-09-01 10:48:01,671 DEBUG: 			View 3 : 0.61797752809
2016-09-01 10:48:01,710 DEBUG: 			 Best view : 		View2
2016-09-01 10:48:01,851 DEBUG: 		Start:	 Iteration 3
2016-09-01 10:48:01,858 DEBUG: 			View 0 : 0.674157303371
2016-09-01 10:48:01,865 DEBUG: 			View 1 : 0.702247191011
2016-09-01 10:48:01,872 DEBUG: 			View 2 : 0.73595505618
2016-09-01 10:48:01,879 DEBUG: 			View 3 : 0.61797752809
2016-09-01 10:48:01,922 DEBUG: 			 Best view : 		View2
2016-09-01 10:48:02,126 INFO: 	Start: 	 Classification
2016-09-01 10:48:02,457 INFO: 	Done: 	 Fold number 3
2016-09-01 10:48:02,457 INFO: 	Start:	 Fold number 4
2016-09-01 10:48:02,497 DEBUG: 		Start:	 Iteration 1
2016-09-01 10:48:02,504 DEBUG: 			View 0 : 0.483333333333
2016-09-01 10:48:02,510 DEBUG: 			View 1 : 0.494444444444
2016-09-01 10:48:02,517 DEBUG: 			View 2 : 0.483333333333
2016-09-01 10:48:02,524 DEBUG: 			View 3 : 0.505555555556
2016-09-01 10:48:02,558 DEBUG: 			 Best view : 		View2
2016-09-01 10:48:02,635 DEBUG: 		Start:	 Iteration 2
2016-09-01 10:48:02,642 DEBUG: 			View 0 : 0.705555555556
2016-09-01 10:48:02,649 DEBUG: 			View 1 : 0.738888888889
2016-09-01 10:48:02,656 DEBUG: 			View 2 : 0.722222222222
2016-09-01 10:48:02,663 DEBUG: 			View 3 : 0.677777777778
2016-09-01 10:48:02,704 DEBUG: 			 Best view : 		View1
2016-09-01 10:48:02,847 DEBUG: 		Start:	 Iteration 3
2016-09-01 10:48:02,854 DEBUG: 			View 0 : 0.705555555556
2016-09-01 10:48:02,861 DEBUG: 			View 1 : 0.738888888889
2016-09-01 10:48:02,868 DEBUG: 			View 2 : 0.716666666667
2016-09-01 10:48:02,875 DEBUG: 			View 3 : 0.677777777778
2016-09-01 10:48:02,919 DEBUG: 			 Best view : 		View1
2016-09-01 10:48:03,126 INFO: 	Start: 	 Classification
2016-09-01 10:48:03,462 INFO: 	Done: 	 Fold number 4
2016-09-01 10:48:03,462 INFO: 	Start:	 Fold number 5
2016-09-01 10:48:03,494 DEBUG: 		Start:	 Iteration 1
2016-09-01 10:48:03,501 DEBUG: 			View 0 : 0.532258064516
2016-09-01 10:48:03,508 DEBUG: 			View 1 : 0.489247311828
2016-09-01 10:48:03,515 DEBUG: 			View 2 : 0.5
2016-09-01 10:48:03,522 DEBUG: 			View 3 : 0.467741935484
2016-09-01 10:48:03,557 DEBUG: 			 Best view : 		View0
2016-09-01 10:48:03,637 DEBUG: 		Start:	 Iteration 2
2016-09-01 10:48:03,643 DEBUG: 			View 0 : 0.709677419355
2016-09-01 10:48:03,651 DEBUG: 			View 1 : 0.698924731183
2016-09-01 10:48:03,659 DEBUG: 			View 2 : 0.741935483871
2016-09-01 10:48:03,666 DEBUG: 			View 3 : 0.698924731183
2016-09-01 10:48:03,708 DEBUG: 			 Best view : 		View2
2016-09-01 10:48:03,855 DEBUG: 		Start:	 Iteration 3
2016-09-01 10:48:03,862 DEBUG: 			View 0 : 0.709677419355
2016-09-01 10:48:03,869 DEBUG: 			View 1 : 0.698924731183
2016-09-01 10:48:03,877 DEBUG: 			View 2 : 0.741935483871
2016-09-01 10:48:03,884 DEBUG: 			View 3 : 0.698924731183
2016-09-01 10:48:03,929 DEBUG: 			 Best view : 		View2
2016-09-01 10:48:04,146 INFO: 	Start: 	 Classification
2016-09-01 10:48:04,487 INFO: 	Done: 	 Fold number 5
2016-09-01 10:48:04,487 INFO: Done:	 Classification
2016-09-01 10:48:04,487 INFO: Info:	 Time for Classification: 5[s]
2016-09-01 10:48:04,487 INFO: Start:	 Result Analysis for Mumbo
