2016-09-01 10:54:45,591 INFO: Start:	 Finding all available mono- & multiview algorithms
2016-09-01 10:54:45,593 INFO: ### Main Programm for Multiview Classification
2016-09-01 10:54:45,593 INFO: ### Classification - Database : Fake ; Views : Methyl, MiRNA_, RNASeq, Clinic ; Algorithm : Mumbo ; Cores : 1
2016-09-01 10:54:45,594 INFO: Info:	 Shape of View0 :(300, 14)
2016-09-01 10:54:45,594 INFO: Info:	 Shape of View1 :(300, 14)
2016-09-01 10:54:45,595 INFO: Info:	 Shape of View2 :(300, 18)
2016-09-01 10:54:45,595 INFO: Info:	 Shape of View3 :(300, 9)
2016-09-01 10:54:45,595 INFO: Done:	 Read Database Files
2016-09-01 10:54:45,595 INFO: Start:	 Determine validation split for ratio 0.7
2016-09-01 10:54:45,599 INFO: Done:	 Determine validation split
2016-09-01 10:54:45,599 INFO: Start:	 Determine 5 folds
2016-09-01 10:54:45,606 INFO: Info:	 Length of Learning Sets: 169
2016-09-01 10:54:45,606 INFO: Info:	 Length of Testing Sets: 42
2016-09-01 10:54:45,606 INFO: Info:	 Length of Validation Set: 89
2016-09-01 10:54:45,606 INFO: Done:	 Determine folds
2016-09-01 10:54:45,606 INFO: Start:	 Learning with Mumbo and 5 folds
2016-09-01 10:54:45,606 INFO: 	Start:	 Fold number 1
2016-09-01 10:54:45,638 DEBUG: 		Start:	 Iteration 1
2016-09-01 10:54:45,646 DEBUG: 			View 0 : 0.497175141243
2016-09-01 10:54:45,653 DEBUG: 			View 1 : 0.525423728814
2016-09-01 10:54:45,660 DEBUG: 			View 2 : 0.474576271186
2016-09-01 10:54:45,667 DEBUG: 			View 3 : 0.480225988701
2016-09-01 10:54:45,702 DEBUG: 			 Best view : 		View2
2016-09-01 10:54:45,782 DEBUG: 		Start:	 Iteration 2
2016-09-01 10:54:45,790 DEBUG: 			View 0 : 0.649717514124
2016-09-01 10:54:45,797 DEBUG: 			View 1 : 0.717514124294
2016-09-01 10:54:45,805 DEBUG: 			View 2 : 0.64406779661
2016-09-01 10:54:45,812 DEBUG: 			View 3 : 0.723163841808
2016-09-01 10:54:45,851 DEBUG: 			 Best view : 		View3
2016-09-01 10:54:45,997 DEBUG: 		Start:	 Iteration 3
2016-09-01 10:54:46,012 DEBUG: 			View 0 : 0.649717514124
2016-09-01 10:54:46,019 DEBUG: 			View 1 : 0.717514124294
2016-09-01 10:54:46,027 DEBUG: 			View 2 : 0.64406779661
2016-09-01 10:54:46,034 DEBUG: 			View 3 : 0.723163841808
2016-09-01 10:54:46,077 DEBUG: 			 Best view : 		View3
2016-09-01 10:54:46,284 DEBUG: 		Start:	 Iteration 4
2016-09-01 10:54:46,291 DEBUG: 			View 0 : 0.700564971751
2016-09-01 10:54:46,298 DEBUG: 			View 1 : 0.700564971751
2016-09-01 10:54:46,306 DEBUG: 			View 2 : 0.655367231638
2016-09-01 10:54:46,313 DEBUG: 			View 3 : 0.655367231638
2016-09-01 10:54:46,358 DEBUG: 			 Best view : 		View0
2016-09-01 10:54:46,630 DEBUG: 		Start:	 Iteration 5
2016-09-01 10:54:46,637 DEBUG: 			View 0 : 0.700564971751
2016-09-01 10:54:46,644 DEBUG: 			View 1 : 0.700564971751
2016-09-01 10:54:46,652 DEBUG: 			View 2 : 0.655367231638
2016-09-01 10:54:46,659 DEBUG: 			View 3 : 0.655367231638
2016-09-01 10:54:46,708 DEBUG: 			 Best view : 		View0
2016-09-01 10:54:47,037 DEBUG: 		Start:	 Iteration 6
2016-09-01 10:54:47,044 DEBUG: 			View 0 : 0.717514124294
2016-09-01 10:54:47,051 DEBUG: 			View 1 : 0.700564971751
2016-09-01 10:54:47,059 DEBUG: 			View 2 : 0.598870056497
2016-09-01 10:54:47,065 DEBUG: 			View 3 : 0.666666666667
2016-09-01 10:54:47,116 DEBUG: 			 Best view : 		View0
2016-09-01 10:54:47,507 DEBUG: 		Start:	 Iteration 7
2016-09-01 10:54:47,514 DEBUG: 			View 0 : 0.64406779661
2016-09-01 10:54:47,521 DEBUG: 			View 1 : 0.734463276836
2016-09-01 10:54:47,528 DEBUG: 			View 2 : 0.598870056497
2016-09-01 10:54:47,536 DEBUG: 			View 3 : 0.677966101695
2016-09-01 10:54:47,588 DEBUG: 			 Best view : 		View1
2016-09-01 10:54:48,053 DEBUG: 		Start:	 Iteration 8
2016-09-01 10:54:48,060 DEBUG: 			View 0 : 0.632768361582
2016-09-01 10:54:48,067 DEBUG: 			View 1 : 0.734463276836
2016-09-01 10:54:48,075 DEBUG: 			View 2 : 0.655367231638
2016-09-01 10:54:48,082 DEBUG: 			View 3 : 0.700564971751
2016-09-01 10:54:48,138 DEBUG: 			 Best view : 		View1
2016-09-01 10:54:48,671 DEBUG: 		Start:	 Iteration 9
2016-09-01 10:54:48,678 DEBUG: 			View 0 : 0.649717514124
2016-09-01 10:54:48,685 DEBUG: 			View 1 : 0.677966101695
2016-09-01 10:54:48,692 DEBUG: 			View 2 : 0.621468926554
2016-09-01 10:54:48,699 DEBUG: 			View 3 : 0.655367231638
2016-09-01 10:54:48,757 DEBUG: 			 Best view : 		View1
2016-09-01 10:54:49,338 DEBUG: 		Start:	 Iteration 10
2016-09-01 10:54:49,345 DEBUG: 			View 0 : 0.655367231638
2016-09-01 10:54:49,352 DEBUG: 			View 1 : 0.677966101695
2016-09-01 10:54:49,360 DEBUG: 			View 2 : 0.621468926554
2016-09-01 10:54:49,366 DEBUG: 			View 3 : 0.655367231638
2016-09-01 10:54:49,428 DEBUG: 			 Best view : 		View1
2016-09-01 10:54:50,074 DEBUG: 		Start:	 Iteration 11
2016-09-01 10:54:50,081 DEBUG: 			View 0 : 0.672316384181
2016-09-01 10:54:50,089 DEBUG: 			View 1 : 0.717514124294
2016-09-01 10:54:50,096 DEBUG: 			View 2 : 0.621468926554
2016-09-01 10:54:50,103 DEBUG: 			View 3 : 0.655367231638
