2016-09-01 10:41:55,329 INFO: Start:	 Finding all available mono- & multiview algorithms
2016-09-01 10:41:55,331 INFO: ### Main Programm for Multiview Classification
2016-09-01 10:41:55,331 INFO: ### Classification - Database : Fake ; Views : Methyl, MiRNA_, RNASeq, Clinic ; Algorithm : Mumbo ; Cores : 1
2016-09-01 10:41:55,331 INFO: Info:	 Shape of View0 :(300, 7)
2016-09-01 10:41:55,332 INFO: Info:	 Shape of View1 :(300, 16)
2016-09-01 10:41:55,332 INFO: Info:	 Shape of View2 :(300, 9)
2016-09-01 10:41:55,333 INFO: Info:	 Shape of View3 :(300, 9)
2016-09-01 10:41:55,333 INFO: Done:	 Read Database Files
2016-09-01 10:41:55,333 INFO: Start:	 Determine validation split for ratio 0.7
2016-09-01 10:41:55,336 INFO: Done:	 Determine validation split
2016-09-01 10:41:55,336 INFO: Start:	 Determine 5 folds
2016-09-01 10:41:55,343 INFO: Info:	 Length of Learning Sets: 169
2016-09-01 10:41:55,343 INFO: Info:	 Length of Testing Sets: 42
2016-09-01 10:41:55,343 INFO: Info:	 Length of Validation Set: 89
2016-09-01 10:41:55,344 INFO: Done:	 Determine folds
2016-09-01 10:41:55,344 INFO: Start:	 Learning with Mumbo and 5 folds
2016-09-01 10:41:55,344 INFO: 	Start:	 Fold number 1
2016-09-01 10:41:55,374 DEBUG: 		Start:	 Iteration 1
2016-09-01 10:41:55,381 DEBUG: 			View 0 : 0.516666666667
2016-09-01 10:41:55,388 DEBUG: 			View 1 : 0.483333333333
2016-09-01 10:41:55,395 DEBUG: 			View 2 : 0.577777777778
2016-09-01 10:41:55,401 DEBUG: 			View 3 : 0.472222222222
2016-09-01 10:41:55,434 DEBUG: 			 Best view : 		View1
2016-09-01 10:41:55,511 DEBUG: 		Start:	 Iteration 2
2016-09-01 10:41:55,518 DEBUG: 			View 0 : 0.677777777778
2016-09-01 10:41:55,525 DEBUG: 			View 1 : 0.661111111111
2016-09-01 10:41:55,532 DEBUG: 			View 2 : 0.738888888889
2016-09-01 10:41:55,538 DEBUG: 			View 3 : 0.688888888889
2016-09-01 10:41:55,578 DEBUG: 			 Best view : 		View2
2016-09-01 10:41:55,724 DEBUG: 		Start:	 Iteration 3
2016-09-01 10:41:55,735 DEBUG: 			View 0 : 0.677777777778
2016-09-01 10:41:55,742 DEBUG: 			View 1 : 0.661111111111
2016-09-01 10:41:55,749 DEBUG: 			View 2 : 0.672222222222
2016-09-01 10:41:55,756 DEBUG: 			View 3 : 0.688888888889
2016-09-01 10:41:55,799 DEBUG: 			 Best view : 		View3
2016-09-01 10:41:56,003 INFO: 	Start: 	 Classification
2016-09-01 10:41:56,338 INFO: 	Done: 	 Fold number 1
2016-09-01 10:41:56,338 INFO: 	Start:	 Fold number 2
2016-09-01 10:41:56,368 DEBUG: 		Start:	 Iteration 1
2016-09-01 10:41:56,375 DEBUG: 			View 0 : 0.5
2016-09-01 10:41:56,382 DEBUG: 			View 1 : 0.488888888889
2016-09-01 10:41:56,388 DEBUG: 			View 2 : 0.488888888889
2016-09-01 10:41:56,395 DEBUG: 			View 3 : 0.433333333333
2016-09-01 10:41:56,427 DEBUG: 			 Best view : 		View1
2016-09-01 10:41:56,503 DEBUG: 		Start:	 Iteration 2
2016-09-01 10:41:56,510 DEBUG: 			View 0 : 0.688888888889
2016-09-01 10:41:56,517 DEBUG: 			View 1 : 0.655555555556
2016-09-01 10:41:56,524 DEBUG: 			View 2 : 0.672222222222
2016-09-01 10:41:56,531 DEBUG: 			View 3 : 0.694444444444
2016-09-01 10:41:56,571 DEBUG: 			 Best view : 		View3
2016-09-01 10:41:56,713 DEBUG: 		Start:	 Iteration 3
2016-09-01 10:41:56,720 DEBUG: 			View 0 : 0.688888888889
2016-09-01 10:41:56,727 DEBUG: 			View 1 : 0.655555555556
2016-09-01 10:41:56,733 DEBUG: 			View 2 : 0.672222222222
2016-09-01 10:41:56,740 DEBUG: 			View 3 : 0.694444444444
2016-09-01 10:41:56,783 DEBUG: 			 Best view : 		View3
2016-09-01 10:41:56,987 INFO: 	Start: 	 Classification
2016-09-01 10:41:57,320 INFO: 	Done: 	 Fold number 2
2016-09-01 10:41:57,320 INFO: 	Start:	 Fold number 3
2016-09-01 10:41:57,352 DEBUG: 		Start:	 Iteration 1
2016-09-01 10:41:57,358 DEBUG: 			View 0 : 0.494565217391
2016-09-01 10:41:57,365 DEBUG: 			View 1 : 0.505434782609
2016-09-01 10:41:57,372 DEBUG: 			View 2 : 0.565217391304
2016-09-01 10:41:57,379 DEBUG: 			View 3 : 0.423913043478
2016-09-01 10:41:57,412 DEBUG: 			 Best view : 		View0
2016-09-01 10:41:57,490 DEBUG: 		Start:	 Iteration 2
2016-09-01 10:41:57,497 DEBUG: 			View 0 : 0.695652173913
2016-09-01 10:41:57,504 DEBUG: 			View 1 : 0.635869565217
2016-09-01 10:41:57,511 DEBUG: 			View 2 : 0.66847826087
2016-09-01 10:41:57,518 DEBUG: 			View 3 : 0.695652173913
2016-09-01 10:41:57,558 DEBUG: 			 Best view : 		View0
2016-09-01 10:41:57,702 DEBUG: 		Start:	 Iteration 3
2016-09-01 10:41:57,709 DEBUG: 			View 0 : 0.695652173913
2016-09-01 10:41:57,716 DEBUG: 			View 1 : 0.635869565217
2016-09-01 10:41:57,723 DEBUG: 			View 2 : 0.66847826087
2016-09-01 10:41:57,730 DEBUG: 			View 3 : 0.695652173913
2016-09-01 10:41:57,773 DEBUG: 			 Best view : 		View0
2016-09-01 10:41:57,982 INFO: 	Start: 	 Classification
2016-09-01 10:41:58,321 INFO: 	Done: 	 Fold number 3
2016-09-01 10:41:58,321 INFO: 	Start:	 Fold number 4
2016-09-01 10:41:58,352 DEBUG: 		Start:	 Iteration 1
2016-09-01 10:41:58,359 DEBUG: 			View 0 : 0.527173913043
2016-09-01 10:41:58,365 DEBUG: 			View 1 : 0.5
2016-09-01 10:41:58,372 DEBUG: 			View 2 : 0.472826086957
2016-09-01 10:41:58,379 DEBUG: 			View 3 : 0.516304347826
2016-09-01 10:41:58,413 DEBUG: 			 Best view : 		View1
2016-09-01 10:41:58,490 DEBUG: 		Start:	 Iteration 2
2016-09-01 10:41:58,497 DEBUG: 			View 0 : 0.695652173913
2016-09-01 10:41:58,504 DEBUG: 			View 1 : 0.630434782609
2016-09-01 10:41:58,511 DEBUG: 			View 2 : 0.66847826087
2016-09-01 10:41:58,518 DEBUG: 			View 3 : 0.711956521739
2016-09-01 10:41:58,558 DEBUG: 			 Best view : 		View3
2016-09-01 10:41:58,703 DEBUG: 		Start:	 Iteration 3
2016-09-01 10:41:58,709 DEBUG: 			View 0 : 0.695652173913
2016-09-01 10:41:58,717 DEBUG: 			View 1 : 0.630434782609
2016-09-01 10:41:58,723 DEBUG: 			View 2 : 0.66847826087
2016-09-01 10:41:58,730 DEBUG: 			View 3 : 0.711956521739
2016-09-01 10:41:58,774 DEBUG: 			 Best view : 		View3
2016-09-01 10:41:58,983 INFO: 	Start: 	 Classification
2016-09-01 10:41:59,322 INFO: 	Done: 	 Fold number 4
2016-09-01 10:41:59,322 INFO: 	Start:	 Fold number 5
2016-09-01 10:41:59,352 DEBUG: 		Start:	 Iteration 1
2016-09-01 10:41:59,359 DEBUG: 			View 0 : 0.516666666667
2016-09-01 10:41:59,365 DEBUG: 			View 1 : 0.472222222222
2016-09-01 10:41:59,372 DEBUG: 			View 2 : 0.427777777778
2016-09-01 10:41:59,378 DEBUG: 			View 3 : 0.516666666667
2016-09-01 10:41:59,411 DEBUG: 			 Best view : 		View1
2016-09-01 10:41:59,487 DEBUG: 		Start:	 Iteration 2
2016-09-01 10:41:59,494 DEBUG: 			View 0 : 0.644444444444
2016-09-01 10:41:59,501 DEBUG: 			View 1 : 0.644444444444
2016-09-01 10:41:59,508 DEBUG: 			View 2 : 0.705555555556
2016-09-01 10:41:59,514 DEBUG: 			View 3 : 0.666666666667
2016-09-01 10:41:59,554 DEBUG: 			 Best view : 		View2
2016-09-01 10:41:59,697 DEBUG: 		Start:	 Iteration 3
2016-09-01 10:41:59,704 DEBUG: 			View 0 : 0.644444444444
2016-09-01 10:41:59,711 DEBUG: 			View 1 : 0.644444444444
2016-09-01 10:41:59,718 DEBUG: 			View 2 : 0.705555555556
2016-09-01 10:41:59,725 DEBUG: 			View 3 : 0.666666666667
2016-09-01 10:41:59,768 DEBUG: 			 Best view : 		View2
2016-09-01 10:41:59,973 INFO: 	Start: 	 Classification
2016-09-01 10:42:00,308 INFO: 	Done: 	 Fold number 5
2016-09-01 10:42:00,308 INFO: Done:	 Classification
2016-09-01 10:42:00,309 INFO: Info:	 Time for Classification: 4[s]
2016-09-01 10:42:00,309 INFO: Start:	 Result Analysis for Mumbo
