2016-09-01 10:50:37,879 INFO: Start:	 Finding all available mono- & multiview algorithms
2016-09-01 10:50:37,880 INFO: ### Main Programm for Multiview Classification
2016-09-01 10:50:37,880 INFO: ### Classification - Database : Fake ; Views : Methyl, MiRNA_, RNASeq, Clinic ; Algorithm : Mumbo ; Cores : 1
2016-09-01 10:50:37,881 INFO: Info:	 Shape of View0 :(300, 20)
2016-09-01 10:50:37,881 INFO: Info:	 Shape of View1 :(300, 12)
2016-09-01 10:50:37,882 INFO: Info:	 Shape of View2 :(300, 8)
2016-09-01 10:50:37,882 INFO: Info:	 Shape of View3 :(300, 20)
2016-09-01 10:50:37,882 INFO: Done:	 Read Database Files
2016-09-01 10:50:37,882 INFO: Start:	 Determine validation split for ratio 0.7
2016-09-01 10:50:37,886 INFO: Done:	 Determine validation split
2016-09-01 10:50:37,886 INFO: Start:	 Determine 5 folds
2016-09-01 10:50:37,892 INFO: Info:	 Length of Learning Sets: 169
2016-09-01 10:50:37,892 INFO: Info:	 Length of Testing Sets: 42
2016-09-01 10:50:37,892 INFO: Info:	 Length of Validation Set: 89
2016-09-01 10:50:37,892 INFO: Done:	 Determine folds
2016-09-01 10:50:37,892 INFO: Start:	 Learning with Mumbo and 5 folds
2016-09-01 10:50:37,892 INFO: 	Start:	 Fold number 1
2016-09-01 10:50:37,924 DEBUG: 		Start:	 Iteration 1
2016-09-01 10:50:37,931 DEBUG: 			View 0 : 0.525139664804
2016-09-01 10:50:37,938 DEBUG: 			View 1 : 0.525139664804
2016-09-01 10:50:37,945 DEBUG: 			View 2 : 0.502793296089
2016-09-01 10:50:37,951 DEBUG: 			View 3 : 0.513966480447
2016-09-01 10:50:37,985 DEBUG: 			 Best view : 		View3
2016-09-01 10:50:38,063 DEBUG: 		Start:	 Iteration 2
2016-09-01 10:50:38,070 DEBUG: 			View 0 : 0.737430167598
2016-09-01 10:50:38,078 DEBUG: 			View 1 : 0.72625698324
2016-09-01 10:50:38,085 DEBUG: 			View 2 : 0.648044692737
2016-09-01 10:50:38,092 DEBUG: 			View 3 : 0.709497206704
2016-09-01 10:50:38,133 DEBUG: 			 Best view : 		View0
2016-09-01 10:50:38,280 DEBUG: 		Start:	 Iteration 3
2016-09-01 10:50:38,287 DEBUG: 			View 0 : 0.737430167598
2016-09-01 10:50:38,296 DEBUG: 			View 1 : 0.72625698324
2016-09-01 10:50:38,304 DEBUG: 			View 2 : 0.648044692737
2016-09-01 10:50:38,312 DEBUG: 			View 3 : 0.709497206704
2016-09-01 10:50:38,354 DEBUG: 			 Best view : 		View0
2016-09-01 10:50:38,563 INFO: 	Start: 	 Classification
2016-09-01 10:50:38,904 INFO: 	Done: 	 Fold number 1
2016-09-01 10:50:38,905 INFO: 	Start:	 Fold number 2
2016-09-01 10:50:38,936 DEBUG: 		Start:	 Iteration 1
2016-09-01 10:50:38,943 DEBUG: 			View 0 : 0.522222222222
2016-09-01 10:50:38,950 DEBUG: 			View 1 : 0.5
2016-09-01 10:50:38,957 DEBUG: 			View 2 : 0.5
2016-09-01 10:50:38,964 DEBUG: 			View 3 : 0.466666666667
2016-09-01 10:50:38,999 DEBUG: 			 Best view : 		View0
2016-09-01 10:50:39,077 DEBUG: 		Start:	 Iteration 2
2016-09-01 10:50:39,084 DEBUG: 			View 0 : 0.727777777778
2016-09-01 10:50:39,092 DEBUG: 			View 1 : 0.616666666667
2016-09-01 10:50:39,098 DEBUG: 			View 2 : 0.705555555556
2016-09-01 10:50:39,106 DEBUG: 			View 3 : 0.716666666667
2016-09-01 10:50:39,146 DEBUG: 			 Best view : 		View0
2016-09-01 10:50:39,290 DEBUG: 		Start:	 Iteration 3
2016-09-01 10:50:39,298 DEBUG: 			View 0 : 0.727777777778
2016-09-01 10:50:39,305 DEBUG: 			View 1 : 0.616666666667
2016-09-01 10:50:39,312 DEBUG: 			View 2 : 0.705555555556
2016-09-01 10:50:39,319 DEBUG: 			View 3 : 0.716666666667
2016-09-01 10:50:39,362 DEBUG: 			 Best view : 		View0
2016-09-01 10:50:39,573 INFO: 	Start: 	 Classification
2016-09-01 10:50:39,916 INFO: 	Done: 	 Fold number 2
2016-09-01 10:50:39,916 INFO: 	Start:	 Fold number 3
2016-09-01 10:50:39,947 DEBUG: 		Start:	 Iteration 1
2016-09-01 10:50:39,954 DEBUG: 			View 0 : 0.478021978022
2016-09-01 10:50:39,961 DEBUG: 			View 1 : 0.434065934066
2016-09-01 10:50:39,968 DEBUG: 			View 2 : 0.532967032967
2016-09-01 10:50:39,975 DEBUG: 			View 3 : 0.483516483516
2016-09-01 10:50:40,009 DEBUG: 			 Best view : 		View1
2016-09-01 10:50:40,088 DEBUG: 		Start:	 Iteration 2
2016-09-01 10:50:40,095 DEBUG: 			View 0 : 0.730769230769
2016-09-01 10:50:40,103 DEBUG: 			View 1 : 0.598901098901
2016-09-01 10:50:40,110 DEBUG: 			View 2 : 0.67032967033
2016-09-01 10:50:40,117 DEBUG: 			View 3 : 0.71978021978
2016-09-01 10:50:40,157 DEBUG: 			 Best view : 		View0
2016-09-01 10:50:40,304 DEBUG: 		Start:	 Iteration 3
2016-09-01 10:50:40,312 DEBUG: 			View 0 : 0.730769230769
2016-09-01 10:50:40,319 DEBUG: 			View 1 : 0.598901098901
2016-09-01 10:50:40,326 DEBUG: 			View 2 : 0.67032967033
2016-09-01 10:50:40,334 DEBUG: 			View 3 : 0.71978021978
2016-09-01 10:50:40,378 DEBUG: 			 Best view : 		View0
2016-09-01 10:50:40,591 INFO: 	Start: 	 Classification
2016-09-01 10:50:40,936 INFO: 	Done: 	 Fold number 3
2016-09-01 10:50:40,936 INFO: 	Start:	 Fold number 4
2016-09-01 10:50:40,967 DEBUG: 		Start:	 Iteration 1
2016-09-01 10:50:40,974 DEBUG: 			View 0 : 0.426229508197
2016-09-01 10:50:40,981 DEBUG: 			View 1 : 0.546448087432
2016-09-01 10:50:40,987 DEBUG: 			View 2 : 0.491803278689
2016-09-01 10:50:40,994 DEBUG: 			View 3 : 0.540983606557
2016-09-01 10:50:41,028 DEBUG: 			 Best view : 		View1
2016-09-01 10:50:41,108 DEBUG: 		Start:	 Iteration 2
2016-09-01 10:50:41,115 DEBUG: 			View 0 : 0.633879781421
2016-09-01 10:50:41,122 DEBUG: 			View 1 : 0.661202185792
2016-09-01 10:50:41,129 DEBUG: 			View 2 : 0.699453551913
2016-09-01 10:50:41,137 DEBUG: 			View 3 : 0.699453551913
2016-09-01 10:50:41,177 DEBUG: 			 Best view : 		View2
2016-09-01 10:50:41,323 DEBUG: 		Start:	 Iteration 3
2016-09-01 10:50:41,331 DEBUG: 			View 0 : 0.639344262295
2016-09-01 10:50:41,339 DEBUG: 			View 1 : 0.661202185792
2016-09-01 10:50:41,345 DEBUG: 			View 2 : 0.699453551913
2016-09-01 10:50:41,353 DEBUG: 			View 3 : 0.699453551913
2016-09-01 10:50:41,397 DEBUG: 			 Best view : 		View2
2016-09-01 10:50:41,615 INFO: 	Start: 	 Classification
2016-09-01 10:50:41,959 INFO: 	Done: 	 Fold number 4
2016-09-01 10:50:41,959 INFO: 	Start:	 Fold number 5
2016-09-01 10:50:41,991 DEBUG: 		Start:	 Iteration 1
2016-09-01 10:50:41,998 DEBUG: 			View 0 : 0.530054644809
2016-09-01 10:50:42,005 DEBUG: 			View 1 : 0.51912568306
2016-09-01 10:50:42,011 DEBUG: 			View 2 : 0.535519125683
2016-09-01 10:50:42,018 DEBUG: 			View 3 : 0.51912568306
2016-09-01 10:50:42,052 DEBUG: 			 Best view : 		View3
2016-09-01 10:50:42,131 DEBUG: 		Start:	 Iteration 2
2016-09-01 10:50:42,139 DEBUG: 			View 0 : 0.748633879781
2016-09-01 10:50:42,146 DEBUG: 			View 1 : 0.579234972678
2016-09-01 10:50:42,153 DEBUG: 			View 2 : 0.612021857923
2016-09-01 10:50:42,160 DEBUG: 			View 3 : 0.622950819672
2016-09-01 10:50:42,201 DEBUG: 			 Best view : 		View0
2016-09-01 10:50:42,348 DEBUG: 		Start:	 Iteration 3
2016-09-01 10:50:42,355 DEBUG: 			View 0 : 0.748633879781
2016-09-01 10:50:42,363 DEBUG: 			View 1 : 0.579234972678
2016-09-01 10:50:42,369 DEBUG: 			View 2 : 0.612021857923
2016-09-01 10:50:42,377 DEBUG: 			View 3 : 0.622950819672
2016-09-01 10:50:42,421 DEBUG: 			 Best view : 		View0
2016-09-01 10:50:42,633 INFO: 	Start: 	 Classification
2016-09-01 10:50:42,979 INFO: 	Done: 	 Fold number 5
2016-09-01 10:50:42,979 INFO: Done:	 Classification
2016-09-01 10:50:42,979 INFO: Info:	 Time for Classification: 5[s]
2016-09-01 10:50:42,979 INFO: Start:	 Result Analysis for Mumbo
2016-09-01 10:50:44,902 INFO: 		Result for Multiview classification with Mumbo

Average accuracy :
	-On Train : 72.7695603132
	-On Test : 41.4285714286
	-On Validation : 69.2134831461Dataset info :
	-Dataset name : Fake
	-Labels : Methyl, MiRNA_, RNASeq, Clinic
	-Views : View0 of shape (300, 20), View1 of shape (300, 12), View2 of shape (300, 8), View3 of shape (300, 20)
	-5 folds
	- Validation set length : 89 for learning rate : 0.7 on a total number of examples of 300



Mumbo configuration : 
	-Used 1 core(s)
	-Iterations : min 1, max 10, threshold 0.1
	-Weak Classifiers : DecisionTree with depth 3,  sub-sampled at 1.0 on View0
		-DecisionTree with depth 3,  sub-sampled at 1.0 on View1
		-DecisionTree with depth 3,  sub-sampled at 1.0 on View2
		-DecisionTree with depth 3,  sub-sampled at 1.0 on View3



Computation time on 1 cores : 
	Database extraction time : 0:00:00
	                         Learn     Prediction
	         Fold 1        0:00:00        0:00:00
	         Fold 2        0:00:01        0:00:00
	         Fold 3        0:00:02        0:00:00
	         Fold 4        0:00:03        0:00:00
	         Fold 5        0:00:04        0:00:00
	          Total        0:00:13        0:00:01
	So a total classification time of 0:00:05.



Mean average accuracies and stats for each fold :
	- Fold 0, used 4
		- On View0 : 
			- Mean average Accuracy : 0.2
			- Percentage of time chosen : 0.9
		- On View1 : 
			- Mean average Accuracy : 0.197765363128
			- Percentage of time chosen : 0.0
		- On View2 : 
			- Mean average Accuracy : 0.179888268156
			- Percentage of time chosen : 0.0
		- On View3 : 
			- Mean average Accuracy : 0.193296089385
			- Percentage of time chosen : 0.1
	- Fold 1, used 4
		- On View0 : 
			- Mean average Accuracy : 0.197777777778
			- Percentage of time chosen : 1.0
		- On View1 : 
			- Mean average Accuracy : 0.173333333333
			- Percentage of time chosen : 0.0
		- On View2 : 
			- Mean average Accuracy : 0.191111111111
			- Percentage of time chosen : 0.0
		- On View3 : 
			- Mean average Accuracy : 0.19
			- Percentage of time chosen : 0.0
	- Fold 2, used 4
		- On View0 : 
			- Mean average Accuracy : 0.193956043956
			- Percentage of time chosen : 0.9
		- On View1 : 
			- Mean average Accuracy : 0.163186813187
			- Percentage of time chosen : 0.1
		- On View2 : 
			- Mean average Accuracy : 0.187362637363
			- Percentage of time chosen : 0.0
		- On View3 : 
			- Mean average Accuracy : 0.192307692308
			- Percentage of time chosen : 0.0
	- Fold 3, used 4
		- On View0 : 
			- Mean average Accuracy : 0.169945355191
			- Percentage of time chosen : 0.7
		- On View1 : 
			- Mean average Accuracy : 0.186885245902
			- Percentage of time chosen : 0.1
		- On View2 : 
			- Mean average Accuracy : 0.189071038251
			- Percentage of time chosen : 0.2
		- On View3 : 
			- Mean average Accuracy : 0.193989071038
			- Percentage of time chosen : 0.0
	- Fold 4, used 4
		- On View0 : 
			- Mean average Accuracy : 0.202732240437
			- Percentage of time chosen : 0.9
		- On View1 : 
			- Mean average Accuracy : 0.167759562842
			- Percentage of time chosen : 0.0
		- On View2 : 
			- Mean average Accuracy : 0.175956284153
			- Percentage of time chosen : 0.0
		- On View3 : 
			- Mean average Accuracy : 0.17650273224
			- Percentage of time chosen : 0.1

 For each iteration : 
	- Iteration 4
		 Fold 1
			Accuracy on train : 49.7206703911
			Accuracy on test : 0.0
			Accuracy on validation : 50.5617977528
			Selected View : View0
		 Fold 2
			Accuracy on train : 48.8888888889
			Accuracy on test : 0.0
			Accuracy on validation : 50.5617977528
			Selected View : View0
		 Fold 3
			Accuracy on train : 48.9010989011
			Accuracy on test : 0.0
			Accuracy on validation : 50.5617977528
			Selected View : View0
		 Fold 4
			Accuracy on train : 49.7267759563
			Accuracy on test : 0.0
			Accuracy on validation : 50.5617977528
			Selected View : View0
		 Fold 5
			Accuracy on train : 47.5409836066
			Accuracy on test : 0.0
			Accuracy on validation : 50.5617977528
			Selected View : View0
2016-09-01 10:50:45,120 INFO: Done:	 Result Analysis
