2016-09-01 10:54:29,271 INFO: Start:	 Finding all available mono- & multiview algorithms
2016-09-01 10:54:29,273 INFO: ### Main Programm for Multiview Classification
2016-09-01 10:54:29,273 INFO: ### Classification - Database : Fake ; Views : Methyl, MiRNA_, RNASeq, Clinic ; Algorithm : Mumbo ; Cores : 1
2016-09-01 10:54:29,273 INFO: Info:	 Shape of View0 :(300, 12)
2016-09-01 10:54:29,273 INFO: Info:	 Shape of View1 :(300, 16)
2016-09-01 10:54:29,274 INFO: Info:	 Shape of View2 :(300, 20)
2016-09-01 10:54:29,274 INFO: Info:	 Shape of View3 :(300, 5)
2016-09-01 10:54:29,274 INFO: Done:	 Read Database Files
2016-09-01 10:54:29,275 INFO: Start:	 Determine validation split for ratio 0.7
2016-09-01 10:54:29,278 INFO: Done:	 Determine validation split
2016-09-01 10:54:29,278 INFO: Start:	 Determine 5 folds
2016-09-01 10:54:29,285 INFO: Info:	 Length of Learning Sets: 169
2016-09-01 10:54:29,285 INFO: Info:	 Length of Testing Sets: 41
2016-09-01 10:54:29,285 INFO: Info:	 Length of Validation Set: 90
2016-09-01 10:54:29,285 INFO: Done:	 Determine folds
2016-09-01 10:54:29,286 INFO: Start:	 Learning with Mumbo and 5 folds
2016-09-01 10:54:29,286 INFO: 	Start:	 Fold number 1
2016-09-01 10:54:29,318 DEBUG: 		Start:	 Iteration 1
2016-09-01 10:54:29,325 DEBUG: 			View 0 : 0.513966480447
2016-09-01 10:54:29,332 DEBUG: 			View 1 : 0.513966480447
2016-09-01 10:54:29,338 DEBUG: 			View 2 : 0.513966480447
2016-09-01 10:54:29,345 DEBUG: 			View 3 : 0.513966480447
2016-09-01 10:54:29,382 DEBUG: 			 Best view : 		View0
2016-09-01 10:54:29,484 DEBUG: 		Start:	 Iteration 2
2016-09-01 10:54:29,491 DEBUG: 			View 0 : 0.72625698324
2016-09-01 10:54:29,499 DEBUG: 			View 1 : 0.720670391061
2016-09-01 10:54:29,506 DEBUG: 			View 2 : 0.675977653631
2016-09-01 10:54:29,514 DEBUG: 			View 3 : 0.620111731844
2016-09-01 10:54:29,557 DEBUG: 			 Best view : 		View0
2016-09-01 10:54:29,710 DEBUG: 		Start:	 Iteration 3
2016-09-01 10:54:29,722 DEBUG: 			View 0 : 0.72625698324
2016-09-01 10:54:29,731 DEBUG: 			View 1 : 0.720670391061
2016-09-01 10:54:29,738 DEBUG: 			View 2 : 0.675977653631
2016-09-01 10:54:29,745 DEBUG: 			View 3 : 0.620111731844
2016-09-01 10:54:29,788 DEBUG: 			 Best view : 		View0
2016-09-01 10:54:29,998 DEBUG: 		Start:	 Iteration 4
2016-09-01 10:54:30,005 DEBUG: 			View 0 : 0.698324022346
2016-09-01 10:54:30,013 DEBUG: 			View 1 : 0.692737430168
2016-09-01 10:54:30,020 DEBUG: 			View 2 : 0.664804469274
2016-09-01 10:54:30,027 DEBUG: 			View 3 : 0.63687150838
2016-09-01 10:54:30,073 DEBUG: 			 Best view : 		View0
2016-09-01 10:54:30,348 DEBUG: 		Start:	 Iteration 5
2016-09-01 10:54:30,355 DEBUG: 			View 0 : 0.698324022346
2016-09-01 10:54:30,363 DEBUG: 			View 1 : 0.692737430168
2016-09-01 10:54:30,370 DEBUG: 			View 2 : 0.664804469274
2016-09-01 10:54:30,377 DEBUG: 			View 3 : 0.63687150838
2016-09-01 10:54:30,424 DEBUG: 			 Best view : 		View0
2016-09-01 10:54:30,755 DEBUG: 		Start:	 Iteration 6
2016-09-01 10:54:30,762 DEBUG: 			View 0 : 0.698324022346
2016-09-01 10:54:30,770 DEBUG: 			View 1 : 0.720670391061
2016-09-01 10:54:30,777 DEBUG: 			View 2 : 0.631284916201
2016-09-01 10:54:30,784 DEBUG: 			View 3 : 0.664804469274
2016-09-01 10:54:30,835 DEBUG: 			 Best view : 		View1
2016-09-01 10:54:31,231 DEBUG: 		Start:	 Iteration 7
2016-09-01 10:54:31,238 DEBUG: 			View 0 : 0.72625698324
2016-09-01 10:54:31,246 DEBUG: 			View 1 : 0.72625698324
2016-09-01 10:54:31,253 DEBUG: 			View 2 : 0.631284916201
2016-09-01 10:54:31,260 DEBUG: 			View 3 : 0.620111731844
2016-09-01 10:54:31,314 DEBUG: 			 Best view : 		View1
2016-09-01 10:54:31,790 DEBUG: 		Start:	 Iteration 8
2016-09-01 10:54:31,797 DEBUG: 			View 0 : 0.715083798883
2016-09-01 10:54:31,804 DEBUG: 			View 1 : 0.703910614525
2016-09-01 10:54:31,812 DEBUG: 			View 2 : 0.653631284916
2016-09-01 10:54:31,819 DEBUG: 			View 3 : 0.614525139665
2016-09-01 10:54:31,875 DEBUG: 			 Best view : 		View0
2016-09-01 10:54:32,409 DEBUG: 		Start:	 Iteration 9
2016-09-01 10:54:32,416 DEBUG: 			View 0 : 0.72625698324
2016-09-01 10:54:32,423 DEBUG: 			View 1 : 0.720670391061
2016-09-01 10:54:32,430 DEBUG: 			View 2 : 0.653631284916
2016-09-01 10:54:32,437 DEBUG: 			View 3 : 0.642458100559
2016-09-01 10:54:32,495 DEBUG: 			 Best view : 		View0
2016-09-01 10:54:33,083 DEBUG: 		Start:	 Iteration 10
2016-09-01 10:54:33,090 DEBUG: 			View 0 : 0.72625698324
2016-09-01 10:54:33,098 DEBUG: 			View 1 : 0.720670391061
2016-09-01 10:54:33,105 DEBUG: 			View 2 : 0.653631284916
2016-09-01 10:54:33,112 DEBUG: 			View 3 : 0.625698324022
2016-09-01 10:54:33,173 DEBUG: 			 Best view : 		View1
2016-09-01 10:54:33,823 DEBUG: 		Start:	 Iteration 11
2016-09-01 10:54:33,830 DEBUG: 			View 0 : 0.709497206704
2016-09-01 10:54:33,837 DEBUG: 			View 1 : 0.720670391061
2016-09-01 10:54:33,845 DEBUG: 			View 2 : 0.653631284916
2016-09-01 10:54:33,851 DEBUG: 			View 3 : 0.625698324022
