2016-09-01 10:43:21,594 INFO: Start:	 Finding all available mono- & multiview algorithms
2016-09-01 10:43:21,596 INFO: ### Main Programm for Multiview Classification
2016-09-01 10:43:21,596 INFO: ### Classification - Database : Fake ; Views : Methyl, MiRNA_, RNASeq, Clinic ; Algorithm : Mumbo ; Cores : 1
2016-09-01 10:43:21,596 INFO: Info:	 Shape of View0 :(300, 13)
2016-09-01 10:43:21,597 INFO: Info:	 Shape of View1 :(300, 5)
2016-09-01 10:43:21,597 INFO: Info:	 Shape of View2 :(300, 8)
2016-09-01 10:43:21,598 INFO: Info:	 Shape of View3 :(300, 14)
2016-09-01 10:43:21,598 INFO: Done:	 Read Database Files
2016-09-01 10:43:21,598 INFO: Start:	 Determine validation split for ratio 0.7
2016-09-01 10:43:21,601 INFO: Done:	 Determine validation split
2016-09-01 10:43:21,602 INFO: Start:	 Determine 5 folds
2016-09-01 10:43:21,608 INFO: Info:	 Length of Learning Sets: 170
2016-09-01 10:43:21,608 INFO: Info:	 Length of Testing Sets: 41
2016-09-01 10:43:21,608 INFO: Info:	 Length of Validation Set: 89
2016-09-01 10:43:21,608 INFO: Done:	 Determine folds
2016-09-01 10:43:21,608 INFO: Start:	 Learning with Mumbo and 5 folds
2016-09-01 10:43:21,609 INFO: 	Start:	 Fold number 1
2016-09-01 10:43:21,641 DEBUG: 		Start:	 Iteration 1
2016-09-01 10:43:21,648 DEBUG: 			View 0 : 0.483870967742
2016-09-01 10:43:21,655 DEBUG: 			View 1 : 0.483870967742
2016-09-01 10:43:21,662 DEBUG: 			View 2 : 0.483870967742
2016-09-01 10:43:21,669 DEBUG: 			View 3 : 0.483870967742
2016-09-01 10:43:21,669 WARNING: 		WARNING:	All bad for iteration 0
2016-09-01 10:43:21,704 DEBUG: 			 Best view : 		View0
2016-09-01 10:43:21,784 DEBUG: 		Start:	 Iteration 2
2016-09-01 10:43:21,791 DEBUG: 			View 0 : 0.672043010753
2016-09-01 10:43:21,799 DEBUG: 			View 1 : 0.602150537634
2016-09-01 10:43:21,806 DEBUG: 			View 2 : 0.612903225806
2016-09-01 10:43:21,813 DEBUG: 			View 3 : 0.639784946237
2016-09-01 10:43:21,854 DEBUG: 			 Best view : 		View0
2016-09-01 10:43:22,005 DEBUG: 		Start:	 Iteration 3
2016-09-01 10:43:22,014 DEBUG: 			View 0 : 0.672043010753
2016-09-01 10:43:22,022 DEBUG: 			View 1 : 0.602150537634
2016-09-01 10:43:22,029 DEBUG: 			View 2 : 0.612903225806
2016-09-01 10:43:22,037 DEBUG: 			View 3 : 0.639784946237
2016-09-01 10:43:22,082 DEBUG: 			 Best view : 		View0
2016-09-01 10:43:22,297 INFO: 	Start: 	 Classification
2016-09-01 10:43:22,643 INFO: 	Done: 	 Fold number 1
2016-09-01 10:43:22,643 INFO: 	Start:	 Fold number 2
2016-09-01 10:43:22,675 DEBUG: 		Start:	 Iteration 1
2016-09-01 10:43:22,681 DEBUG: 			View 0 : 0.486338797814
2016-09-01 10:43:22,688 DEBUG: 			View 1 : 0.486338797814
2016-09-01 10:43:22,695 DEBUG: 			View 2 : 0.486338797814
2016-09-01 10:43:22,701 DEBUG: 			View 3 : 0.486338797814
2016-09-01 10:43:22,702 WARNING: 		WARNING:	All bad for iteration 0
2016-09-01 10:43:22,736 DEBUG: 			 Best view : 		View0
2016-09-01 10:43:22,815 DEBUG: 		Start:	 Iteration 2
2016-09-01 10:43:22,822 DEBUG: 			View 0 : 0.715846994536
2016-09-01 10:43:22,830 DEBUG: 			View 1 : 0.606557377049
2016-09-01 10:43:22,837 DEBUG: 			View 2 : 0.595628415301
2016-09-01 10:43:22,844 DEBUG: 			View 3 : 0.628415300546
2016-09-01 10:43:22,885 DEBUG: 			 Best view : 		View0
2016-09-01 10:43:23,030 DEBUG: 		Start:	 Iteration 3
2016-09-01 10:43:23,038 DEBUG: 			View 0 : 0.715846994536
2016-09-01 10:43:23,046 DEBUG: 			View 1 : 0.606557377049
2016-09-01 10:43:23,053 DEBUG: 			View 2 : 0.595628415301
2016-09-01 10:43:23,061 DEBUG: 			View 3 : 0.628415300546
2016-09-01 10:43:23,105 DEBUG: 			 Best view : 		View0
2016-09-01 10:43:23,318 INFO: 	Start: 	 Classification
2016-09-01 10:43:23,659 INFO: 	Done: 	 Fold number 2
2016-09-01 10:43:23,659 INFO: 	Start:	 Fold number 3
2016-09-01 10:43:23,690 DEBUG: 		Start:	 Iteration 1
2016-09-01 10:43:23,697 DEBUG: 			View 0 : 0.52808988764
2016-09-01 10:43:23,704 DEBUG: 			View 1 : 0.561797752809
2016-09-01 10:43:23,710 DEBUG: 			View 2 : 0.511235955056
2016-09-01 10:43:23,717 DEBUG: 			View 3 : 0.533707865169
2016-09-01 10:43:23,751 DEBUG: 			 Best view : 		View0
2016-09-01 10:43:23,827 DEBUG: 		Start:	 Iteration 2
2016-09-01 10:43:23,834 DEBUG: 			View 0 : 0.584269662921
2016-09-01 10:43:23,841 DEBUG: 			View 1 : 0.589887640449
2016-09-01 10:43:23,848 DEBUG: 			View 2 : 0.623595505618
2016-09-01 10:43:23,855 DEBUG: 			View 3 : 0.691011235955
2016-09-01 10:43:23,895 DEBUG: 			 Best view : 		View3
2016-09-01 10:43:24,036 DEBUG: 		Start:	 Iteration 3
2016-09-01 10:43:24,043 DEBUG: 			View 0 : 0.595505617978
2016-09-01 10:43:24,050 DEBUG: 			View 1 : 0.61797752809
2016-09-01 10:43:24,057 DEBUG: 			View 2 : 0.52808988764
2016-09-01 10:43:24,064 DEBUG: 			View 3 : 0.691011235955
2016-09-01 10:43:24,107 DEBUG: 			 Best view : 		View3
2016-09-01 10:43:24,312 INFO: 	Start: 	 Classification
2016-09-01 10:43:24,648 INFO: 	Done: 	 Fold number 3
2016-09-01 10:43:24,648 INFO: 	Start:	 Fold number 4
2016-09-01 10:43:24,680 DEBUG: 		Start:	 Iteration 1
2016-09-01 10:43:24,686 DEBUG: 			View 0 : 0.513661202186
2016-09-01 10:43:24,693 DEBUG: 			View 1 : 0.513661202186
2016-09-01 10:43:24,699 DEBUG: 			View 2 : 0.513661202186
2016-09-01 10:43:24,706 DEBUG: 			View 3 : 0.513661202186
2016-09-01 10:43:24,739 DEBUG: 			 Best view : 		View0
2016-09-01 10:43:24,818 DEBUG: 		Start:	 Iteration 2
2016-09-01 10:43:24,825 DEBUG: 			View 0 : 0.628415300546
2016-09-01 10:43:24,832 DEBUG: 			View 1 : 0.584699453552
2016-09-01 10:43:24,839 DEBUG: 			View 2 : 0.672131147541
2016-09-01 10:43:24,846 DEBUG: 			View 3 : 0.661202185792
2016-09-01 10:43:24,886 DEBUG: 			 Best view : 		View2
2016-09-01 10:43:25,031 DEBUG: 		Start:	 Iteration 3
2016-09-01 10:43:25,038 DEBUG: 			View 0 : 0.628415300546
2016-09-01 10:43:25,046 DEBUG: 			View 1 : 0.584699453552
2016-09-01 10:43:25,052 DEBUG: 			View 2 : 0.672131147541
2016-09-01 10:43:25,060 DEBUG: 			View 3 : 0.661202185792
2016-09-01 10:43:25,104 DEBUG: 			 Best view : 		View2
2016-09-01 10:43:25,314 INFO: 	Start: 	 Classification
2016-09-01 10:43:25,654 INFO: 	Done: 	 Fold number 4
2016-09-01 10:43:25,655 INFO: 	Start:	 Fold number 5
2016-09-01 10:43:25,685 DEBUG: 		Start:	 Iteration 1
2016-09-01 10:43:25,692 DEBUG: 			View 0 : 0.516483516484
2016-09-01 10:43:25,698 DEBUG: 			View 1 : 0.516483516484
2016-09-01 10:43:25,705 DEBUG: 			View 2 : 0.516483516484
2016-09-01 10:43:25,711 DEBUG: 			View 3 : 0.516483516484
2016-09-01 10:43:25,745 DEBUG: 			 Best view : 		View0
2016-09-01 10:43:25,823 DEBUG: 		Start:	 Iteration 2
2016-09-01 10:43:25,829 DEBUG: 			View 0 : 0.67032967033
2016-09-01 10:43:25,836 DEBUG: 			View 1 : 0.620879120879
2016-09-01 10:43:25,843 DEBUG: 			View 2 : 0.697802197802
2016-09-01 10:43:25,850 DEBUG: 			View 3 : 0.67032967033
2016-09-01 10:43:25,891 DEBUG: 			 Best view : 		View2
2016-09-01 10:43:26,035 DEBUG: 		Start:	 Iteration 3
2016-09-01 10:43:26,042 DEBUG: 			View 0 : 0.67032967033
2016-09-01 10:43:26,048 DEBUG: 			View 1 : 0.620879120879
2016-09-01 10:43:26,055 DEBUG: 			View 2 : 0.697802197802
2016-09-01 10:43:26,062 DEBUG: 			View 3 : 0.67032967033
2016-09-01 10:43:26,106 DEBUG: 			 Best view : 		View2
2016-09-01 10:43:26,322 INFO: 	Start: 	 Classification
2016-09-01 10:43:26,660 INFO: 	Done: 	 Fold number 5
2016-09-01 10:43:26,661 INFO: Done:	 Classification
2016-09-01 10:43:26,661 INFO: Info:	 Time for Classification: 5[s]
2016-09-01 10:43:26,661 INFO: Start:	 Result Analysis for Mumbo
