2016-09-01 10:30:34,856 INFO: Start:	 Finding all available mono- & multiview algorithms
2016-09-01 10:30:34,858 INFO: ### Main Programm for Multiview Classification
2016-09-01 10:30:34,858 INFO: ### Classification - Database : Fake ; Views : Methyl, MiRNA_, RNASeq, Clinic ; Algorithm : Mumbo ; Cores : 1
2016-09-01 10:30:34,858 INFO: Info:	 Shape of View0 :(300, 16)
2016-09-01 10:30:34,859 INFO: Info:	 Shape of View1 :(300, 20)
2016-09-01 10:30:34,859 INFO: Info:	 Shape of View2 :(300, 5)
2016-09-01 10:30:34,860 INFO: Info:	 Shape of View3 :(300, 11)
2016-09-01 10:30:34,860 INFO: Done:	 Read Database Files
2016-09-01 10:30:34,860 INFO: Start:	 Determine validation split for ratio 0.7
2016-09-01 10:30:34,870 INFO: Done:	 Determine validation split
2016-09-01 10:30:34,870 INFO: Start:	 Determine 5 folds
2016-09-01 10:30:34,883 INFO: Info:	 Length of Learning Sets: 177
2016-09-01 10:30:34,883 INFO: Info:	 Length of Testing Sets: 38
2016-09-01 10:30:34,883 INFO: Info:	 Length of Validation Set: 85
2016-09-01 10:30:34,883 INFO: Done:	 Determine folds
2016-09-01 10:30:34,883 INFO: Start:	 Learning with Mumbo and 5 folds
2016-09-01 10:30:34,883 INFO: 	Start:	 Fold number 1
2016-09-01 10:30:35,000 DEBUG: 		Start:	 Iteration 1
2016-09-01 10:30:35,009 DEBUG: 			View 0 : 0.0785340314136
2016-09-01 10:30:35,017 DEBUG: 			View 1 : 0.0890052356021
2016-09-01 10:30:35,024 DEBUG: 			View 2 : 0.0890052356021
2016-09-01 10:30:35,033 DEBUG: 			View 3 : 0.0890052356021
2016-09-01 10:30:35,033 WARNING: 		WARNING:	All bad for iteration 0
2016-09-01 10:30:35,202 DEBUG: 			 Best view : 		View3
2016-09-01 10:30:35,316 DEBUG: 		Start:	 Iteration 2
2016-09-01 10:30:35,324 DEBUG: 			View 0 : 0.230366492147
2016-09-01 10:30:35,333 DEBUG: 			View 1 : 0.167539267016
2016-09-01 10:30:35,341 DEBUG: 			View 2 : 0.214659685864
2016-09-01 10:30:35,349 DEBUG: 			View 3 : 0.225130890052
2016-09-01 10:30:35,349 WARNING: 		WARNING:	All bad for iteration 1
2016-09-01 10:30:35,543 DEBUG: 			 Best view : 		View0
2016-09-01 10:30:35,736 DEBUG: 		Start:	 Iteration 3
2016-09-01 10:30:35,753 DEBUG: 			View 0 : 0.230366492147
2016-09-01 10:30:35,762 DEBUG: 			View 1 : 0.167539267016
2016-09-01 10:30:35,770 DEBUG: 			View 2 : 0.214659685864
2016-09-01 10:30:35,778 DEBUG: 			View 3 : 0.225130890052
2016-09-01 10:30:35,778 WARNING: 		WARNING:	All bad for iteration 2
2016-09-01 10:30:35,986 DEBUG: 			 Best view : 		View0
2016-09-01 10:30:36,243 INFO: 	Start: 	 Classification
2016-09-01 10:30:36,584 INFO: 	Done: 	 Fold number 1
2016-09-01 10:30:36,584 INFO: 	Start:	 Fold number 2
2016-09-01 10:30:36,702 DEBUG: 		Start:	 Iteration 1
2016-09-01 10:30:36,710 DEBUG: 			View 0 : 0.0942408376963
2016-09-01 10:30:36,719 DEBUG: 			View 1 : 0.104712041885
2016-09-01 10:30:36,726 DEBUG: 			View 2 : 0.115183246073
2016-09-01 10:30:36,734 DEBUG: 			View 3 : 0.104712041885
2016-09-01 10:30:36,735 WARNING: 		WARNING:	All bad for iteration 0
2016-09-01 10:30:36,901 DEBUG: 			 Best view : 		View3
2016-09-01 10:30:37,016 DEBUG: 		Start:	 Iteration 2
2016-09-01 10:30:37,024 DEBUG: 			View 0 : 0.246073298429
2016-09-01 10:30:37,033 DEBUG: 			View 1 : 0.193717277487
2016-09-01 10:30:37,040 DEBUG: 			View 2 : 0.235602094241
2016-09-01 10:30:37,048 DEBUG: 			View 3 : 0.256544502618
2016-09-01 10:30:37,049 WARNING: 		WARNING:	All bad for iteration 1
2016-09-01 10:30:37,243 DEBUG: 			 Best view : 		View3
2016-09-01 10:30:37,431 DEBUG: 		Start:	 Iteration 3
2016-09-01 10:30:37,439 DEBUG: 			View 0 : 0.246073298429
2016-09-01 10:30:37,448 DEBUG: 			View 1 : 0.193717277487
2016-09-01 10:30:37,456 DEBUG: 			View 2 : 0.235602094241
2016-09-01 10:30:37,464 DEBUG: 			View 3 : 0.256544502618
2016-09-01 10:30:37,464 WARNING: 		WARNING:	All bad for iteration 2
2016-09-01 10:30:37,668 DEBUG: 			 Best view : 		View3
2016-09-01 10:30:37,928 INFO: 	Start: 	 Classification
2016-09-01 10:30:38,272 INFO: 	Done: 	 Fold number 2
2016-09-01 10:30:38,273 INFO: 	Start:	 Fold number 3
2016-09-01 10:30:38,392 DEBUG: 		Start:	 Iteration 1
2016-09-01 10:30:38,400 DEBUG: 			View 0 : 0.102150537634
2016-09-01 10:30:38,409 DEBUG: 			View 1 : 0.0860215053763
2016-09-01 10:30:38,416 DEBUG: 			View 2 : 0.0806451612903
2016-09-01 10:30:38,425 DEBUG: 			View 3 : 0.0591397849462
2016-09-01 10:30:38,425 WARNING: 		WARNING:	All bad for iteration 0
2016-09-01 10:30:38,592 DEBUG: 			 Best view : 		View1
2016-09-01 10:30:38,706 DEBUG: 		Start:	 Iteration 2
2016-09-01 10:30:38,715 DEBUG: 			View 0 : 0.225806451613
2016-09-01 10:30:38,724 DEBUG: 			View 1 : 0.161290322581
2016-09-01 10:30:38,732 DEBUG: 			View 2 : 0.215053763441
2016-09-01 10:30:38,740 DEBUG: 			View 3 : 0.258064516129
2016-09-01 10:30:38,740 WARNING: 		WARNING:	All bad for iteration 1
2016-09-01 10:30:38,935 DEBUG: 			 Best view : 		View3
2016-09-01 10:30:39,124 DEBUG: 		Start:	 Iteration 3
2016-09-01 10:30:39,132 DEBUG: 			View 0 : 0.225806451613
2016-09-01 10:30:39,141 DEBUG: 			View 1 : 0.161290322581
2016-09-01 10:30:39,148 DEBUG: 			View 2 : 0.215053763441
2016-09-01 10:30:39,156 DEBUG: 			View 3 : 0.258064516129
2016-09-01 10:30:39,157 WARNING: 		WARNING:	All bad for iteration 2
2016-09-01 10:30:39,357 DEBUG: 			 Best view : 		View3
2016-09-01 10:30:39,607 INFO: 	Start: 	 Classification
2016-09-01 10:30:39,941 INFO: 	Done: 	 Fold number 3
2016-09-01 10:30:39,941 INFO: 	Start:	 Fold number 4
2016-09-01 10:30:40,058 DEBUG: 		Start:	 Iteration 1
2016-09-01 10:30:40,066 DEBUG: 			View 0 : 0.115789473684
2016-09-01 10:30:40,074 DEBUG: 			View 1 : 0.110526315789
2016-09-01 10:30:40,082 DEBUG: 			View 2 : 0.105263157895
2016-09-01 10:30:40,090 DEBUG: 			View 3 : 0.1
2016-09-01 10:30:40,090 WARNING: 		WARNING:	All bad for iteration 0
2016-09-01 10:30:40,255 DEBUG: 			 Best view : 		View2
2016-09-01 10:30:40,367 DEBUG: 		Start:	 Iteration 2
2016-09-01 10:30:40,375 DEBUG: 			View 0 : 0.231578947368
2016-09-01 10:30:40,384 DEBUG: 			View 1 : 0.178947368421
2016-09-01 10:30:40,392 DEBUG: 			View 2 : 0.210526315789
2016-09-01 10:30:40,400 DEBUG: 			View 3 : 0.215789473684
2016-09-01 10:30:40,400 WARNING: 		WARNING:	All bad for iteration 1
2016-09-01 10:30:40,596 DEBUG: 			 Best view : 		View0
2016-09-01 10:30:40,783 DEBUG: 		Start:	 Iteration 3
2016-09-01 10:30:40,792 DEBUG: 			View 0 : 0.231578947368
2016-09-01 10:30:40,800 DEBUG: 			View 1 : 0.178947368421
2016-09-01 10:30:40,808 DEBUG: 			View 2 : 0.210526315789
2016-09-01 10:30:40,816 DEBUG: 			View 3 : 0.215789473684
2016-09-01 10:30:40,816 WARNING: 		WARNING:	All bad for iteration 2
2016-09-01 10:30:41,024 DEBUG: 			 Best view : 		View0
2016-09-01 10:30:41,280 INFO: 	Start: 	 Classification
2016-09-01 10:30:41,617 INFO: 	Done: 	 Fold number 4
2016-09-01 10:30:41,617 INFO: 	Start:	 Fold number 5
2016-09-01 10:30:41,732 DEBUG: 		Start:	 Iteration 1
2016-09-01 10:30:41,740 DEBUG: 			View 0 : 0.11170212766
2016-09-01 10:30:41,747 DEBUG: 			View 1 : 0.11170212766
2016-09-01 10:30:41,754 DEBUG: 			View 2 : 0.11170212766
2016-09-01 10:30:41,762 DEBUG: 			View 3 : 0.11170212766
2016-09-01 10:30:41,762 WARNING: 		WARNING:	All bad for iteration 0
2016-09-01 10:30:41,924 DEBUG: 			 Best view : 		View0
2016-09-01 10:30:42,036 DEBUG: 		Start:	 Iteration 2
2016-09-01 10:30:42,044 DEBUG: 			View 0 : 0.244680851064
2016-09-01 10:30:42,053 DEBUG: 			View 1 : 0.18085106383
2016-09-01 10:30:42,060 DEBUG: 			View 2 : 0.218085106383
2016-09-01 10:30:42,068 DEBUG: 			View 3 : 0.281914893617
2016-09-01 10:30:42,069 WARNING: 		WARNING:	All bad for iteration 1
2016-09-01 10:30:42,261 DEBUG: 			 Best view : 		View3
2016-09-01 10:30:42,449 DEBUG: 		Start:	 Iteration 3
2016-09-01 10:30:42,457 DEBUG: 			View 0 : 0.244680851064
2016-09-01 10:30:42,465 DEBUG: 			View 1 : 0.18085106383
2016-09-01 10:30:42,473 DEBUG: 			View 2 : 0.218085106383
2016-09-01 10:30:42,481 DEBUG: 			View 3 : 0.281914893617
2016-09-01 10:30:42,481 WARNING: 		WARNING:	All bad for iteration 2
2016-09-01 10:30:42,684 DEBUG: 			 Best view : 		View3
2016-09-01 10:30:42,938 INFO: 	Start: 	 Classification
2016-09-01 10:30:43,273 INFO: 	Done: 	 Fold number 5
2016-09-01 10:30:43,273 INFO: Done:	 Classification
2016-09-01 10:30:43,274 INFO: Info:	 Time for Classification: 8[s]
2016-09-01 10:30:43,274 INFO: Start:	 Result Analysis for Mumbo
