2016-09-01 10:40:14,120 INFO: Start:	 Finding all available mono- & multiview algorithms
2016-09-01 10:40:14,121 INFO: ### Main Programm for Multiview Classification
2016-09-01 10:40:14,121 INFO: ### Classification - Database : Fake ; Views : Methyl, MiRNA_, RNASeq, Clinic ; Algorithm : Mumbo ; Cores : 1
2016-09-01 10:40:14,122 INFO: Info:	 Shape of View0 :(300, 8)
2016-09-01 10:40:14,122 INFO: Info:	 Shape of View1 :(300, 20)
2016-09-01 10:40:14,123 INFO: Info:	 Shape of View2 :(300, 18)
2016-09-01 10:40:14,123 INFO: Info:	 Shape of View3 :(300, 18)
2016-09-01 10:40:14,123 INFO: Done:	 Read Database Files
2016-09-01 10:40:14,123 INFO: Start:	 Determine validation split for ratio 0.7
2016-09-01 10:40:14,127 INFO: Done:	 Determine validation split
2016-09-01 10:40:14,127 INFO: Start:	 Determine 5 folds
2016-09-01 10:40:14,138 INFO: Info:	 Length of Learning Sets: 168
2016-09-01 10:40:14,138 INFO: Info:	 Length of Testing Sets: 42
2016-09-01 10:40:14,138 INFO: Info:	 Length of Validation Set: 90
2016-09-01 10:40:14,138 INFO: Done:	 Determine folds
2016-09-01 10:40:14,138 INFO: Start:	 Learning with Mumbo and 5 folds
2016-09-01 10:40:14,138 INFO: 	Start:	 Fold number 1
2016-09-01 10:40:14,170 DEBUG: 		Start:	 Iteration 1
2016-09-01 10:40:14,179 DEBUG: 			View 0 : 0.519553072626
2016-09-01 10:40:14,187 DEBUG: 			View 1 : 0.525139664804
2016-09-01 10:40:14,196 DEBUG: 			View 2 : 0.508379888268
2016-09-01 10:40:14,203 DEBUG: 			View 3 : 0.513966480447
2016-09-01 10:40:14,243 DEBUG: 			 Best view : 		View1
2016-09-01 10:40:14,321 DEBUG: 		Start:	 Iteration 2
2016-09-01 10:40:14,329 DEBUG: 			View 0 : 0.659217877095
2016-09-01 10:40:14,337 DEBUG: 			View 1 : 0.743016759777
2016-09-01 10:40:14,344 DEBUG: 			View 2 : 0.687150837989
2016-09-01 10:40:14,352 DEBUG: 			View 3 : 0.709497206704
2016-09-01 10:40:14,398 DEBUG: 			 Best view : 		View1
2016-09-01 10:40:14,544 DEBUG: 		Start:	 Iteration 3
2016-09-01 10:40:14,561 DEBUG: 			View 0 : 0.659217877095
2016-09-01 10:40:14,568 DEBUG: 			View 1 : 0.743016759777
2016-09-01 10:40:14,576 DEBUG: 			View 2 : 0.720670391061
2016-09-01 10:40:14,584 DEBUG: 			View 3 : 0.709497206704
2016-09-01 10:40:14,632 DEBUG: 			 Best view : 		View1
2016-09-01 10:40:14,839 INFO: 	Start: 	 Classification
2016-09-01 10:40:15,178 INFO: 	Done: 	 Fold number 1
2016-09-01 10:40:15,178 INFO: 	Start:	 Fold number 2
2016-09-01 10:40:15,208 DEBUG: 		Start:	 Iteration 1
2016-09-01 10:40:15,215 DEBUG: 			View 0 : 0.53591160221
2016-09-01 10:40:15,223 DEBUG: 			View 1 : 0.480662983425
2016-09-01 10:40:15,229 DEBUG: 			View 2 : 0.558011049724
2016-09-01 10:40:15,237 DEBUG: 			View 3 : 0.491712707182
2016-09-01 10:40:15,275 DEBUG: 			 Best view : 		View3
2016-09-01 10:40:15,353 DEBUG: 		Start:	 Iteration 2
2016-09-01 10:40:15,360 DEBUG: 			View 0 : 0.685082872928
2016-09-01 10:40:15,368 DEBUG: 			View 1 : 0.707182320442
2016-09-01 10:40:15,376 DEBUG: 			View 2 : 0.745856353591
2016-09-01 10:40:15,384 DEBUG: 			View 3 : 0.685082872928
2016-09-01 10:40:15,430 DEBUG: 			 Best view : 		View2
