2016-09-01 10:56:40,412 INFO: Start:	 Finding all available mono- & multiview algorithms
2016-09-01 10:56:40,414 INFO: ### Main Programm for Multiview Classification
2016-09-01 10:56:40,414 INFO: ### Classification - Database : Fake ; Views : Methyl, MiRNA_, RNASeq, Clinic ; Algorithm : Mumbo ; Cores : 1
2016-09-01 10:56:40,414 INFO: Info:	 Shape of View0 :(300, 6)
2016-09-01 10:56:40,415 INFO: Info:	 Shape of View1 :(300, 7)
2016-09-01 10:56:40,415 INFO: Info:	 Shape of View2 :(300, 16)
2016-09-01 10:56:40,416 INFO: Info:	 Shape of View3 :(300, 8)
2016-09-01 10:56:40,416 INFO: Done:	 Read Database Files
2016-09-01 10:56:40,416 INFO: Start:	 Determine validation split for ratio 0.7
2016-09-01 10:56:40,419 INFO: Done:	 Determine validation split
2016-09-01 10:56:40,419 INFO: Start:	 Determine 5 folds
2016-09-01 10:56:40,428 INFO: Info:	 Length of Learning Sets: 169
2016-09-01 10:56:40,428 INFO: Info:	 Length of Testing Sets: 42
2016-09-01 10:56:40,428 INFO: Info:	 Length of Validation Set: 89
2016-09-01 10:56:40,428 INFO: Done:	 Determine folds
2016-09-01 10:56:40,428 INFO: Start:	 Learning with Mumbo and 5 folds
2016-09-01 10:56:40,429 INFO: 	Start:	 Fold number 1
2016-09-01 10:56:40,633 DEBUG: 		Start:	 Iteration 1
2016-09-01 10:56:40,640 DEBUG: 			View 0 : 0.513966480447
2016-09-01 10:56:40,647 DEBUG: 			View 1 : 0.474860335196
2016-09-01 10:56:40,654 DEBUG: 			View 2 : 0.508379888268
2016-09-01 10:56:40,661 DEBUG: 			View 3 : 0.502793296089
2016-09-01 10:56:40,697 DEBUG: 			 Best view : 		View3
2016-09-01 10:56:40,776 DEBUG: 		Start:	 Iteration 2
2016-09-01 10:56:40,783 DEBUG: 			View 0 : 0.653631284916
2016-09-01 10:56:40,790 DEBUG: 			View 1 : 0.720670391061
2016-09-01 10:56:40,797 DEBUG: 			View 2 : 0.675977653631
2016-09-01 10:56:40,804 DEBUG: 			View 3 : 0.581005586592
2016-09-01 10:56:40,845 DEBUG: 			 Best view : 		View1
2016-09-01 10:56:40,992 DEBUG: 		Start:	 Iteration 3
2016-09-01 10:56:40,999 DEBUG: 			View 0 : 0.653631284916
2016-09-01 10:56:41,006 DEBUG: 			View 1 : 0.720670391061
2016-09-01 10:56:41,015 DEBUG: 			View 2 : 0.675977653631
2016-09-01 10:56:41,022 DEBUG: 			View 3 : 0.581005586592
2016-09-01 10:56:41,067 DEBUG: 			 Best view : 		View1
2016-09-01 10:56:41,277 DEBUG: 		Start:	 Iteration 4
2016-09-01 10:56:41,284 DEBUG: 			View 0 : 0.648044692737
2016-09-01 10:56:41,291 DEBUG: 			View 1 : 0.703910614525
2016-09-01 10:56:41,298 DEBUG: 			View 2 : 0.664804469274
2016-09-01 10:56:41,305 DEBUG: 			View 3 : 0.597765363128
2016-09-01 10:56:41,352 DEBUG: 			 Best view : 		View1
2016-09-01 10:56:41,626 DEBUG: 		Start:	 Iteration 5
2016-09-01 10:56:41,633 DEBUG: 			View 0 : 0.648044692737
2016-09-01 10:56:41,640 DEBUG: 			View 1 : 0.703910614525
2016-09-01 10:56:41,647 DEBUG: 			View 2 : 0.664804469274
2016-09-01 10:56:41,654 DEBUG: 			View 3 : 0.597765363128
2016-09-01 10:56:41,703 DEBUG: 			 Best view : 		View1
2016-09-01 10:56:42,038 INFO: 	Start: 	 Classification
2016-09-01 10:56:42,594 INFO: 	Done: 	 Fold number 1
2016-09-01 10:56:42,594 INFO: 	Start:	 Fold number 2
2016-09-01 10:56:42,797 DEBUG: 		Start:	 Iteration 1
2016-09-01 10:56:42,803 DEBUG: 			View 0 : 0.544444444444
2016-09-01 10:56:42,810 DEBUG: 			View 1 : 0.488888888889
2016-09-01 10:56:42,817 DEBUG: 			View 2 : 0.5
2016-09-01 10:56:42,824 DEBUG: 			View 3 : 0.522222222222
2016-09-01 10:56:42,859 DEBUG: 			 Best view : 		View2
2016-09-01 10:56:42,937 DEBUG: 		Start:	 Iteration 2
2016-09-01 10:56:42,944 DEBUG: 			View 0 : 0.683333333333
2016-09-01 10:56:42,951 DEBUG: 			View 1 : 0.7
2016-09-01 10:56:42,958 DEBUG: 			View 2 : 0.683333333333
2016-09-01 10:56:42,965 DEBUG: 			View 3 : 0.722222222222
2016-09-01 10:56:43,006 DEBUG: 			 Best view : 		View3
2016-09-01 10:56:43,151 DEBUG: 		Start:	 Iteration 3
2016-09-01 10:56:43,158 DEBUG: 			View 0 : 0.683333333333
2016-09-01 10:56:43,165 DEBUG: 			View 1 : 0.7
2016-09-01 10:56:43,173 DEBUG: 			View 2 : 0.683333333333
2016-09-01 10:56:43,180 DEBUG: 			View 3 : 0.722222222222
2016-09-01 10:56:43,224 DEBUG: 			 Best view : 		View3
2016-09-01 10:56:43,438 DEBUG: 		Start:	 Iteration 4
2016-09-01 10:56:43,445 DEBUG: 			View 0 : 0.677777777778
2016-09-01 10:56:43,452 DEBUG: 			View 1 : 0.683333333333
2016-09-01 10:56:43,459 DEBUG: 			View 2 : 0.683333333333
2016-09-01 10:56:43,466 DEBUG: 			View 3 : 0.6
2016-09-01 10:56:43,513 DEBUG: 			 Best view : 		View0
2016-09-01 10:56:43,786 DEBUG: 		Start:	 Iteration 5
2016-09-01 10:56:43,793 DEBUG: 			View 0 : 0.677777777778
2016-09-01 10:56:43,800 DEBUG: 			View 1 : 0.683333333333
2016-09-01 10:56:43,807 DEBUG: 			View 2 : 0.683333333333
2016-09-01 10:56:43,814 DEBUG: 			View 3 : 0.6
2016-09-01 10:56:43,863 DEBUG: 			 Best view : 		View0
2016-09-01 10:56:44,198 INFO: 	Start: 	 Classification
2016-09-01 10:56:44,755 INFO: 	Done: 	 Fold number 2
2016-09-01 10:56:44,755 INFO: 	Start:	 Fold number 3
2016-09-01 10:56:44,959 DEBUG: 		Start:	 Iteration 1
2016-09-01 10:56:44,965 DEBUG: 			View 0 : 0.56043956044
2016-09-01 10:56:44,972 DEBUG: 			View 1 : 0.516483516484
2016-09-01 10:56:44,979 DEBUG: 			View 2 : 0.516483516484
2016-09-01 10:56:44,986 DEBUG: 			View 3 : 0.489010989011
2016-09-01 10:56:45,021 DEBUG: 			 Best view : 		View0
2016-09-01 10:56:45,098 DEBUG: 		Start:	 Iteration 2
2016-09-01 10:56:45,105 DEBUG: 			View 0 : 0.703296703297
2016-09-01 10:56:45,112 DEBUG: 			View 1 : 0.648351648352
2016-09-01 10:56:45,119 DEBUG: 			View 2 : 0.664835164835
2016-09-01 10:56:45,126 DEBUG: 			View 3 : 0.56043956044
2016-09-01 10:56:45,168 DEBUG: 			 Best view : 		View0
2016-09-01 10:56:45,311 DEBUG: 		Start:	 Iteration 3
2016-09-01 10:56:45,318 DEBUG: 			View 0 : 0.703296703297
2016-09-01 10:56:45,325 DEBUG: 			View 1 : 0.648351648352
2016-09-01 10:56:45,332 DEBUG: 			View 2 : 0.637362637363
2016-09-01 10:56:45,339 DEBUG: 			View 3 : 0.56043956044
2016-09-01 10:56:45,384 DEBUG: 			 Best view : 		View1
2016-09-01 10:56:45,594 DEBUG: 		Start:	 Iteration 4
2016-09-01 10:56:45,601 DEBUG: 			View 0 : 0.626373626374
2016-09-01 10:56:45,608 DEBUG: 			View 1 : 0.708791208791
2016-09-01 10:56:45,615 DEBUG: 			View 2 : 0.615384615385
2016-09-01 10:56:45,622 DEBUG: 			View 3 : 0.71978021978
2016-09-01 10:56:45,669 DEBUG: 			 Best view : 		View1
2016-09-01 10:56:45,944 DEBUG: 		Start:	 Iteration 5
2016-09-01 10:56:45,951 DEBUG: 			View 0 : 0.626373626374
2016-09-01 10:56:45,958 DEBUG: 			View 1 : 0.681318681319
2016-09-01 10:56:45,966 DEBUG: 			View 2 : 0.620879120879
2016-09-01 10:56:45,972 DEBUG: 			View 3 : 0.714285714286
2016-09-01 10:56:46,022 DEBUG: 			 Best view : 		View3
2016-09-01 10:56:46,361 INFO: 	Start: 	 Classification
2016-09-01 10:56:46,923 INFO: 	Done: 	 Fold number 3
2016-09-01 10:56:46,923 INFO: 	Start:	 Fold number 4
2016-09-01 10:56:47,120 DEBUG: 		Start:	 Iteration 1
2016-09-01 10:56:47,127 DEBUG: 			View 0 : 0.460674157303
2016-09-01 10:56:47,133 DEBUG: 			View 1 : 0.505617977528
2016-09-01 10:56:47,140 DEBUG: 			View 2 : 0.505617977528
2016-09-01 10:56:47,147 DEBUG: 			View 3 : 0.483146067416
2016-09-01 10:56:47,181 DEBUG: 			 Best view : 		View3
2016-09-01 10:56:47,256 DEBUG: 		Start:	 Iteration 2
2016-09-01 10:56:47,263 DEBUG: 			View 0 : 0.702247191011
2016-09-01 10:56:47,270 DEBUG: 			View 1 : 0.691011235955
2016-09-01 10:56:47,277 DEBUG: 			View 2 : 0.674157303371
2016-09-01 10:56:47,284 DEBUG: 			View 3 : 0.685393258427
2016-09-01 10:56:47,323 DEBUG: 			 Best view : 		View0
2016-09-01 10:56:47,463 DEBUG: 		Start:	 Iteration 3
2016-09-01 10:56:47,470 DEBUG: 			View 0 : 0.702247191011
2016-09-01 10:56:47,477 DEBUG: 			View 1 : 0.691011235955
2016-09-01 10:56:47,484 DEBUG: 			View 2 : 0.674157303371
2016-09-01 10:56:47,491 DEBUG: 			View 3 : 0.685393258427
2016-09-01 10:56:47,535 DEBUG: 			 Best view : 		View0
2016-09-01 10:56:47,741 DEBUG: 		Start:	 Iteration 4
2016-09-01 10:56:47,747 DEBUG: 			View 0 : 0.634831460674
2016-09-01 10:56:47,754 DEBUG: 			View 1 : 0.629213483146
2016-09-01 10:56:47,761 DEBUG: 			View 2 : 0.696629213483
2016-09-01 10:56:47,768 DEBUG: 			View 3 : 0.595505617978
2016-09-01 10:56:47,814 DEBUG: 			 Best view : 		View2
2016-09-01 10:56:48,084 DEBUG: 		Start:	 Iteration 5
2016-09-01 10:56:48,091 DEBUG: 			View 0 : 0.634831460674
2016-09-01 10:56:48,098 DEBUG: 			View 1 : 0.629213483146
2016-09-01 10:56:48,105 DEBUG: 			View 2 : 0.696629213483
2016-09-01 10:56:48,112 DEBUG: 			View 3 : 0.595505617978
2016-09-01 10:56:48,161 DEBUG: 			 Best view : 		View2
2016-09-01 10:56:48,492 INFO: 	Start: 	 Classification
2016-09-01 10:56:49,044 INFO: 	Done: 	 Fold number 4
2016-09-01 10:56:49,044 INFO: 	Start:	 Fold number 5
2016-09-01 10:56:49,248 DEBUG: 		Start:	 Iteration 1
2016-09-01 10:56:49,255 DEBUG: 			View 0 : 0.48087431694
2016-09-01 10:56:49,262 DEBUG: 			View 1 : 0.464480874317
2016-09-01 10:56:49,269 DEBUG: 			View 2 : 0.44262295082
2016-09-01 10:56:49,275 DEBUG: 			View 3 : 0.469945355191
2016-09-01 10:56:49,275 WARNING: 		WARNING:	All bad for iteration 0
2016-09-01 10:56:49,310 DEBUG: 			 Best view : 		View1
2016-09-01 10:56:49,388 DEBUG: 		Start:	 Iteration 2
2016-09-01 10:56:49,394 DEBUG: 			View 0 : 0.704918032787
2016-09-01 10:56:49,402 DEBUG: 			View 1 : 0.661202185792
2016-09-01 10:56:49,409 DEBUG: 			View 2 : 0.606557377049
2016-09-01 10:56:49,416 DEBUG: 			View 3 : 0.699453551913
2016-09-01 10:56:49,458 DEBUG: 			 Best view : 		View0
2016-09-01 10:56:49,603 DEBUG: 		Start:	 Iteration 3
2016-09-01 10:56:49,609 DEBUG: 			View 0 : 0.704918032787
2016-09-01 10:56:49,616 DEBUG: 			View 1 : 0.661202185792
2016-09-01 10:56:49,624 DEBUG: 			View 2 : 0.606557377049
2016-09-01 10:56:49,631 DEBUG: 			View 3 : 0.699453551913
2016-09-01 10:56:49,675 DEBUG: 			 Best view : 		View0
2016-09-01 10:56:49,886 DEBUG: 		Start:	 Iteration 4
2016-09-01 10:56:49,892 DEBUG: 			View 0 : 0.644808743169
2016-09-01 10:56:49,900 DEBUG: 			View 1 : 0.590163934426
2016-09-01 10:56:49,907 DEBUG: 			View 2 : 0.672131147541
2016-09-01 10:56:49,914 DEBUG: 			View 3 : 0.590163934426
2016-09-01 10:56:49,962 DEBUG: 			 Best view : 		View2
2016-09-01 10:56:50,237 DEBUG: 		Start:	 Iteration 5
2016-09-01 10:56:50,244 DEBUG: 			View 0 : 0.644808743169
2016-09-01 10:56:50,251 DEBUG: 			View 1 : 0.590163934426
2016-09-01 10:56:50,259 DEBUG: 			View 2 : 0.672131147541
2016-09-01 10:56:50,265 DEBUG: 			View 3 : 0.590163934426
2016-09-01 10:56:50,315 DEBUG: 			 Best view : 		View2
