2016-09-01 10:36:50,742 INFO: Start:	 Finding all available mono- & multiview algorithms
2016-09-01 10:36:50,743 INFO: ### Main Programm for Multiview Classification
2016-09-01 10:36:50,743 INFO: ### Classification - Database : Fake ; Views : Methyl, MiRNA_, RNASeq, Clinic ; Algorithm : Mumbo ; Cores : 1
2016-09-01 10:36:50,744 INFO: Info:	 Shape of View0 :(300, 19)
2016-09-01 10:36:50,744 INFO: Info:	 Shape of View1 :(300, 14)
2016-09-01 10:36:50,744 INFO: Info:	 Shape of View2 :(300, 7)
2016-09-01 10:36:50,745 INFO: Info:	 Shape of View3 :(300, 11)
2016-09-01 10:36:50,745 INFO: Done:	 Read Database Files
2016-09-01 10:36:50,745 INFO: Start:	 Determine validation split for ratio 0.7
2016-09-01 10:36:50,755 INFO: Done:	 Determine validation split
2016-09-01 10:36:50,756 INFO: Start:	 Determine 5 folds
2016-09-01 10:36:50,767 INFO: Info:	 Length of Learning Sets: 178
2016-09-01 10:36:50,767 INFO: Info:	 Length of Testing Sets: 37
2016-09-01 10:36:50,767 INFO: Info:	 Length of Validation Set: 85
2016-09-01 10:36:50,767 INFO: Done:	 Determine folds
2016-09-01 10:36:50,767 INFO: Start:	 Learning with Mumbo and 5 folds
2016-09-01 10:36:50,767 INFO: 	Start:	 Fold number 1
2016-09-01 10:36:50,883 DEBUG: 		Start:	 Iteration 1
2016-09-01 10:36:50,891 DEBUG: 			View 0 : 0.105263157895
2016-09-01 10:36:50,899 DEBUG: 			View 1 : 0.115789473684
2016-09-01 10:36:50,906 DEBUG: 			View 2 : 0.105263157895
2016-09-01 10:36:50,914 DEBUG: 			View 3 : 0.0894736842105
2016-09-01 10:36:50,914 WARNING: 		WARNING:	All bad for iteration 0
2016-09-01 10:36:51,083 DEBUG: 			 Best view : 		View1
2016-09-01 10:36:51,197 DEBUG: 		Start:	 Iteration 2
2016-09-01 10:36:51,205 DEBUG: 			View 0 : 0.221052631579
2016-09-01 10:36:51,213 DEBUG: 			View 1 : 0.215789473684
2016-09-01 10:36:51,221 DEBUG: 			View 2 : 0.189473684211
2016-09-01 10:36:51,229 DEBUG: 			View 3 : 0.205263157895
2016-09-01 10:36:51,229 WARNING: 		WARNING:	All bad for iteration 1
2016-09-01 10:36:51,426 DEBUG: 			 Best view : 		View0
2016-09-01 10:36:51,617 DEBUG: 		Start:	 Iteration 3
2016-09-01 10:36:51,636 DEBUG: 			View 0 : 0.221052631579
2016-09-01 10:36:51,644 DEBUG: 			View 1 : 0.215789473684
2016-09-01 10:36:51,651 DEBUG: 			View 2 : 0.189473684211
2016-09-01 10:36:51,659 DEBUG: 			View 3 : 0.205263157895
2016-09-01 10:36:51,659 WARNING: 		WARNING:	All bad for iteration 2
2016-09-01 10:36:51,863 DEBUG: 			 Best view : 		View0
2016-09-01 10:36:52,119 INFO: 	Start: 	 Classification
2016-09-01 10:36:52,456 INFO: 	Done: 	 Fold number 1
2016-09-01 10:36:52,456 INFO: 	Start:	 Fold number 2
2016-09-01 10:36:52,571 DEBUG: 		Start:	 Iteration 1
2016-09-01 10:36:52,579 DEBUG: 			View 0 : 0.0860215053763
2016-09-01 10:36:52,587 DEBUG: 			View 1 : 0.0967741935484
2016-09-01 10:36:52,594 DEBUG: 			View 2 : 0.0913978494624
2016-09-01 10:36:52,602 DEBUG: 			View 3 : 0.0860215053763
2016-09-01 10:36:52,602 WARNING: 		WARNING:	All bad for iteration 0
2016-09-01 10:36:52,765 DEBUG: 			 Best view : 		View1
2016-09-01 10:36:52,876 DEBUG: 		Start:	 Iteration 2
2016-09-01 10:36:52,884 DEBUG: 			View 0 : 0.198924731183
2016-09-01 10:36:52,893 DEBUG: 			View 1 : 0.215053763441
2016-09-01 10:36:52,901 DEBUG: 			View 2 : 0.236559139785
2016-09-01 10:36:52,908 DEBUG: 			View 3 : 0.268817204301
2016-09-01 10:36:52,909 WARNING: 		WARNING:	All bad for iteration 1
2016-09-01 10:36:53,099 DEBUG: 			 Best view : 		View3
2016-09-01 10:36:53,282 DEBUG: 		Start:	 Iteration 3
2016-09-01 10:36:53,290 DEBUG: 			View 0 : 0.198924731183
2016-09-01 10:36:53,298 DEBUG: 			View 1 : 0.215053763441
2016-09-01 10:36:53,306 DEBUG: 			View 2 : 0.236559139785
2016-09-01 10:36:53,314 DEBUG: 			View 3 : 0.268817204301
2016-09-01 10:36:53,314 WARNING: 		WARNING:	All bad for iteration 2
2016-09-01 10:36:53,516 DEBUG: 			 Best view : 		View3
2016-09-01 10:36:53,766 INFO: 	Start: 	 Classification
2016-09-01 10:36:54,096 INFO: 	Done: 	 Fold number 2
2016-09-01 10:36:54,096 INFO: 	Start:	 Fold number 3
2016-09-01 10:36:54,213 DEBUG: 		Start:	 Iteration 1
2016-09-01 10:36:54,220 DEBUG: 			View 0 : 0.0797872340426
2016-09-01 10:36:54,227 DEBUG: 			View 1 : 0.0797872340426
2016-09-01 10:36:54,234 DEBUG: 			View 2 : 0.0797872340426
2016-09-01 10:36:54,241 DEBUG: 			View 3 : 0.0797872340426
2016-09-01 10:36:54,242 WARNING: 		WARNING:	All bad for iteration 0
2016-09-01 10:36:54,405 DEBUG: 			 Best view : 		View0
2016-09-01 10:36:54,516 DEBUG: 		Start:	 Iteration 2
2016-09-01 10:36:54,525 DEBUG: 			View 0 : 0.228723404255
2016-09-01 10:36:54,533 DEBUG: 			View 1 : 0.239361702128
2016-09-01 10:36:54,541 DEBUG: 			View 2 : 0.202127659574
2016-09-01 10:36:54,549 DEBUG: 			View 3 : 0.223404255319
2016-09-01 10:36:54,549 WARNING: 		WARNING:	All bad for iteration 1
2016-09-01 10:36:54,739 DEBUG: 			 Best view : 		View1
2016-09-01 10:36:54,924 DEBUG: 		Start:	 Iteration 3
2016-09-01 10:36:54,932 DEBUG: 			View 0 : 0.228723404255
2016-09-01 10:36:54,940 DEBUG: 			View 1 : 0.239361702128
2016-09-01 10:36:54,948 DEBUG: 			View 2 : 0.202127659574
2016-09-01 10:36:54,956 DEBUG: 			View 3 : 0.223404255319
2016-09-01 10:36:54,956 WARNING: 		WARNING:	All bad for iteration 2
2016-09-01 10:36:55,157 DEBUG: 			 Best view : 		View1
2016-09-01 10:36:55,409 INFO: 	Start: 	 Classification
2016-09-01 10:36:55,743 INFO: 	Done: 	 Fold number 3
2016-09-01 10:36:55,743 INFO: 	Start:	 Fold number 4
2016-09-01 10:36:55,857 DEBUG: 		Start:	 Iteration 1
2016-09-01 10:36:55,865 DEBUG: 			View 0 : 0.0923913043478
2016-09-01 10:36:55,873 DEBUG: 			View 1 : 0.0815217391304
2016-09-01 10:36:55,881 DEBUG: 			View 2 : 0.108695652174
2016-09-01 10:36:55,889 DEBUG: 			View 3 : 0.0815217391304
2016-09-01 10:36:55,889 WARNING: 		WARNING:	All bad for iteration 0
2016-09-01 10:36:56,067 DEBUG: 			 Best view : 		View2
2016-09-01 10:36:56,178 DEBUG: 		Start:	 Iteration 2
2016-09-01 10:36:56,186 DEBUG: 			View 0 : 0.260869565217
2016-09-01 10:36:56,194 DEBUG: 			View 1 : 0.201086956522
2016-09-01 10:36:56,202 DEBUG: 			View 2 : 0.20652173913
2016-09-01 10:36:56,210 DEBUG: 			View 3 : 0.239130434783
2016-09-01 10:36:56,210 WARNING: 		WARNING:	All bad for iteration 1
2016-09-01 10:36:56,398 DEBUG: 			 Best view : 		View0
2016-09-01 10:36:56,578 DEBUG: 		Start:	 Iteration 3
2016-09-01 10:36:56,587 DEBUG: 			View 0 : 0.260869565217
2016-09-01 10:36:56,595 DEBUG: 			View 1 : 0.201086956522
2016-09-01 10:36:56,602 DEBUG: 			View 2 : 0.20652173913
2016-09-01 10:36:56,610 DEBUG: 			View 3 : 0.239130434783
2016-09-01 10:36:56,611 WARNING: 		WARNING:	All bad for iteration 2
2016-09-01 10:36:56,809 DEBUG: 			 Best view : 		View0
2016-09-01 10:36:57,058 INFO: 	Start: 	 Classification
2016-09-01 10:36:57,387 INFO: 	Done: 	 Fold number 4
2016-09-01 10:36:57,387 INFO: 	Start:	 Fold number 5
2016-09-01 10:36:57,509 DEBUG: 		Start:	 Iteration 1
2016-09-01 10:36:57,517 DEBUG: 			View 0 : 0.0777202072539
2016-09-01 10:36:57,524 DEBUG: 			View 1 : 0.0777202072539
2016-09-01 10:36:57,532 DEBUG: 			View 2 : 0.0621761658031
2016-09-01 10:36:57,540 DEBUG: 			View 3 : 0.0621761658031
2016-09-01 10:36:57,540 WARNING: 		WARNING:	All bad for iteration 0
2016-09-01 10:36:57,709 DEBUG: 			 Best view : 		View0
2016-09-01 10:36:57,824 DEBUG: 		Start:	 Iteration 2
2016-09-01 10:36:57,833 DEBUG: 			View 0 : 0.217616580311
2016-09-01 10:36:57,841 DEBUG: 			View 1 : 0.233160621762
2016-09-01 10:36:57,849 DEBUG: 			View 2 : 0.227979274611
2016-09-01 10:36:57,857 DEBUG: 			View 3 : 0.248704663212
2016-09-01 10:36:57,857 WARNING: 		WARNING:	All bad for iteration 1
2016-09-01 10:36:58,054 DEBUG: 			 Best view : 		View3
2016-09-01 10:36:58,244 DEBUG: 		Start:	 Iteration 3
2016-09-01 10:36:58,253 DEBUG: 			View 0 : 0.217616580311
2016-09-01 10:36:58,261 DEBUG: 			View 1 : 0.233160621762
2016-09-01 10:36:58,269 DEBUG: 			View 2 : 0.227979274611
2016-09-01 10:36:58,277 DEBUG: 			View 3 : 0.248704663212
2016-09-01 10:36:58,277 WARNING: 		WARNING:	All bad for iteration 2
2016-09-01 10:36:58,485 DEBUG: 			 Best view : 		View3
2016-09-01 10:36:58,744 INFO: 	Start: 	 Classification
2016-09-01 10:36:59,084 INFO: 	Done: 	 Fold number 5
2016-09-01 10:36:59,085 INFO: Done:	 Classification
2016-09-01 10:36:59,085 INFO: Info:	 Time for Classification: 8[s]
2016-09-01 10:36:59,085 INFO: Start:	 Result Analysis for Mumbo
