2016-03-22 18:13:09,911 DEBUG:### Main Programm for Feature Parameter Optimisation 
2016-03-22 18:13:09,911 DEBUG:### Optimisation - Feature:HOG Parameter:HOG_Cluster from:2 to:25 in #calc:5
2016-03-22 18:13:09,911 DEBUG:### Start:	 Exportation of images from DB
2016-03-22 18:13:34,763 DEBUG:### Done:	 Exportation of Images from DB 
2016-03-22 18:13:34,763 DEBUG:### Start:	 Feautre Optimisation
2016-03-22 18:13:34,763 DEBUG:### Start:	 FeatureExtraction Nr:1 from:5 with HOG_Cluster=2 ###
2016-03-22 18:29:03,165 DEBUG:### Done:	 FeatureExtraction Nr:1 from:5 ###
2016-03-22 18:29:03,168 DEBUG:### Start:	 Classification Nr:1 from:5
2016-03-22 18:30:26,380 DEBUG:### Done:	 Classification Nr:1 from:5
2016-03-22 18:30:26,383 DEBUG:### Start:	 FeatureExtraction Nr:2 from:5 with HOG_Cluster=8 ###
2016-03-22 18:45:23,670 DEBUG:### Done:	 FeatureExtraction Nr:2 from:5 ###
2016-03-22 18:45:23,673 DEBUG:### Start:	 Classification Nr:2 from:5
2016-03-22 18:48:01,253 DEBUG:### Done:	 Classification Nr:2 from:5
2016-03-22 18:48:01,258 DEBUG:### Start:	 FeatureExtraction Nr:3 from:5 with HOG_Cluster=14 ###
2016-03-22 19:03:28,173 DEBUG:### Done:	 FeatureExtraction Nr:3 from:5 ###
2016-03-22 19:03:28,177 DEBUG:### Start:	 Classification Nr:3 from:5
2016-03-22 19:06:28,239 DEBUG:### Done:	 Classification Nr:3 from:5
2016-03-22 19:06:28,243 DEBUG:### Start:	 FeatureExtraction Nr:4 from:5 with HOG_Cluster=19 ###
2016-03-22 19:23:35,256 DEBUG:### Done:	 FeatureExtraction Nr:4 from:5 ###
2016-03-22 19:23:35,261 DEBUG:### Start:	 Classification Nr:4 from:5
2016-03-22 19:27:24,724 DEBUG:### Done:	 Classification Nr:4 from:5
2016-03-22 19:27:24,728 DEBUG:### Start:	 FeatureExtraction Nr:5 from:5 with HOG_Cluster=25 ###
2016-03-22 19:42:33,443 DEBUG:### Done:	 FeatureExtraction Nr:5 from:5 ###
2016-03-22 19:42:33,449 DEBUG:### Start:	 Classification Nr:5 from:5
2016-03-22 19:47:13,940 DEBUG:### Done:	 Classification Nr:5 from:5
2016-03-22 19:47:13,944 DEBUG:### Done:	 Feautre Optimisation 
2016-03-22 19:47:13,944 DEBUG:### Start:	 Exporting to CSV 
2016-03-22 19:47:13,997 DEBUG:### Done:	 Exporting to CSV 
2016-03-22 19:47:13,998 DEBUG:### Start:	 Plot Result
