2021-02-18 15:10:54,076 INFO: Start:	 Initializing monoview classifiers arguments
2021-02-18 15:10:54,076 INFO: Done:	 Initializing monoview classifiers arguments
2021-02-18 15:10:54,076 INFO: Start:	 Initializing monoview classifiers arguments
2021-02-18 15:10:54,076 INFO: Done:	 Initializing monoview classifiers arguments
2021-02-18 15:10:54,076 INFO: Start:	 Executing all the needed benchmarks
2021-02-18 15:10:54,077 INFO: Start:	 Benchmark initialization
2021-02-18 15:10:54,107 INFO: Done:	 Benchmark initialization
2021-02-18 15:10:54,107 INFO: Start:	 monoview benchmark
2021-02-18 15:10:54,122 INFO: Start:	 Loading data
2021-02-18 15:10:54,123 INFO: Done:	 Loading data
2021-02-18 15:10:54,123 INFO: Info:	 Classification - Database:multiview_mnist View:NIMST_data_hog0 train ratio:0.75, CrossValidation k-folds: 2, cores:1, algorithm : decision_tree
2021-02-18 15:10:54,123 INFO: Start:	 Determine Train/Test split
2021-02-18 15:10:54,127 INFO: Info:	 Shape X_train:(3750, 192), Length of y_train:3750
2021-02-18 15:10:54,127 INFO: Info:	 Shape X_test:(1250, 192), Length of y_test:1250
2021-02-18 15:10:54,127 INFO: Done:	 Determine Train/Test split
2021-02-18 15:10:54,127 INFO: Start:	 Generate classifier args
2021-02-18 15:10:54,127 INFO: Done:	 Generate classifier args
2021-02-18 15:10:54,127 INFO: Start:	 Training
2021-02-18 15:10:54,292 INFO: Done:	 Training
2021-02-18 15:10:54,292 INFO: Start:	 Predicting
2021-02-18 15:10:54,298 INFO: Done:	 Predicting
2021-02-18 15:10:54,298 INFO: Info:	 Duration for training and predicting: 0.17541849100234685[s]
2021-02-18 15:10:54,298 INFO: Start:	 Getting results
2021-02-18 15:10:54,614 INFO: Done:	 Getting results
2021-02-18 15:10:54,614 INFO: Start:	 Saving preds
2021-02-18 15:10:54,615 INFO: Classification on multiview_mnist for NIMST_data_hog0 with decision_tree.

Database configuration : 
	- Database name : multiview_mnist
	- View name : NIMST_data_hog0	 View shape : (5000, 192)
	- Learning Rate : 0.75
	- Labels used : 0, 1, 2, 3, 4, 5, 6, 7, 8, 9
	- Number of cross validation folds : 2

Classifier configuration : 
	- DecisionTree with max_depth : 3, criterion : gini, splitter : best, random_state : RandomState(MT19937)
	- Executed on 1 core(s) 


	For Accuracy score using {}, (higher is better) : 
		- Score on train : 0.3504
		- Score on test : 0.324

	For F1 score using average: micro, {} (higher is better) : 
		- Score on train : 0.3504
		- Score on test : 0.324

Test set confusion matrix : 

╒════╤═════╤═════╤═════╤═════╤═════╤═════╤═════╤═════╤═════╤═════╕
│    │   0 │   1 │   2 │   3 │   4 │   5 │   6 │   7 │   8 │   9 │
╞════╪═════╪═════╪═════╪═════╪═════╪═════╪═════╪═════╪═════╪═════╡
│  0 │  95 │   0 │  20 │   0 │   0 │   0 │   0 │   0 │   9 │   1 │
├────┼─────┼─────┼─────┼─────┼─────┼─────┼─────┼─────┼─────┼─────┤
│  1 │   0 │  60 │  30 │   0 │   1 │   0 │   0 │   0 │   3 │  31 │
├────┼─────┼─────┼─────┼─────┼─────┼─────┼─────┼─────┼─────┼─────┤
│  2 │  15 │   0 │  93 │   0 │   0 │   0 │   0 │   0 │   9 │   8 │
├────┼─────┼─────┼─────┼─────┼─────┼─────┼─────┼─────┼─────┼─────┤
│  3 │  24 │   1 │  73 │   0 │   0 │   0 │   0 │   0 │  13 │  14 │
├────┼─────┼─────┼─────┼─────┼─────┼─────┼─────┼─────┼─────┼─────┤
│  4 │   5 │   2 │  20 │   0 │   5 │   0 │   0 │   0 │   1 │  92 │
├────┼─────┼─────┼─────┼─────┼─────┼─────┼─────┼─────┼─────┼─────┤
│  5 │   9 │   0 │  78 │   0 │   0 │   0 │   0 │   0 │  25 │  13 │
├────┼─────┼─────┼─────┼─────┼─────┼─────┼─────┼─────┼─────┼─────┤
│  6 │  66 │   0 │  48 │   0 │   0 │   0 │   0 │   0 │   4 │   7 │
├────┼─────┼─────┼─────┼─────┼─────┼─────┼─────┼─────┼─────┼─────┤
│  7 │   5 │   0 │  27 │   0 │   0 │   0 │   0 │   0 │   6 │  87 │
├────┼─────┼─────┼─────┼─────┼─────┼─────┼─────┼─────┼─────┼─────┤
│  8 │   4 │   1 │  34 │   0 │   0 │   0 │   0 │   0 │  49 │  37 │
├────┼─────┼─────┼─────┼─────┼─────┼─────┼─────┼─────┼─────┼─────┤
│  9 │   2 │   0 │  18 │   0 │   0 │   0 │   0 │   0 │   2 │ 103 │
╘════╧═════╧═════╧═════╧═════╧═════╧═════╧═════╧═════╧═════╧═════╛



 Classification took 0:00:00

 Classifier Interpretation : 
First featrue : 
	66 <= 0.2774173766374588
Feature importances : 
- Feature index : 66, feature importance : 0.2977489038032696
- Feature index : 186, feature importance : 0.2459562394857308
- Feature index : 95, feature importance : 0.2061267935325702
- Feature index : 180, feature importance : 0.18668511630877901
- Feature index : 27, feature importance : 0.05018841913056813
- Feature index : 15, feature importance : 0.0099506021744473
- Feature index : 171, feature importance : 0.003343925564634857

2021-02-18 15:10:54,649 INFO: Done:	 Saving results
2021-02-18 15:10:54,666 INFO: Start:	 Loading data
2021-02-18 15:10:54,666 INFO: Done:	 Loading data
2021-02-18 15:10:54,666 INFO: Info:	 Classification - Database:multiview_mnist View:NIMST_data_hog1 train ratio:0.75, CrossValidation k-folds: 2, cores:1, algorithm : decision_tree
2021-02-18 15:10:54,666 INFO: Start:	 Determine Train/Test split
2021-02-18 15:10:54,668 INFO: Info:	 Shape X_train:(3750, 192), Length of y_train:3750
2021-02-18 15:10:54,668 INFO: Info:	 Shape X_test:(1250, 192), Length of y_test:1250
2021-02-18 15:10:54,668 INFO: Done:	 Determine Train/Test split
2021-02-18 15:10:54,668 INFO: Start:	 Generate classifier args
2021-02-18 15:10:54,668 INFO: Done:	 Generate classifier args
2021-02-18 15:10:54,668 INFO: Start:	 Training
2021-02-18 15:10:54,792 INFO: Done:	 Training
2021-02-18 15:10:54,792 INFO: Start:	 Predicting
2021-02-18 15:10:54,799 INFO: Done:	 Predicting
2021-02-18 15:10:54,800 INFO: Info:	 Duration for training and predicting: 0.1335369120024552[s]
2021-02-18 15:10:54,800 INFO: Start:	 Getting results
2021-02-18 15:10:55,024 INFO: Done:	 Getting results
2021-02-18 15:10:55,024 INFO: Start:	 Saving preds
2021-02-18 15:10:55,024 INFO: Classification on multiview_mnist for NIMST_data_hog1 with decision_tree.

Database configuration : 
	- Database name : multiview_mnist
	- View name : NIMST_data_hog1	 View shape : (5000, 192)
	- Learning Rate : 0.75
	- Labels used : 0, 1, 2, 3, 4, 5, 6, 7, 8, 9
	- Number of cross validation folds : 2

Classifier configuration : 
	- DecisionTree with max_depth : 3, criterion : gini, splitter : best, random_state : RandomState(MT19937)
	- Executed on 1 core(s) 


	For Accuracy score using {}, (higher is better) : 
		- Score on train : 0.38693333333333335
		- Score on test : 0.3816

	For F1 score using average: micro, {} (higher is better) : 
		- Score on train : 0.38693333333333335
		- Score on test : 0.38160000000000005

Test set confusion matrix : 

╒════╤═════╤═════╤═════╤═════╤═════╤═════╤═════╤═════╤═════╤═════╕
│    │   0 │   1 │   2 │   3 │   4 │   5 │   6 │   7 │   8 │   9 │
╞════╪═════╪═════╪═════╪═════╪═════╪═════╪═════╪═════╪═════╪═════╡
│  0 │ 100 │   7 │   7 │   0 │   1 │   3 │   0 │   0 │   0 │   7 │
├────┼─────┼─────┼─────┼─────┼─────┼─────┼─────┼─────┼─────┼─────┤
│  1 │  14 │ 105 │   0 │   0 │   1 │   0 │   0 │   0 │   0 │   5 │
├────┼─────┼─────┼─────┼─────┼─────┼─────┼─────┼─────┼─────┼─────┤
│  2 │  48 │  10 │  31 │   0 │  19 │   0 │   3 │   0 │   0 │  14 │
├────┼─────┼─────┼─────┼─────┼─────┼─────┼─────┼─────┼─────┼─────┤
│  3 │  98 │   9 │  10 │   0 │   5 │   0 │   1 │   0 │   0 │   2 │
├────┼─────┼─────┼─────┼─────┼─────┼─────┼─────┼─────┼─────┼─────┤
│  4 │   5 │  30 │   1 │   0 │  49 │   2 │   0 │   0 │   0 │  38 │
├────┼─────┼─────┼─────┼─────┼─────┼─────┼─────┼─────┼─────┼─────┤
│  5 │  41 │   7 │   9 │   0 │  12 │  41 │   2 │   0 │   0 │  13 │
├────┼─────┼─────┼─────┼─────┼─────┼─────┼─────┼─────┼─────┼─────┤
│  6 │  51 │   6 │   2 │   0 │   3 │   3 │  49 │   0 │   0 │  11 │
├────┼─────┼─────┼─────┼─────┼─────┼─────┼─────┼─────┼─────┼─────┤
│  7 │   5 │  70 │   1 │   0 │  12 │   0 │   0 │   0 │   0 │  37 │
├────┼─────┼─────┼─────┼─────┼─────┼─────┼─────┼─────┼─────┼─────┤
│  8 │  45 │   7 │  26 │   0 │  12 │   7 │   0 │   0 │   0 │  28 │
├────┼─────┼─────┼─────┼─────┼─────┼─────┼─────┼─────┼─────┼─────┤
│  9 │   6 │   6 │   4 │   0 │   7 │   0 │   0 │   0 │   0 │ 102 │
╘════╧═════╧═════╧═════╧═════╧═════╧═════╧═════╧═════╧═════╧═════╛



 Classification took 0:00:00

 Classifier Interpretation : 
First featrue : 
	187 <= 0.006762472214177251
Feature importances : 
- Feature index : 187, feature importance : 0.281427251905593
- Feature index : 147, feature importance : 0.17800696337815952
- Feature index : 54, feature importance : 0.1535966844910941
- Feature index : 128, feature importance : 0.1331124308314485
- Feature index : 71, feature importance : 0.11741900390489861
- Feature index : 184, feature importance : 0.11215403167193871
- Feature index : 86, feature importance : 0.02428363381686752

2021-02-18 15:10:55,057 INFO: Done:	 Saving results
2021-02-18 15:10:55,065 INFO: Start:	 Loading data
2021-02-18 15:10:55,065 INFO: Done:	 Loading data
2021-02-18 15:10:55,065 INFO: Info:	 Classification - Database:multiview_mnist View:NIMST_data_hog2 train ratio:0.75, CrossValidation k-folds: 2, cores:1, algorithm : decision_tree
2021-02-18 15:10:55,065 INFO: Start:	 Determine Train/Test split
2021-02-18 15:10:55,067 INFO: Info:	 Shape X_train:(3750, 192), Length of y_train:3750
2021-02-18 15:10:55,068 INFO: Info:	 Shape X_test:(1250, 192), Length of y_test:1250
2021-02-18 15:10:55,068 INFO: Done:	 Determine Train/Test split
2021-02-18 15:10:55,068 INFO: Start:	 Generate classifier args
2021-02-18 15:10:55,068 INFO: Done:	 Generate classifier args
2021-02-18 15:10:55,068 INFO: Start:	 Training
2021-02-18 15:10:55,183 INFO: Done:	 Training
2021-02-18 15:10:55,183 INFO: Start:	 Predicting
2021-02-18 15:10:55,189 INFO: Done:	 Predicting
2021-02-18 15:10:55,189 INFO: Info:	 Duration for training and predicting: 0.12393626899938681[s]
2021-02-18 15:10:55,189 INFO: Start:	 Getting results
2021-02-18 15:10:55,409 INFO: Done:	 Getting results
2021-02-18 15:10:55,410 INFO: Start:	 Saving preds
2021-02-18 15:10:55,410 INFO: Classification on multiview_mnist for NIMST_data_hog2 with decision_tree.

Database configuration : 
	- Database name : multiview_mnist
	- View name : NIMST_data_hog2	 View shape : (5000, 192)
	- Learning Rate : 0.75
	- Labels used : 0, 1, 2, 3, 4, 5, 6, 7, 8, 9
	- Number of cross validation folds : 2

Classifier configuration : 
	- DecisionTree with max_depth : 3, criterion : gini, splitter : best, random_state : RandomState(MT19937)
	- Executed on 1 core(s) 


	For Accuracy score using {}, (higher is better) : 
		- Score on train : 0.5138666666666667
		- Score on test : 0.5008

	For F1 score using average: micro, {} (higher is better) : 
		- Score on train : 0.5138666666666667
		- Score on test : 0.5008

Test set confusion matrix : 

╒════╤═════╤═════╤═════╤═════╤═════╤═════╤═════╤═════╤═════╤═════╕
│    │   0 │   1 │   2 │   3 │   4 │   5 │   6 │   7 │   8 │   9 │
╞════╪═════╪═════╪═════╪═════╪═════╪═════╪═════╪═════╪═════╪═════╡
│  0 │   0 │   1 │   3 │   0 │   0 │  99 │  20 │   2 │   0 │   0 │
├────┼─────┼─────┼─────┼─────┼─────┼─────┼─────┼─────┼─────┼─────┤
│  1 │   0 │  98 │   1 │   0 │   1 │   3 │  20 │   2 │   0 │   0 │
├────┼─────┼─────┼─────┼─────┼─────┼─────┼─────┼─────┼─────┼─────┤
│  2 │   0 │   0 │  60 │   0 │   3 │  29 │  26 │   4 │   0 │   3 │
├────┼─────┼─────┼─────┼─────┼─────┼─────┼─────┼─────┼─────┼─────┤
│  3 │   0 │   0 │   0 │   0 │   2 │  82 │  38 │   0 │   0 │   3 │
├────┼─────┼─────┼─────┼─────┼─────┼─────┼─────┼─────┼─────┼─────┤
│  4 │   0 │   6 │   3 │   0 │  83 │   5 │  12 │   2 │   0 │  14 │
├────┼─────┼─────┼─────┼─────┼─────┼─────┼─────┼─────┼─────┼─────┤
│  5 │   0 │   1 │   1 │   0 │   1 │ 104 │  10 │   4 │   0 │   4 │
├────┼─────┼─────┼─────┼─────┼─────┼─────┼─────┼─────┼─────┼─────┤
│  6 │   0 │   1 │   3 │   0 │   0 │  16 │ 105 │   0 │   0 │   0 │
├────┼─────┼─────┼─────┼─────┼─────┼─────┼─────┼─────┼─────┼─────┤
│  7 │   0 │   1 │   1 │   0 │   1 │   9 │   1 │  99 │   0 │  13 │
├────┼─────┼─────┼─────┼─────┼─────┼─────┼─────┼─────┼─────┼─────┤
│  8 │   0 │   3 │   1 │   0 │   2 │  74 │  19 │  15 │   0 │  11 │
├────┼─────┼─────┼─────┼─────┼─────┼─────┼─────┼─────┼─────┼─────┤
│  9 │   0 │   0 │   0 │   0 │  24 │  12 │   3 │   9 │   0 │  77 │
╘════╧═════╧═════╧═════╧═════╧═════╧═════╧═════╧═════╧═════╧═════╛



 Classification took 0:00:00

 Classifier Interpretation : 
First featrue : 
	138 <= 0.0037625515833497047
Feature importances : 
- Feature index : 138, feature importance : 0.22629675133655527
- Feature index : 21, feature importance : 0.22098226566262857
- Feature index : 102, feature importance : 0.21493335956179213
- Feature index : 171, feature importance : 0.2021033652086815
- Feature index : 93, feature importance : 0.10528259874536891
- Feature index : 81, feature importance : 0.030401659484973576

2021-02-18 15:10:55,444 INFO: Done:	 Saving results
2021-02-18 15:10:55,489 INFO: Start:	 Loading data
2021-02-18 15:10:55,489 INFO: Done:	 Loading data
2021-02-18 15:10:55,489 INFO: Info:	 Classification - Database:multiview_mnist View:NIMST_data_hog3 train ratio:0.75, CrossValidation k-folds: 2, cores:1, algorithm : decision_tree
2021-02-18 15:10:55,489 INFO: Start:	 Determine Train/Test split
2021-02-18 15:10:55,490 INFO: Info:	 Shape X_train:(3750, 192), Length of y_train:3750
2021-02-18 15:10:55,491 INFO: Info:	 Shape X_test:(1250, 192), Length of y_test:1250
2021-02-18 15:10:55,491 INFO: Done:	 Determine Train/Test split
2021-02-18 15:10:55,491 INFO: Start:	 Generate classifier args
2021-02-18 15:10:55,491 INFO: Done:	 Generate classifier args
2021-02-18 15:10:55,491 INFO: Start:	 Training
2021-02-18 15:10:55,578 INFO: Done:	 Training
2021-02-18 15:10:55,578 INFO: Start:	 Predicting
2021-02-18 15:10:55,584 INFO: Done:	 Predicting
2021-02-18 15:10:55,584 INFO: Info:	 Duration for training and predicting: 0.09533806299805292[s]
2021-02-18 15:10:55,584 INFO: Start:	 Getting results
2021-02-18 15:10:55,803 INFO: Done:	 Getting results
2021-02-18 15:10:55,803 INFO: Start:	 Saving preds
2021-02-18 15:10:55,803 INFO: Classification on multiview_mnist for NIMST_data_hog3 with decision_tree.

Database configuration : 
	- Database name : multiview_mnist
	- View name : NIMST_data_hog3	 View shape : (5000, 192)
	- Learning Rate : 0.75
	- Labels used : 0, 1, 2, 3, 4, 5, 6, 7, 8, 9
	- Number of cross validation folds : 2

Classifier configuration : 
	- DecisionTree with max_depth : 3, criterion : gini, splitter : best, random_state : RandomState(MT19937)
	- Executed on 1 core(s) 


	For Accuracy score using {}, (higher is better) : 
		- Score on train : 0.3354666666666667
		- Score on test : 0.324

	For F1 score using average: micro, {} (higher is better) : 
		- Score on train : 0.3354666666666667
		- Score on test : 0.324

Test set confusion matrix : 

╒════╤═════╤═════╤═════╤═════╤═════╤═════╤═════╤═════╤═════╤═════╕
│    │   0 │   1 │   2 │   3 │   4 │   5 │   6 │   7 │   8 │   9 │
╞════╪═════╪═════╪═════╪═════╪═════╪═════╪═════╪═════╪═════╪═════╡
│  0 │  73 │   0 │   6 │   0 │   0 │  17 │  14 │   9 │   0 │   6 │
├────┼─────┼─────┼─────┼─────┼─────┼─────┼─────┼─────┼─────┼─────┤
│  1 │   0 │   0 │   0 │   0 │   0 │  11 │  35 │  79 │   0 │   0 │
├────┼─────┼─────┼─────┼─────┼─────┼─────┼─────┼─────┼─────┼─────┤
│  2 │   8 │   0 │  32 │   0 │   0 │  14 │   7 │  55 │   2 │   7 │
├────┼─────┼─────┼─────┼─────┼─────┼─────┼─────┼─────┼─────┼─────┤
│  3 │   8 │   0 │  24 │   0 │   0 │  21 │  13 │  53 │   0 │   6 │
├────┼─────┼─────┼─────┼─────┼─────┼─────┼─────┼─────┼─────┼─────┤
│  4 │   1 │   0 │   1 │   0 │   0 │   0 │   7 │  64 │   0 │  52 │
├────┼─────┼─────┼─────┼─────┼─────┼─────┼─────┼─────┼─────┼─────┤
│  5 │   5 │   0 │   1 │   0 │   0 │  63 │  11 │  34 │   1 │  10 │
├────┼─────┼─────┼─────┼─────┼─────┼─────┼─────┼─────┼─────┼─────┤
│  6 │   6 │   0 │   0 │   0 │   0 │  33 │  44 │  26 │   0 │  16 │
├────┼─────┼─────┼─────┼─────┼─────┼─────┼─────┼─────┼─────┼─────┤
│  7 │   0 │   0 │   0 │   0 │   0 │   0 │   0 │ 113 │   0 │  12 │
├────┼─────┼─────┼─────┼─────┼─────┼─────┼─────┼─────┼─────┼─────┤
│  8 │   4 │   0 │   8 │   0 │   0 │  28 │  35 │  24 │  24 │   2 │
├────┼─────┼─────┼─────┼─────┼─────┼─────┼─────┼─────┼─────┼─────┤
│  9 │   0 │   0 │   0 │   0 │   0 │   0 │   2 │  67 │   0 │  56 │
╘════╧═════╧═════╧═════╧═════╧═════╧═════╧═════╧═════╧═════╧═════╛



 Classification took 0:00:00

 Classifier Interpretation : 
First featrue : 
	135 <= 0.00018390780314803123
Feature importances : 
- Feature index : 135, feature importance : 0.24711260135427196
- Feature index : 167, feature importance : 0.2152485626462451
- Feature index : 138, feature importance : 0.15776586406052376
- Feature index : 84, feature importance : 0.13372338214894042
- Feature index : 159, feature importance : 0.10201259390706525
- Feature index : 66, feature importance : 0.09939862158383772
- Feature index : 69, feature importance : 0.04473837429911572

2021-02-18 15:10:55,837 INFO: Done:	 Saving results
2021-02-18 15:10:55,837 INFO: Done:	 monoview benchmark
2021-02-18 15:10:55,837 INFO: Start:	 multiview arguments initialization
2021-02-18 15:10:55,838 INFO: Done:	 multiview arguments initialization
2021-02-18 15:10:55,838 INFO: Start:	 multiview benchmark
2021-02-18 15:10:55,838 INFO: Start:	 Initialize constants
2021-02-18 15:10:55,838 INFO: Info	: Classification - Database : multiview_mnist ; Views : NIMST_data_hog0, NIMST_data_hog1, NIMST_data_hog2, NIMST_data_hog3 ; Algorithm : weighted_linear_early_fusion ; Cores : 1, Train ratio : 0.75, CV on 2 folds
2021-02-18 15:10:55,843 INFO: Info:	 Shape of NIMST_data_hog0 :(5000, 192)
2021-02-18 15:10:55,849 INFO: Info:	 Shape of NIMST_data_hog1 :(5000, 192)
2021-02-18 15:10:55,854 INFO: Info:	 Shape of NIMST_data_hog2 :(5000, 192)
2021-02-18 15:10:55,859 INFO: Info:	 Shape of NIMST_data_hog3 :(5000, 192)
2021-02-18 15:10:55,862 INFO: Done:	 Initialize constants
2021-02-18 15:10:55,862 INFO: Info:	 Extraction duration 0.024538516998291016s
2021-02-18 15:10:55,862 INFO: Start:	 Getting train/test split
2021-02-18 15:10:55,863 INFO: Done:	 Getting train/test split
2021-02-18 15:10:55,863 INFO: Start:	 Getting classifiers modules
2021-02-18 15:10:55,863 INFO: Done:	 Getting classifiers modules
2021-02-18 15:10:55,863 INFO: Start:	 Optimizing hyperparameters
2021-02-18 15:10:55,920 INFO: Done:	 Optimizing hyperparameters
2021-02-18 15:10:55,920 INFO: Start:	 Fitting classifier
2021-02-18 15:10:56,976 INFO: Done:	 Fitting classifier
2021-02-18 15:10:56,976 INFO: Start:	 Predicting
2021-02-18 15:10:57,077 INFO: Done:	 Pertidcting
2021-02-18 15:10:57,077 INFO: Info:	 Classification duration 0.024538516998291016s
2021-02-18 15:10:57,077 INFO: Start:	 Result Analysis for weighted_linear_early_fusion
2021-02-18 15:10:57,119 INFO: Done:	 Result Analysis for weighted_linear_early_fusion
2021-02-18 15:10:57,119 INFO: Start:	 Saving preds
2021-02-18 15:10:57,119 INFO: Multiview classification on multiview_mnist  with early_fusion

Database configuration : 
	- Database name : multiview_mnist
	- Views : NIMST_data_hog0, NIMST_data_hog1, NIMST_data_hog2, NIMST_data_hog3
	- Learning Rate : 0.75
	- Labels used : 0, 1, 2, 3, 4, 5, 6, 7, 8, 9
	- Number of cross validation folds : 2

Classifier configuration : 
	- WeightedLinearEarlyFusion with monoview_classifier_name : decision_tree, monoview_classifier_config : {'criterion': 'gini', 'max_depth': 6, 'random_state': RandomState(MT19937) at 0x7FC54655FDB0, 'splitter': 'best'}
	- Executed on 1 core(s) 


	For Accuracy score using {}, (higher is better) : 
		- Score on train : 0.7474666666666666
		- Score on test : 0.6824

	For F1 score using average: micro, {} (higher is better) : 
		- Score on train : 0.7474666666666667
		- Score on test : 0.6824

Test set confusion matrix : 

╒════╤═════╤═════╤═════╤═════╤═════╤═════╤═════╤═════╤═════╤═════╕
│    │   0 │   1 │   2 │   3 │   4 │   5 │   6 │   7 │   8 │   9 │
╞════╪═════╪═════╪═════╪═════╪═════╪═════╪═════╪═════╪═════╪═════╡
│  0 │  93 │   1 │   3 │  12 │   2 │   3 │   5 │   0 │   6 │   0 │
├────┼─────┼─────┼─────┼─────┼─────┼─────┼─────┼─────┼─────┼─────┤
│  1 │   0 │  99 │   1 │   3 │   1 │   0 │  18 │   0 │   2 │   1 │
├────┼─────┼─────┼─────┼─────┼─────┼─────┼─────┼─────┼─────┼─────┤
│  2 │   8 │   2 │  65 │  15 │   1 │   1 │  11 │   1 │  17 │   4 │
├────┼─────┼─────┼─────┼─────┼─────┼─────┼─────┼─────┼─────┼─────┤
│  3 │   5 │   0 │   6 │  90 │   1 │   7 │   5 │   2 │   9 │   0 │
├────┼─────┼─────┼─────┼─────┼─────┼─────┼─────┼─────┼─────┼─────┤
│  4 │   0 │   4 │   5 │   7 │  96 │   0 │   2 │   0 │   4 │   7 │
├────┼─────┼─────┼─────┼─────┼─────┼─────┼─────┼─────┼─────┼─────┤
│  5 │   3 │   1 │   1 │  34 │   4 │  62 │   2 │   2 │  13 │   3 │
├────┼─────┼─────┼─────┼─────┼─────┼─────┼─────┼─────┼─────┼─────┤
│  6 │   8 │   1 │   5 │  21 │   0 │   5 │  82 │   0 │   3 │   0 │
├────┼─────┼─────┼─────┼─────┼─────┼─────┼─────┼─────┼─────┼─────┤
│  7 │   0 │   0 │   1 │   5 │   4 │   1 │   1 │  98 │   4 │  11 │
├────┼─────┼─────┼─────┼─────┼─────┼─────┼─────┼─────┼─────┼─────┤
│  8 │   2 │   0 │   3 │  16 │   5 │   6 │   8 │   1 │  75 │   9 │
├────┼─────┼─────┼─────┼─────┼─────┼─────┼─────┼─────┼─────┼─────┤
│  9 │   0 │   1 │   1 │  12 │   9 │   1 │   0 │   3 │   5 │  93 │
╘════╧═════╧═════╧═════╧═════╧═════╧═════╧═════╧═════╧═════╧═════╛



 Classification took 0:00:01

 Classifier Interpretation : 

2021-02-18 15:10:57,120 INFO: Start:	 Saving preds
2021-02-18 15:10:57,120 INFO: Start:	 Initialize constants
2021-02-18 15:10:57,120 INFO: Info	: Classification - Database : multiview_mnist ; Views : NIMST_data_hog0, NIMST_data_hog1, NIMST_data_hog2, NIMST_data_hog3 ; Algorithm : weighted_linear_late_fusion ; Cores : 1, Train ratio : 0.75, CV on 2 folds
2021-02-18 15:10:57,125 INFO: Info:	 Shape of NIMST_data_hog0 :(5000, 192)
2021-02-18 15:10:57,130 INFO: Info:	 Shape of NIMST_data_hog1 :(5000, 192)
2021-02-18 15:10:57,135 INFO: Info:	 Shape of NIMST_data_hog2 :(5000, 192)
2021-02-18 15:10:57,141 INFO: Info:	 Shape of NIMST_data_hog3 :(5000, 192)
2021-02-18 15:10:57,143 INFO: Done:	 Initialize constants
2021-02-18 15:10:57,143 INFO: Info:	 Extraction duration 0.022413253784179688s
2021-02-18 15:10:57,143 INFO: Start:	 Getting train/test split
2021-02-18 15:10:57,143 INFO: Done:	 Getting train/test split
2021-02-18 15:10:57,143 INFO: Start:	 Getting classifiers modules
2021-02-18 15:10:57,143 INFO: Done:	 Getting classifiers modules
2021-02-18 15:10:57,143 INFO: Start:	 Optimizing hyperparameters
2021-02-18 15:10:57,179 INFO: Done:	 Optimizing hyperparameters
2021-02-18 15:10:57,179 INFO: Start:	 Fitting classifier
2021-02-18 15:11:01,976 INFO: Done:	 Fitting classifier
2021-02-18 15:11:01,977 INFO: Start:	 Predicting
2021-02-18 15:11:03,662 INFO: Done:	 Pertidcting
2021-02-18 15:11:03,662 INFO: Info:	 Classification duration 0.022413253784179688s
2021-02-18 15:11:03,662 INFO: Start:	 Result Analysis for weighted_linear_late_fusion
2021-02-18 15:11:03,704 INFO: Done:	 Result Analysis for weighted_linear_late_fusion
2021-02-18 15:11:03,705 INFO: Start:	 Saving preds
2021-02-18 15:11:03,705 INFO: Multiview classification on multiview_mnist  with weighted_linear_late_fusion

Database configuration : 
	- Database name : multiview_mnist
	- Views : NIMST_data_hog0, NIMST_data_hog1, NIMST_data_hog2, NIMST_data_hog3
	- Learning Rate : 0.75
	- Labels used : 0, 1, 2, 3, 4, 5, 6, 7, 8, 9
	- Number of cross validation folds : 2

Classifier configuration : 
	- multiclass_adaptation : MultiviewOVOWrapper, WeightedLinearLateFusion with classifiers_names : decision_tree, classifier_configs : {'decision_tree': {'max_depth': 3}}, weights : None, rs : None
	- Executed on 1 core(s) 


	For Accuracy score using {}, (higher is better) : 
		- Score on train : 0.9392
		- Score on test : 0.8688

	For F1 score using average: micro, {} (higher is better) : 
		- Score on train : 0.9392
		- Score on test : 0.8688

Test set confusion matrix : 

╒════╤═════╤═════╤═════╤═════╤═════╤═════╤═════╤═════╤═════╤═════╕
│    │   0 │   1 │   2 │   3 │   4 │   5 │   6 │   7 │   8 │   9 │
╞════╪═════╪═════╪═════╪═════╪═════╪═════╪═════╪═════╪═════╪═════╡
│  0 │ 112 │   0 │   1 │   2 │   0 │   1 │   1 │   0 │   8 │   0 │
├────┼─────┼─────┼─────┼─────┼─────┼─────┼─────┼─────┼─────┼─────┤
│  1 │   0 │ 116 │   3 │   0 │   2 │   0 │   2 │   0 │   1 │   1 │
├────┼─────┼─────┼─────┼─────┼─────┼─────┼─────┼─────┼─────┼─────┤
│  2 │   0 │   2 │ 107 │   5 │   1 │   2 │   0 │   4 │   4 │   0 │
├────┼─────┼─────┼─────┼─────┼─────┼─────┼─────┼─────┼─────┼─────┤
│  3 │   3 │   0 │   1 │ 106 │   1 │   5 │   0 │   1 │   6 │   2 │
├────┼─────┼─────┼─────┼─────┼─────┼─────┼─────┼─────┼─────┼─────┤
│  4 │   0 │   0 │   1 │   0 │ 108 │   0 │   1 │   3 │   2 │  10 │
├────┼─────┼─────┼─────┼─────┼─────┼─────┼─────┼─────┼─────┼─────┤
│  5 │   0 │   0 │   1 │   1 │   3 │ 110 │   2 │   1 │   5 │   2 │
├────┼─────┼─────┼─────┼─────┼─────┼─────┼─────┼─────┼─────┼─────┤
│  6 │   3 │   1 │   0 │   1 │   0 │   4 │ 109 │   0 │   7 │   0 │
├────┼─────┼─────┼─────┼─────┼─────┼─────┼─────┼─────┼─────┼─────┤
│  7 │   0 │   0 │   0 │   0 │   2 │   1 │   0 │ 103 │   4 │  15 │
├────┼─────┼─────┼─────┼─────┼─────┼─────┼─────┼─────┼─────┼─────┤
│  8 │   2 │   4 │   1 │   2 │   0 │   0 │   2 │   1 │ 109 │   4 │
├────┼─────┼─────┼─────┼─────┼─────┼─────┼─────┼─────┼─────┼─────┤
│  9 │   0 │   0 │   0 │   3 │   8 │   1 │   0 │   5 │   2 │ 106 │
╘════╧═════╧═════╧═════╧═════╧═════╧═════╧═════╧═════╧═════╧═════╛



 Classification took 0:00:06

 Classifier Interpretation : 
Multiclass wrapper is not interpretable yet
2021-02-18 15:11:03,707 INFO: Start:	 Saving preds
2021-02-18 15:11:03,708 INFO: Done:	 multiview benchmark
2021-02-18 15:11:03,711 INFO: Start:	 Analyzing all results
2021-02-18 15:11:05,532 INFO: Start:	 Score graph generation for accuracy_score*
2021-02-18 15:11:07,366 INFO: Done:	 Score graph generation for accuracy_score*
2021-02-18 15:11:07,367 INFO: Start:	 Score graph generation for f1_score
2021-02-18 15:11:08,570 INFO: Done:	 Score graph generation for f1_score
2021-02-18 15:11:08,570 INFO: Start:	 Label analysis figure generation
2021-02-18 15:11:17,054 INFO: Done:	 Label analysis figures generation
2021-02-18 15:11:19,395 INFO: Done:	 Analyzing all results
2021-02-18 15:11:19,395 INFO: Done:	 Executing all the needed benchmarks
2021-02-18 15:11:19,395 INFO: Start:	 Analyzing predictions
2021-02-18 15:11:19,397 INFO: Start:	 Analyzing all results
2021-02-18 15:11:21,258 INFO: Start:	 Score graph generation for accuracy_score*
2021-02-18 15:11:22,410 INFO: Done:	 Score graph generation for accuracy_score*
2021-02-18 15:11:22,411 INFO: Start:	 Score graph generation for f1_score
2021-02-18 15:11:23,567 INFO: Done:	 Score graph generation for f1_score
2021-02-18 15:11:23,567 INFO: Start:	 Label analysis figure generation
2021-02-18 15:11:32,337 INFO: Done:	 Label analysis figures generation
2021-02-18 15:11:34,934 INFO: Done:	 Analyzing all results
2021-02-18 15:11:34,934 INFO: Done:	 Analyzing predictions
