2016-03-23 15:48:29,632 DEBUG:### Main Programm for Feature Parameter Optimisation 
2016-03-23 15:48:29,633 DEBUG:### Optimisation - Feature:HSV Parameter:HSV_H_Bins from:2 to:25 in #calc:5
2016-03-23 15:48:29,633 DEBUG:Start:	 Exportation of images from DB
2016-03-23 15:49:09,864 DEBUG:Done:	 Exportation of Images from DB 
2016-03-23 15:49:09,865 DEBUG:Start:	 Feautre Optimisation
2016-03-23 15:49:09,865 DEBUG:Start:	 FeatureExtraction Nr:1 from:5 with HSV_H_Bins=2 ###
2016-03-23 15:49:13,585 WARNING:WARNING NORMALIZATION: sumHIST is zero
2016-03-23 15:49:13,586 WARNING:image: ../../Caltech/BACKGROUND_Google/image_0031.jpg

2016-03-23 15:49:21,316 WARNING:WARNING NORMALIZATION: sumHIST is zero
2016-03-23 15:49:21,316 WARNING:image: ../../Caltech/menorah/image_0022.jpg

2016-03-23 15:49:32,267 DEBUG:Done:	 FeatureExtraction Nr:1 from:5 ###
2016-03-23 15:49:32,271 DEBUG:Start:	 Classification Nr:1 from:5
2016-03-23 15:53:48,918 DEBUG:Done:	 Classification Nr:1 from:5
2016-03-23 15:53:48,924 DEBUG:Start:	 FeatureExtraction Nr:2 from:5 with HSV_H_Bins=8 ###
2016-03-23 15:53:53,546 WARNING:WARNING NORMALIZATION: sumHIST is zero
2016-03-23 15:53:53,546 WARNING:image: ../../Caltech/BACKGROUND_Google/image_0031.jpg

2016-03-23 15:54:03,779 WARNING:WARNING NORMALIZATION: sumHIST is zero
2016-03-23 15:54:03,779 WARNING:image: ../../Caltech/menorah/image_0022.jpg

2016-03-23 15:54:19,938 DEBUG:Done:	 FeatureExtraction Nr:2 from:5 ###
2016-03-23 15:54:19,945 DEBUG:Start:	 Classification Nr:2 from:5
2016-03-23 16:00:14,752 DEBUG:Done:	 Classification Nr:2 from:5
2016-03-23 16:00:14,759 DEBUG:Start:	 FeatureExtraction Nr:3 from:5 with HSV_H_Bins=14 ###
2016-03-23 16:00:20,451 WARNING:WARNING NORMALIZATION: sumHIST is zero
2016-03-23 16:00:20,451 WARNING:image: ../../Caltech/BACKGROUND_Google/image_0031.jpg

2016-03-23 16:00:32,156 WARNING:WARNING NORMALIZATION: sumHIST is zero
2016-03-23 16:00:32,156 WARNING:image: ../../Caltech/menorah/image_0022.jpg

2016-03-23 16:00:48,569 DEBUG:Done:	 FeatureExtraction Nr:3 from:5 ###
2016-03-23 16:00:48,576 DEBUG:Start:	 Classification Nr:3 from:5
2016-03-23 16:06:39,135 DEBUG:Done:	 Classification Nr:3 from:5
2016-03-23 16:06:39,139 DEBUG:Start:	 FeatureExtraction Nr:4 from:5 with HSV_H_Bins=19 ###
2016-03-23 16:06:42,687 WARNING:WARNING NORMALIZATION: sumHIST is zero
2016-03-23 16:06:42,687 WARNING:image: ../../Caltech/BACKGROUND_Google/image_0031.jpg

2016-03-23 16:06:50,445 WARNING:WARNING NORMALIZATION: sumHIST is zero
2016-03-23 16:06:50,445 WARNING:image: ../../Caltech/menorah/image_0022.jpg

2016-03-23 16:07:01,382 DEBUG:Done:	 FeatureExtraction Nr:4 from:5 ###
2016-03-23 16:07:01,387 DEBUG:Start:	 Classification Nr:4 from:5
2016-03-23 16:14:03,463 DEBUG:Done:	 Classification Nr:4 from:5
2016-03-23 16:14:03,469 DEBUG:Start:	 FeatureExtraction Nr:5 from:5 with HSV_H_Bins=25 ###
2016-03-23 16:14:08,805 WARNING:WARNING NORMALIZATION: sumHIST is zero
2016-03-23 16:14:08,805 WARNING:image: ../../Caltech/BACKGROUND_Google/image_0031.jpg

2016-03-23 16:14:20,274 WARNING:WARNING NORMALIZATION: sumHIST is zero
2016-03-23 16:14:20,274 WARNING:image: ../../Caltech/menorah/image_0022.jpg

2016-03-23 16:14:36,890 DEBUG:Done:	 FeatureExtraction Nr:5 from:5 ###
2016-03-23 16:14:36,897 DEBUG:Start:	 Classification Nr:5 from:5
2016-03-23 16:22:06,260 DEBUG:Done:	 Classification Nr:5 from:5
2016-03-23 16:22:06,267 DEBUG:Done:	 Feautre Optimisation 
2016-03-23 16:22:06,267 DEBUG:Start:	 Exporting to CSV 
2016-03-23 16:22:06,274 DEBUG:Done:	 Exporting to CSV 
2016-03-23 16:22:06,275 DEBUG:Start:	 Plot Result
