2016-03-23 16:11:29,026 DEBUG:### Main Programm for Feature Parameter Optimisation 
2016-03-23 16:11:29,026 DEBUG:### Optimisation - Feature:HSV Parameter:HSV_H_Bins from:2 to:40 in #calc:8
2016-03-23 16:11:29,027 DEBUG:Start:	 Exportation of images from DB
2016-03-23 16:12:02,430 DEBUG:Done:	 Exportation of Images from DB 
2016-03-23 16:12:02,430 DEBUG:Start:	 Feautre Optimisation
2016-03-23 16:12:02,430 DEBUG:Start:	 FeatureExtraction Nr:1 from:8 with HSV_H_Bins=2 ###
2016-03-23 16:12:06,008 WARNING:WARNING NORMALIZATION: sumHIST is zero
2016-03-23 16:12:06,008 WARNING:image: ../../Caltech/BACKGROUND_Google/image_0031.jpg

2016-03-23 16:12:14,090 WARNING:WARNING NORMALIZATION: sumHIST is zero
2016-03-23 16:12:14,090 WARNING:image: ../../Caltech/menorah/image_0022.jpg

2016-03-23 16:12:28,087 DEBUG:Done:	 FeatureExtraction Nr:1 from:8 ###
2016-03-23 16:12:28,094 DEBUG:Start:	 Classification Nr:1 from:8
2016-03-23 16:16:39,810 DEBUG:Done:	 Classification Nr:1 from:8
2016-03-23 16:16:39,816 DEBUG:Start:	 FeatureExtraction Nr:2 from:8 with HSV_H_Bins=7 ###
2016-03-23 16:16:44,588 WARNING:WARNING NORMALIZATION: sumHIST is zero
2016-03-23 16:16:44,588 WARNING:image: ../../Caltech/BACKGROUND_Google/image_0031.jpg

2016-03-23 16:16:52,564 WARNING:WARNING NORMALIZATION: sumHIST is zero
2016-03-23 16:16:52,564 WARNING:image: ../../Caltech/menorah/image_0022.jpg

2016-03-23 16:17:05,271 DEBUG:Done:	 FeatureExtraction Nr:2 from:8 ###
2016-03-23 16:17:05,279 DEBUG:Start:	 Classification Nr:2 from:8
2016-03-23 16:21:58,033 DEBUG:Done:	 Classification Nr:2 from:8
2016-03-23 16:21:58,040 DEBUG:Start:	 FeatureExtraction Nr:3 from:8 with HSV_H_Bins=13 ###
2016-03-23 16:22:04,234 WARNING:WARNING NORMALIZATION: sumHIST is zero
2016-03-23 16:22:04,234 WARNING:image: ../../Caltech/BACKGROUND_Google/image_0031.jpg

2016-03-23 16:22:17,976 WARNING:WARNING NORMALIZATION: sumHIST is zero
2016-03-23 16:22:17,976 WARNING:image: ../../Caltech/menorah/image_0022.jpg

2016-03-23 16:22:40,960 DEBUG:Done:	 FeatureExtraction Nr:3 from:8 ###
2016-03-23 16:22:40,972 DEBUG:Start:	 Classification Nr:3 from:8
2016-03-23 16:27:51,833 DEBUG:Done:	 Classification Nr:3 from:8
2016-03-23 16:27:51,837 DEBUG:Start:	 FeatureExtraction Nr:4 from:8 with HSV_H_Bins=18 ###
2016-03-23 16:27:55,349 WARNING:WARNING NORMALIZATION: sumHIST is zero
2016-03-23 16:27:55,349 WARNING:image: ../../Caltech/BACKGROUND_Google/image_0031.jpg

2016-03-23 16:28:02,959 WARNING:WARNING NORMALIZATION: sumHIST is zero
2016-03-23 16:28:02,959 WARNING:image: ../../Caltech/menorah/image_0022.jpg

2016-03-23 16:28:14,085 DEBUG:Done:	 FeatureExtraction Nr:4 from:8 ###
2016-03-23 16:28:14,089 DEBUG:Start:	 Classification Nr:4 from:8
2016-03-23 16:34:47,423 DEBUG:Done:	 Classification Nr:4 from:8
2016-03-23 16:34:47,427 DEBUG:Start:	 FeatureExtraction Nr:5 from:8 with HSV_H_Bins=24 ###
2016-03-23 16:34:50,957 WARNING:WARNING NORMALIZATION: sumHIST is zero
2016-03-23 16:34:50,957 WARNING:image: ../../Caltech/BACKGROUND_Google/image_0031.jpg

2016-03-23 16:34:58,589 WARNING:WARNING NORMALIZATION: sumHIST is zero
2016-03-23 16:34:58,589 WARNING:image: ../../Caltech/menorah/image_0022.jpg

2016-03-23 16:35:11,176 DEBUG:Done:	 FeatureExtraction Nr:5 from:8 ###
2016-03-23 16:35:11,184 DEBUG:Start:	 Classification Nr:5 from:8
2016-03-23 16:41:49,797 DEBUG:Done:	 Classification Nr:5 from:8
2016-03-23 16:41:49,801 DEBUG:Start:	 FeatureExtraction Nr:6 from:8 with HSV_H_Bins=29 ###
2016-03-23 16:41:53,620 WARNING:WARNING NORMALIZATION: sumHIST is zero
2016-03-23 16:41:53,620 WARNING:image: ../../Caltech/BACKGROUND_Google/image_0031.jpg

2016-03-23 16:42:02,552 WARNING:WARNING NORMALIZATION: sumHIST is zero
2016-03-23 16:42:02,552 WARNING:image: ../../Caltech/menorah/image_0022.jpg

2016-03-23 16:42:18,737 DEBUG:Done:	 FeatureExtraction Nr:6 from:8 ###
2016-03-23 16:42:18,746 DEBUG:Start:	 Classification Nr:6 from:8
2016-03-23 16:50:41,653 DEBUG:Done:	 Classification Nr:6 from:8
2016-03-23 16:50:41,657 DEBUG:Start:	 FeatureExtraction Nr:7 from:8 with HSV_H_Bins=35 ###
2016-03-23 16:50:45,241 WARNING:WARNING NORMALIZATION: sumHIST is zero
2016-03-23 16:50:45,241 WARNING:image: ../../Caltech/BACKGROUND_Google/image_0031.jpg

2016-03-23 16:50:52,962 WARNING:WARNING NORMALIZATION: sumHIST is zero
2016-03-23 16:50:52,962 WARNING:image: ../../Caltech/menorah/image_0022.jpg

2016-03-23 16:51:04,190 DEBUG:Done:	 FeatureExtraction Nr:7 from:8 ###
2016-03-23 16:51:04,195 DEBUG:Start:	 Classification Nr:7 from:8
2016-03-23 16:59:02,885 DEBUG:Done:	 Classification Nr:7 from:8
2016-03-23 16:59:02,889 DEBUG:Start:	 FeatureExtraction Nr:8 from:8 with HSV_H_Bins=40 ###
2016-03-23 16:59:06,657 WARNING:WARNING NORMALIZATION: sumHIST is zero
2016-03-23 16:59:06,657 WARNING:image: ../../Caltech/BACKGROUND_Google/image_0031.jpg

2016-03-23 16:59:15,946 WARNING:WARNING NORMALIZATION: sumHIST is zero
2016-03-23 16:59:15,946 WARNING:image: ../../Caltech/menorah/image_0022.jpg

2016-03-23 16:59:29,113 DEBUG:Done:	 FeatureExtraction Nr:8 from:8 ###
2016-03-23 16:59:29,121 DEBUG:Start:	 Classification Nr:8 from:8
2016-03-23 17:07:51,178 DEBUG:Done:	 Classification Nr:8 from:8
2016-03-23 17:07:51,184 DEBUG:Done:	 Feautre Optimisation 
2016-03-23 17:07:51,184 DEBUG:Start:	 Exporting to CSV 
2016-03-23 17:07:51,196 DEBUG:Done:	 Exporting to CSV 
2016-03-23 17:07:51,196 DEBUG:Start:	 Plot Result
