2016-08-24 08:53:40,067 INFO: Start:	 Read HDF5 Database Files for ModifiedMultiOmic
2016-08-24 08:53:40,068 INFO: Info:	 Labels used: No, Yes
2016-08-24 08:53:40,068 INFO: Info:	 Length of dataset:347
2016-08-24 08:53:40,069 INFO: ### Main Programm for Multiview Classification
2016-08-24 08:53:40,069 INFO: ### Classification - Database : ModifiedMultiOmic ; Views : Methyl, MiRNA, RNASEQ, Clinical ; Algorithm : Mumbo ; Cores : 1
2016-08-24 08:53:40,070 INFO: Info:	 Shape of Methyl_ :(347, 25978)
2016-08-24 08:53:40,070 INFO: Info:	 Shape of MiRNA__ :(347, 1046)
2016-08-24 08:53:40,071 INFO: Info:	 Shape of RANSeq_ :(347, 73599)
2016-08-24 08:53:40,071 INFO: Info:	 Shape of Clinic_ :(347, 127)
2016-08-24 08:53:40,071 INFO: Done:	 Read Database Files
2016-08-24 08:53:40,071 INFO: Start:	 Determine validation split for ratio 0.7
2016-08-24 08:53:40,075 INFO: Done:	 Determine validation split
2016-08-24 08:53:40,075 INFO: Start:	 Determine 2 folds
2016-08-24 08:53:40,085 INFO: Info:	 Length of Learning Sets: 122
2016-08-24 08:53:40,085 INFO: Info:	 Length of Testing Sets: 122
2016-08-24 08:53:40,085 INFO: Info:	 Length of Validation Set: 103
2016-08-24 08:53:40,085 INFO: Done:	 Determine folds
2016-08-24 08:53:40,085 INFO: Start:	 Learning with Mumbo and 2 folds
2016-08-24 08:53:40,085 INFO: Start:	 Gridsearching best settings for monoview classifiers
2016-08-24 08:53:40,086 DEBUG: 	Start:	 Gridsearch for DecisionTree on Methyl_
2016-08-24 08:53:47,504 DEBUG: 	Done:	 Gridsearch for DecisionTree
2016-08-24 08:53:47,504 DEBUG: 	Start:	 Gridsearch for DecisionTree on MiRNA__
2016-08-24 08:53:49,404 DEBUG: 	Done:	 Gridsearch for DecisionTree
2016-08-24 08:53:49,405 DEBUG: 	Start:	 Gridsearch for DecisionTree on RANSeq_
2016-08-24 08:54:06,005 DEBUG: 	Done:	 Gridsearch for DecisionTree
2016-08-24 08:54:06,006 DEBUG: 	Start:	 Gridsearch for DecisionTree on Clinic_
2016-08-24 08:54:07,742 DEBUG: 	Done:	 Gridsearch for DecisionTree
2016-08-24 08:54:07,742 DEBUG: 	Start:	 Gridsearch for DecisionTree on MRNASeq
2016-08-24 08:54:44,843 DEBUG: 	Done:	 Gridsearch for DecisionTree
2016-08-24 08:54:44,843 INFO: Done:	 Gridsearching best settings for monoview classifiers
2016-08-24 08:54:44,844 INFO: 	Start:	 Fold number 1
2016-08-24 08:54:46,449 DEBUG: 		Start:	 Iteration 1
2016-08-24 08:54:46,465 DEBUG: 			View 0 : 0.631901840491
2016-08-24 08:54:46,473 DEBUG: 			View 1 : 0.638036809816
2016-08-24 08:54:46,510 DEBUG: 			View 2 : 0.441717791411
2016-08-24 08:54:46,518 DEBUG: 			View 3 : 0.631901840491
2016-08-24 08:54:46,561 DEBUG: 			 Best view : 		Methyl_
2016-08-24 08:54:46,662 DEBUG: 		Start:	 Iteration 2
2016-08-24 08:54:46,680 DEBUG: 			View 0 : 0.503067484663
2016-08-24 08:54:46,688 DEBUG: 			View 1 : 0.466257668712
2016-08-24 08:54:46,726 DEBUG: 			View 2 : 0.478527607362
2016-08-24 08:54:46,734 DEBUG: 			View 3 : 0.441717791411
2016-08-24 08:54:46,781 DEBUG: 			 Best view : 		Methyl_
2016-08-24 08:54:46,945 DEBUG: 		Start:	 Iteration 3
2016-08-24 08:54:46,962 DEBUG: 			View 0 : 0.361963190184
2016-08-24 08:54:46,970 DEBUG: 			View 1 : 0.613496932515
2016-08-24 08:54:47,008 DEBUG: 			View 2 : 0.411042944785
2016-08-24 08:54:47,016 DEBUG: 			View 3 : 0.656441717791
2016-08-24 08:54:47,071 DEBUG: 			 Best view : 		Clinic_
2016-08-24 08:54:47,297 DEBUG: 		Start:	 Iteration 4
2016-08-24 08:54:47,314 DEBUG: 			View 0 : 0.435582822086
2016-08-24 08:54:47,322 DEBUG: 			View 1 : 0.509202453988
2016-08-24 08:54:47,360 DEBUG: 			View 2 : 0.38036809816
2016-08-24 08:54:47,368 DEBUG: 			View 3 : 0.631901840491
2016-08-24 08:54:47,426 DEBUG: 			 Best view : 		Clinic_
2016-08-24 08:54:47,709 DEBUG: 		Start:	 Iteration 5
2016-08-24 08:54:47,726 DEBUG: 			View 0 : 0.638036809816
2016-08-24 08:54:47,734 DEBUG: 			View 1 : 0.564417177914
2016-08-24 08:54:47,772 DEBUG: 			View 2 : 0.39263803681
2016-08-24 08:54:47,780 DEBUG: 			View 3 : 0.546012269939
2016-08-24 08:54:47,841 DEBUG: 			 Best view : 		Methyl_
2016-08-24 08:54:48,187 DEBUG: 		Start:	 Iteration 6
2016-08-24 08:54:48,204 DEBUG: 			View 0 : 0.509202453988
2016-08-24 08:54:48,211 DEBUG: 			View 1 : 0.638036809816
2016-08-24 08:54:48,250 DEBUG: 			View 2 : 0.564417177914
2016-08-24 08:54:48,258 DEBUG: 			View 3 : 0.558282208589
2016-08-24 08:54:48,320 DEBUG: 			 Best view : 		MiRNA__
2016-08-24 08:54:48,727 DEBUG: 		Start:	 Iteration 7
2016-08-24 08:54:48,744 DEBUG: 			View 0 : 0.564417177914
2016-08-24 08:54:48,752 DEBUG: 			View 1 : 0.533742331288
2016-08-24 08:54:48,791 DEBUG: 			View 2 : 0.509202453988
2016-08-24 08:54:48,799 DEBUG: 			View 3 : 0.466257668712
2016-08-24 08:54:48,863 DEBUG: 			 Best view : 		Methyl_
2016-08-24 08:54:49,333 DEBUG: 		Start:	 Iteration 8
2016-08-24 08:54:49,350 DEBUG: 			View 0 : 0.423312883436
2016-08-24 08:54:49,358 DEBUG: 			View 1 : 0.39263803681
2016-08-24 08:54:49,396 DEBUG: 			View 2 : 0.40490797546
2016-08-24 08:54:49,404 DEBUG: 			View 3 : 0.546012269939
2016-08-24 08:54:49,471 DEBUG: 			 Best view : 		Clinic_
2016-08-24 08:54:50,001 DEBUG: 		Start:	 Iteration 9
2016-08-24 08:54:50,018 DEBUG: 			View 0 : 0.478527607362
2016-08-24 08:54:50,025 DEBUG: 			View 1 : 0.368098159509
2016-08-24 08:54:50,063 DEBUG: 			View 2 : 0.631901840491
2016-08-24 08:54:50,071 DEBUG: 			View 3 : 0.539877300613
2016-08-24 08:54:50,141 DEBUG: 			 Best view : 		RANSeq_
2016-08-24 08:54:50,745 DEBUG: 		Start:	 Iteration 10
2016-08-24 08:54:50,762 DEBUG: 			View 0 : 0.576687116564
2016-08-24 08:54:50,770 DEBUG: 			View 1 : 0.496932515337
2016-08-24 08:54:50,808 DEBUG: 			View 2 : 0.613496932515
2016-08-24 08:54:50,816 DEBUG: 			View 3 : 0.374233128834
2016-08-24 08:54:50,888 DEBUG: 			 Best view : 		RANSeq_
2016-08-24 08:54:51,566 DEBUG: 		Start:	 Iteration 11
2016-08-24 08:54:51,583 DEBUG: 			View 0 : 0.472392638037
2016-08-24 08:54:51,591 DEBUG: 			View 1 : 0.435582822086
2016-08-24 08:54:51,629 DEBUG: 			View 2 : 0.478527607362
2016-08-24 08:54:51,637 DEBUG: 			View 3 : 0.576687116564
2016-08-24 08:54:51,711 DEBUG: 			 Best view : 		Clinic_
