2016-08-24 11:11:36,038 INFO: Start:	 Read HDF5 Database Files for ModifiedMultiOmic
2016-08-24 11:11:36,039 INFO: Info:	 Labels used: No, Yes
2016-08-24 11:11:36,039 INFO: Info:	 Length of dataset:347
2016-08-24 11:11:36,040 INFO: ### Main Programm for Multiview Classification
2016-08-24 11:11:36,041 INFO: ### Classification - Database : ModifiedMultiOmic ; Views : Methyl, MiRNA, RNASEQ, Clinical ; Algorithm : Mumbo ; Cores : 1
2016-08-24 11:11:36,041 INFO: Info:	 Shape of Methyl_ :(347, 25978)
2016-08-24 11:11:36,041 INFO: Info:	 Shape of MiRNA__ :(347, 1046)
2016-08-24 11:11:36,042 INFO: Info:	 Shape of RANSeq_ :(347, 73599)
2016-08-24 11:11:36,042 INFO: Info:	 Shape of Clinic_ :(347, 127)
2016-08-24 11:11:36,042 INFO: Done:	 Read Database Files
2016-08-24 11:11:36,043 INFO: Start:	 Determine validation split for ratio 0.7
2016-08-24 11:11:36,046 INFO: Done:	 Determine validation split
2016-08-24 11:11:36,046 INFO: Start:	 Determine 2 folds
2016-08-24 11:11:36,054 INFO: Info:	 Length of Learning Sets: 122
2016-08-24 11:11:36,054 INFO: Info:	 Length of Testing Sets: 122
2016-08-24 11:11:36,054 INFO: Info:	 Length of Validation Set: 103
2016-08-24 11:11:36,054 INFO: Done:	 Determine folds
2016-08-24 11:11:36,054 INFO: Start:	 Learning with Mumbo and 2 folds
2016-08-24 11:11:36,054 INFO: Start:	 Gridsearching best settings for monoview classifiers
2016-08-24 11:11:36,055 DEBUG: 	Start:	 Gridsearch for DecisionTree on Methyl_
2016-08-24 11:11:43,470 DEBUG: 		Info:	 Best Reslut : 0.506570605187
2016-08-24 11:11:43,470 DEBUG: 	Done:	 Gridsearch for DecisionTree
2016-08-24 11:11:43,470 DEBUG: 	Start:	 Gridsearch for DecisionTree on MiRNA__
2016-08-24 11:11:45,393 DEBUG: 		Info:	 Best Reslut : 0.596080691643
2016-08-24 11:11:45,393 DEBUG: 	Done:	 Gridsearch for DecisionTree
2016-08-24 11:11:45,394 DEBUG: 	Start:	 Gridsearch for DecisionTree on RANSeq_
2016-08-24 11:12:02,118 DEBUG: 		Info:	 Best Reslut : 0.520922190202
2016-08-24 11:12:02,119 DEBUG: 	Done:	 Gridsearch for DecisionTree
2016-08-24 11:12:02,119 DEBUG: 	Start:	 Gridsearch for DecisionTree on Clinic_
2016-08-24 11:12:03,876 DEBUG: 		Info:	 Best Reslut : 0.504553314121
2016-08-24 11:12:03,877 DEBUG: 	Done:	 Gridsearch for DecisionTree
2016-08-24 11:12:03,877 DEBUG: 	Start:	 Gridsearch for DecisionTree on MRNASeq
2016-08-24 11:12:41,748 DEBUG: 		Info:	 Best Reslut : 0.515216138329
2016-08-24 11:12:41,749 DEBUG: 	Done:	 Gridsearch for DecisionTree
2016-08-24 11:12:41,749 INFO: Done:	 Gridsearching best settings for monoview classifiers
2016-08-24 11:12:41,749 INFO: 	Start:	 Fold number 1
2016-08-24 11:12:43,406 DEBUG: 		Start:	 Iteration 1
2016-08-24 11:12:43,425 DEBUG: 			View 0 : 0.639240506329
2016-08-24 11:12:43,433 DEBUG: 			View 1 : 0.620253164557
2016-08-24 11:12:43,471 DEBUG: 			View 2 : 0.474683544304
2016-08-24 11:12:43,479 DEBUG: 			View 3 : 0.379746835443
2016-08-24 11:12:43,520 DEBUG: 			 Best view : 		Methyl_
2016-08-24 11:12:43,596 DEBUG: 		Start:	 Iteration 2
2016-08-24 11:12:43,614 DEBUG: 			View 0 : 0.620253164557
2016-08-24 11:12:43,621 DEBUG: 			View 1 : 0.398734177215
2016-08-24 11:12:43,658 DEBUG: 			View 2 : 0.398734177215
2016-08-24 11:12:43,666 DEBUG: 			View 3 : 0.518987341772
2016-08-24 11:12:43,711 DEBUG: 			 Best view : 		Methyl_
2016-08-24 11:12:43,849 DEBUG: 		Start:	 Iteration 3
2016-08-24 11:12:43,866 DEBUG: 			View 0 : 0.569620253165
2016-08-24 11:12:43,874 DEBUG: 			View 1 : 0.436708860759
2016-08-24 11:12:43,911 DEBUG: 			View 2 : 0.411392405063
2016-08-24 11:12:43,918 DEBUG: 			View 3 : 0.430379746835
2016-08-24 11:12:43,972 DEBUG: 			 Best view : 		Methyl_
2016-08-24 11:12:44,173 DEBUG: 		Start:	 Iteration 4
2016-08-24 11:12:44,189 DEBUG: 			View 0 : 0.575949367089
2016-08-24 11:12:44,197 DEBUG: 			View 1 : 0.512658227848
2016-08-24 11:12:44,234 DEBUG: 			View 2 : 0.474683544304
2016-08-24 11:12:44,242 DEBUG: 			View 3 : 0.411392405063
2016-08-24 11:12:44,298 DEBUG: 			 Best view : 		Methyl_
2016-08-24 11:12:44,560 DEBUG: 		Start:	 Iteration 5
2016-08-24 11:12:44,576 DEBUG: 			View 0 : 0.759493670886
2016-08-24 11:12:44,584 DEBUG: 			View 1 : 0.569620253165
2016-08-24 11:12:44,621 DEBUG: 			View 2 : 0.398734177215
2016-08-24 11:12:44,628 DEBUG: 			View 3 : 0.518987341772
2016-08-24 11:12:44,687 DEBUG: 			 Best view : 		Methyl_
2016-08-24 11:12:45,011 DEBUG: 		Start:	 Iteration 6
2016-08-24 11:12:45,027 DEBUG: 			View 0 : 0.474683544304
2016-08-24 11:12:45,035 DEBUG: 			View 1 : 0.46835443038
2016-08-24 11:12:45,072 DEBUG: 			View 2 : 0.601265822785
2016-08-24 11:12:45,080 DEBUG: 			View 3 : 0.53164556962
2016-08-24 11:12:45,140 DEBUG: 			 Best view : 		RANSeq_
2016-08-24 11:12:45,549 DEBUG: 		Start:	 Iteration 7
2016-08-24 11:12:45,565 DEBUG: 			View 0 : 0.620253164557
2016-08-24 11:12:45,574 DEBUG: 			View 1 : 0.392405063291
2016-08-24 11:12:45,610 DEBUG: 			View 2 : 0.53164556962
2016-08-24 11:12:45,618 DEBUG: 			View 3 : 0.5
2016-08-24 11:12:45,681 DEBUG: 			 Best view : 		Methyl_
2016-08-24 11:12:46,144 DEBUG: 		Start:	 Iteration 8
2016-08-24 11:12:46,161 DEBUG: 			View 0 : 0.449367088608
2016-08-24 11:12:46,169 DEBUG: 			View 1 : 0.436708860759
2016-08-24 11:12:46,205 DEBUG: 			View 2 : 0.525316455696
2016-08-24 11:12:46,213 DEBUG: 			View 3 : 0.506329113924
2016-08-24 11:12:46,277 DEBUG: 			 Best view : 		RANSeq_
2016-08-24 11:12:46,809 DEBUG: 		Start:	 Iteration 9
2016-08-24 11:12:46,825 DEBUG: 			View 0 : 0.487341772152
2016-08-24 11:12:46,833 DEBUG: 			View 1 : 0.658227848101
2016-08-24 11:12:46,870 DEBUG: 			View 2 : 0.462025316456
2016-08-24 11:12:46,877 DEBUG: 			View 3 : 0.481012658228
2016-08-24 11:12:46,944 DEBUG: 			 Best view : 		MiRNA__
2016-08-24 11:12:47,535 DEBUG: 		Start:	 Iteration 10
2016-08-24 11:12:47,552 DEBUG: 			View 0 : 0.474683544304
2016-08-24 11:12:47,560 DEBUG: 			View 1 : 0.588607594937
2016-08-24 11:12:47,596 DEBUG: 			View 2 : 0.411392405063
2016-08-24 11:12:47,604 DEBUG: 			View 3 : 0.525316455696
2016-08-24 11:12:47,673 DEBUG: 			 Best view : 		MiRNA__
2016-08-24 11:12:48,319 DEBUG: 		Start:	 Iteration 11
2016-08-24 11:12:48,336 DEBUG: 			View 0 : 0.46835443038
2016-08-24 11:12:48,344 DEBUG: 			View 1 : 0.639240506329
2016-08-24 11:12:48,380 DEBUG: 			View 2 : 0.537974683544
2016-08-24 11:12:48,388 DEBUG: 			View 3 : 0.53164556962
2016-08-24 11:12:48,460 DEBUG: 			 Best view : 		MiRNA__
2016-08-24 11:12:49,176 DEBUG: 		Start:	 Iteration 12
2016-08-24 11:12:49,193 DEBUG: 			View 0 : 0.411392405063
2016-08-24 11:12:49,201 DEBUG: 			View 1 : 0.626582278481
2016-08-24 11:12:49,239 DEBUG: 			View 2 : 0.379746835443
2016-08-24 11:12:49,247 DEBUG: 			View 3 : 0.607594936709
2016-08-24 11:12:49,323 DEBUG: 			 Best view : 		MiRNA__
2016-08-24 11:12:50,095 DEBUG: 		Start:	 Iteration 13
2016-08-24 11:12:50,112 DEBUG: 			View 0 : 0.46835443038
2016-08-24 11:12:50,120 DEBUG: 			View 1 : 0.405063291139
2016-08-24 11:12:50,157 DEBUG: 			View 2 : 0.474683544304
2016-08-24 11:12:50,165 DEBUG: 			View 3 : 0.582278481013
2016-08-24 11:12:50,241 DEBUG: 			 Best view : 		Clinic_
2016-08-24 11:12:51,101 DEBUG: 		Start:	 Iteration 14
2016-08-24 11:12:51,117 DEBUG: 			View 0 : 0.569620253165
2016-08-24 11:12:51,125 DEBUG: 			View 1 : 0.594936708861
2016-08-24 11:12:51,162 DEBUG: 			View 2 : 0.424050632911
2016-08-24 11:12:51,170 DEBUG: 			View 3 : 0.392405063291
2016-08-24 11:12:51,248 DEBUG: 			 Best view : 		MiRNA__
2016-08-24 11:12:52,146 DEBUG: 		Start:	 Iteration 15
2016-08-24 11:12:52,163 DEBUG: 			View 0 : 0.594936708861
2016-08-24 11:12:52,171 DEBUG: 			View 1 : 0.651898734177
2016-08-24 11:12:52,208 DEBUG: 			View 2 : 0.411392405063
2016-08-24 11:12:52,215 DEBUG: 			View 3 : 0.5
2016-08-24 11:12:52,297 DEBUG: 			 Best view : 		MiRNA__
2016-08-24 11:12:53,236 DEBUG: 		Start:	 Iteration 16
2016-08-24 11:12:53,252 DEBUG: 			View 0 : 0.386075949367
2016-08-24 11:12:53,260 DEBUG: 			View 1 : 0.518987341772
2016-08-24 11:12:53,297 DEBUG: 			View 2 : 0.588607594937
2016-08-24 11:12:53,305 DEBUG: 			View 3 : 0.53164556962
2016-08-24 11:12:53,388 DEBUG: 			 Best view : 		RANSeq_
2016-08-24 11:12:54,407 DEBUG: 		Start:	 Iteration 17
2016-08-24 11:12:54,424 DEBUG: 			View 0 : 0.626582278481
2016-08-24 11:12:54,432 DEBUG: 			View 1 : 0.550632911392
2016-08-24 11:12:54,469 DEBUG: 			View 2 : 0.5
2016-08-24 11:12:54,476 DEBUG: 			View 3 : 0.373417721519
2016-08-24 11:12:54,562 DEBUG: 			 Best view : 		Methyl_
2016-08-24 11:12:55,640 DEBUG: 		Start:	 Iteration 18
2016-08-24 11:12:55,657 DEBUG: 			View 0 : 0.424050632911
2016-08-24 11:12:55,665 DEBUG: 			View 1 : 0.398734177215
2016-08-24 11:12:55,701 DEBUG: 			View 2 : 0.658227848101
2016-08-24 11:12:55,709 DEBUG: 			View 3 : 0.525316455696
2016-08-24 11:12:55,796 DEBUG: 			 Best view : 		RANSeq_
2016-08-24 11:12:56,943 DEBUG: 		Start:	 Iteration 19
2016-08-24 11:12:56,960 DEBUG: 			View 0 : 0.556962025316
2016-08-24 11:12:56,968 DEBUG: 			View 1 : 0.392405063291
2016-08-24 11:12:57,005 DEBUG: 			View 2 : 0.613924050633
2016-08-24 11:12:57,013 DEBUG: 			View 3 : 0.677215189873
2016-08-24 11:12:57,105 DEBUG: 			 Best view : 		Clinic_
2016-08-24 11:12:58,305 DEBUG: 		Start:	 Iteration 20
2016-08-24 11:12:58,322 DEBUG: 			View 0 : 0.417721518987
2016-08-24 11:12:58,330 DEBUG: 			View 1 : 0.436708860759
2016-08-24 11:12:58,367 DEBUG: 			View 2 : 0.411392405063
2016-08-24 11:12:58,374 DEBUG: 			View 3 : 0.443037974684
2016-08-24 11:12:58,374 WARNING: WARNING:	All bad for iteration 19
2016-08-24 11:12:58,467 DEBUG: 			 Best view : 		Clinic_
2016-08-24 11:12:59,738 DEBUG: 		Start:	 Iteration 21
2016-08-24 11:12:59,755 DEBUG: 			View 0 : 0.430379746835
2016-08-24 11:12:59,763 DEBUG: 			View 1 : 0.506329113924
2016-08-24 11:12:59,800 DEBUG: 			View 2 : 0.493670886076
2016-08-24 11:12:59,807 DEBUG: 			View 3 : 0.632911392405
2016-08-24 11:12:59,904 DEBUG: 			 Best view : 		Clinic_
2016-08-24 11:13:01,234 DEBUG: 		Start:	 Iteration 22
2016-08-24 11:13:01,251 DEBUG: 			View 0 : 0.462025316456
2016-08-24 11:13:01,259 DEBUG: 			View 1 : 0.506329113924
2016-08-24 11:13:01,296 DEBUG: 			View 2 : 0.620253164557
2016-08-24 11:13:01,304 DEBUG: 			View 3 : 0.575949367089
2016-08-24 11:13:01,401 DEBUG: 			 Best view : 		RANSeq_
2016-08-24 11:13:02,803 DEBUG: 		Start:	 Iteration 23
2016-08-24 11:13:02,820 DEBUG: 			View 0 : 0.607594936709
2016-08-24 11:13:02,828 DEBUG: 			View 1 : 0.518987341772
2016-08-24 11:13:02,866 DEBUG: 			View 2 : 0.436708860759
2016-08-24 11:13:02,874 DEBUG: 			View 3 : 0.436708860759
2016-08-24 11:13:02,973 DEBUG: 			 Best view : 		Methyl_
2016-08-24 11:13:04,490 DEBUG: 		Start:	 Iteration 24
2016-08-24 11:13:04,508 DEBUG: 			View 0 : 0.316455696203
2016-08-24 11:13:04,515 DEBUG: 			View 1 : 0.373417721519
2016-08-24 11:13:04,552 DEBUG: 			View 2 : 0.588607594937
2016-08-24 11:13:04,560 DEBUG: 			View 3 : 0.487341772152
2016-08-24 11:13:04,661 DEBUG: 			 Best view : 		RANSeq_
2016-08-24 11:13:06,180 DEBUG: 		Start:	 Iteration 25
2016-08-24 11:13:06,198 DEBUG: 			View 0 : 0.569620253165
2016-08-24 11:13:06,206 DEBUG: 			View 1 : 0.436708860759
2016-08-24 11:13:06,243 DEBUG: 			View 2 : 0.556962025316
2016-08-24 11:13:06,250 DEBUG: 			View 3 : 0.392405063291
2016-08-24 11:13:06,355 DEBUG: 			 Best view : 		Methyl_
2016-08-24 11:13:07,932 DEBUG: 		Start:	 Iteration 26
2016-08-24 11:13:07,948 DEBUG: 			View 0 : 0.512658227848
2016-08-24 11:13:07,956 DEBUG: 			View 1 : 0.689873417722
2016-08-24 11:13:07,993 DEBUG: 			View 2 : 0.537974683544
2016-08-24 11:13:08,001 DEBUG: 			View 3 : 0.417721518987
2016-08-24 11:13:08,107 DEBUG: 			 Best view : 		MiRNA__
2016-08-24 11:13:09,754 DEBUG: 		Start:	 Iteration 27
2016-08-24 11:13:09,770 DEBUG: 			View 0 : 0.462025316456
2016-08-24 11:13:09,778 DEBUG: 			View 1 : 0.588607594937
2016-08-24 11:13:09,815 DEBUG: 			View 2 : 0.607594936709
2016-08-24 11:13:09,823 DEBUG: 			View 3 : 0.46835443038
2016-08-24 11:13:09,931 DEBUG: 			 Best view : 		MiRNA__
2016-08-24 11:13:11,652 DEBUG: 		Start:	 Iteration 28
2016-08-24 11:13:11,668 DEBUG: 			View 0 : 0.588607594937
2016-08-24 11:13:11,676 DEBUG: 			View 1 : 0.569620253165
2016-08-24 11:13:11,714 DEBUG: 			View 2 : 0.582278481013
2016-08-24 11:13:11,722 DEBUG: 			View 3 : 0.537974683544
2016-08-24 11:13:11,832 DEBUG: 			 Best view : 		MiRNA__
2016-08-24 11:13:13,601 DEBUG: 		Start:	 Iteration 29
2016-08-24 11:13:13,617 DEBUG: 			View 0 : 0.645569620253
2016-08-24 11:13:13,625 DEBUG: 			View 1 : 0.5
2016-08-24 11:13:13,663 DEBUG: 			View 2 : 0.556962025316
2016-08-24 11:13:13,670 DEBUG: 			View 3 : 0.645569620253
2016-08-24 11:13:13,786 DEBUG: 			 Best view : 		Methyl_
2016-08-24 11:13:15,623 DEBUG: 		Start:	 Iteration 30
2016-08-24 11:13:15,640 DEBUG: 			View 0 : 0.518987341772
2016-08-24 11:13:15,648 DEBUG: 			View 1 : 0.46835443038
2016-08-24 11:13:15,685 DEBUG: 			View 2 : 0.506329113924
2016-08-24 11:13:15,693 DEBUG: 			View 3 : 0.481012658228
2016-08-24 11:13:15,810 DEBUG: 			 Best view : 		Methyl_
2016-08-24 11:13:17,695 DEBUG: 		Start:	 Iteration 31
2016-08-24 11:13:17,711 DEBUG: 			View 0 : 0.645569620253
2016-08-24 11:13:17,719 DEBUG: 			View 1 : 0.544303797468
2016-08-24 11:13:17,755 DEBUG: 			View 2 : 0.493670886076
2016-08-24 11:13:17,763 DEBUG: 			View 3 : 0.386075949367
2016-08-24 11:13:17,880 DEBUG: 			 Best view : 		Methyl_
2016-08-24 11:13:19,816 DEBUG: 		Start:	 Iteration 32
2016-08-24 11:13:19,832 DEBUG: 			View 0 : 0.436708860759
2016-08-24 11:13:19,840 DEBUG: 			View 1 : 0.430379746835
2016-08-24 11:13:19,877 DEBUG: 			View 2 : 0.569620253165
2016-08-24 11:13:19,885 DEBUG: 			View 3 : 0.563291139241
2016-08-24 11:13:20,004 DEBUG: 			 Best view : 		Clinic_
2016-08-24 11:13:21,998 DEBUG: 		Start:	 Iteration 33
2016-08-24 11:13:22,015 DEBUG: 			View 0 : 0.487341772152
2016-08-24 11:13:22,023 DEBUG: 			View 1 : 0.417721518987
2016-08-24 11:13:22,060 DEBUG: 			View 2 : 0.506329113924
2016-08-24 11:13:22,067 DEBUG: 			View 3 : 0.556962025316
2016-08-24 11:13:22,189 DEBUG: 			 Best view : 		Clinic_
2016-08-24 11:13:24,238 DEBUG: 		Start:	 Iteration 34
2016-08-24 11:13:24,255 DEBUG: 			View 0 : 0.582278481013
2016-08-24 11:13:24,263 DEBUG: 			View 1 : 0.348101265823
2016-08-24 11:13:24,299 DEBUG: 			View 2 : 0.462025316456
2016-08-24 11:13:24,307 DEBUG: 			View 3 : 0.525316455696
2016-08-24 11:13:24,431 DEBUG: 			 Best view : 		Methyl_
2016-08-24 11:13:26,552 DEBUG: 		Start:	 Iteration 35
2016-08-24 11:13:26,568 DEBUG: 			View 0 : 0.367088607595
2016-08-24 11:13:26,576 DEBUG: 			View 1 : 0.588607594937
2016-08-24 11:13:26,613 DEBUG: 			View 2 : 0.398734177215
2016-08-24 11:13:26,621 DEBUG: 			View 3 : 0.563291139241
2016-08-24 11:13:26,747 DEBUG: 			 Best view : 		MiRNA__
2016-08-24 11:13:28,935 DEBUG: 		Start:	 Iteration 36
2016-08-24 11:13:28,952 DEBUG: 			View 0 : 0.575949367089
2016-08-24 11:13:28,960 DEBUG: 			View 1 : 0.518987341772
2016-08-24 11:13:28,997 DEBUG: 			View 2 : 0.537974683544
2016-08-24 11:13:29,004 DEBUG: 			View 3 : 0.46835443038
2016-08-24 11:13:29,132 DEBUG: 			 Best view : 		Methyl_
2016-08-24 11:13:31,405 DEBUG: 		Start:	 Iteration 37
2016-08-24 11:13:31,423 DEBUG: 			View 0 : 0.569620253165
2016-08-24 11:13:31,431 DEBUG: 			View 1 : 0.556962025316
2016-08-24 11:13:31,468 DEBUG: 			View 2 : 0.424050632911
2016-08-24 11:13:31,476 DEBUG: 			View 3 : 0.563291139241
2016-08-24 11:13:31,606 DEBUG: 			 Best view : 		Methyl_
2016-08-24 11:13:33,902 DEBUG: 		Start:	 Iteration 38
2016-08-24 11:13:33,919 DEBUG: 			View 0 : 0.601265822785
2016-08-24 11:13:33,927 DEBUG: 			View 1 : 0.367088607595
2016-08-24 11:13:33,963 DEBUG: 			View 2 : 0.392405063291
2016-08-24 11:13:33,971 DEBUG: 			View 3 : 0.639240506329
2016-08-24 11:13:34,104 DEBUG: 			 Best view : 		Clinic_
2016-08-24 11:13:36,607 DEBUG: 		Start:	 Iteration 39
2016-08-24 11:13:36,624 DEBUG: 			View 0 : 0.360759493671
2016-08-24 11:13:36,631 DEBUG: 			View 1 : 0.405063291139
2016-08-24 11:13:36,668 DEBUG: 			View 2 : 0.411392405063
2016-08-24 11:13:36,676 DEBUG: 			View 3 : 0.575949367089
2016-08-24 11:13:36,811 DEBUG: 			 Best view : 		Clinic_
2016-08-24 11:13:39,566 DEBUG: 		Start:	 Iteration 40
2016-08-24 11:13:39,594 DEBUG: 			View 0 : 0.550632911392
2016-08-24 11:13:39,608 DEBUG: 			View 1 : 0.449367088608
2016-08-24 11:13:39,662 DEBUG: 			View 2 : 0.474683544304
2016-08-24 11:13:39,675 DEBUG: 			View 3 : 0.493670886076
2016-08-24 11:13:39,892 DEBUG: 			 Best view : 		Methyl_
2016-08-24 11:13:42,508 DEBUG: 		Start:	 Iteration 41
2016-08-24 11:13:42,525 DEBUG: 			View 0 : 0.46835443038
2016-08-24 11:13:42,533 DEBUG: 			View 1 : 0.506329113924
2016-08-24 11:13:42,570 DEBUG: 			View 2 : 0.506329113924
2016-08-24 11:13:42,578 DEBUG: 			View 3 : 0.53164556962
2016-08-24 11:13:42,720 DEBUG: 			 Best view : 		MiRNA__
2016-08-24 11:13:45,271 DEBUG: 		Start:	 Iteration 42
2016-08-24 11:13:45,289 DEBUG: 			View 0 : 0.53164556962
2016-08-24 11:13:45,297 DEBUG: 			View 1 : 0.670886075949
2016-08-24 11:13:45,334 DEBUG: 			View 2 : 0.537974683544
2016-08-24 11:13:45,342 DEBUG: 			View 3 : 0.436708860759
2016-08-24 11:13:45,484 DEBUG: 			 Best view : 		MiRNA__
2016-08-24 11:13:48,085 DEBUG: 		Start:	 Iteration 43
2016-08-24 11:13:48,102 DEBUG: 			View 0 : 0.443037974684
2016-08-24 11:13:48,110 DEBUG: 			View 1 : 0.607594936709
2016-08-24 11:13:48,147 DEBUG: 			View 2 : 0.487341772152
2016-08-24 11:13:48,155 DEBUG: 			View 3 : 0.424050632911
2016-08-24 11:13:48,299 DEBUG: 			 Best view : 		MiRNA__
2016-08-24 11:13:50,954 DEBUG: 		Start:	 Iteration 44
2016-08-24 11:13:50,970 DEBUG: 			View 0 : 0.443037974684
2016-08-24 11:13:50,978 DEBUG: 			View 1 : 0.537974683544
2016-08-24 11:13:51,016 DEBUG: 			View 2 : 0.481012658228
2016-08-24 11:13:51,024 DEBUG: 			View 3 : 0.537974683544
2016-08-24 11:13:51,170 DEBUG: 			 Best view : 		MiRNA__
2016-08-24 11:13:53,901 DEBUG: 		Start:	 Iteration 45
2016-08-24 11:13:53,918 DEBUG: 			View 0 : 0.474683544304
2016-08-24 11:13:53,926 DEBUG: 			View 1 : 0.664556962025
2016-08-24 11:13:53,963 DEBUG: 			View 2 : 0.443037974684
2016-08-24 11:13:53,971 DEBUG: 			View 3 : 0.632911392405
2016-08-24 11:13:54,120 DEBUG: 			 Best view : 		MiRNA__
2016-08-24 11:13:57,012 DEBUG: 		Start:	 Iteration 46
2016-08-24 11:13:57,030 DEBUG: 			View 0 : 0.411392405063
2016-08-24 11:13:57,038 DEBUG: 			View 1 : 0.727848101266
2016-08-24 11:13:57,077 DEBUG: 			View 2 : 0.436708860759
2016-08-24 11:13:57,085 DEBUG: 			View 3 : 0.474683544304
2016-08-24 11:13:57,239 DEBUG: 			 Best view : 		MiRNA__
2016-08-24 11:14:00,114 DEBUG: 		Start:	 Iteration 47
2016-08-24 11:14:00,131 DEBUG: 			View 0 : 0.487341772152
2016-08-24 11:14:00,138 DEBUG: 			View 1 : 0.607594936709
2016-08-24 11:14:00,175 DEBUG: 			View 2 : 0.449367088608
2016-08-24 11:14:00,183 DEBUG: 			View 3 : 0.525316455696
2016-08-24 11:14:00,338 DEBUG: 			 Best view : 		MiRNA__
2016-08-24 11:14:03,280 DEBUG: 		Start:	 Iteration 48
2016-08-24 11:14:03,297 DEBUG: 			View 0 : 0.544303797468
2016-08-24 11:14:03,304 DEBUG: 			View 1 : 0.613924050633
2016-08-24 11:14:03,341 DEBUG: 			View 2 : 0.518987341772
2016-08-24 11:14:03,349 DEBUG: 			View 3 : 0.436708860759
2016-08-24 11:14:03,509 DEBUG: 			 Best view : 		MiRNA__
2016-08-24 11:14:06,498 DEBUG: 		Start:	 Iteration 49
2016-08-24 11:14:06,514 DEBUG: 			View 0 : 0.392405063291
2016-08-24 11:14:06,522 DEBUG: 			View 1 : 0.721518987342
2016-08-24 11:14:06,559 DEBUG: 			View 2 : 0.405063291139
2016-08-24 11:14:06,567 DEBUG: 			View 3 : 0.518987341772
2016-08-24 11:14:06,728 DEBUG: 			 Best view : 		MiRNA__
2016-08-24 11:14:09,769 DEBUG: 		Start:	 Iteration 50
2016-08-24 11:14:09,789 DEBUG: 			View 0 : 0.462025316456
2016-08-24 11:14:09,797 DEBUG: 			View 1 : 0.53164556962
2016-08-24 11:14:09,839 DEBUG: 			View 2 : 0.53164556962
2016-08-24 11:14:09,848 DEBUG: 			View 3 : 0.525316455696
2016-08-24 11:14:10,022 DEBUG: 			 Best view : 		MiRNA__
2016-08-24 11:14:13,136 DEBUG: 		Start:	 Iteration 51
2016-08-24 11:14:13,152 DEBUG: 			View 0 : 0.582278481013
2016-08-24 11:14:13,160 DEBUG: 			View 1 : 0.46835443038
2016-08-24 11:14:13,197 DEBUG: 			View 2 : 0.563291139241
2016-08-24 11:14:13,205 DEBUG: 			View 3 : 0.518987341772
2016-08-24 11:14:13,366 DEBUG: 			 Best view : 		Methyl_
2016-08-24 11:14:16,488 DEBUG: 		Start:	 Iteration 52
2016-08-24 11:14:16,505 DEBUG: 			View 0 : 0.373417721519
2016-08-24 11:14:16,513 DEBUG: 			View 1 : 0.518987341772
2016-08-24 11:14:16,550 DEBUG: 			View 2 : 0.386075949367
2016-08-24 11:14:16,558 DEBUG: 			View 3 : 0.487341772152
2016-08-24 11:14:16,722 DEBUG: 			 Best view : 		MiRNA__
2016-08-24 11:14:19,893 DEBUG: 		Start:	 Iteration 53
2016-08-24 11:14:19,910 DEBUG: 			View 0 : 0.563291139241
2016-08-24 11:14:19,917 DEBUG: 			View 1 : 0.53164556962
2016-08-24 11:14:19,954 DEBUG: 			View 2 : 0.537974683544
2016-08-24 11:14:19,961 DEBUG: 			View 3 : 0.550632911392
2016-08-24 11:14:20,128 DEBUG: 			 Best view : 		Methyl_
2016-08-24 11:14:23,363 DEBUG: 		Start:	 Iteration 54
2016-08-24 11:14:23,380 DEBUG: 			View 0 : 0.613924050633
2016-08-24 11:14:23,388 DEBUG: 			View 1 : 0.455696202532
2016-08-24 11:14:23,425 DEBUG: 			View 2 : 0.601265822785
2016-08-24 11:14:23,433 DEBUG: 			View 3 : 0.436708860759
2016-08-24 11:14:23,601 DEBUG: 			 Best view : 		Methyl_
2016-08-24 11:14:26,896 DEBUG: 		Start:	 Iteration 55
2016-08-24 11:14:26,913 DEBUG: 			View 0 : 0.493670886076
2016-08-24 11:14:26,921 DEBUG: 			View 1 : 0.626582278481
2016-08-24 11:14:26,958 DEBUG: 			View 2 : 0.455696202532
2016-08-24 11:14:26,965 DEBUG: 			View 3 : 0.398734177215
2016-08-24 11:14:27,137 DEBUG: 			 Best view : 		MiRNA__
2016-08-24 11:14:30,496 DEBUG: 		Start:	 Iteration 56
2016-08-24 11:14:30,513 DEBUG: 			View 0 : 0.550632911392
2016-08-24 11:14:30,521 DEBUG: 			View 1 : 0.664556962025
2016-08-24 11:14:30,558 DEBUG: 			View 2 : 0.588607594937
2016-08-24 11:14:30,565 DEBUG: 			View 3 : 0.645569620253
2016-08-24 11:14:30,739 DEBUG: 			 Best view : 		MiRNA__
2016-08-24 11:14:34,390 DEBUG: 		Start:	 Iteration 57
2016-08-24 11:14:34,414 DEBUG: 			View 0 : 0.506329113924
2016-08-24 11:14:34,422 DEBUG: 			View 1 : 0.512658227848
2016-08-24 11:14:34,460 DEBUG: 			View 2 : 0.46835443038
2016-08-24 11:14:34,468 DEBUG: 			View 3 : 0.569620253165
2016-08-24 11:14:34,648 DEBUG: 			 Best view : 		Clinic_
2016-08-24 11:14:38,374 DEBUG: 		Start:	 Iteration 58
2016-08-24 11:14:38,391 DEBUG: 			View 0 : 0.639240506329
2016-08-24 11:14:38,399 DEBUG: 			View 1 : 0.651898734177
2016-08-24 11:14:38,436 DEBUG: 			View 2 : 0.398734177215
2016-08-24 11:14:38,444 DEBUG: 			View 3 : 0.556962025316
2016-08-24 11:14:38,627 DEBUG: 			 Best view : 		MiRNA__
2016-08-24 11:14:42,400 DEBUG: 		Start:	 Iteration 59
2016-08-24 11:14:42,419 DEBUG: 			View 0 : 0.620253164557
2016-08-24 11:14:42,428 DEBUG: 			View 1 : 0.677215189873
2016-08-24 11:14:42,471 DEBUG: 			View 2 : 0.411392405063
2016-08-24 11:14:42,480 DEBUG: 			View 3 : 0.512658227848
2016-08-24 11:14:42,689 DEBUG: 			 Best view : 		MiRNA__
