2016-08-24 11:50:22,490 INFO: Start:	 Read HDF5 Database Files for ModifiedMultiOmic
2016-08-24 11:50:22,491 INFO: Info:	 Labels used: No, Yes
2016-08-24 11:50:22,491 INFO: Info:	 Length of dataset:347
2016-08-24 11:50:22,493 INFO: ### Main Programm for Multiview Classification
2016-08-24 11:50:22,493 INFO: ### Classification - Database : ModifiedMultiOmic ; Views : Methyl, MiRNA, RNASEQ, Clinical ; Algorithm : Mumbo ; Cores : 1
2016-08-24 11:50:22,493 INFO: Info:	 Shape of Methyl_ :(347, 25978)
2016-08-24 11:50:22,494 INFO: Info:	 Shape of MiRNA__ :(347, 1046)
2016-08-24 11:50:22,494 INFO: Info:	 Shape of RANSeq_ :(347, 73599)
2016-08-24 11:50:22,494 INFO: Info:	 Shape of Clinic_ :(347, 127)
2016-08-24 11:50:22,495 INFO: Done:	 Read Database Files
2016-08-24 11:50:22,495 INFO: Start:	 Determine validation split for ratio 0.7
2016-08-24 11:50:22,498 INFO: Done:	 Determine validation split
2016-08-24 11:50:22,498 INFO: Start:	 Determine 2 folds
2016-08-24 11:50:22,508 INFO: Info:	 Length of Learning Sets: 122
2016-08-24 11:50:22,508 INFO: Info:	 Length of Testing Sets: 122
2016-08-24 11:50:22,508 INFO: Info:	 Length of Validation Set: 103
2016-08-24 11:50:22,509 INFO: Done:	 Determine folds
2016-08-24 11:50:22,509 INFO: Start:	 Learning with Mumbo and 2 folds
2016-08-24 11:50:22,509 INFO: 	Start:	 Fold number 1
2016-08-24 11:50:24,147 DEBUG: 		Start:	 Iteration 1
2016-08-24 11:50:24,169 DEBUG: 			View 0 : 0.496855345912
2016-08-24 11:50:24,180 DEBUG: 			View 1 : 0.622641509434
2016-08-24 11:50:24,222 DEBUG: 			View 2 : 0.622641509434
2016-08-24 11:50:24,230 DEBUG: 			View 3 : 0.471698113208
2016-08-24 11:50:24,276 DEBUG: 			 Best view : 		MiRNA__
2016-08-24 11:50:24,364 DEBUG: 		Start:	 Iteration 2
2016-08-24 11:50:24,382 DEBUG: 			View 0 : 0.477987421384
2016-08-24 11:50:24,390 DEBUG: 			View 1 : 0.591194968553
2016-08-24 11:50:24,491 DEBUG: 			View 2 : 0.610062893082
2016-08-24 11:50:24,499 DEBUG: 			View 3 : 0.547169811321
2016-08-24 11:50:24,557 DEBUG: 			 Best view : 		RANSeq_
2016-08-24 11:50:24,711 DEBUG: 		Start:	 Iteration 3
2016-08-24 11:50:24,728 DEBUG: 			View 0 : 0.345911949686
2016-08-24 11:50:24,737 DEBUG: 			View 1 : 0.48427672956
2016-08-24 11:50:24,825 DEBUG: 			View 2 : 0.540880503145
2016-08-24 11:50:24,833 DEBUG: 			View 3 : 0.660377358491
2016-08-24 11:50:24,890 DEBUG: 			 Best view : 		Clinic_
2016-08-24 11:50:25,106 DEBUG: 		Start:	 Iteration 4
2016-08-24 11:50:25,124 DEBUG: 			View 0 : 0.427672955975
2016-08-24 11:50:25,132 DEBUG: 			View 1 : 0.496855345912
2016-08-24 11:50:25,223 DEBUG: 			View 2 : 0.698113207547
2016-08-24 11:50:25,231 DEBUG: 			View 3 : 0.566037735849
2016-08-24 11:50:25,293 DEBUG: 			 Best view : 		RANSeq_
2016-08-24 11:50:25,589 DEBUG: 		Start:	 Iteration 5
2016-08-24 11:50:25,610 DEBUG: 			View 0 : 0.503144654088
2016-08-24 11:50:25,626 DEBUG: 			View 1 : 0.603773584906
2016-08-24 11:50:25,714 DEBUG: 			View 2 : 0.522012578616
2016-08-24 11:50:25,722 DEBUG: 			View 3 : 0.647798742138
2016-08-24 11:50:25,785 DEBUG: 			 Best view : 		Clinic_
2016-08-24 11:50:26,134 DEBUG: 		Start:	 Iteration 6
2016-08-24 11:50:26,151 DEBUG: 			View 0 : 0.40251572327
2016-08-24 11:50:26,159 DEBUG: 			View 1 : 0.704402515723
2016-08-24 11:50:26,249 DEBUG: 			View 2 : 0.547169811321
2016-08-24 11:50:26,257 DEBUG: 			View 3 : 0.59748427673
2016-08-24 11:50:26,320 DEBUG: 			 Best view : 		MiRNA__
2016-08-24 11:50:26,737 DEBUG: 		Start:	 Iteration 7
2016-08-24 11:50:26,754 DEBUG: 			View 0 : 0.51572327044
2016-08-24 11:50:26,762 DEBUG: 			View 1 : 0.48427672956
2016-08-24 11:50:26,851 DEBUG: 			View 2 : 0.578616352201
2016-08-24 11:50:26,859 DEBUG: 			View 3 : 0.610062893082
2016-08-24 11:50:26,925 DEBUG: 			 Best view : 		Clinic_
2016-08-24 11:50:27,480 DEBUG: 		Start:	 Iteration 8
2016-08-24 11:50:27,500 DEBUG: 			View 0 : 0.635220125786
2016-08-24 11:50:27,513 DEBUG: 			View 1 : 0.389937106918
2016-08-24 11:50:27,646 DEBUG: 			View 2 : 0.559748427673
2016-08-24 11:50:27,661 DEBUG: 			View 3 : 0.584905660377
2016-08-24 11:50:27,774 DEBUG: 			 Best view : 		Methyl_
2016-08-24 11:50:28,343 DEBUG: 		Start:	 Iteration 9
2016-08-24 11:50:28,360 DEBUG: 			View 0 : 0.440251572327
2016-08-24 11:50:28,368 DEBUG: 			View 1 : 0.528301886792
2016-08-24 11:50:28,458 DEBUG: 			View 2 : 0.641509433962
2016-08-24 11:50:28,466 DEBUG: 			View 3 : 0.603773584906
2016-08-24 11:50:28,538 DEBUG: 			 Best view : 		RANSeq_
2016-08-24 11:50:29,134 DEBUG: 		Start:	 Iteration 10
2016-08-24 11:50:29,150 DEBUG: 			View 0 : 0.37106918239
2016-08-24 11:50:29,158 DEBUG: 			View 1 : 0.660377358491
2016-08-24 11:50:29,248 DEBUG: 			View 2 : 0.48427672956
2016-08-24 11:50:29,256 DEBUG: 			View 3 : 0.572327044025
2016-08-24 11:50:29,328 DEBUG: 			 Best view : 		MiRNA__
2016-08-24 11:50:29,975 DEBUG: 		Start:	 Iteration 11
2016-08-24 11:50:29,992 DEBUG: 			View 0 : 0.446540880503
2016-08-24 11:50:29,999 DEBUG: 			View 1 : 0.691823899371
2016-08-24 11:50:30,091 DEBUG: 			View 2 : 0.48427672956
2016-08-24 11:50:30,098 DEBUG: 			View 3 : 0.610062893082
2016-08-24 11:50:30,172 DEBUG: 			 Best view : 		MiRNA__
2016-08-24 11:50:30,885 DEBUG: 		Start:	 Iteration 12
2016-08-24 11:50:30,902 DEBUG: 			View 0 : 0.408805031447
2016-08-24 11:50:30,909 DEBUG: 			View 1 : 0.377358490566
2016-08-24 11:50:30,995 DEBUG: 			View 2 : 0.616352201258
2016-08-24 11:50:31,004 DEBUG: 			View 3 : 0.584905660377
2016-08-24 11:50:31,080 DEBUG: 			 Best view : 		RANSeq_
2016-08-24 11:50:31,869 DEBUG: 		Start:	 Iteration 13
2016-08-24 11:50:31,885 DEBUG: 			View 0 : 0.415094339623
2016-08-24 11:50:31,893 DEBUG: 			View 1 : 0.578616352201
2016-08-24 11:50:31,978 DEBUG: 			View 2 : 0.603773584906
2016-08-24 11:50:31,986 DEBUG: 			View 3 : 0.641509433962
2016-08-24 11:50:32,067 DEBUG: 			 Best view : 		Clinic_
2016-08-24 11:50:32,908 DEBUG: 		Start:	 Iteration 14
2016-08-24 11:50:32,924 DEBUG: 			View 0 : 0.440251572327
2016-08-24 11:50:32,932 DEBUG: 			View 1 : 0.654088050314
2016-08-24 11:50:33,013 DEBUG: 			View 2 : 0.603773584906
2016-08-24 11:50:33,020 DEBUG: 			View 3 : 0.59748427673
2016-08-24 11:50:33,100 DEBUG: 			 Best view : 		MiRNA__
2016-08-24 11:50:33,998 DEBUG: 		Start:	 Iteration 15
2016-08-24 11:50:34,015 DEBUG: 			View 0 : 0.616352201258
2016-08-24 11:50:34,022 DEBUG: 			View 1 : 0.584905660377
2016-08-24 11:50:34,108 DEBUG: 			View 2 : 0.622641509434
2016-08-24 11:50:34,116 DEBUG: 			View 3 : 0.660377358491
2016-08-24 11:50:34,198 DEBUG: 			 Best view : 		Clinic_
2016-08-24 11:50:35,164 DEBUG: 		Start:	 Iteration 16
2016-08-24 11:50:35,181 DEBUG: 			View 0 : 0.358490566038
2016-08-24 11:50:35,189 DEBUG: 			View 1 : 0.641509433962
2016-08-24 11:50:35,278 DEBUG: 			View 2 : 0.566037735849
2016-08-24 11:50:35,286 DEBUG: 			View 3 : 0.572327044025
2016-08-24 11:50:35,370 DEBUG: 			 Best view : 		MiRNA__
2016-08-24 11:50:36,375 DEBUG: 		Start:	 Iteration 17
2016-08-24 11:50:36,391 DEBUG: 			View 0 : 0.477987421384
2016-08-24 11:50:36,399 DEBUG: 			View 1 : 0.698113207547
2016-08-24 11:50:36,489 DEBUG: 			View 2 : 0.660377358491
2016-08-24 11:50:36,496 DEBUG: 			View 3 : 0.610062893082
2016-08-24 11:50:36,583 DEBUG: 			 Best view : 		MiRNA__
2016-08-24 11:50:37,656 DEBUG: 		Start:	 Iteration 18
2016-08-24 11:50:37,672 DEBUG: 			View 0 : 0.389937106918
2016-08-24 11:50:37,680 DEBUG: 			View 1 : 0.584905660377
2016-08-24 11:50:37,770 DEBUG: 			View 2 : 0.591194968553
2016-08-24 11:50:37,778 DEBUG: 			View 3 : 0.59748427673
2016-08-24 11:50:37,866 DEBUG: 			 Best view : 		Clinic_
2016-08-24 11:50:38,996 DEBUG: 		Start:	 Iteration 19
2016-08-24 11:50:39,013 DEBUG: 			View 0 : 0.591194968553
2016-08-24 11:50:39,020 DEBUG: 			View 1 : 0.251572327044
2016-08-24 11:50:39,101 DEBUG: 			View 2 : 0.547169811321
2016-08-24 11:50:39,109 DEBUG: 			View 3 : 0.62893081761
2016-08-24 11:50:39,199 DEBUG: 			 Best view : 		Clinic_
2016-08-24 11:50:40,389 DEBUG: 		Start:	 Iteration 20
2016-08-24 11:50:40,406 DEBUG: 			View 0 : 0.578616352201
2016-08-24 11:50:40,414 DEBUG: 			View 1 : 0.691823899371
2016-08-24 11:50:40,500 DEBUG: 			View 2 : 0.59748427673
2016-08-24 11:50:40,508 DEBUG: 			View 3 : 0.534591194969
2016-08-24 11:50:40,600 DEBUG: 			 Best view : 		MiRNA__
2016-08-24 11:50:41,849 DEBUG: 		Start:	 Iteration 21
2016-08-24 11:50:41,866 DEBUG: 			View 0 : 0.553459119497
2016-08-24 11:50:41,873 DEBUG: 			View 1 : 0.522012578616
2016-08-24 11:50:41,960 DEBUG: 			View 2 : 0.553459119497
2016-08-24 11:50:41,968 DEBUG: 			View 3 : 0.509433962264
2016-08-24 11:50:42,063 DEBUG: 			 Best view : 		RANSeq_
2016-08-24 11:50:43,380 DEBUG: 		Start:	 Iteration 22
2016-08-24 11:50:43,397 DEBUG: 			View 0 : 0.48427672956
2016-08-24 11:50:43,405 DEBUG: 			View 1 : 0.440251572327
2016-08-24 11:50:43,494 DEBUG: 			View 2 : 0.509433962264
2016-08-24 11:50:43,502 DEBUG: 			View 3 : 0.584905660377
2016-08-24 11:50:43,600 DEBUG: 			 Best view : 		Clinic_
2016-08-24 11:50:44,988 DEBUG: 		Start:	 Iteration 23
2016-08-24 11:50:45,005 DEBUG: 			View 0 : 0.622641509434
2016-08-24 11:50:45,013 DEBUG: 			View 1 : 0.559748427673
2016-08-24 11:50:45,102 DEBUG: 			View 2 : 0.559748427673
2016-08-24 11:50:45,110 DEBUG: 			View 3 : 0.584905660377
2016-08-24 11:50:45,209 DEBUG: 			 Best view : 		Methyl_
2016-08-24 11:50:46,651 DEBUG: 		Start:	 Iteration 24
2016-08-24 11:50:46,668 DEBUG: 			View 0 : 0.547169811321
2016-08-24 11:50:46,675 DEBUG: 			View 1 : 0.704402515723
2016-08-24 11:50:46,758 DEBUG: 			View 2 : 0.547169811321
2016-08-24 11:50:46,766 DEBUG: 			View 3 : 0.584905660377
2016-08-24 11:50:46,867 DEBUG: 			 Best view : 		MiRNA__
2016-08-24 11:50:48,357 DEBUG: 		Start:	 Iteration 25
2016-08-24 11:50:48,374 DEBUG: 			View 0 : 0.641509433962
2016-08-24 11:50:48,381 DEBUG: 			View 1 : 0.534591194969
2016-08-24 11:50:48,472 DEBUG: 			View 2 : 0.496855345912
2016-08-24 11:50:48,480 DEBUG: 			View 3 : 0.578616352201
2016-08-24 11:50:48,583 DEBUG: 			 Best view : 		Methyl_
2016-08-24 11:50:50,137 DEBUG: 		Start:	 Iteration 26
2016-08-24 11:50:50,153 DEBUG: 			View 0 : 0.566037735849
2016-08-24 11:50:50,161 DEBUG: 			View 1 : 0.672955974843
2016-08-24 11:50:50,254 DEBUG: 			View 2 : 0.647798742138
2016-08-24 11:50:50,262 DEBUG: 			View 3 : 0.490566037736
2016-08-24 11:50:50,368 DEBUG: 			 Best view : 		MiRNA__
2016-08-24 11:50:51,980 DEBUG: 		Start:	 Iteration 27
2016-08-24 11:50:51,997 DEBUG: 			View 0 : 0.710691823899
2016-08-24 11:50:52,005 DEBUG: 			View 1 : 0.591194968553
2016-08-24 11:50:52,092 DEBUG: 			View 2 : 0.559748427673
2016-08-24 11:50:52,100 DEBUG: 			View 3 : 0.654088050314
2016-08-24 11:50:52,208 DEBUG: 			 Best view : 		Methyl_
2016-08-24 11:50:53,885 DEBUG: 		Start:	 Iteration 28
2016-08-24 11:50:53,902 DEBUG: 			View 0 : 0.672955974843
2016-08-24 11:50:53,909 DEBUG: 			View 1 : 0.408805031447
2016-08-24 11:50:53,997 DEBUG: 			View 2 : 0.566037735849
2016-08-24 11:50:54,005 DEBUG: 			View 3 : 0.622641509434
2016-08-24 11:50:54,115 DEBUG: 			 Best view : 		Methyl_
2016-08-24 11:50:55,861 DEBUG: 		Start:	 Iteration 29
2016-08-24 11:50:55,878 DEBUG: 			View 0 : 0.408805031447
2016-08-24 11:50:55,886 DEBUG: 			View 1 : 0.540880503145
2016-08-24 11:50:55,971 DEBUG: 			View 2 : 0.528301886792
2016-08-24 11:50:55,979 DEBUG: 			View 3 : 0.522012578616
2016-08-24 11:50:56,093 DEBUG: 			 Best view : 		RANSeq_
2016-08-24 11:50:57,922 DEBUG: 		Start:	 Iteration 30
2016-08-24 11:50:57,939 DEBUG: 			View 0 : 0.408805031447
2016-08-24 11:50:57,946 DEBUG: 			View 1 : 0.383647798742
2016-08-24 11:50:58,039 DEBUG: 			View 2 : 0.540880503145
2016-08-24 11:50:58,047 DEBUG: 			View 3 : 0.534591194969
2016-08-24 11:50:58,162 DEBUG: 			 Best view : 		RANSeq_
2016-08-24 11:51:00,061 DEBUG: 		Start:	 Iteration 31
2016-08-24 11:51:00,078 DEBUG: 			View 0 : 0.358490566038
2016-08-24 11:51:00,086 DEBUG: 			View 1 : 0.528301886792
2016-08-24 11:51:00,176 DEBUG: 			View 2 : 0.528301886792
2016-08-24 11:51:00,184 DEBUG: 			View 3 : 0.622641509434
2016-08-24 11:51:00,301 DEBUG: 			 Best view : 		Clinic_
2016-08-24 11:51:02,266 DEBUG: 		Start:	 Iteration 32
2016-08-24 11:51:02,284 DEBUG: 			View 0 : 0.377358490566
2016-08-24 11:51:02,292 DEBUG: 			View 1 : 0.666666666667
2016-08-24 11:51:02,388 DEBUG: 			View 2 : 0.572327044025
2016-08-24 11:51:02,396 DEBUG: 			View 3 : 0.522012578616
2016-08-24 11:51:02,517 DEBUG: 			 Best view : 		MiRNA__
2016-08-24 11:51:04,541 DEBUG: 		Start:	 Iteration 33
2016-08-24 11:51:04,557 DEBUG: 			View 0 : 0.345911949686
2016-08-24 11:51:04,566 DEBUG: 			View 1 : 0.654088050314
2016-08-24 11:51:04,663 DEBUG: 			View 2 : 0.51572327044
2016-08-24 11:51:04,671 DEBUG: 			View 3 : 0.572327044025
2016-08-24 11:51:04,794 DEBUG: 			 Best view : 		MiRNA__
2016-08-24 11:51:06,888 DEBUG: 		Start:	 Iteration 34
2016-08-24 11:51:06,904 DEBUG: 			View 0 : 0.622641509434
2016-08-24 11:51:06,912 DEBUG: 			View 1 : 0.566037735849
2016-08-24 11:51:06,992 DEBUG: 			View 2 : 0.522012578616
2016-08-24 11:51:07,001 DEBUG: 			View 3 : 0.647798742138
2016-08-24 11:51:07,125 DEBUG: 			 Best view : 		Clinic_
2016-08-24 11:51:09,330 DEBUG: 		Start:	 Iteration 35
2016-08-24 11:51:09,347 DEBUG: 			View 0 : 0.452830188679
2016-08-24 11:51:09,355 DEBUG: 			View 1 : 0.635220125786
2016-08-24 11:51:09,453 DEBUG: 			View 2 : 0.59748427673
2016-08-24 11:51:09,462 DEBUG: 			View 3 : 0.559748427673
2016-08-24 11:51:09,592 DEBUG: 			 Best view : 		MiRNA__
2016-08-24 11:51:11,779 DEBUG: 		Start:	 Iteration 36
2016-08-24 11:51:11,796 DEBUG: 			View 0 : 0.572327044025
2016-08-24 11:51:11,804 DEBUG: 			View 1 : 0.540880503145
2016-08-24 11:51:11,891 DEBUG: 			View 2 : 0.51572327044
2016-08-24 11:51:11,899 DEBUG: 			View 3 : 0.603773584906
2016-08-24 11:51:12,026 DEBUG: 			 Best view : 		Clinic_
2016-08-24 11:51:14,260 DEBUG: 		Start:	 Iteration 37
2016-08-24 11:51:14,277 DEBUG: 			View 0 : 0.490566037736
2016-08-24 11:51:14,285 DEBUG: 			View 1 : 0.433962264151
2016-08-24 11:51:14,380 DEBUG: 			View 2 : 0.578616352201
2016-08-24 11:51:14,389 DEBUG: 			View 3 : 0.679245283019
2016-08-24 11:51:14,518 DEBUG: 			 Best view : 		Clinic_
2016-08-24 11:51:16,845 DEBUG: 		Start:	 Iteration 38
2016-08-24 11:51:16,862 DEBUG: 			View 0 : 0.452830188679
2016-08-24 11:51:16,870 DEBUG: 			View 1 : 0.496855345912
2016-08-24 11:51:16,959 DEBUG: 			View 2 : 0.503144654088
2016-08-24 11:51:16,967 DEBUG: 			View 3 : 0.559748427673
2016-08-24 11:51:17,099 DEBUG: 			 Best view : 		Clinic_
2016-08-24 11:51:19,449 DEBUG: 		Start:	 Iteration 39
2016-08-24 11:51:19,466 DEBUG: 			View 0 : 0.603773584906
2016-08-24 11:51:19,473 DEBUG: 			View 1 : 0.666666666667
2016-08-24 11:51:19,563 DEBUG: 			View 2 : 0.540880503145
2016-08-24 11:51:19,571 DEBUG: 			View 3 : 0.477987421384
2016-08-24 11:51:19,705 DEBUG: 			 Best view : 		MiRNA__
2016-08-24 11:51:22,122 DEBUG: 		Start:	 Iteration 40
2016-08-24 11:51:22,139 DEBUG: 			View 0 : 0.559748427673
2016-08-24 11:51:22,147 DEBUG: 			View 1 : 0.672955974843
2016-08-24 11:51:22,236 DEBUG: 			View 2 : 0.559748427673
2016-08-24 11:51:22,245 DEBUG: 			View 3 : 0.666666666667
2016-08-24 11:51:22,381 DEBUG: 			 Best view : 		Clinic_
2016-08-24 11:51:24,842 DEBUG: 		Start:	 Iteration 41
2016-08-24 11:51:24,859 DEBUG: 			View 0 : 0.421383647799
2016-08-24 11:51:24,867 DEBUG: 			View 1 : 0.660377358491
2016-08-24 11:51:24,950 DEBUG: 			View 2 : 0.616352201258
2016-08-24 11:51:24,959 DEBUG: 			View 3 : 0.553459119497
2016-08-24 11:51:25,097 DEBUG: 			 Best view : 		MiRNA__
2016-08-24 11:51:27,616 DEBUG: 		Start:	 Iteration 42
2016-08-24 11:51:27,633 DEBUG: 			View 0 : 0.509433962264
2016-08-24 11:51:27,641 DEBUG: 			View 1 : 0.660377358491
2016-08-24 11:51:27,734 DEBUG: 			View 2 : 0.522012578616
2016-08-24 11:51:27,742 DEBUG: 			View 3 : 0.547169811321
2016-08-24 11:51:27,882 DEBUG: 			 Best view : 		MiRNA__
2016-08-24 11:51:30,452 DEBUG: 		Start:	 Iteration 43
2016-08-24 11:51:30,469 DEBUG: 			View 0 : 0.616352201258
2016-08-24 11:51:30,477 DEBUG: 			View 1 : 0.534591194969
2016-08-24 11:51:30,572 DEBUG: 			View 2 : 0.509433962264
2016-08-24 11:51:30,581 DEBUG: 			View 3 : 0.559748427673
2016-08-24 11:51:30,723 DEBUG: 			 Best view : 		Methyl_
2016-08-24 11:51:33,333 DEBUG: 		Start:	 Iteration 44
2016-08-24 11:51:33,349 DEBUG: 			View 0 : 0.660377358491
2016-08-24 11:51:33,357 DEBUG: 			View 1 : 0.440251572327
2016-08-24 11:51:33,455 DEBUG: 			View 2 : 0.62893081761
2016-08-24 11:51:33,464 DEBUG: 			View 3 : 0.578616352201
2016-08-24 11:51:33,607 DEBUG: 			 Best view : 		Methyl_
2016-08-24 11:51:36,279 DEBUG: 		Start:	 Iteration 45
2016-08-24 11:51:36,296 DEBUG: 			View 0 : 0.51572327044
2016-08-24 11:51:36,304 DEBUG: 			View 1 : 0.59748427673
2016-08-24 11:51:36,400 DEBUG: 			View 2 : 0.660377358491
2016-08-24 11:51:36,409 DEBUG: 			View 3 : 0.578616352201
2016-08-24 11:51:36,556 DEBUG: 			 Best view : 		RANSeq_
2016-08-24 11:51:39,318 DEBUG: 		Start:	 Iteration 46
2016-08-24 11:51:39,334 DEBUG: 			View 0 : 0.490566037736
2016-08-24 11:51:39,342 DEBUG: 			View 1 : 0.647798742138
2016-08-24 11:51:39,437 DEBUG: 			View 2 : 0.534591194969
2016-08-24 11:51:39,447 DEBUG: 			View 3 : 0.62893081761
2016-08-24 11:51:39,596 DEBUG: 			 Best view : 		Clinic_
2016-08-24 11:51:42,394 DEBUG: 		Start:	 Iteration 47
2016-08-24 11:51:42,410 DEBUG: 			View 0 : 0.578616352201
2016-08-24 11:51:42,418 DEBUG: 			View 1 : 0.647798742138
2016-08-24 11:51:42,514 DEBUG: 			View 2 : 0.547169811321
2016-08-24 11:51:42,522 DEBUG: 			View 3 : 0.503144654088
2016-08-24 11:51:42,673 DEBUG: 			 Best view : 		MiRNA__
2016-08-24 11:51:45,517 DEBUG: 		Start:	 Iteration 48
2016-08-24 11:51:45,533 DEBUG: 			View 0 : 0.433962264151
2016-08-24 11:51:45,541 DEBUG: 			View 1 : 0.522012578616
2016-08-24 11:51:45,630 DEBUG: 			View 2 : 0.616352201258
2016-08-24 11:51:45,637 DEBUG: 			View 3 : 0.578616352201
2016-08-24 11:51:45,789 DEBUG: 			 Best view : 		RANSeq_
2016-08-24 11:51:48,860 DEBUG: 		Start:	 Iteration 49
2016-08-24 11:51:48,876 DEBUG: 			View 0 : 0.616352201258
2016-08-24 11:51:48,884 DEBUG: 			View 1 : 0.635220125786
2016-08-24 11:51:48,972 DEBUG: 			View 2 : 0.59748427673
2016-08-24 11:51:48,980 DEBUG: 			View 3 : 0.603773584906
2016-08-24 11:51:49,140 DEBUG: 			 Best view : 		MiRNA__
2016-08-24 11:51:52,141 DEBUG: 		Start:	 Iteration 50
2016-08-24 11:51:52,158 DEBUG: 			View 0 : 0.503144654088
2016-08-24 11:51:52,166 DEBUG: 			View 1 : 0.666666666667
2016-08-24 11:51:52,255 DEBUG: 			View 2 : 0.578616352201
2016-08-24 11:51:52,263 DEBUG: 			View 3 : 0.572327044025
2016-08-24 11:51:52,421 DEBUG: 			 Best view : 		MiRNA__
2016-08-24 11:51:55,452 DEBUG: 		Start:	 Iteration 51
2016-08-24 11:51:55,469 DEBUG: 			View 0 : 0.528301886792
2016-08-24 11:51:55,477 DEBUG: 			View 1 : 0.62893081761
2016-08-24 11:51:55,564 DEBUG: 			View 2 : 0.578616352201
2016-08-24 11:51:55,572 DEBUG: 			View 3 : 0.679245283019
2016-08-24 11:51:55,731 DEBUG: 			 Best view : 		Clinic_
2016-08-24 11:51:58,822 DEBUG: 		Start:	 Iteration 52
2016-08-24 11:51:58,839 DEBUG: 			View 0 : 0.40251572327
2016-08-24 11:51:58,847 DEBUG: 			View 1 : 0.358490566038
2016-08-24 11:51:58,937 DEBUG: 			View 2 : 0.559748427673
2016-08-24 11:51:58,944 DEBUG: 			View 3 : 0.559748427673
2016-08-24 11:51:59,110 DEBUG: 			 Best view : 		RANSeq_
2016-08-24 11:52:02,297 DEBUG: 		Start:	 Iteration 53
2016-08-24 11:52:02,314 DEBUG: 			View 0 : 0.377358490566
2016-08-24 11:52:02,321 DEBUG: 			View 1 : 0.666666666667
2016-08-24 11:52:02,411 DEBUG: 			View 2 : 0.509433962264
2016-08-24 11:52:02,419 DEBUG: 			View 3 : 0.59748427673
2016-08-24 11:52:02,583 DEBUG: 			 Best view : 		MiRNA__
2016-08-24 11:52:05,819 DEBUG: 		Start:	 Iteration 54
2016-08-24 11:52:05,836 DEBUG: 			View 0 : 0.572327044025
2016-08-24 11:52:05,844 DEBUG: 			View 1 : 0.647798742138
2016-08-24 11:52:05,941 DEBUG: 			View 2 : 0.603773584906
2016-08-24 11:52:05,949 DEBUG: 			View 3 : 0.641509433962
2016-08-24 11:52:06,118 DEBUG: 			 Best view : 		Clinic_
2016-08-24 11:52:09,420 DEBUG: 		Start:	 Iteration 55
2016-08-24 11:52:09,437 DEBUG: 			View 0 : 0.654088050314
2016-08-24 11:52:09,445 DEBUG: 			View 1 : 0.427672955975
2016-08-24 11:52:09,525 DEBUG: 			View 2 : 0.591194968553
2016-08-24 11:52:09,533 DEBUG: 			View 3 : 0.528301886792
2016-08-24 11:52:09,700 DEBUG: 			 Best view : 		Methyl_
2016-08-24 11:52:13,042 DEBUG: 		Start:	 Iteration 56
2016-08-24 11:52:13,058 DEBUG: 			View 0 : 0.37106918239
2016-08-24 11:52:13,066 DEBUG: 			View 1 : 0.748427672956
2016-08-24 11:52:13,150 DEBUG: 			View 2 : 0.584905660377
2016-08-24 11:52:13,157 DEBUG: 			View 3 : 0.59748427673
2016-08-24 11:52:13,330 DEBUG: 			 Best view : 		MiRNA__
2016-08-24 11:52:16,739 DEBUG: 		Start:	 Iteration 57
2016-08-24 11:52:16,756 DEBUG: 			View 0 : 0.805031446541
2016-08-24 11:52:16,764 DEBUG: 			View 1 : 0.471698113208
2016-08-24 11:52:16,851 DEBUG: 			View 2 : 0.591194968553
2016-08-24 11:52:16,858 DEBUG: 			View 3 : 0.616352201258
2016-08-24 11:52:17,034 DEBUG: 			 Best view : 		Methyl_
2016-08-24 11:52:20,629 DEBUG: 		Start:	 Iteration 58
2016-08-24 11:52:20,646 DEBUG: 			View 0 : 0.496855345912
2016-08-24 11:52:20,653 DEBUG: 			View 1 : 0.352201257862
2016-08-24 11:52:20,738 DEBUG: 			View 2 : 0.647798742138
2016-08-24 11:52:20,745 DEBUG: 			View 3 : 0.490566037736
2016-08-24 11:52:20,924 DEBUG: 			 Best view : 		RANSeq_
2016-08-24 11:52:24,455 DEBUG: 		Start:	 Iteration 59
2016-08-24 11:52:24,471 DEBUG: 			View 0 : 0.301886792453
2016-08-24 11:52:24,479 DEBUG: 			View 1 : 0.333333333333
2016-08-24 11:52:24,562 DEBUG: 			View 2 : 0.51572327044
2016-08-24 11:52:24,570 DEBUG: 			View 3 : 0.616352201258
2016-08-24 11:52:24,747 DEBUG: 			 Best view : 		Clinic_
2016-08-24 11:52:28,327 DEBUG: 		Start:	 Iteration 60
2016-08-24 11:52:28,344 DEBUG: 			View 0 : 0.559748427673
2016-08-24 11:52:28,352 DEBUG: 			View 1 : 0.591194968553
2016-08-24 11:52:28,439 DEBUG: 			View 2 : 0.51572327044
2016-08-24 11:52:28,447 DEBUG: 			View 3 : 0.446540880503
2016-08-24 11:52:28,627 DEBUG: 			 Best view : 		MiRNA__
2016-08-24 11:52:32,268 DEBUG: 		Start:	 Iteration 61
2016-08-24 11:52:32,284 DEBUG: 			View 0 : 0.547169811321
2016-08-24 11:52:32,292 DEBUG: 			View 1 : 0.691823899371
2016-08-24 11:52:32,379 DEBUG: 			View 2 : 0.553459119497
2016-08-24 11:52:32,387 DEBUG: 			View 3 : 0.59748427673
2016-08-24 11:52:32,568 DEBUG: 			 Best view : 		MiRNA__
2016-08-24 11:52:36,264 DEBUG: 		Start:	 Iteration 62
2016-08-24 11:52:36,281 DEBUG: 			View 0 : 0.748427672956
2016-08-24 11:52:36,288 DEBUG: 			View 1 : 0.528301886792
2016-08-24 11:52:36,377 DEBUG: 			View 2 : 0.672955974843
2016-08-24 11:52:36,384 DEBUG: 			View 3 : 0.691823899371
2016-08-24 11:52:36,569 DEBUG: 			 Best view : 		Methyl_
2016-08-24 11:52:40,347 DEBUG: 		Start:	 Iteration 63
2016-08-24 11:52:40,363 DEBUG: 			View 0 : 0.465408805031
2016-08-24 11:52:40,371 DEBUG: 			View 1 : 0.622641509434
2016-08-24 11:52:40,459 DEBUG: 			View 2 : 0.622641509434
2016-08-24 11:52:40,467 DEBUG: 			View 3 : 0.553459119497
2016-08-24 11:52:40,655 DEBUG: 			 Best view : 		MiRNA__
2016-08-24 11:52:44,468 DEBUG: 		Start:	 Iteration 64
2016-08-24 11:52:44,484 DEBUG: 			View 0 : 0.610062893082
2016-08-24 11:52:44,492 DEBUG: 			View 1 : 0.566037735849
2016-08-24 11:52:44,580 DEBUG: 			View 2 : 0.62893081761
2016-08-24 11:52:44,588 DEBUG: 			View 3 : 0.622641509434
2016-08-24 11:52:44,777 DEBUG: 			 Best view : 		RANSeq_
2016-08-24 11:52:48,671 DEBUG: 		Start:	 Iteration 65
2016-08-24 11:52:48,688 DEBUG: 			View 0 : 0.427672955975
2016-08-24 11:52:48,696 DEBUG: 			View 1 : 0.383647798742
2016-08-24 11:52:48,780 DEBUG: 			View 2 : 0.584905660377
2016-08-24 11:52:48,788 DEBUG: 			View 3 : 0.566037735849
2016-08-24 11:52:48,978 DEBUG: 			 Best view : 		RANSeq_
2016-08-24 11:52:52,930 DEBUG: 		Start:	 Iteration 66
2016-08-24 11:52:52,947 DEBUG: 			View 0 : 0.383647798742
2016-08-24 11:52:52,955 DEBUG: 			View 1 : 0.616352201258
2016-08-24 11:52:53,044 DEBUG: 			View 2 : 0.591194968553
2016-08-24 11:52:53,052 DEBUG: 			View 3 : 0.635220125786
2016-08-24 11:52:53,245 DEBUG: 			 Best view : 		Clinic_
2016-08-24 11:52:57,247 DEBUG: 		Start:	 Iteration 67
2016-08-24 11:52:57,264 DEBUG: 			View 0 : 0.459119496855
2016-08-24 11:52:57,271 DEBUG: 			View 1 : 0.421383647799
2016-08-24 11:52:57,359 DEBUG: 			View 2 : 0.522012578616
2016-08-24 11:52:57,367 DEBUG: 			View 3 : 0.603773584906
2016-08-24 11:52:57,561 DEBUG: 			 Best view : 		Clinic_
2016-08-24 11:53:01,624 DEBUG: 		Start:	 Iteration 68
2016-08-24 11:53:01,640 DEBUG: 			View 0 : 0.62893081761
2016-08-24 11:53:01,648 DEBUG: 			View 1 : 0.503144654088
2016-08-24 11:53:01,739 DEBUG: 			View 2 : 0.534591194969
2016-08-24 11:53:01,747 DEBUG: 			View 3 : 0.572327044025
2016-08-24 11:53:01,944 DEBUG: 			 Best view : 		Methyl_
2016-08-24 11:53:06,061 DEBUG: 		Start:	 Iteration 69
2016-08-24 11:53:06,078 DEBUG: 			View 0 : 0.578616352201
2016-08-24 11:53:06,085 DEBUG: 			View 1 : 0.389937106918
2016-08-24 11:53:06,174 DEBUG: 			View 2 : 0.572327044025
2016-08-24 11:53:06,182 DEBUG: 			View 3 : 0.572327044025
2016-08-24 11:53:06,383 DEBUG: 			 Best view : 		RANSeq_
2016-08-24 11:53:10,572 DEBUG: 		Start:	 Iteration 70
2016-08-24 11:53:10,588 DEBUG: 			View 0 : 0.48427672956
2016-08-24 11:53:10,596 DEBUG: 			View 1 : 0.635220125786
2016-08-24 11:53:10,680 DEBUG: 			View 2 : 0.51572327044
2016-08-24 11:53:10,687 DEBUG: 			View 3 : 0.59748427673
2016-08-24 11:53:10,888 DEBUG: 			 Best view : 		Clinic_
2016-08-24 11:53:15,144 DEBUG: 		Start:	 Iteration 71
2016-08-24 11:53:15,160 DEBUG: 			View 0 : 0.622641509434
2016-08-24 11:53:15,168 DEBUG: 			View 1 : 0.509433962264
2016-08-24 11:53:15,258 DEBUG: 			View 2 : 0.616352201258
2016-08-24 11:53:15,266 DEBUG: 			View 3 : 0.528301886792
2016-08-24 11:53:15,469 DEBUG: 			 Best view : 		RANSeq_
2016-08-24 11:53:19,842 DEBUG: 		Start:	 Iteration 72
2016-08-24 11:53:19,858 DEBUG: 			View 0 : 0.446540880503
2016-08-24 11:53:19,866 DEBUG: 			View 1 : 0.610062893082
2016-08-24 11:53:19,954 DEBUG: 			View 2 : 0.635220125786
2016-08-24 11:53:19,962 DEBUG: 			View 3 : 0.584905660377
2016-08-24 11:53:20,164 DEBUG: 			 Best view : 		RANSeq_
2016-08-24 11:53:24,556 DEBUG: 		Start:	 Iteration 73
2016-08-24 11:53:24,573 DEBUG: 			View 0 : 0.534591194969
2016-08-24 11:53:24,581 DEBUG: 			View 1 : 0.522012578616
2016-08-24 11:53:24,668 DEBUG: 			View 2 : 0.603773584906
2016-08-24 11:53:24,676 DEBUG: 			View 3 : 0.522012578616
2016-08-24 11:53:24,882 DEBUG: 			 Best view : 		RANSeq_
2016-08-24 11:53:29,347 DEBUG: 		Start:	 Iteration 74
2016-08-24 11:53:29,363 DEBUG: 			View 0 : 0.509433962264
2016-08-24 11:53:29,371 DEBUG: 			View 1 : 0.345911949686
2016-08-24 11:53:29,457 DEBUG: 			View 2 : 0.51572327044
2016-08-24 11:53:29,464 DEBUG: 			View 3 : 0.62893081761
2016-08-24 11:53:29,672 DEBUG: 			 Best view : 		Clinic_
2016-08-24 11:53:34,188 DEBUG: 		Start:	 Iteration 75
2016-08-24 11:53:34,204 DEBUG: 			View 0 : 0.59748427673
2016-08-24 11:53:34,212 DEBUG: 			View 1 : 0.51572327044
2016-08-24 11:53:34,298 DEBUG: 			View 2 : 0.635220125786
2016-08-24 11:53:34,306 DEBUG: 			View 3 : 0.48427672956
2016-08-24 11:53:34,516 DEBUG: 			 Best view : 		RANSeq_
2016-08-24 11:53:39,103 DEBUG: 		Start:	 Iteration 76
2016-08-24 11:53:39,119 DEBUG: 			View 0 : 0.490566037736
2016-08-24 11:53:39,127 DEBUG: 			View 1 : 0.584905660377
2016-08-24 11:53:39,214 DEBUG: 			View 2 : 0.622641509434
2016-08-24 11:53:39,221 DEBUG: 			View 3 : 0.584905660377
2016-08-24 11:53:39,437 DEBUG: 			 Best view : 		RANSeq_
2016-08-24 11:53:44,087 DEBUG: 		Start:	 Iteration 77
2016-08-24 11:53:44,103 DEBUG: 			View 0 : 0.48427672956
2016-08-24 11:53:44,111 DEBUG: 			View 1 : 0.320754716981
2016-08-24 11:53:44,195 DEBUG: 			View 2 : 0.584905660377
2016-08-24 11:53:44,202 DEBUG: 			View 3 : 0.654088050314
2016-08-24 11:53:44,419 DEBUG: 			 Best view : 		Clinic_
2016-08-24 11:53:49,151 DEBUG: 		Start:	 Iteration 78
2016-08-24 11:53:49,168 DEBUG: 			View 0 : 0.534591194969
2016-08-24 11:53:49,175 DEBUG: 			View 1 : 0.540880503145
2016-08-24 11:53:49,262 DEBUG: 			View 2 : 0.59748427673
2016-08-24 11:53:49,270 DEBUG: 			View 3 : 0.572327044025
2016-08-24 11:53:49,487 DEBUG: 			 Best view : 		RANSeq_
2016-08-24 11:53:54,269 DEBUG: 		Start:	 Iteration 79
2016-08-24 11:53:54,285 DEBUG: 			View 0 : 0.566037735849
2016-08-24 11:53:54,293 DEBUG: 			View 1 : 0.509433962264
2016-08-24 11:53:54,380 DEBUG: 			View 2 : 0.559748427673
2016-08-24 11:53:54,387 DEBUG: 			View 3 : 0.503144654088
2016-08-24 11:53:54,609 DEBUG: 			 Best view : 		RANSeq_
2016-08-24 11:53:59,466 DEBUG: 		Start:	 Iteration 80
2016-08-24 11:53:59,483 DEBUG: 			View 0 : 0.616352201258
2016-08-24 11:53:59,491 DEBUG: 			View 1 : 0.672955974843
2016-08-24 11:53:59,579 DEBUG: 			View 2 : 0.62893081761
2016-08-24 11:53:59,586 DEBUG: 			View 3 : 0.578616352201
2016-08-24 11:53:59,807 DEBUG: 			 Best view : 		MiRNA__
2016-08-24 11:54:04,731 DEBUG: 		Start:	 Iteration 81
2016-08-24 11:54:04,747 DEBUG: 			View 0 : 0.528301886792
2016-08-24 11:54:04,755 DEBUG: 			View 1 : 0.704402515723
2016-08-24 11:54:04,837 DEBUG: 			View 2 : 0.522012578616
2016-08-24 11:54:04,845 DEBUG: 			View 3 : 0.547169811321
2016-08-24 11:54:05,067 DEBUG: 			 Best view : 		MiRNA__
2016-08-24 11:54:10,043 DEBUG: 		Start:	 Iteration 82
2016-08-24 11:54:10,059 DEBUG: 			View 0 : 0.559748427673
2016-08-24 11:54:10,067 DEBUG: 			View 1 : 0.440251572327
2016-08-24 11:54:10,153 DEBUG: 			View 2 : 0.578616352201
2016-08-24 11:54:10,161 DEBUG: 			View 3 : 0.547169811321
2016-08-24 11:54:10,387 DEBUG: 			 Best view : 		RANSeq_
2016-08-24 11:54:15,483 DEBUG: 		Start:	 Iteration 83
2016-08-24 11:54:15,500 DEBUG: 			View 0 : 0.51572327044
2016-08-24 11:54:15,507 DEBUG: 			View 1 : 0.477987421384
2016-08-24 11:54:15,594 DEBUG: 			View 2 : 0.62893081761
2016-08-24 11:54:15,602 DEBUG: 			View 3 : 0.62893081761
2016-08-24 11:54:15,831 DEBUG: 			 Best view : 		Clinic_
2016-08-24 11:54:20,939 DEBUG: 		Start:	 Iteration 84
2016-08-24 11:54:20,956 DEBUG: 			View 0 : 0.723270440252
2016-08-24 11:54:20,964 DEBUG: 			View 1 : 0.408805031447
2016-08-24 11:54:21,047 DEBUG: 			View 2 : 0.641509433962
2016-08-24 11:54:21,054 DEBUG: 			View 3 : 0.62893081761
2016-08-24 11:54:21,285 DEBUG: 			 Best view : 		Methyl_
2016-08-24 11:54:26,440 DEBUG: 		Start:	 Iteration 85
2016-08-24 11:54:26,456 DEBUG: 			View 0 : 0.427672955975
2016-08-24 11:54:26,464 DEBUG: 			View 1 : 0.672955974843
2016-08-24 11:54:26,552 DEBUG: 			View 2 : 0.616352201258
2016-08-24 11:54:26,559 DEBUG: 			View 3 : 0.666666666667
2016-08-24 11:54:26,790 DEBUG: 			 Best view : 		Clinic_
2016-08-24 11:54:32,015 DEBUG: 		Start:	 Iteration 86
2016-08-24 11:54:32,031 DEBUG: 			View 0 : 0.540880503145
2016-08-24 11:54:32,039 DEBUG: 			View 1 : 0.798742138365
2016-08-24 11:54:32,114 DEBUG: 			View 2 : 0.553459119497
2016-08-24 11:54:32,121 DEBUG: 			View 3 : 0.496855345912
2016-08-24 11:54:32,359 DEBUG: 			 Best view : 		MiRNA__
2016-08-24 11:54:37,638 DEBUG: 		Start:	 Iteration 87
2016-08-24 11:54:37,654 DEBUG: 			View 0 : 0.553459119497
2016-08-24 11:54:37,662 DEBUG: 			View 1 : 0.496855345912
2016-08-24 11:54:37,748 DEBUG: 			View 2 : 0.654088050314
2016-08-24 11:54:37,755 DEBUG: 			View 3 : 0.62893081761
2016-08-24 11:54:37,990 DEBUG: 			 Best view : 		RANSeq_
2016-08-24 11:54:43,338 DEBUG: 		Start:	 Iteration 88
2016-08-24 11:54:43,355 DEBUG: 			View 0 : 0.40251572327
2016-08-24 11:54:43,362 DEBUG: 			View 1 : 0.522012578616
2016-08-24 11:54:43,453 DEBUG: 			View 2 : 0.578616352201
2016-08-24 11:54:43,460 DEBUG: 			View 3 : 0.616352201258
2016-08-24 11:54:43,698 DEBUG: 			 Best view : 		Clinic_
2016-08-24 11:54:49,088 DEBUG: 		Start:	 Iteration 89
2016-08-24 11:54:49,105 DEBUG: 			View 0 : 0.547169811321
2016-08-24 11:54:49,112 DEBUG: 			View 1 : 0.377358490566
2016-08-24 11:54:49,199 DEBUG: 			View 2 : 0.622641509434
2016-08-24 11:54:49,206 DEBUG: 			View 3 : 0.591194968553
2016-08-24 11:54:49,450 DEBUG: 			 Best view : 		RANSeq_
2016-08-24 11:54:54,921 DEBUG: 		Start:	 Iteration 90
2016-08-24 11:54:54,938 DEBUG: 			View 0 : 0.566037735849
2016-08-24 11:54:54,946 DEBUG: 			View 1 : 0.710691823899
2016-08-24 11:54:55,029 DEBUG: 			View 2 : 0.59748427673
2016-08-24 11:54:55,037 DEBUG: 			View 3 : 0.540880503145
2016-08-24 11:54:55,279 DEBUG: 			 Best view : 		MiRNA__
2016-08-24 11:55:00,796 DEBUG: 		Start:	 Iteration 91
2016-08-24 11:55:00,812 DEBUG: 			View 0 : 0.59748427673
2016-08-24 11:55:00,820 DEBUG: 			View 1 : 0.610062893082
2016-08-24 11:55:00,908 DEBUG: 			View 2 : 0.584905660377
2016-08-24 11:55:00,915 DEBUG: 			View 3 : 0.635220125786
2016-08-24 11:55:01,161 DEBUG: 			 Best view : 		Clinic_
2016-08-24 11:55:06,789 DEBUG: 		Start:	 Iteration 92
2016-08-24 11:55:06,808 DEBUG: 			View 0 : 0.509433962264
2016-08-24 11:55:06,816 DEBUG: 			View 1 : 0.345911949686
2016-08-24 11:55:06,909 DEBUG: 			View 2 : 0.553459119497
2016-08-24 11:55:06,916 DEBUG: 			View 3 : 0.51572327044
2016-08-24 11:55:07,185 DEBUG: 			 Best view : 		RANSeq_
2016-08-24 11:55:12,930 DEBUG: 		Start:	 Iteration 93
2016-08-24 11:55:12,947 DEBUG: 			View 0 : 0.62893081761
2016-08-24 11:55:12,955 DEBUG: 			View 1 : 0.364779874214
2016-08-24 11:55:13,040 DEBUG: 			View 2 : 0.534591194969
2016-08-24 11:55:13,048 DEBUG: 			View 3 : 0.553459119497
2016-08-24 11:55:13,301 DEBUG: 			 Best view : 		Methyl_
2016-08-24 11:55:19,024 DEBUG: 		Start:	 Iteration 94
2016-08-24 11:55:19,040 DEBUG: 			View 0 : 0.452830188679
2016-08-24 11:55:19,048 DEBUG: 			View 1 : 0.610062893082
2016-08-24 11:55:19,137 DEBUG: 			View 2 : 0.559748427673
2016-08-24 11:55:19,144 DEBUG: 			View 3 : 0.559748427673
2016-08-24 11:55:19,395 DEBUG: 			 Best view : 		MiRNA__
2016-08-24 11:55:25,181 DEBUG: 		Start:	 Iteration 95
2016-08-24 11:55:25,198 DEBUG: 			View 0 : 0.547169811321
2016-08-24 11:55:25,206 DEBUG: 			View 1 : 0.553459119497
2016-08-24 11:55:25,288 DEBUG: 			View 2 : 0.591194968553
2016-08-24 11:55:25,296 DEBUG: 			View 3 : 0.584905660377
2016-08-24 11:55:25,547 DEBUG: 			 Best view : 		RANSeq_
2016-08-24 11:55:31,382 DEBUG: 		Start:	 Iteration 96
2016-08-24 11:55:31,399 DEBUG: 			View 0 : 0.522012578616
2016-08-24 11:55:31,406 DEBUG: 			View 1 : 0.641509433962
2016-08-24 11:55:31,493 DEBUG: 			View 2 : 0.559748427673
2016-08-24 11:55:31,500 DEBUG: 			View 3 : 0.559748427673
2016-08-24 11:55:31,755 DEBUG: 			 Best view : 		MiRNA__
2016-08-24 11:55:37,653 DEBUG: 		Start:	 Iteration 97
2016-08-24 11:55:37,669 DEBUG: 			View 0 : 0.522012578616
2016-08-24 11:55:37,677 DEBUG: 			View 1 : 0.729559748428
2016-08-24 11:55:37,760 DEBUG: 			View 2 : 0.566037735849
2016-08-24 11:55:37,767 DEBUG: 			View 3 : 0.635220125786
2016-08-24 11:55:38,024 DEBUG: 			 Best view : 		MiRNA__
2016-08-24 11:55:43,967 DEBUG: 		Start:	 Iteration 98
2016-08-24 11:55:43,984 DEBUG: 			View 0 : 0.471698113208
2016-08-24 11:55:43,991 DEBUG: 			View 1 : 0.641509433962
2016-08-24 11:55:44,074 DEBUG: 			View 2 : 0.635220125786
2016-08-24 11:55:44,081 DEBUG: 			View 3 : 0.603773584906
2016-08-24 11:55:44,341 DEBUG: 			 Best view : 		RANSeq_
2016-08-24 11:55:50,378 DEBUG: 		Start:	 Iteration 99
2016-08-24 11:55:50,395 DEBUG: 			View 0 : 0.603773584906
2016-08-24 11:55:50,402 DEBUG: 			View 1 : 0.459119496855
2016-08-24 11:55:50,489 DEBUG: 			View 2 : 0.584905660377
2016-08-24 11:55:50,497 DEBUG: 			View 3 : 0.522012578616
2016-08-24 11:55:50,758 DEBUG: 			 Best view : 		RANSeq_
2016-08-24 11:55:56,848 DEBUG: 		Start:	 Iteration 100
2016-08-24 11:55:56,864 DEBUG: 			View 0 : 0.540880503145
2016-08-24 11:55:56,873 DEBUG: 			View 1 : 0.666666666667
2016-08-24 11:55:56,961 DEBUG: 			View 2 : 0.654088050314
2016-08-24 11:55:56,968 DEBUG: 			View 3 : 0.496855345912
2016-08-24 11:55:57,232 DEBUG: 			 Best view : 		RANSeq_
2016-08-24 11:56:03,400 DEBUG: 		Start:	 Iteration 101
2016-08-24 11:56:03,417 DEBUG: 			View 0 : 0.584905660377
2016-08-24 11:56:03,424 DEBUG: 			View 1 : 0.415094339623
2016-08-24 11:56:03,513 DEBUG: 			View 2 : 0.622641509434
2016-08-24 11:56:03,520 DEBUG: 			View 3 : 0.647798742138
2016-08-24 11:56:03,784 DEBUG: 			 Best view : 		Clinic_
2016-08-24 11:56:10,265 DEBUG: 		Start:	 Iteration 102
2016-08-24 11:56:10,292 DEBUG: 			View 0 : 0.547169811321
2016-08-24 11:56:10,303 DEBUG: 			View 1 : 0.503144654088
2016-08-24 11:56:10,405 DEBUG: 			View 2 : 0.62893081761
2016-08-24 11:56:10,413 DEBUG: 			View 3 : 0.540880503145
2016-08-24 11:56:10,685 DEBUG: 			 Best view : 		RANSeq_
2016-08-24 11:56:17,168 DEBUG: 		Start:	 Iteration 103
2016-08-24 11:56:17,189 DEBUG: 			View 0 : 0.496855345912
2016-08-24 11:56:17,198 DEBUG: 			View 1 : 0.377358490566
2016-08-24 11:56:17,289 DEBUG: 			View 2 : 0.591194968553
2016-08-24 11:56:17,297 DEBUG: 			View 3 : 0.62893081761
2016-08-24 11:56:17,571 DEBUG: 			 Best view : 		Clinic_
2016-08-24 11:56:24,608 DEBUG: 		Start:	 Iteration 104
2016-08-24 11:56:24,629 DEBUG: 			View 0 : 0.452830188679
2016-08-24 11:56:24,642 DEBUG: 			View 1 : 0.528301886792
2016-08-24 11:56:24,745 DEBUG: 			View 2 : 0.622641509434
2016-08-24 11:56:24,754 DEBUG: 			View 3 : 0.559748427673
2016-08-24 11:56:25,049 DEBUG: 			 Best view : 		RANSeq_
2016-08-24 11:56:32,323 DEBUG: 		Start:	 Iteration 105
2016-08-24 11:56:32,342 DEBUG: 			View 0 : 0.377358490566
2016-08-24 11:56:32,353 DEBUG: 			View 1 : 0.647798742138
2016-08-24 11:56:32,495 DEBUG: 			View 2 : 0.622641509434
2016-08-24 11:56:32,509 DEBUG: 			View 3 : 0.540880503145
2016-08-24 11:56:32,842 DEBUG: 			 Best view : 		MiRNA__
2016-08-24 11:56:40,165 DEBUG: 		Start:	 Iteration 106
2016-08-24 11:56:40,186 DEBUG: 			View 0 : 0.490566037736
2016-08-24 11:56:40,196 DEBUG: 			View 1 : 0.540880503145
2016-08-24 11:56:40,286 DEBUG: 			View 2 : 0.51572327044
2016-08-24 11:56:40,294 DEBUG: 			View 3 : 0.635220125786
2016-08-24 11:56:40,572 DEBUG: 			 Best view : 		Clinic_
