2016-08-24 09:27:35,426 INFO: Start:	 Read HDF5 Database Files for ModifiedMultiOmic
2016-08-24 09:27:35,427 INFO: Info:	 Labels used: No, Yes
2016-08-24 09:27:35,427 INFO: Info:	 Length of dataset:347
2016-08-24 09:27:35,428 INFO: ### Main Programm for Multiview Classification
2016-08-24 09:27:35,428 INFO: ### Classification - Database : ModifiedMultiOmic ; Views : Methyl, MiRNA, RNASEQ, Clinical ; Algorithm : Mumbo ; Cores : 1
2016-08-24 09:27:35,429 INFO: Info:	 Shape of Methyl_ :(347, 25978)
2016-08-24 09:27:35,429 INFO: Info:	 Shape of MiRNA__ :(347, 1046)
2016-08-24 09:27:35,430 INFO: Info:	 Shape of RANSeq_ :(347, 73599)
2016-08-24 09:27:35,430 INFO: Info:	 Shape of Clinic_ :(347, 127)
2016-08-24 09:27:35,430 INFO: Done:	 Read Database Files
2016-08-24 09:27:35,430 INFO: Start:	 Determine validation split for ratio 0.7
2016-08-24 09:27:35,433 INFO: Done:	 Determine validation split
2016-08-24 09:27:35,434 INFO: Start:	 Determine 2 folds
2016-08-24 09:27:35,442 INFO: Info:	 Length of Learning Sets: 122
2016-08-24 09:27:35,442 INFO: Info:	 Length of Testing Sets: 122
2016-08-24 09:27:35,442 INFO: Info:	 Length of Validation Set: 103
2016-08-24 09:27:35,442 INFO: Done:	 Determine folds
2016-08-24 09:27:35,442 INFO: Start:	 Learning with Mumbo and 2 folds
2016-08-24 09:27:35,442 INFO: Start:	 Gridsearching best settings for monoview classifiers
2016-08-24 09:27:35,442 DEBUG: 	Start:	 Gridsearch for DecisionTree on Methyl_
2016-08-24 09:27:42,729 DEBUG: 0.591873198847Poulet
2016-08-24 09:27:42,729 DEBUG: 	Done:	 Gridsearch for DecisionTree
2016-08-24 09:27:42,730 DEBUG: 	Start:	 Gridsearch for DecisionTree on MiRNA__
2016-08-24 09:27:44,640 DEBUG: 0.569740634006Poulet
2016-08-24 09:27:44,640 DEBUG: 	Done:	 Gridsearch for DecisionTree
2016-08-24 09:27:44,641 DEBUG: 	Start:	 Gridsearch for DecisionTree on RANSeq_
2016-08-24 09:28:01,306 DEBUG: 0.576945244957Poulet
2016-08-24 09:28:01,306 DEBUG: 	Done:	 Gridsearch for DecisionTree
2016-08-24 09:28:01,307 DEBUG: 	Start:	 Gridsearch for DecisionTree on Clinic_
2016-08-24 09:28:03,058 DEBUG: 0.582305475504Poulet
2016-08-24 09:28:03,058 DEBUG: 	Done:	 Gridsearch for DecisionTree
2016-08-24 09:28:03,058 DEBUG: 	Start:	 Gridsearch for DecisionTree on MRNASeq
2016-08-24 09:28:40,826 DEBUG: 0.558962536023Poulet
2016-08-24 09:28:40,827 DEBUG: 0.560518731988Poulet
2016-08-24 09:28:40,827 DEBUG: 	Done:	 Gridsearch for DecisionTree
2016-08-24 09:28:40,827 INFO: Done:	 Gridsearching best settings for monoview classifiers
2016-08-24 09:28:40,827 INFO: 	Start:	 Fold number 1
2016-08-24 09:28:42,410 DEBUG: 		Start:	 Iteration 1
2016-08-24 09:28:42,426 DEBUG: 			View 0 : 0.602649006623
2016-08-24 09:28:42,433 DEBUG: 			View 1 : 0.649006622517
2016-08-24 09:28:42,460 DEBUG: 			View 2 : 0.602649006623
2016-08-24 09:28:42,467 DEBUG: 			View 3 : 0.602649006623
2016-08-24 09:28:42,507 DEBUG: 			 Best view : 		Methyl_
2016-08-24 09:28:42,579 DEBUG: 		Start:	 Iteration 2
2016-08-24 09:28:42,596 DEBUG: 			View 0 : 0.549668874172
2016-08-24 09:28:42,603 DEBUG: 			View 1 : 0.576158940397
2016-08-24 09:28:42,639 DEBUG: 			View 2 : 0.529801324503
2016-08-24 09:28:42,646 DEBUG: 			View 3 : 0.576158940397
2016-08-24 09:28:42,689 DEBUG: 			 Best view : 		MiRNA__
2016-08-24 09:28:42,816 DEBUG: 		Start:	 Iteration 3
2016-08-24 09:28:42,832 DEBUG: 			View 0 : 0.470198675497
2016-08-24 09:28:42,840 DEBUG: 			View 1 : 0.443708609272
2016-08-24 09:28:42,875 DEBUG: 			View 2 : 0.543046357616
2016-08-24 09:28:42,882 DEBUG: 			View 3 : 0.443708609272
2016-08-24 09:28:42,933 DEBUG: 			 Best view : 		RANSeq_
2016-08-24 09:28:43,132 DEBUG: 		Start:	 Iteration 4
2016-08-24 09:28:43,148 DEBUG: 			View 0 : 0.390728476821
2016-08-24 09:28:43,155 DEBUG: 			View 1 : 0.715231788079
2016-08-24 09:28:43,190 DEBUG: 			View 2 : 0.503311258278
2016-08-24 09:28:43,198 DEBUG: 			View 3 : 0.483443708609
2016-08-24 09:28:43,250 DEBUG: 			 Best view : 		MiRNA__
2016-08-24 09:28:43,503 DEBUG: 		Start:	 Iteration 5
2016-08-24 09:28:43,520 DEBUG: 			View 0 : 0.483443708609
2016-08-24 09:28:43,527 DEBUG: 			View 1 : 0.397350993377
2016-08-24 09:28:43,563 DEBUG: 			View 2 : 0.602649006623
2016-08-24 09:28:43,570 DEBUG: 			View 3 : 0.629139072848
2016-08-24 09:28:43,624 DEBUG: 			 Best view : 		Clinic_
2016-08-24 09:28:43,933 DEBUG: 		Start:	 Iteration 6
2016-08-24 09:28:43,949 DEBUG: 			View 0 : 0.675496688742
2016-08-24 09:28:43,956 DEBUG: 			View 1 : 0.456953642384
2016-08-24 09:28:43,992 DEBUG: 			View 2 : 0.476821192053
2016-08-24 09:28:43,999 DEBUG: 			View 3 : 0.503311258278
2016-08-24 09:28:44,056 DEBUG: 			 Best view : 		Methyl_
2016-08-24 09:28:44,423 DEBUG: 		Start:	 Iteration 7
2016-08-24 09:28:44,439 DEBUG: 			View 0 : 0.602649006623
2016-08-24 09:28:44,447 DEBUG: 			View 1 : 0.298013245033
2016-08-24 09:28:44,482 DEBUG: 			View 2 : 0.602649006623
2016-08-24 09:28:44,489 DEBUG: 			View 3 : 0.569536423841
2016-08-24 09:28:44,547 DEBUG: 			 Best view : 		RANSeq_
2016-08-24 09:28:44,982 DEBUG: 		Start:	 Iteration 8
2016-08-24 09:28:44,998 DEBUG: 			View 0 : 0.529801324503
2016-08-24 09:28:45,005 DEBUG: 			View 1 : 0.390728476821
2016-08-24 09:28:45,041 DEBUG: 			View 2 : 0.509933774834
2016-08-24 09:28:45,048 DEBUG: 			View 3 : 0.509933774834
2016-08-24 09:28:45,108 DEBUG: 			 Best view : 		Methyl_
2016-08-24 09:28:45,601 DEBUG: 		Start:	 Iteration 9
2016-08-24 09:28:45,618 DEBUG: 			View 0 : 0.417218543046
2016-08-24 09:28:45,625 DEBUG: 			View 1 : 0.609271523179
2016-08-24 09:28:45,660 DEBUG: 			View 2 : 0.582781456954
2016-08-24 09:28:45,668 DEBUG: 			View 3 : 0.476821192053
2016-08-24 09:28:45,730 DEBUG: 			 Best view : 		MiRNA__
2016-08-24 09:28:46,279 DEBUG: 		Start:	 Iteration 10
2016-08-24 09:28:46,295 DEBUG: 			View 0 : 0.503311258278
2016-08-24 09:28:46,303 DEBUG: 			View 1 : 0.635761589404
2016-08-24 09:28:46,338 DEBUG: 			View 2 : 0.470198675497
2016-08-24 09:28:46,345 DEBUG: 			View 3 : 0.58940397351
2016-08-24 09:28:46,410 DEBUG: 			 Best view : 		MiRNA__
2016-08-24 09:28:47,014 DEBUG: 		Start:	 Iteration 11
2016-08-24 09:28:47,030 DEBUG: 			View 0 : 0.562913907285
2016-08-24 09:28:47,038 DEBUG: 			View 1 : 0.582781456954
2016-08-24 09:28:47,073 DEBUG: 			View 2 : 0.423841059603
2016-08-24 09:28:47,080 DEBUG: 			View 3 : 0.549668874172
2016-08-24 09:28:47,147 DEBUG: 			 Best view : 		MiRNA__
2016-08-24 09:28:47,805 DEBUG: 		Start:	 Iteration 12
2016-08-24 09:28:47,821 DEBUG: 			View 0 : 0.529801324503
2016-08-24 09:28:47,829 DEBUG: 			View 1 : 0.635761589404
2016-08-24 09:28:47,864 DEBUG: 			View 2 : 0.437086092715
2016-08-24 09:28:47,871 DEBUG: 			View 3 : 0.576158940397
2016-08-24 09:28:47,940 DEBUG: 			 Best view : 		MiRNA__
2016-08-24 09:28:48,655 DEBUG: 		Start:	 Iteration 13
2016-08-24 09:28:48,671 DEBUG: 			View 0 : 0.483443708609
2016-08-24 09:28:48,679 DEBUG: 			View 1 : 0.668874172185
2016-08-24 09:28:48,714 DEBUG: 			View 2 : 0.53642384106
2016-08-24 09:28:48,721 DEBUG: 			View 3 : 0.430463576159
2016-08-24 09:28:48,792 DEBUG: 			 Best view : 		MiRNA__
2016-08-24 09:28:49,562 DEBUG: 		Start:	 Iteration 14
2016-08-24 09:28:49,579 DEBUG: 			View 0 : 0.450331125828
2016-08-24 09:28:49,586 DEBUG: 			View 1 : 0.443708609272
2016-08-24 09:28:49,621 DEBUG: 			View 2 : 0.483443708609
2016-08-24 09:28:49,628 DEBUG: 			View 3 : 0.423841059603
2016-08-24 09:28:49,628 WARNING: All bad for iteration 13
2016-08-24 09:28:49,703 DEBUG: 			 Best view : 		RANSeq_
2016-08-24 09:28:50,539 DEBUG: 		Start:	 Iteration 15
2016-08-24 09:28:50,555 DEBUG: 			View 0 : 0.470198675497
2016-08-24 09:28:50,563 DEBUG: 			View 1 : 0.615894039735
2016-08-24 09:28:50,598 DEBUG: 			View 2 : 0.490066225166
2016-08-24 09:28:50,605 DEBUG: 			View 3 : 0.569536423841
2016-08-24 09:28:50,682 DEBUG: 			 Best view : 		MiRNA__
2016-08-24 09:28:51,575 DEBUG: 		Start:	 Iteration 16
2016-08-24 09:28:51,591 DEBUG: 			View 0 : 0.456953642384
2016-08-24 09:28:51,598 DEBUG: 			View 1 : 0.430463576159
2016-08-24 09:28:51,633 DEBUG: 			View 2 : 0.562913907285
2016-08-24 09:28:51,640 DEBUG: 			View 3 : 0.549668874172
2016-08-24 09:28:51,718 DEBUG: 			 Best view : 		Clinic_
2016-08-24 09:28:52,694 DEBUG: 		Start:	 Iteration 17
2016-08-24 09:28:52,710 DEBUG: 			View 0 : 0.403973509934
2016-08-24 09:28:52,717 DEBUG: 			View 1 : 0.370860927152
2016-08-24 09:28:52,752 DEBUG: 			View 2 : 0.476821192053
2016-08-24 09:28:52,760 DEBUG: 			View 3 : 0.417218543046
2016-08-24 09:28:52,760 WARNING: All bad for iteration 16
2016-08-24 09:28:52,839 DEBUG: 			 Best view : 		RANSeq_
2016-08-24 09:28:53,853 DEBUG: 		Start:	 Iteration 18
2016-08-24 09:28:53,869 DEBUG: 			View 0 : 0.437086092715
2016-08-24 09:28:53,876 DEBUG: 			View 1 : 0.483443708609
2016-08-24 09:28:53,911 DEBUG: 			View 2 : 0.622516556291
2016-08-24 09:28:53,918 DEBUG: 			View 3 : 0.629139072848
2016-08-24 09:28:54,002 DEBUG: 			 Best view : 		Clinic_
2016-08-24 09:28:55,105 DEBUG: 		Start:	 Iteration 19
2016-08-24 09:28:55,121 DEBUG: 			View 0 : 0.615894039735
2016-08-24 09:28:55,129 DEBUG: 			View 1 : 0.430463576159
2016-08-24 09:28:55,164 DEBUG: 			View 2 : 0.46357615894
2016-08-24 09:28:55,171 DEBUG: 			View 3 : 0.496688741722
2016-08-24 09:28:55,255 DEBUG: 			 Best view : 		Methyl_
2016-08-24 09:28:56,383 DEBUG: 		Start:	 Iteration 20
2016-08-24 09:28:56,399 DEBUG: 			View 0 : 0.503311258278
2016-08-24 09:28:56,407 DEBUG: 			View 1 : 0.602649006623
2016-08-24 09:28:56,442 DEBUG: 			View 2 : 0.576158940397
2016-08-24 09:28:56,449 DEBUG: 			View 3 : 0.576158940397
2016-08-24 09:28:56,535 DEBUG: 			 Best view : 		MiRNA__
2016-08-24 09:28:57,716 DEBUG: 		Start:	 Iteration 21
2016-08-24 09:28:57,732 DEBUG: 			View 0 : 0.496688741722
2016-08-24 09:28:57,739 DEBUG: 			View 1 : 0.46357615894
2016-08-24 09:28:57,774 DEBUG: 			View 2 : 0.417218543046
2016-08-24 09:28:57,781 DEBUG: 			View 3 : 0.569536423841
2016-08-24 09:28:57,870 DEBUG: 			 Best view : 		Clinic_
2016-08-24 09:28:59,107 DEBUG: 		Start:	 Iteration 22
2016-08-24 09:28:59,123 DEBUG: 			View 0 : 0.728476821192
2016-08-24 09:28:59,130 DEBUG: 			View 1 : 0.350993377483
2016-08-24 09:28:59,165 DEBUG: 			View 2 : 0.529801324503
2016-08-24 09:28:59,172 DEBUG: 			View 3 : 0.437086092715
2016-08-24 09:28:59,262 DEBUG: 			 Best view : 		Methyl_
2016-08-24 09:29:00,559 DEBUG: 		Start:	 Iteration 23
2016-08-24 09:29:00,575 DEBUG: 			View 0 : 0.476821192053
2016-08-24 09:29:00,583 DEBUG: 			View 1 : 0.609271523179
2016-08-24 09:29:00,618 DEBUG: 			View 2 : 0.503311258278
2016-08-24 09:29:00,625 DEBUG: 			View 3 : 0.496688741722
2016-08-24 09:29:00,718 DEBUG: 			 Best view : 		MiRNA__
2016-08-24 09:29:02,130 DEBUG: 		Start:	 Iteration 24
2016-08-24 09:29:02,147 DEBUG: 			View 0 : 0.615894039735
2016-08-24 09:29:02,155 DEBUG: 			View 1 : 0.397350993377
2016-08-24 09:29:02,193 DEBUG: 			View 2 : 0.476821192053
2016-08-24 09:29:02,201 DEBUG: 			View 3 : 0.576158940397
2016-08-24 09:29:02,307 DEBUG: 			 Best view : 		Methyl_
2016-08-24 09:29:03,725 DEBUG: 		Start:	 Iteration 25
2016-08-24 09:29:03,741 DEBUG: 			View 0 : 0.443708609272
2016-08-24 09:29:03,748 DEBUG: 			View 1 : 0.615894039735
2016-08-24 09:29:03,783 DEBUG: 			View 2 : 0.443708609272
2016-08-24 09:29:03,790 DEBUG: 			View 3 : 0.370860927152
2016-08-24 09:29:03,888 DEBUG: 			 Best view : 		MiRNA__
2016-08-24 09:29:05,358 DEBUG: 		Start:	 Iteration 26
2016-08-24 09:29:05,374 DEBUG: 			View 0 : 0.615894039735
2016-08-24 09:29:05,381 DEBUG: 			View 1 : 0.556291390728
2016-08-24 09:29:05,417 DEBUG: 			View 2 : 0.556291390728
2016-08-24 09:29:05,425 DEBUG: 			View 3 : 0.41059602649
2016-08-24 09:29:05,526 DEBUG: 			 Best view : 		Methyl_
2016-08-24 09:29:07,057 DEBUG: 		Start:	 Iteration 27
2016-08-24 09:29:07,073 DEBUG: 			View 0 : 0.423841059603
2016-08-24 09:29:07,081 DEBUG: 			View 1 : 0.688741721854
2016-08-24 09:29:07,116 DEBUG: 			View 2 : 0.509933774834
2016-08-24 09:29:07,123 DEBUG: 			View 3 : 0.503311258278
2016-08-24 09:29:07,225 DEBUG: 			 Best view : 		MiRNA__
2016-08-24 09:29:08,808 DEBUG: 		Start:	 Iteration 28
2016-08-24 09:29:08,824 DEBUG: 			View 0 : 0.543046357616
2016-08-24 09:29:08,832 DEBUG: 			View 1 : 0.675496688742
2016-08-24 09:29:08,867 DEBUG: 			View 2 : 0.549668874172
2016-08-24 09:29:08,874 DEBUG: 			View 3 : 0.483443708609
2016-08-24 09:29:08,979 DEBUG: 			 Best view : 		MiRNA__
2016-08-24 09:29:10,621 DEBUG: 		Start:	 Iteration 29
2016-08-24 09:29:10,637 DEBUG: 			View 0 : 0.53642384106
2016-08-24 09:29:10,645 DEBUG: 			View 1 : 0.701986754967
2016-08-24 09:29:10,680 DEBUG: 			View 2 : 0.496688741722
2016-08-24 09:29:10,687 DEBUG: 			View 3 : 0.516556291391
2016-08-24 09:29:10,794 DEBUG: 			 Best view : 		MiRNA__
2016-08-24 09:29:12,491 DEBUG: 		Start:	 Iteration 30
2016-08-24 09:29:12,507 DEBUG: 			View 0 : 0.483443708609
2016-08-24 09:29:12,514 DEBUG: 			View 1 : 0.615894039735
2016-08-24 09:29:12,550 DEBUG: 			View 2 : 0.390728476821
2016-08-24 09:29:12,557 DEBUG: 			View 3 : 0.509933774834
2016-08-24 09:29:12,666 DEBUG: 			 Best view : 		MiRNA__
2016-08-24 09:29:14,431 DEBUG: 		Start:	 Iteration 31
2016-08-24 09:29:14,447 DEBUG: 			View 0 : 0.53642384106
2016-08-24 09:29:14,454 DEBUG: 			View 1 : 0.58940397351
2016-08-24 09:29:14,490 DEBUG: 			View 2 : 0.529801324503
2016-08-24 09:29:14,497 DEBUG: 			View 3 : 0.549668874172
2016-08-24 09:29:14,607 DEBUG: 			 Best view : 		MiRNA__
2016-08-24 09:29:16,428 DEBUG: 		Start:	 Iteration 32
2016-08-24 09:29:16,445 DEBUG: 			View 0 : 0.523178807947
2016-08-24 09:29:16,452 DEBUG: 			View 1 : 0.483443708609
2016-08-24 09:29:16,488 DEBUG: 			View 2 : 0.470198675497
2016-08-24 09:29:16,495 DEBUG: 			View 3 : 0.456953642384
2016-08-24 09:29:16,608 DEBUG: 			 Best view : 		Methyl_
2016-08-24 09:29:18,508 DEBUG: 		Start:	 Iteration 33
2016-08-24 09:29:18,524 DEBUG: 			View 0 : 0.582781456954
2016-08-24 09:29:18,531 DEBUG: 			View 1 : 0.662251655629
2016-08-24 09:29:18,568 DEBUG: 			View 2 : 0.476821192053
2016-08-24 09:29:18,575 DEBUG: 			View 3 : 0.523178807947
2016-08-24 09:29:18,688 DEBUG: 			 Best view : 		MiRNA__
2016-08-24 09:29:20,620 DEBUG: 		Start:	 Iteration 34
2016-08-24 09:29:20,637 DEBUG: 			View 0 : 0.529801324503
2016-08-24 09:29:20,644 DEBUG: 			View 1 : 0.450331125828
2016-08-24 09:29:20,679 DEBUG: 			View 2 : 0.476821192053
2016-08-24 09:29:20,686 DEBUG: 			View 3 : 0.596026490066
2016-08-24 09:29:20,802 DEBUG: 			 Best view : 		Clinic_
2016-08-24 09:29:22,810 DEBUG: 		Start:	 Iteration 35
2016-08-24 09:29:22,827 DEBUG: 			View 0 : 0.523178807947
2016-08-24 09:29:22,834 DEBUG: 			View 1 : 0.582781456954
2016-08-24 09:29:22,872 DEBUG: 			View 2 : 0.668874172185
2016-08-24 09:29:22,880 DEBUG: 			View 3 : 0.58940397351
2016-08-24 09:29:23,000 DEBUG: 			 Best view : 		RANSeq_
2016-08-24 09:29:25,109 DEBUG: 		Start:	 Iteration 36
2016-08-24 09:29:25,125 DEBUG: 			View 0 : 0.46357615894
2016-08-24 09:29:25,133 DEBUG: 			View 1 : 0.390728476821
2016-08-24 09:29:25,170 DEBUG: 			View 2 : 0.384105960265
2016-08-24 09:29:25,178 DEBUG: 			View 3 : 0.53642384106
2016-08-24 09:29:25,307 DEBUG: 			 Best view : 		Clinic_
2016-08-24 09:29:27,522 DEBUG: 		Start:	 Iteration 37
2016-08-24 09:29:27,538 DEBUG: 			View 0 : 0.635761589404
2016-08-24 09:29:27,545 DEBUG: 			View 1 : 0.476821192053
2016-08-24 09:29:27,580 DEBUG: 			View 2 : 0.509933774834
2016-08-24 09:29:27,588 DEBUG: 			View 3 : 0.523178807947
2016-08-24 09:29:27,714 DEBUG: 			 Best view : 		Methyl_
2016-08-24 09:29:29,889 DEBUG: 		Start:	 Iteration 38
2016-08-24 09:29:29,905 DEBUG: 			View 0 : 0.569536423841
2016-08-24 09:29:29,912 DEBUG: 			View 1 : 0.64238410596
2016-08-24 09:29:29,948 DEBUG: 			View 2 : 0.556291390728
2016-08-24 09:29:29,955 DEBUG: 			View 3 : 0.423841059603
2016-08-24 09:29:30,079 DEBUG: 			 Best view : 		MiRNA__
2016-08-24 09:29:32,282 DEBUG: 		Start:	 Iteration 39
2016-08-24 09:29:32,298 DEBUG: 			View 0 : 0.549668874172
2016-08-24 09:29:32,305 DEBUG: 			View 1 : 0.562913907285
2016-08-24 09:29:32,341 DEBUG: 			View 2 : 0.403973509934
2016-08-24 09:29:32,348 DEBUG: 			View 3 : 0.503311258278
2016-08-24 09:29:32,473 DEBUG: 			 Best view : 		MiRNA__
2016-08-24 09:29:34,735 DEBUG: 		Start:	 Iteration 40
2016-08-24 09:29:34,751 DEBUG: 			View 0 : 0.569536423841
2016-08-24 09:29:34,760 DEBUG: 			View 1 : 0.437086092715
2016-08-24 09:29:34,797 DEBUG: 			View 2 : 0.46357615894
2016-08-24 09:29:34,804 DEBUG: 			View 3 : 0.503311258278
2016-08-24 09:29:34,933 DEBUG: 			 Best view : 		Methyl_
2016-08-24 09:29:37,258 DEBUG: 		Start:	 Iteration 41
2016-08-24 09:29:37,274 DEBUG: 			View 0 : 0.549668874172
2016-08-24 09:29:37,281 DEBUG: 			View 1 : 0.708609271523
2016-08-24 09:29:37,316 DEBUG: 			View 2 : 0.41059602649
2016-08-24 09:29:37,323 DEBUG: 			View 3 : 0.437086092715
2016-08-24 09:29:37,453 DEBUG: 			 Best view : 		MiRNA__
2016-08-24 09:29:39,827 DEBUG: 		Start:	 Iteration 42
2016-08-24 09:29:39,843 DEBUG: 			View 0 : 0.615894039735
2016-08-24 09:29:39,850 DEBUG: 			View 1 : 0.549668874172
2016-08-24 09:29:39,886 DEBUG: 			View 2 : 0.562913907285
2016-08-24 09:29:39,893 DEBUG: 			View 3 : 0.543046357616
2016-08-24 09:29:40,025 DEBUG: 			 Best view : 		Methyl_
2016-08-24 09:29:42,592 DEBUG: 		Start:	 Iteration 43
2016-08-24 09:29:42,611 DEBUG: 			View 0 : 0.602649006623
2016-08-24 09:29:42,620 DEBUG: 			View 1 : 0.549668874172
2016-08-24 09:29:42,664 DEBUG: 			View 2 : 0.450331125828
2016-08-24 09:29:42,673 DEBUG: 			View 3 : 0.549668874172
2016-08-24 09:29:42,907 DEBUG: 			 Best view : 		Methyl_
2016-08-24 09:29:45,611 DEBUG: 		Start:	 Iteration 44
2016-08-24 09:29:45,627 DEBUG: 			View 0 : 0.344370860927
2016-08-24 09:29:45,635 DEBUG: 			View 1 : 0.582781456954
2016-08-24 09:29:45,672 DEBUG: 			View 2 : 0.556291390728
2016-08-24 09:29:45,679 DEBUG: 			View 3 : 0.450331125828
2016-08-24 09:29:45,821 DEBUG: 			 Best view : 		MiRNA__
2016-08-24 09:29:48,520 DEBUG: 		Start:	 Iteration 45
2016-08-24 09:29:48,539 DEBUG: 			View 0 : 0.662251655629
2016-08-24 09:29:48,548 DEBUG: 			View 1 : 0.596026490066
2016-08-24 09:29:48,589 DEBUG: 			View 2 : 0.549668874172
2016-08-24 09:29:48,597 DEBUG: 			View 3 : 0.483443708609
2016-08-24 09:29:48,760 DEBUG: 			 Best view : 		Methyl_
2016-08-24 09:29:51,441 DEBUG: 		Start:	 Iteration 46
2016-08-24 09:29:51,457 DEBUG: 			View 0 : 0.523178807947
2016-08-24 09:29:51,466 DEBUG: 			View 1 : 0.64238410596
2016-08-24 09:29:51,502 DEBUG: 			View 2 : 0.562913907285
2016-08-24 09:29:51,510 DEBUG: 			View 3 : 0.430463576159
2016-08-24 09:29:51,667 DEBUG: 			 Best view : 		MiRNA__
2016-08-24 09:29:54,334 DEBUG: 		Start:	 Iteration 47
2016-08-24 09:29:54,350 DEBUG: 			View 0 : 0.437086092715
2016-08-24 09:29:54,358 DEBUG: 			View 1 : 0.53642384106
2016-08-24 09:29:54,393 DEBUG: 			View 2 : 0.437086092715
2016-08-24 09:29:54,401 DEBUG: 			View 3 : 0.483443708609
2016-08-24 09:29:54,544 DEBUG: 			 Best view : 		MiRNA__
2016-08-24 09:29:57,261 DEBUG: 		Start:	 Iteration 48
2016-08-24 09:29:57,277 DEBUG: 			View 0 : 0.53642384106
2016-08-24 09:29:57,285 DEBUG: 			View 1 : 0.569536423841
2016-08-24 09:29:57,320 DEBUG: 			View 2 : 0.562913907285
2016-08-24 09:29:57,327 DEBUG: 			View 3 : 0.456953642384
2016-08-24 09:29:57,473 DEBUG: 			 Best view : 		MiRNA__
2016-08-24 09:30:00,260 DEBUG: 		Start:	 Iteration 49
2016-08-24 09:30:00,276 DEBUG: 			View 0 : 0.509933774834
2016-08-24 09:30:00,283 DEBUG: 			View 1 : 0.41059602649
2016-08-24 09:30:00,319 DEBUG: 			View 2 : 0.562913907285
2016-08-24 09:30:00,326 DEBUG: 			View 3 : 0.496688741722
2016-08-24 09:30:00,474 DEBUG: 			 Best view : 		RANSeq_
2016-08-24 09:30:03,315 DEBUG: 		Start:	 Iteration 50
2016-08-24 09:30:03,331 DEBUG: 			View 0 : 0.569536423841
2016-08-24 09:30:03,338 DEBUG: 			View 1 : 0.437086092715
2016-08-24 09:30:03,373 DEBUG: 			View 2 : 0.430463576159
2016-08-24 09:30:03,381 DEBUG: 			View 3 : 0.503311258278
2016-08-24 09:30:03,531 DEBUG: 			 Best view : 		Methyl_
2016-08-24 09:30:06,430 DEBUG: 		Start:	 Iteration 51
2016-08-24 09:30:06,446 DEBUG: 			View 0 : 0.476821192053
2016-08-24 09:30:06,453 DEBUG: 			View 1 : 0.602649006623
2016-08-24 09:30:06,489 DEBUG: 			View 2 : 0.556291390728
2016-08-24 09:30:06,496 DEBUG: 			View 3 : 0.609271523179
2016-08-24 09:30:06,648 DEBUG: 			 Best view : 		Clinic_
2016-08-24 09:30:09,800 DEBUG: 		Start:	 Iteration 52
2016-08-24 09:30:09,818 DEBUG: 			View 0 : 0.64238410596
2016-08-24 09:30:09,826 DEBUG: 			View 1 : 0.490066225166
2016-08-24 09:30:09,861 DEBUG: 			View 2 : 0.423841059603
2016-08-24 09:30:09,868 DEBUG: 			View 3 : 0.470198675497
2016-08-24 09:30:10,026 DEBUG: 			 Best view : 		Methyl_
2016-08-24 09:30:13,052 INFO: 	Start: 	 Classification
2016-08-24 09:30:20,660 INFO: 	Done: 	 Fold number 1
2016-08-24 09:30:20,660 INFO: 	Start:	 Fold number 2
2016-08-24 09:30:22,264 DEBUG: 		Start:	 Iteration 1
2016-08-24 09:30:22,279 DEBUG: 			View 0 : 0.62962962963
2016-08-24 09:30:22,287 DEBUG: 			View 1 : 0.62962962963
2016-08-24 09:30:22,315 DEBUG: 			View 2 : 0.62962962963
2016-08-24 09:30:22,323 DEBUG: 			View 3 : 0.62962962963
2016-08-24 09:30:22,364 DEBUG: 			 Best view : 		Methyl_
2016-08-24 09:30:22,443 DEBUG: 		Start:	 Iteration 2
2016-08-24 09:30:22,461 DEBUG: 			View 0 : 0.432098765432
2016-08-24 09:30:22,468 DEBUG: 			View 1 : 0.345679012346
2016-08-24 09:30:22,506 DEBUG: 			View 2 : 0.37037037037
2016-08-24 09:30:22,514 DEBUG: 			View 3 : 0.598765432099
2016-08-24 09:30:22,560 DEBUG: 			 Best view : 		Clinic_
2016-08-24 09:30:22,701 DEBUG: 		Start:	 Iteration 3
2016-08-24 09:30:22,718 DEBUG: 			View 0 : 0.481481481481
2016-08-24 09:30:22,726 DEBUG: 			View 1 : 0.425925925926
2016-08-24 09:30:22,764 DEBUG: 			View 2 : 0.555555555556
2016-08-24 09:30:22,772 DEBUG: 			View 3 : 0.444444444444
2016-08-24 09:30:22,827 DEBUG: 			 Best view : 		RANSeq_
2016-08-24 09:30:23,047 DEBUG: 		Start:	 Iteration 4
2016-08-24 09:30:23,064 DEBUG: 			View 0 : 0.635802469136
2016-08-24 09:30:23,072 DEBUG: 			View 1 : 0.549382716049
2016-08-24 09:30:23,109 DEBUG: 			View 2 : 0.450617283951
2016-08-24 09:30:23,117 DEBUG: 			View 3 : 0.598765432099
2016-08-24 09:30:23,174 DEBUG: 			 Best view : 		Methyl_
2016-08-24 09:30:23,451 DEBUG: 		Start:	 Iteration 5
2016-08-24 09:30:23,468 DEBUG: 			View 0 : 0.462962962963
2016-08-24 09:30:23,476 DEBUG: 			View 1 : 0.364197530864
2016-08-24 09:30:23,513 DEBUG: 			View 2 : 0.469135802469
2016-08-24 09:30:23,521 DEBUG: 			View 3 : 0.524691358025
2016-08-24 09:30:23,579 DEBUG: 			 Best view : 		Clinic_
2016-08-24 09:30:23,913 DEBUG: 		Start:	 Iteration 6
2016-08-24 09:30:23,929 DEBUG: 			View 0 : 0.592592592593
2016-08-24 09:30:23,937 DEBUG: 			View 1 : 0.666666666667
2016-08-24 09:30:23,974 DEBUG: 			View 2 : 0.493827160494
2016-08-24 09:30:23,981 DEBUG: 			View 3 : 0.549382716049
2016-08-24 09:30:24,042 DEBUG: 			 Best view : 		MiRNA__
2016-08-24 09:30:24,446 DEBUG: 		Start:	 Iteration 7
2016-08-24 09:30:24,463 DEBUG: 			View 0 : 0.413580246914
2016-08-24 09:30:24,471 DEBUG: 			View 1 : 0.450617283951
2016-08-24 09:30:24,509 DEBUG: 			View 2 : 0.432098765432
2016-08-24 09:30:24,517 DEBUG: 			View 3 : 0.401234567901
2016-08-24 09:30:24,517 WARNING: All bad for iteration 6
2016-08-24 09:30:24,581 DEBUG: 			 Best view : 		Clinic_
2016-08-24 09:30:25,033 DEBUG: 		Start:	 Iteration 8
2016-08-24 09:30:25,050 DEBUG: 			View 0 : 0.413580246914
2016-08-24 09:30:25,058 DEBUG: 			View 1 : 0.648148148148
2016-08-24 09:30:25,095 DEBUG: 			View 2 : 0.598765432099
2016-08-24 09:30:25,102 DEBUG: 			View 3 : 0.549382716049
2016-08-24 09:30:25,168 DEBUG: 			 Best view : 		MiRNA__
2016-08-24 09:30:25,678 DEBUG: 		Start:	 Iteration 9
2016-08-24 09:30:25,695 DEBUG: 			View 0 : 0.549382716049
2016-08-24 09:30:25,703 DEBUG: 			View 1 : 0.549382716049
2016-08-24 09:30:25,740 DEBUG: 			View 2 : 0.567901234568
2016-08-24 09:30:25,748 DEBUG: 			View 3 : 0.530864197531
2016-08-24 09:30:25,815 DEBUG: 			 Best view : 		MiRNA__
2016-08-24 09:30:26,384 DEBUG: 		Start:	 Iteration 10
2016-08-24 09:30:26,401 DEBUG: 			View 0 : 0.716049382716
2016-08-24 09:30:26,409 DEBUG: 			View 1 : 0.524691358025
2016-08-24 09:30:26,445 DEBUG: 			View 2 : 0.444444444444
2016-08-24 09:30:26,453 DEBUG: 			View 3 : 0.395061728395
2016-08-24 09:30:26,522 DEBUG: 			 Best view : 		Methyl_
2016-08-24 09:30:27,154 DEBUG: 		Start:	 Iteration 11
2016-08-24 09:30:27,171 DEBUG: 			View 0 : 0.407407407407
2016-08-24 09:30:27,179 DEBUG: 			View 1 : 0.506172839506
2016-08-24 09:30:27,216 DEBUG: 			View 2 : 0.469135802469
2016-08-24 09:30:27,223 DEBUG: 			View 3 : 0.506172839506
2016-08-24 09:30:27,295 DEBUG: 			 Best view : 		Clinic_
2016-08-24 09:30:27,985 DEBUG: 		Start:	 Iteration 12
2016-08-24 09:30:28,001 DEBUG: 			View 0 : 0.524691358025
2016-08-24 09:30:28,009 DEBUG: 			View 1 : 0.586419753086
2016-08-24 09:30:28,046 DEBUG: 			View 2 : 0.543209876543
2016-08-24 09:30:28,054 DEBUG: 			View 3 : 0.617283950617
2016-08-24 09:30:28,128 DEBUG: 			 Best view : 		MiRNA__
2016-08-24 09:30:28,887 DEBUG: 		Start:	 Iteration 13
2016-08-24 09:30:28,904 DEBUG: 			View 0 : 0.567901234568
2016-08-24 09:30:28,911 DEBUG: 			View 1 : 0.648148148148
2016-08-24 09:30:28,948 DEBUG: 			View 2 : 0.432098765432
2016-08-24 09:30:28,956 DEBUG: 			View 3 : 0.395061728395
2016-08-24 09:30:29,034 DEBUG: 			 Best view : 		MiRNA__
2016-08-24 09:30:29,843 DEBUG: 		Start:	 Iteration 14
2016-08-24 09:30:29,860 DEBUG: 			View 0 : 0.5
2016-08-24 09:30:29,868 DEBUG: 			View 1 : 0.716049382716
2016-08-24 09:30:29,905 DEBUG: 			View 2 : 0.487654320988
2016-08-24 09:30:29,912 DEBUG: 			View 3 : 0.537037037037
2016-08-24 09:30:29,991 DEBUG: 			 Best view : 		MiRNA__
2016-08-24 09:30:30,859 DEBUG: 		Start:	 Iteration 15
2016-08-24 09:30:30,876 DEBUG: 			View 0 : 0.487654320988
2016-08-24 09:30:30,884 DEBUG: 			View 1 : 0.70987654321
2016-08-24 09:30:30,921 DEBUG: 			View 2 : 0.425925925926
2016-08-24 09:30:30,929 DEBUG: 			View 3 : 0.462962962963
2016-08-24 09:30:31,012 DEBUG: 			 Best view : 		MiRNA__
2016-08-24 09:30:31,939 DEBUG: 		Start:	 Iteration 16
2016-08-24 09:30:31,956 DEBUG: 			View 0 : 0.574074074074
2016-08-24 09:30:31,963 DEBUG: 			View 1 : 0.364197530864
2016-08-24 09:30:32,000 DEBUG: 			View 2 : 0.592592592593
2016-08-24 09:30:32,008 DEBUG: 			View 3 : 0.444444444444
2016-08-24 09:30:32,090 DEBUG: 			 Best view : 		Methyl_
2016-08-24 09:30:33,081 DEBUG: 		Start:	 Iteration 17
2016-08-24 09:30:33,098 DEBUG: 			View 0 : 0.58024691358
2016-08-24 09:30:33,106 DEBUG: 			View 1 : 0.413580246914
2016-08-24 09:30:33,143 DEBUG: 			View 2 : 0.5
2016-08-24 09:30:33,150 DEBUG: 			View 3 : 0.543209876543
2016-08-24 09:30:33,236 DEBUG: 			 Best view : 		Methyl_
2016-08-24 09:30:34,291 DEBUG: 		Start:	 Iteration 18
2016-08-24 09:30:34,307 DEBUG: 			View 0 : 0.530864197531
2016-08-24 09:30:34,315 DEBUG: 			View 1 : 0.623456790123
2016-08-24 09:30:34,352 DEBUG: 			View 2 : 0.444444444444
2016-08-24 09:30:34,360 DEBUG: 			View 3 : 0.493827160494
2016-08-24 09:30:34,448 DEBUG: 			 Best view : 		MiRNA__
2016-08-24 09:30:35,560 DEBUG: 		Start:	 Iteration 19
2016-08-24 09:30:35,576 DEBUG: 			View 0 : 0.41975308642
2016-08-24 09:30:35,584 DEBUG: 			View 1 : 0.481481481481
2016-08-24 09:30:35,621 DEBUG: 			View 2 : 0.432098765432
2016-08-24 09:30:35,628 DEBUG: 			View 3 : 0.518518518519
2016-08-24 09:30:35,719 DEBUG: 			 Best view : 		Clinic_
2016-08-24 09:30:36,890 DEBUG: 		Start:	 Iteration 20
2016-08-24 09:30:36,907 DEBUG: 			View 0 : 0.518518518519
2016-08-24 09:30:36,915 DEBUG: 			View 1 : 0.283950617284
2016-08-24 09:30:36,952 DEBUG: 			View 2 : 0.58024691358
2016-08-24 09:30:36,960 DEBUG: 			View 3 : 0.487654320988
2016-08-24 09:30:37,053 DEBUG: 			 Best view : 		RANSeq_
2016-08-24 09:30:38,326 DEBUG: 		Start:	 Iteration 21
2016-08-24 09:30:38,343 DEBUG: 			View 0 : 0.450617283951
2016-08-24 09:30:38,351 DEBUG: 			View 1 : 0.623456790123
2016-08-24 09:30:38,389 DEBUG: 			View 2 : 0.456790123457
2016-08-24 09:30:38,397 DEBUG: 			View 3 : 0.462962962963
2016-08-24 09:30:38,493 DEBUG: 			 Best view : 		MiRNA__
2016-08-24 09:30:39,813 DEBUG: 		Start:	 Iteration 22
2016-08-24 09:30:39,831 DEBUG: 			View 0 : 0.598765432099
2016-08-24 09:30:39,839 DEBUG: 			View 1 : 0.345679012346
2016-08-24 09:30:39,876 DEBUG: 			View 2 : 0.462962962963
2016-08-24 09:30:39,884 DEBUG: 			View 3 : 0.604938271605
2016-08-24 09:30:39,984 DEBUG: 			 Best view : 		Methyl_
2016-08-24 09:30:41,351 DEBUG: 		Start:	 Iteration 23
2016-08-24 09:30:41,368 DEBUG: 			View 0 : 0.524691358025
2016-08-24 09:30:41,375 DEBUG: 			View 1 : 0.549382716049
2016-08-24 09:30:41,413 DEBUG: 			View 2 : 0.635802469136
2016-08-24 09:30:41,420 DEBUG: 			View 3 : 0.487654320988
2016-08-24 09:30:41,519 DEBUG: 			 Best view : 		RANSeq_
2016-08-24 09:30:42,958 DEBUG: 		Start:	 Iteration 24
2016-08-24 09:30:42,975 DEBUG: 			View 0 : 0.679012345679
2016-08-24 09:30:42,983 DEBUG: 			View 1 : 0.401234567901
2016-08-24 09:30:43,020 DEBUG: 			View 2 : 0.592592592593
2016-08-24 09:30:43,027 DEBUG: 			View 3 : 0.456790123457
2016-08-24 09:30:43,129 DEBUG: 			 Best view : 		Methyl_
2016-08-24 09:30:44,627 DEBUG: 		Start:	 Iteration 25
2016-08-24 09:30:44,644 DEBUG: 			View 0 : 0.487654320988
2016-08-24 09:30:44,652 DEBUG: 			View 1 : 0.654320987654
2016-08-24 09:30:44,689 DEBUG: 			View 2 : 0.450617283951
2016-08-24 09:30:44,696 DEBUG: 			View 3 : 0.58024691358
2016-08-24 09:30:44,800 DEBUG: 			 Best view : 		MiRNA__
2016-08-24 09:30:46,374 DEBUG: 		Start:	 Iteration 26
2016-08-24 09:30:46,392 DEBUG: 			View 0 : 0.425925925926
2016-08-24 09:30:46,400 DEBUG: 			View 1 : 0.376543209877
2016-08-24 09:30:46,439 DEBUG: 			View 2 : 0.512345679012
2016-08-24 09:30:46,446 DEBUG: 			View 3 : 0.475308641975
2016-08-24 09:30:46,558 DEBUG: 			 Best view : 		RANSeq_
2016-08-24 09:30:48,255 DEBUG: 		Start:	 Iteration 27
2016-08-24 09:30:48,272 DEBUG: 			View 0 : 0.586419753086
2016-08-24 09:30:48,280 DEBUG: 			View 1 : 0.549382716049
2016-08-24 09:30:48,318 DEBUG: 			View 2 : 0.5
2016-08-24 09:30:48,326 DEBUG: 			View 3 : 0.432098765432
2016-08-24 09:30:48,434 DEBUG: 			 Best view : 		MiRNA__
2016-08-24 09:30:50,179 DEBUG: 		Start:	 Iteration 28
2016-08-24 09:30:50,196 DEBUG: 			View 0 : 0.524691358025
2016-08-24 09:30:50,204 DEBUG: 			View 1 : 0.41975308642
2016-08-24 09:30:50,242 DEBUG: 			View 2 : 0.481481481481
2016-08-24 09:30:50,250 DEBUG: 			View 3 : 0.549382716049
2016-08-24 09:30:50,361 DEBUG: 			 Best view : 		Methyl_
2016-08-24 09:30:52,134 DEBUG: 		Start:	 Iteration 29
2016-08-24 09:30:52,151 DEBUG: 			View 0 : 0.438271604938
2016-08-24 09:30:52,159 DEBUG: 			View 1 : 0.672839506173
2016-08-24 09:30:52,197 DEBUG: 			View 2 : 0.617283950617
2016-08-24 09:30:52,205 DEBUG: 			View 3 : 0.407407407407
2016-08-24 09:30:52,321 DEBUG: 			 Best view : 		MiRNA__
2016-08-24 09:30:54,169 DEBUG: 		Start:	 Iteration 30
2016-08-24 09:30:54,186 DEBUG: 			View 0 : 0.475308641975
2016-08-24 09:30:54,194 DEBUG: 			View 1 : 0.487654320988
2016-08-24 09:30:54,232 DEBUG: 			View 2 : 0.58024691358
2016-08-24 09:30:54,239 DEBUG: 			View 3 : 0.376543209877
2016-08-24 09:30:54,355 DEBUG: 			 Best view : 		RANSeq_
2016-08-24 09:30:56,248 DEBUG: 		Start:	 Iteration 31
2016-08-24 09:30:56,266 DEBUG: 			View 0 : 0.586419753086
2016-08-24 09:30:56,274 DEBUG: 			View 1 : 0.407407407407
2016-08-24 09:30:56,312 DEBUG: 			View 2 : 0.66049382716
2016-08-24 09:30:56,320 DEBUG: 			View 3 : 0.549382716049
2016-08-24 09:30:56,442 DEBUG: 			 Best view : 		RANSeq_
2016-08-24 09:30:58,403 DEBUG: 		Start:	 Iteration 32
2016-08-24 09:30:58,420 DEBUG: 			View 0 : 0.469135802469
2016-08-24 09:30:58,428 DEBUG: 			View 1 : 0.734567901235
2016-08-24 09:30:58,465 DEBUG: 			View 2 : 0.567901234568
2016-08-24 09:30:58,472 DEBUG: 			View 3 : 0.506172839506
2016-08-24 09:30:58,592 DEBUG: 			 Best view : 		MiRNA__
2016-08-24 09:31:00,607 DEBUG: 		Start:	 Iteration 33
2016-08-24 09:31:00,623 DEBUG: 			View 0 : 0.493827160494
2016-08-24 09:31:00,631 DEBUG: 			View 1 : 0.685185185185
2016-08-24 09:31:00,668 DEBUG: 			View 2 : 0.41975308642
2016-08-24 09:31:00,676 DEBUG: 			View 3 : 0.487654320988
2016-08-24 09:31:00,798 DEBUG: 			 Best view : 		MiRNA__
2016-08-24 09:31:02,869 DEBUG: 		Start:	 Iteration 34
2016-08-24 09:31:02,885 DEBUG: 			View 0 : 0.425925925926
2016-08-24 09:31:02,893 DEBUG: 			View 1 : 0.567901234568
2016-08-24 09:31:02,931 DEBUG: 			View 2 : 0.425925925926
2016-08-24 09:31:02,939 DEBUG: 			View 3 : 0.462962962963
2016-08-24 09:31:03,064 DEBUG: 			 Best view : 		MiRNA__
2016-08-24 09:31:05,264 DEBUG: 		Start:	 Iteration 35
2016-08-24 09:31:05,281 DEBUG: 			View 0 : 0.611111111111
2016-08-24 09:31:05,289 DEBUG: 			View 1 : 0.444444444444
2016-08-24 09:31:05,327 DEBUG: 			View 2 : 0.456790123457
2016-08-24 09:31:05,334 DEBUG: 			View 3 : 0.567901234568
2016-08-24 09:31:05,465 DEBUG: 			 Best view : 		Methyl_
2016-08-24 09:31:07,724 DEBUG: 		Start:	 Iteration 36
2016-08-24 09:31:07,741 DEBUG: 			View 0 : 0.296296296296
2016-08-24 09:31:07,749 DEBUG: 			View 1 : 0.635802469136
2016-08-24 09:31:07,787 DEBUG: 			View 2 : 0.487654320988
2016-08-24 09:31:07,795 DEBUG: 			View 3 : 0.506172839506
2016-08-24 09:31:07,928 DEBUG: 			 Best view : 		MiRNA__
2016-08-24 09:31:10,248 DEBUG: 		Start:	 Iteration 37
2016-08-24 09:31:10,264 DEBUG: 			View 0 : 0.364197530864
2016-08-24 09:31:10,272 DEBUG: 			View 1 : 0.623456790123
2016-08-24 09:31:10,309 DEBUG: 			View 2 : 0.518518518519
2016-08-24 09:31:10,317 DEBUG: 			View 3 : 0.586419753086
2016-08-24 09:31:10,448 DEBUG: 			 Best view : 		MiRNA__
2016-08-24 09:31:12,764 DEBUG: 		Start:	 Iteration 38
2016-08-24 09:31:12,781 DEBUG: 			View 0 : 0.567901234568
2016-08-24 09:31:12,789 DEBUG: 			View 1 : 0.66049382716
2016-08-24 09:31:12,825 DEBUG: 			View 2 : 0.561728395062
2016-08-24 09:31:12,833 DEBUG: 			View 3 : 0.41975308642
2016-08-24 09:31:12,966 DEBUG: 			 Best view : 		MiRNA__
2016-08-24 09:31:15,340 DEBUG: 		Start:	 Iteration 39
2016-08-24 09:31:15,356 DEBUG: 			View 0 : 0.432098765432
2016-08-24 09:31:15,364 DEBUG: 			View 1 : 0.654320987654
2016-08-24 09:31:15,402 DEBUG: 			View 2 : 0.574074074074
2016-08-24 09:31:15,410 DEBUG: 			View 3 : 0.450617283951
2016-08-24 09:31:15,550 DEBUG: 			 Best view : 		MiRNA__
2016-08-24 09:31:17,981 DEBUG: 		Start:	 Iteration 40
2016-08-24 09:31:17,998 DEBUG: 			View 0 : 0.598765432099
2016-08-24 09:31:18,006 DEBUG: 			View 1 : 0.623456790123
2016-08-24 09:31:18,043 DEBUG: 			View 2 : 0.555555555556
2016-08-24 09:31:18,051 DEBUG: 			View 3 : 0.530864197531
2016-08-24 09:31:18,189 DEBUG: 			 Best view : 		MiRNA__
2016-08-24 09:31:20,681 DEBUG: 		Start:	 Iteration 41
2016-08-24 09:31:20,699 DEBUG: 			View 0 : 0.5
2016-08-24 09:31:20,706 DEBUG: 			View 1 : 0.716049382716
2016-08-24 09:31:20,744 DEBUG: 			View 2 : 0.388888888889
2016-08-24 09:31:20,751 DEBUG: 			View 3 : 0.617283950617
2016-08-24 09:31:20,895 DEBUG: 			 Best view : 		MiRNA__
2016-08-24 09:31:23,510 DEBUG: 		Start:	 Iteration 42
2016-08-24 09:31:23,528 DEBUG: 			View 0 : 0.388888888889
2016-08-24 09:31:23,536 DEBUG: 			View 1 : 0.654320987654
2016-08-24 09:31:23,574 DEBUG: 			View 2 : 0.58024691358
2016-08-24 09:31:23,582 DEBUG: 			View 3 : 0.407407407407
2016-08-24 09:31:23,729 DEBUG: 			 Best view : 		MiRNA__
2016-08-24 09:31:26,574 DEBUG: 		Start:	 Iteration 43
2016-08-24 09:31:26,592 DEBUG: 			View 0 : 0.481481481481
2016-08-24 09:31:26,600 DEBUG: 			View 1 : 0.604938271605
2016-08-24 09:31:26,638 DEBUG: 			View 2 : 0.481481481481
2016-08-24 09:31:26,646 DEBUG: 			View 3 : 0.407407407407
2016-08-24 09:31:26,793 DEBUG: 			 Best view : 		MiRNA__
2016-08-24 09:31:29,678 DEBUG: 		Start:	 Iteration 44
2016-08-24 09:31:29,697 DEBUG: 			View 0 : 0.462962962963
2016-08-24 09:31:29,706 DEBUG: 			View 1 : 0.561728395062
2016-08-24 09:31:29,749 DEBUG: 			View 2 : 0.537037037037
2016-08-24 09:31:29,758 DEBUG: 			View 3 : 0.543209876543
2016-08-24 09:31:29,929 DEBUG: 			 Best view : 		MiRNA__
2016-08-24 09:31:32,694 DEBUG: 		Start:	 Iteration 45
2016-08-24 09:31:32,711 DEBUG: 			View 0 : 0.530864197531
2016-08-24 09:31:32,719 DEBUG: 			View 1 : 0.679012345679
2016-08-24 09:31:32,756 DEBUG: 			View 2 : 0.358024691358
2016-08-24 09:31:32,764 DEBUG: 			View 3 : 0.518518518519
2016-08-24 09:31:32,917 DEBUG: 			 Best view : 		MiRNA__
2016-08-24 09:31:35,983 DEBUG: 		Start:	 Iteration 46
2016-08-24 09:31:36,000 DEBUG: 			View 0 : 0.475308641975
2016-08-24 09:31:36,008 DEBUG: 			View 1 : 0.382716049383
2016-08-24 09:31:36,045 DEBUG: 			View 2 : 0.493827160494
2016-08-24 09:31:36,053 DEBUG: 			View 3 : 0.475308641975
2016-08-24 09:31:36,053 WARNING: All bad for iteration 45
2016-08-24 09:31:36,209 DEBUG: 			 Best view : 		RANSeq_
2016-08-24 09:31:39,103 DEBUG: 		Start:	 Iteration 47
2016-08-24 09:31:39,122 DEBUG: 			View 0 : 0.611111111111
2016-08-24 09:31:39,130 DEBUG: 			View 1 : 0.512345679012
2016-08-24 09:31:39,174 DEBUG: 			View 2 : 0.462962962963
2016-08-24 09:31:39,182 DEBUG: 			View 3 : 0.506172839506
2016-08-24 09:31:39,352 DEBUG: 			 Best view : 		Methyl_
2016-08-24 09:31:42,556 DEBUG: 		Start:	 Iteration 48
2016-08-24 09:31:42,572 DEBUG: 			View 0 : 0.530864197531
2016-08-24 09:31:42,580 DEBUG: 			View 1 : 0.604938271605
2016-08-24 09:31:42,619 DEBUG: 			View 2 : 0.518518518519
2016-08-24 09:31:42,628 DEBUG: 			View 3 : 0.407407407407
2016-08-24 09:31:42,789 DEBUG: 			 Best view : 		MiRNA__
2016-08-24 09:31:46,061 DEBUG: 		Start:	 Iteration 49
2016-08-24 09:31:46,078 DEBUG: 			View 0 : 0.413580246914
2016-08-24 09:31:46,086 DEBUG: 			View 1 : 0.549382716049
2016-08-24 09:31:46,124 DEBUG: 			View 2 : 0.62962962963
2016-08-24 09:31:46,131 DEBUG: 			View 3 : 0.407407407407
2016-08-24 09:31:46,294 DEBUG: 			 Best view : 		RANSeq_
