2016-08-22 12:39:00,625 INFO: ### Main Programm for Multiview Classification
2016-08-22 12:39:00,625 INFO: ### Classification - Database : ModifiedMultiOmic ; Views : Methyl, MiRNA, RNASEQ, Clinical ; Algorithm : Mumbo ; Cores : 1
2016-08-22 12:39:00,625 INFO: Start:	 Read HDF5 Database Files for ModifiedMultiOmic
2016-08-22 12:39:00,627 INFO: Info:	 Labels used: No, Yes
2016-08-22 12:39:00,627 INFO: Info:	 Length of dataset:347
2016-08-22 12:39:00,628 INFO: Info:	 Shape of Methyl_ :[  347 25978]
2016-08-22 12:39:00,629 INFO: Info:	 Shape of MiRNA__ :[ 347 1046]
2016-08-22 12:39:00,630 INFO: Info:	 Shape of RNASeq_ :[  347 73599]
2016-08-22 12:39:00,631 INFO: Info:	 Shape of Clinic_ :[347 127]
2016-08-22 12:39:00,632 INFO: Info:	 Shape of MRNASeq :[  347 73599]
2016-08-22 12:39:00,632 INFO: Done:	 Read Database Files
2016-08-22 12:39:00,632 INFO: Start:	 Determine validation split for ratio 0.7
2016-08-22 12:39:00,635 INFO: Done:	 Determine validation split
2016-08-22 12:39:00,635 INFO: Start:	 Determine 4 folds
2016-08-22 12:39:00,642 INFO: Info:	 Length of Learning Sets: 184
2016-08-22 12:39:00,642 INFO: Info:	 Length of Testing Sets: 60
2016-08-22 12:39:00,643 INFO: Info:	 Length of Validation Set: 103
2016-08-22 12:39:00,643 INFO: Done:	 Determine folds
2016-08-22 12:39:00,643 INFO: Start:	 Learning with Mumbo and 4 folds
2016-08-22 12:40:49,321 INFO: 	Start:	 Fold number 1
2016-08-22 12:40:49,971 DEBUG: 		Start:	 Iteration 1
2016-08-22 12:40:50,002 DEBUG: 			View 0 : 0.618811881188
2016-08-22 12:40:50,011 DEBUG: 			View 1 : 0.618811881188
2016-08-22 12:40:50,222 DEBUG: 			View 2 : 0.618811881188
2016-08-22 12:40:50,230 DEBUG: 			View 3 : 0.584158415842
2016-08-22 12:40:50,318 DEBUG: 			View 4 : 0.618811881188
2016-08-22 12:40:50,366 DEBUG: 			 Best view : 		Clinic_
2016-08-22 12:40:50,373 DEBUG: 		Start:	 Iteration 2
2016-08-22 12:40:50,407 DEBUG: 			View 0 : 0.539603960396
2016-08-22 12:40:50,415 DEBUG: 			View 1 : 0.509900990099
2016-08-22 12:40:50,569 DEBUG: 			View 2 : 0.554455445545
2016-08-22 12:40:50,577 DEBUG: 			View 3 : 0.559405940594
2016-08-22 12:40:50,769 DEBUG: 			View 4 : 0.549504950495
2016-08-22 12:40:50,824 DEBUG: 			 Best view : 		Clinic_
2016-08-22 12:40:50,834 DEBUG: 		Start:	 Iteration 3
2016-08-22 12:40:50,867 DEBUG: 			View 0 : 0.450495049505
2016-08-22 12:40:50,876 DEBUG: 			View 1 : 0.633663366337
2016-08-22 12:40:51,033 DEBUG: 			View 2 : 0.579207920792
2016-08-22 12:40:51,041 DEBUG: 			View 3 : 0.589108910891
2016-08-22 12:40:51,227 DEBUG: 			View 4 : 0.60396039604
2016-08-22 12:40:51,295 DEBUG: 			 Best view : 		MiRNA__
2016-08-22 12:40:51,305 DEBUG: 		Start:	 Iteration 4
2016-08-22 12:40:51,339 DEBUG: 			View 0 : 0.514851485149
2016-08-22 12:40:51,347 DEBUG: 			View 1 : 0.579207920792
2016-08-22 12:40:51,504 DEBUG: 			View 2 : 0.539603960396
2016-08-22 12:40:51,512 DEBUG: 			View 3 : 0.638613861386
2016-08-22 12:40:51,702 DEBUG: 			View 4 : 0.584158415842
2016-08-22 12:40:51,774 DEBUG: 			 Best view : 		Clinic_
2016-08-22 12:40:51,784 DEBUG: 		Start:	 Iteration 5
2016-08-22 12:40:51,818 DEBUG: 			View 0 : 0.618811881188
2016-08-22 12:40:51,826 DEBUG: 			View 1 : 0.673267326733
2016-08-22 12:40:51,983 DEBUG: 			View 2 : 0.584158415842
2016-08-22 12:40:51,990 DEBUG: 			View 3 : 0.584158415842
2016-08-22 12:40:52,181 DEBUG: 			View 4 : 0.60396039604
2016-08-22 12:40:52,256 DEBUG: 			 Best view : 		MiRNA__
2016-08-22 12:40:52,266 DEBUG: 		Start:	 Iteration 6
2016-08-22 12:40:52,300 DEBUG: 			View 0 : 0.524752475248
2016-08-22 12:40:52,308 DEBUG: 			View 1 : 0.618811881188
2016-08-22 12:40:52,469 DEBUG: 			View 2 : 0.559405940594
2016-08-22 12:40:52,476 DEBUG: 			View 3 : 0.60396039604
2016-08-22 12:40:52,661 DEBUG: 			View 4 : 0.658415841584
2016-08-22 12:40:52,740 DEBUG: 			 Best view : 		MRNASeq
2016-08-22 12:40:52,751 DEBUG: 		Start:	 Iteration 7
2016-08-22 12:40:52,784 DEBUG: 			View 0 : 0.742574257426
2016-08-22 12:40:52,792 DEBUG: 			View 1 : 0.742574257426
2016-08-22 12:40:52,949 DEBUG: 			View 2 : 0.549504950495
2016-08-22 12:40:52,957 DEBUG: 			View 3 : 0.678217821782
2016-08-22 12:40:53,152 DEBUG: 			View 4 : 0.549504950495
2016-08-22 12:40:53,235 DEBUG: 			 Best view : 		Methyl_
2016-08-22 12:40:53,246 DEBUG: 		Start:	 Iteration 8
2016-08-22 12:40:53,280 DEBUG: 			View 0 : 0.509900990099
2016-08-22 12:40:53,288 DEBUG: 			View 1 : 0.608910891089
2016-08-22 12:40:53,450 DEBUG: 			View 2 : 0.460396039604
2016-08-22 12:40:53,458 DEBUG: 			View 3 : 0.717821782178
2016-08-22 12:40:53,643 DEBUG: 			View 4 : 0.589108910891
2016-08-22 12:40:53,729 DEBUG: 			 Best view : 		Clinic_
2016-08-22 12:40:53,741 DEBUG: 		Start:	 Iteration 9
2016-08-22 12:40:53,774 DEBUG: 			View 0 : 0.40099009901
2016-08-22 12:40:53,783 DEBUG: 			View 1 : 0.633663366337
2016-08-22 12:40:53,945 DEBUG: 			View 2 : 0.613861386139
2016-08-22 12:40:53,953 DEBUG: 			View 3 : 0.59900990099
2016-08-22 12:40:54,141 DEBUG: 			View 4 : 0.638613861386
2016-08-22 12:40:54,231 DEBUG: 			 Best view : 		MRNASeq
2016-08-22 12:40:54,243 DEBUG: 		Start:	 Iteration 10
2016-08-22 12:40:54,277 DEBUG: 			View 0 : 0.554455445545
2016-08-22 12:40:54,285 DEBUG: 			View 1 : 0.673267326733
2016-08-22 12:40:54,444 DEBUG: 			View 2 : 0.579207920792
2016-08-22 12:40:54,452 DEBUG: 			View 3 : 0.589108910891
2016-08-22 12:40:54,640 DEBUG: 			View 4 : 0.584158415842
2016-08-22 12:40:54,734 DEBUG: 			 Best view : 		MiRNA__
2016-08-22 12:40:54,746 DEBUG: 		Start:	 Iteration 11
2016-08-22 12:40:54,780 DEBUG: 			View 0 : 0.638613861386
2016-08-22 12:40:54,788 DEBUG: 			View 1 : 0.485148514851
2016-08-22 12:40:54,945 DEBUG: 			View 2 : 0.623762376238
2016-08-22 12:40:54,953 DEBUG: 			View 3 : 0.584158415842
2016-08-22 12:40:55,141 DEBUG: 			View 4 : 0.539603960396
2016-08-22 12:40:55,238 DEBUG: 			 Best view : 		Methyl_
2016-08-22 12:40:55,250 DEBUG: 		Start:	 Iteration 12
2016-08-22 12:40:55,284 DEBUG: 			View 0 : 0.584158415842
2016-08-22 12:40:55,292 DEBUG: 			View 1 : 0.658415841584
