2016-08-22 10:55:20,912 INFO: ### Main Programm for Multiview Classification
2016-08-22 10:55:20,912 INFO: ### Classification - Database : ModifiedMultiOmic ; Views : Methyl, MiRNA, RNASEQ, Clinical ; Algorithm : Mumbo ; Cores : 1
2016-08-22 10:55:20,912 INFO: Start:	 Read HDF5 Database Files for ModifiedMultiOmic
2016-08-22 10:55:20,914 INFO: Info:	 Labels used: No, Yes
2016-08-22 10:55:20,914 INFO: Info:	 Length of dataset:347
2016-08-22 10:55:20,915 INFO: Info:	 Shape of Methyl_ :[  347 25978]
2016-08-22 10:55:20,916 INFO: Info:	 Shape of MiRNA__ :[ 347 1046]
2016-08-22 10:55:20,917 INFO: Info:	 Shape of RNASeq_ :[  347 73599]
2016-08-22 10:55:20,918 INFO: Info:	 Shape of Clinic_ :[347 127]
2016-08-22 10:55:20,919 INFO: Info:	 Shape of MRNASeq :[  347 73599]
2016-08-22 10:55:20,919 INFO: Done:	 Read Database Files
2016-08-22 10:55:20,919 INFO: Start:	 Determine validation split for ratio 0.7
2016-08-22 10:55:20,922 INFO: Done:	 Determine validation split
2016-08-22 10:55:20,922 INFO: Start:	 Determine 4 folds
2016-08-22 10:55:20,927 INFO: Info:	 Length of Learning Sets: 184
2016-08-22 10:55:20,927 INFO: Info:	 Length of Testing Sets: 60
2016-08-22 10:55:20,928 INFO: Info:	 Length of Validation Set: 103
2016-08-22 10:55:20,928 INFO: Done:	 Determine folds
2016-08-22 10:55:20,928 INFO: Start:	 Learning with Mumbo and 4 folds
2016-08-22 10:56:26,778 INFO: 	Start:	 Fold number 1
2016-08-22 10:56:27,414 DEBUG: 		Start:	 Iteration 1
