2016-08-24 09:44:08,361 INFO: Start:	 Read HDF5 Database Files for ModifiedMultiOmic
2016-08-24 09:44:08,361 INFO: Info:	 Labels used: No, Yes
2016-08-24 09:44:08,361 INFO: Info:	 Length of dataset:347
2016-08-24 09:44:08,363 INFO: ### Main Programm for Multiview Classification
2016-08-24 09:44:08,363 INFO: ### Classification - Database : ModifiedMultiOmic ; Views : Methyl, MiRNA, RNASEQ, Clinical ; Algorithm : Mumbo ; Cores : 1
2016-08-24 09:44:08,363 INFO: Info:	 Shape of Methyl_ :(347, 25978)
2016-08-24 09:44:08,364 INFO: Info:	 Shape of MiRNA__ :(347, 1046)
2016-08-24 09:44:08,364 INFO: Info:	 Shape of RANSeq_ :(347, 73599)
2016-08-24 09:44:08,365 INFO: Info:	 Shape of Clinic_ :(347, 127)
2016-08-24 09:44:08,365 INFO: Done:	 Read Database Files
2016-08-24 09:44:08,365 INFO: Start:	 Determine validation split for ratio 0.7
2016-08-24 09:44:08,368 INFO: Done:	 Determine validation split
2016-08-24 09:44:08,368 INFO: Start:	 Determine 2 folds
2016-08-24 09:44:08,378 INFO: Info:	 Length of Learning Sets: 122
2016-08-24 09:44:08,378 INFO: Info:	 Length of Testing Sets: 122
2016-08-24 09:44:08,378 INFO: Info:	 Length of Validation Set: 103
2016-08-24 09:44:08,379 INFO: Done:	 Determine folds
2016-08-24 09:44:08,379 INFO: Start:	 Learning with Mumbo and 2 folds
2016-08-24 09:44:08,379 INFO: Start:	 Gridsearching best settings for monoview classifiers
2016-08-24 09:44:08,379 DEBUG: 	Start:	 Gridsearch for DecisionTree on Methyl_
2016-08-24 09:44:15,803 DEBUG: 0.585648414986Poulet
2016-08-24 09:44:15,803 DEBUG: 0.560864553314Poulet
2016-08-24 09:44:15,803 DEBUG: 0.511642651297Poulet
2016-08-24 09:44:15,803 DEBUG: 	Done:	 Gridsearch for DecisionTree
2016-08-24 09:44:15,804 DEBUG: 	Start:	 Gridsearch for DecisionTree on MiRNA__
2016-08-24 09:44:17,725 DEBUG: 0.543054755043Poulet
2016-08-24 09:44:17,725 DEBUG: 	Done:	 Gridsearch for DecisionTree
2016-08-24 09:44:17,725 DEBUG: 	Start:	 Gridsearch for DecisionTree on RANSeq_
2016-08-24 09:44:34,897 DEBUG: 0.577463976945Poulet
2016-08-24 09:44:34,898 DEBUG: 0.563400576369Poulet
2016-08-24 09:44:34,898 DEBUG: 0.511930835735Poulet
2016-08-24 09:44:34,899 DEBUG: 	Done:	 Gridsearch for DecisionTree
2016-08-24 09:44:34,899 DEBUG: 	Start:	 Gridsearch for DecisionTree on Clinic_
2016-08-24 09:44:36,702 DEBUG: 0.56265129683Poulet
2016-08-24 09:44:36,702 DEBUG: 0.561383285303Poulet
2016-08-24 09:44:36,702 DEBUG: 0.501844380403Poulet
2016-08-24 09:44:36,702 DEBUG: 0.514351585014Poulet
2016-08-24 09:44:36,702 DEBUG: 	Done:	 Gridsearch for DecisionTree
2016-08-24 09:44:36,703 DEBUG: 	Start:	 Gridsearch for DecisionTree on MRNASeq
2016-08-24 09:45:24,687 DEBUG: 0.541556195965Poulet
2016-08-24 09:45:24,687 DEBUG: 0.528357348703Poulet
2016-08-24 09:45:24,689 DEBUG: 	Done:	 Gridsearch for DecisionTree
2016-08-24 09:45:24,689 INFO: Done:	 Gridsearching best settings for monoview classifiers
2016-08-24 09:45:24,689 INFO: 	Start:	 Fold number 1
2016-08-24 09:45:26,374 DEBUG: 		Start:	 Iteration 1
2016-08-24 09:45:26,392 DEBUG: 			View 0 : 0.379746835443
2016-08-24 09:45:26,400 DEBUG: 			View 1 : 0.620253164557
2016-08-24 09:45:26,431 DEBUG: 			View 2 : 0.620253164557
2016-08-24 09:45:26,442 DEBUG: 			View 3 : 0.620253164557
2016-08-24 09:45:26,485 DEBUG: 			 Best view : 		MiRNA__
2016-08-24 09:45:26,561 DEBUG: 		Start:	 Iteration 2
2016-08-24 09:45:26,579 DEBUG: 			View 0 : 0.443037974684
2016-08-24 09:45:26,587 DEBUG: 			View 1 : 0.563291139241
2016-08-24 09:45:26,628 DEBUG: 			View 2 : 0.563291139241
2016-08-24 09:45:26,636 DEBUG: 			View 3 : 0.651898734177
2016-08-24 09:45:26,693 DEBUG: 			 Best view : 		Clinic_
2016-08-24 09:45:26,830 DEBUG: 		Start:	 Iteration 3
2016-08-24 09:45:26,847 DEBUG: 			View 0 : 0.550632911392
2016-08-24 09:45:26,855 DEBUG: 			View 1 : 0.563291139241
2016-08-24 09:45:26,892 DEBUG: 			View 2 : 0.53164556962
2016-08-24 09:45:26,902 DEBUG: 			View 3 : 0.462025316456
2016-08-24 09:45:26,957 DEBUG: 			 Best view : 		Clinic_
2016-08-24 09:45:27,145 DEBUG: 		Start:	 Iteration 4
2016-08-24 09:45:27,161 DEBUG: 			View 0 : 0.569620253165
2016-08-24 09:45:27,169 DEBUG: 			View 1 : 0.329113924051
2016-08-24 09:45:27,206 DEBUG: 			View 2 : 0.525316455696
2016-08-24 09:45:27,214 DEBUG: 			View 3 : 0.588607594937
2016-08-24 09:45:27,272 DEBUG: 			 Best view : 		Clinic_
2016-08-24 09:45:27,520 DEBUG: 		Start:	 Iteration 5
2016-08-24 09:45:27,537 DEBUG: 			View 0 : 0.443037974684
2016-08-24 09:45:27,545 DEBUG: 			View 1 : 0.569620253165
2016-08-24 09:45:27,582 DEBUG: 			View 2 : 0.537974683544
2016-08-24 09:45:27,590 DEBUG: 			View 3 : 0.518987341772
2016-08-24 09:45:27,648 DEBUG: 			 Best view : 		MiRNA__
2016-08-24 09:45:27,951 DEBUG: 		Start:	 Iteration 6
2016-08-24 09:45:27,968 DEBUG: 			View 0 : 0.386075949367
2016-08-24 09:45:27,976 DEBUG: 			View 1 : 0.651898734177
2016-08-24 09:45:28,012 DEBUG: 			View 2 : 0.430379746835
2016-08-24 09:45:28,020 DEBUG: 			View 3 : 0.443037974684
2016-08-24 09:45:28,080 DEBUG: 			 Best view : 		MiRNA__
2016-08-24 09:45:28,444 DEBUG: 		Start:	 Iteration 7
2016-08-24 09:45:28,460 DEBUG: 			View 0 : 0.664556962025
2016-08-24 09:45:28,468 DEBUG: 			View 1 : 0.443037974684
2016-08-24 09:45:28,505 DEBUG: 			View 2 : 0.525316455696
2016-08-24 09:45:28,512 DEBUG: 			View 3 : 0.487341772152
2016-08-24 09:45:28,575 DEBUG: 			 Best view : 		Methyl_
2016-08-24 09:45:28,997 DEBUG: 		Start:	 Iteration 8
2016-08-24 09:45:29,014 DEBUG: 			View 0 : 0.424050632911
2016-08-24 09:45:29,021 DEBUG: 			View 1 : 0.417721518987
2016-08-24 09:45:29,058 DEBUG: 			View 2 : 0.556962025316
2016-08-24 09:45:29,066 DEBUG: 			View 3 : 0.594936708861
2016-08-24 09:45:29,131 DEBUG: 			 Best view : 		Clinic_
2016-08-24 09:45:29,628 DEBUG: 		Start:	 Iteration 9
2016-08-24 09:45:29,645 DEBUG: 			View 0 : 0.512658227848
2016-08-24 09:45:29,653 DEBUG: 			View 1 : 0.417721518987
2016-08-24 09:45:29,691 DEBUG: 			View 2 : 0.639240506329
2016-08-24 09:45:29,699 DEBUG: 			View 3 : 0.411392405063
2016-08-24 09:45:29,769 DEBUG: 			 Best view : 		RANSeq_
2016-08-24 09:45:30,333 DEBUG: 		Start:	 Iteration 10
2016-08-24 09:45:30,349 DEBUG: 			View 0 : 0.506329113924
2016-08-24 09:45:30,357 DEBUG: 			View 1 : 0.639240506329
2016-08-24 09:45:30,394 DEBUG: 			View 2 : 0.424050632911
2016-08-24 09:45:30,402 DEBUG: 			View 3 : 0.436708860759
2016-08-24 09:45:30,471 DEBUG: 			 Best view : 		MiRNA__
2016-08-24 09:45:31,083 DEBUG: 		Start:	 Iteration 11
2016-08-24 09:45:31,100 DEBUG: 			View 0 : 0.626582278481
2016-08-24 09:45:31,107 DEBUG: 			View 1 : 0.354430379747
2016-08-24 09:45:31,144 DEBUG: 			View 2 : 0.398734177215
2016-08-24 09:45:31,152 DEBUG: 			View 3 : 0.607594936709
2016-08-24 09:45:31,223 DEBUG: 			 Best view : 		Methyl_
2016-08-24 09:45:31,904 DEBUG: 		Start:	 Iteration 12
2016-08-24 09:45:31,921 DEBUG: 			View 0 : 0.689873417722
2016-08-24 09:45:31,929 DEBUG: 			View 1 : 0.481012658228
2016-08-24 09:45:31,965 DEBUG: 			View 2 : 0.46835443038
2016-08-24 09:45:31,973 DEBUG: 			View 3 : 0.493670886076
2016-08-24 09:45:32,047 DEBUG: 			 Best view : 		Methyl_
2016-08-24 09:45:32,812 DEBUG: 		Start:	 Iteration 13
2016-08-24 09:45:32,829 DEBUG: 			View 0 : 0.417721518987
2016-08-24 09:45:32,837 DEBUG: 			View 1 : 0.639240506329
2016-08-24 09:45:32,874 DEBUG: 			View 2 : 0.405063291139
2016-08-24 09:45:32,882 DEBUG: 			View 3 : 0.620253164557
2016-08-24 09:45:32,957 DEBUG: 			 Best view : 		MiRNA__
2016-08-24 09:45:33,749 DEBUG: 		Start:	 Iteration 14
2016-08-24 09:45:33,765 DEBUG: 			View 0 : 0.481012658228
2016-08-24 09:45:33,773 DEBUG: 			View 1 : 0.278481012658
2016-08-24 09:45:33,809 DEBUG: 			View 2 : 0.379746835443
2016-08-24 09:45:33,817 DEBUG: 			View 3 : 0.392405063291
2016-08-24 09:45:33,818 WARNING: WARNING:	All bad for iteration 13
2016-08-24 09:45:33,896 DEBUG: 			 Best view : 		Methyl_
2016-08-24 09:45:34,783 DEBUG: 		Start:	 Iteration 15
2016-08-24 09:45:34,801 DEBUG: 			View 0 : 0.436708860759
2016-08-24 09:45:34,809 DEBUG: 			View 1 : 0.563291139241
2016-08-24 09:45:34,849 DEBUG: 			View 2 : 0.544303797468
2016-08-24 09:45:34,858 DEBUG: 			View 3 : 0.474683544304
2016-08-24 09:45:34,952 DEBUG: 			 Best view : 		MiRNA__
2016-08-24 09:45:35,984 DEBUG: 		Start:	 Iteration 16
2016-08-24 09:45:36,002 DEBUG: 			View 0 : 0.550632911392
2016-08-24 09:45:36,010 DEBUG: 			View 1 : 0.443037974684
2016-08-24 09:45:36,049 DEBUG: 			View 2 : 0.544303797468
2016-08-24 09:45:36,057 DEBUG: 			View 3 : 0.506329113924
2016-08-24 09:45:36,141 DEBUG: 			 Best view : 		RANSeq_
2016-08-24 09:45:37,137 DEBUG: 		Start:	 Iteration 17
2016-08-24 09:45:37,154 DEBUG: 			View 0 : 0.392405063291
2016-08-24 09:45:37,162 DEBUG: 			View 1 : 0.670886075949
2016-08-24 09:45:37,199 DEBUG: 			View 2 : 0.443037974684
2016-08-24 09:45:37,207 DEBUG: 			View 3 : 0.398734177215
2016-08-24 09:45:37,294 DEBUG: 			 Best view : 		MiRNA__
2016-08-24 09:45:38,383 DEBUG: 		Start:	 Iteration 18
2016-08-24 09:45:38,400 DEBUG: 			View 0 : 0.462025316456
2016-08-24 09:45:38,407 DEBUG: 			View 1 : 0.620253164557
2016-08-24 09:45:38,444 DEBUG: 			View 2 : 0.493670886076
2016-08-24 09:45:38,452 DEBUG: 			View 3 : 0.556962025316
2016-08-24 09:45:38,541 DEBUG: 			 Best view : 		MiRNA__
2016-08-24 09:45:39,640 DEBUG: 		Start:	 Iteration 19
2016-08-24 09:45:39,656 DEBUG: 			View 0 : 0.689873417722
2016-08-24 09:45:39,664 DEBUG: 			View 1 : 0.544303797468
2016-08-24 09:45:39,701 DEBUG: 			View 2 : 0.594936708861
2016-08-24 09:45:39,708 DEBUG: 			View 3 : 0.594936708861
2016-08-24 09:45:39,799 DEBUG: 			 Best view : 		Methyl_
2016-08-24 09:45:40,989 DEBUG: 		Start:	 Iteration 20
2016-08-24 09:45:41,005 DEBUG: 			View 0 : 0.550632911392
2016-08-24 09:45:41,013 DEBUG: 			View 1 : 0.613924050633
2016-08-24 09:45:41,050 DEBUG: 			View 2 : 0.613924050633
2016-08-24 09:45:41,058 DEBUG: 			View 3 : 0.607594936709
2016-08-24 09:45:41,151 DEBUG: 			 Best view : 		MiRNA__
2016-08-24 09:45:42,389 DEBUG: 		Start:	 Iteration 21
2016-08-24 09:45:42,405 DEBUG: 			View 0 : 0.651898734177
2016-08-24 09:45:42,413 DEBUG: 			View 1 : 0.664556962025
2016-08-24 09:45:42,450 DEBUG: 			View 2 : 0.563291139241
2016-08-24 09:45:42,458 DEBUG: 			View 3 : 0.417721518987
2016-08-24 09:45:42,554 DEBUG: 			 Best view : 		MiRNA__
2016-08-24 09:45:43,837 DEBUG: 		Start:	 Iteration 22
2016-08-24 09:45:43,853 DEBUG: 			View 0 : 0.537974683544
2016-08-24 09:45:43,861 DEBUG: 			View 1 : 0.607594936709
2016-08-24 09:45:43,899 DEBUG: 			View 2 : 0.582278481013
2016-08-24 09:45:43,906 DEBUG: 			View 3 : 0.493670886076
2016-08-24 09:45:44,006 DEBUG: 			 Best view : 		MiRNA__
2016-08-24 09:45:45,380 DEBUG: 		Start:	 Iteration 23
2016-08-24 09:45:45,397 DEBUG: 			View 0 : 0.626582278481
2016-08-24 09:45:45,405 DEBUG: 			View 1 : 0.462025316456
2016-08-24 09:45:45,443 DEBUG: 			View 2 : 0.613924050633
2016-08-24 09:45:45,451 DEBUG: 			View 3 : 0.487341772152
2016-08-24 09:45:45,552 DEBUG: 			 Best view : 		Methyl_
2016-08-24 09:45:46,972 DEBUG: 		Start:	 Iteration 24
2016-08-24 09:45:46,991 DEBUG: 			View 0 : 0.474683544304
2016-08-24 09:45:46,999 DEBUG: 			View 1 : 0.607594936709
2016-08-24 09:45:47,037 DEBUG: 			View 2 : 0.556962025316
2016-08-24 09:45:47,045 DEBUG: 			View 3 : 0.405063291139
2016-08-24 09:45:47,149 DEBUG: 			 Best view : 		MiRNA__
2016-08-24 09:45:48,783 DEBUG: 		Start:	 Iteration 25
2016-08-24 09:45:48,799 DEBUG: 			View 0 : 0.5
2016-08-24 09:45:48,807 DEBUG: 			View 1 : 0.512658227848
2016-08-24 09:45:48,844 DEBUG: 			View 2 : 0.487341772152
2016-08-24 09:45:48,852 DEBUG: 			View 3 : 0.474683544304
2016-08-24 09:45:48,956 DEBUG: 			 Best view : 		Methyl_
2016-08-24 09:45:50,533 DEBUG: 		Start:	 Iteration 26
2016-08-24 09:45:50,550 DEBUG: 			View 0 : 0.645569620253
2016-08-24 09:45:50,558 DEBUG: 			View 1 : 0.651898734177
2016-08-24 09:45:50,595 DEBUG: 			View 2 : 0.411392405063
2016-08-24 09:45:50,603 DEBUG: 			View 3 : 0.582278481013
2016-08-24 09:45:50,707 DEBUG: 			 Best view : 		MiRNA__
2016-08-24 09:45:52,409 DEBUG: 		Start:	 Iteration 27
2016-08-24 09:45:52,430 DEBUG: 			View 0 : 0.588607594937
2016-08-24 09:45:52,439 DEBUG: 			View 1 : 0.601265822785
2016-08-24 09:45:52,483 DEBUG: 			View 2 : 0.588607594937
2016-08-24 09:45:52,492 DEBUG: 			View 3 : 0.449367088608
2016-08-24 09:45:52,615 DEBUG: 			 Best view : 		MiRNA__
2016-08-24 09:45:54,284 DEBUG: 		Start:	 Iteration 28
2016-08-24 09:45:54,301 DEBUG: 			View 0 : 0.46835443038
2016-08-24 09:45:54,309 DEBUG: 			View 1 : 0.405063291139
2016-08-24 09:45:54,345 DEBUG: 			View 2 : 0.455696202532
2016-08-24 09:45:54,353 DEBUG: 			View 3 : 0.436708860759
2016-08-24 09:45:54,354 WARNING: WARNING:	All bad for iteration 27
2016-08-24 09:45:54,463 DEBUG: 			 Best view : 		Methyl_
2016-08-24 09:45:56,154 DEBUG: 		Start:	 Iteration 29
2016-08-24 09:45:56,170 DEBUG: 			View 0 : 0.405063291139
2016-08-24 09:45:56,178 DEBUG: 			View 1 : 0.632911392405
2016-08-24 09:45:56,214 DEBUG: 			View 2 : 0.417721518987
2016-08-24 09:45:56,222 DEBUG: 			View 3 : 0.474683544304
2016-08-24 09:45:56,334 DEBUG: 			 Best view : 		MiRNA__
2016-08-24 09:45:58,088 DEBUG: 		Start:	 Iteration 30
2016-08-24 09:45:58,104 DEBUG: 			View 0 : 0.5
2016-08-24 09:45:58,112 DEBUG: 			View 1 : 0.398734177215
2016-08-24 09:45:58,149 DEBUG: 			View 2 : 0.455696202532
2016-08-24 09:45:58,157 DEBUG: 			View 3 : 0.417721518987
2016-08-24 09:45:58,270 DEBUG: 			 Best view : 		Methyl_
2016-08-24 09:46:00,083 DEBUG: 		Start:	 Iteration 31
2016-08-24 09:46:00,100 DEBUG: 			View 0 : 0.462025316456
2016-08-24 09:46:00,108 DEBUG: 			View 1 : 0.424050632911
2016-08-24 09:46:00,144 DEBUG: 			View 2 : 0.417721518987
2016-08-24 09:46:00,152 DEBUG: 			View 3 : 0.436708860759
2016-08-24 09:46:00,152 WARNING: WARNING:	All bad for iteration 30
2016-08-24 09:46:00,269 DEBUG: 			 Best view : 		Methyl_
2016-08-24 09:46:02,316 DEBUG: 		Start:	 Iteration 32
2016-08-24 09:46:02,332 DEBUG: 			View 0 : 0.632911392405
2016-08-24 09:46:02,340 DEBUG: 			View 1 : 0.727848101266
2016-08-24 09:46:02,377 DEBUG: 			View 2 : 0.626582278481
2016-08-24 09:46:02,385 DEBUG: 			View 3 : 0.449367088608
2016-08-24 09:46:02,504 DEBUG: 			 Best view : 		MiRNA__
2016-08-24 09:46:04,444 DEBUG: 		Start:	 Iteration 33
2016-08-24 09:46:04,461 DEBUG: 			View 0 : 0.556962025316
2016-08-24 09:46:04,469 DEBUG: 			View 1 : 0.626582278481
2016-08-24 09:46:04,505 DEBUG: 			View 2 : 0.506329113924
2016-08-24 09:46:04,513 DEBUG: 			View 3 : 0.525316455696
2016-08-24 09:46:04,633 DEBUG: 			 Best view : 		MiRNA__
2016-08-24 09:46:06,628 DEBUG: 		Start:	 Iteration 34
2016-08-24 09:46:06,645 DEBUG: 			View 0 : 0.53164556962
2016-08-24 09:46:06,652 DEBUG: 			View 1 : 0.506329113924
2016-08-24 09:46:06,689 DEBUG: 			View 2 : 0.430379746835
2016-08-24 09:46:06,697 DEBUG: 			View 3 : 0.481012658228
2016-08-24 09:46:06,820 DEBUG: 			 Best view : 		Methyl_
2016-08-24 09:46:08,877 DEBUG: 		Start:	 Iteration 35
2016-08-24 09:46:08,894 DEBUG: 			View 0 : 0.430379746835
2016-08-24 09:46:08,901 DEBUG: 			View 1 : 0.544303797468
2016-08-24 09:46:08,938 DEBUG: 			View 2 : 0.474683544304
2016-08-24 09:46:08,945 DEBUG: 			View 3 : 0.405063291139
2016-08-24 09:46:09,070 DEBUG: 			 Best view : 		MiRNA__
2016-08-24 09:46:11,182 DEBUG: 		Start:	 Iteration 36
2016-08-24 09:46:11,198 DEBUG: 			View 0 : 0.569620253165
2016-08-24 09:46:11,206 DEBUG: 			View 1 : 0.664556962025
2016-08-24 09:46:11,243 DEBUG: 			View 2 : 0.651898734177
2016-08-24 09:46:11,251 DEBUG: 			View 3 : 0.594936708861
2016-08-24 09:46:11,378 DEBUG: 			 Best view : 		MiRNA__
2016-08-24 09:46:13,547 DEBUG: 		Start:	 Iteration 37
2016-08-24 09:46:13,563 DEBUG: 			View 0 : 0.474683544304
2016-08-24 09:46:13,571 DEBUG: 			View 1 : 0.651898734177
2016-08-24 09:46:13,607 DEBUG: 			View 2 : 0.392405063291
2016-08-24 09:46:13,615 DEBUG: 			View 3 : 0.392405063291
2016-08-24 09:46:13,744 DEBUG: 			 Best view : 		MiRNA__
2016-08-24 09:46:15,973 DEBUG: 		Start:	 Iteration 38
2016-08-24 09:46:15,989 DEBUG: 			View 0 : 0.651898734177
2016-08-24 09:46:15,997 DEBUG: 			View 1 : 0.639240506329
2016-08-24 09:46:16,034 DEBUG: 			View 2 : 0.487341772152
2016-08-24 09:46:16,042 DEBUG: 			View 3 : 0.582278481013
2016-08-24 09:46:16,175 DEBUG: 			 Best view : 		Methyl_
2016-08-24 09:46:18,469 DEBUG: 		Start:	 Iteration 39
2016-08-24 09:46:18,485 DEBUG: 			View 0 : 0.537974683544
2016-08-24 09:46:18,493 DEBUG: 			View 1 : 0.392405063291
2016-08-24 09:46:18,529 DEBUG: 			View 2 : 0.525316455696
2016-08-24 09:46:18,537 DEBUG: 			View 3 : 0.46835443038
2016-08-24 09:46:18,671 DEBUG: 			 Best view : 		Methyl_
2016-08-24 09:46:21,024 DEBUG: 		Start:	 Iteration 40
2016-08-24 09:46:21,041 DEBUG: 			View 0 : 0.639240506329
2016-08-24 09:46:21,049 DEBUG: 			View 1 : 0.582278481013
2016-08-24 09:46:21,085 DEBUG: 			View 2 : 0.474683544304
2016-08-24 09:46:21,093 DEBUG: 			View 3 : 0.481012658228
2016-08-24 09:46:21,229 DEBUG: 			 Best view : 		Methyl_
2016-08-24 09:46:23,647 DEBUG: 		Start:	 Iteration 41
2016-08-24 09:46:23,663 DEBUG: 			View 0 : 0.481012658228
2016-08-24 09:46:23,671 DEBUG: 			View 1 : 0.664556962025
2016-08-24 09:46:23,708 DEBUG: 			View 2 : 0.5
2016-08-24 09:46:23,715 DEBUG: 			View 3 : 0.392405063291
2016-08-24 09:46:23,854 DEBUG: 			 Best view : 		MiRNA__
2016-08-24 09:46:26,328 DEBUG: 		Start:	 Iteration 42
2016-08-24 09:46:26,345 DEBUG: 			View 0 : 0.506329113924
2016-08-24 09:46:26,352 DEBUG: 			View 1 : 0.582278481013
2016-08-24 09:46:26,389 DEBUG: 			View 2 : 0.430379746835
2016-08-24 09:46:26,397 DEBUG: 			View 3 : 0.632911392405
2016-08-24 09:46:26,539 DEBUG: 			 Best view : 		Clinic_
2016-08-24 09:46:29,075 DEBUG: 		Start:	 Iteration 43
2016-08-24 09:46:29,091 DEBUG: 			View 0 : 0.398734177215
2016-08-24 09:46:29,099 DEBUG: 			View 1 : 0.5
2016-08-24 09:46:29,136 DEBUG: 			View 2 : 0.651898734177
2016-08-24 09:46:29,143 DEBUG: 			View 3 : 0.424050632911
2016-08-24 09:46:29,287 DEBUG: 			 Best view : 		RANSeq_
2016-08-24 09:46:31,887 DEBUG: 		Start:	 Iteration 44
2016-08-24 09:46:31,904 DEBUG: 			View 0 : 0.506329113924
2016-08-24 09:46:31,912 DEBUG: 			View 1 : 0.594936708861
2016-08-24 09:46:31,949 DEBUG: 			View 2 : 0.348101265823
2016-08-24 09:46:31,956 DEBUG: 			View 3 : 0.462025316456
2016-08-24 09:46:32,102 DEBUG: 			 Best view : 		MiRNA__
2016-08-24 09:46:34,802 DEBUG: 		Start:	 Iteration 45
2016-08-24 09:46:34,819 DEBUG: 			View 0 : 0.436708860759
2016-08-24 09:46:34,826 DEBUG: 			View 1 : 0.601265822785
2016-08-24 09:46:34,863 DEBUG: 			View 2 : 0.575949367089
2016-08-24 09:46:34,870 DEBUG: 			View 3 : 0.537974683544
2016-08-24 09:46:35,017 DEBUG: 			 Best view : 		MiRNA__
2016-08-24 09:46:37,732 DEBUG: 		Start:	 Iteration 46
2016-08-24 09:46:37,748 DEBUG: 			View 0 : 0.430379746835
2016-08-24 09:46:37,756 DEBUG: 			View 1 : 0.651898734177
2016-08-24 09:46:37,792 DEBUG: 			View 2 : 0.398734177215
2016-08-24 09:46:37,800 DEBUG: 			View 3 : 0.594936708861
2016-08-24 09:46:37,949 DEBUG: 			 Best view : 		MiRNA__
2016-08-24 09:46:40,720 DEBUG: 		Start:	 Iteration 47
2016-08-24 09:46:40,737 DEBUG: 			View 0 : 0.537974683544
2016-08-24 09:46:40,744 DEBUG: 			View 1 : 0.373417721519
2016-08-24 09:46:40,781 DEBUG: 			View 2 : 0.424050632911
2016-08-24 09:46:40,789 DEBUG: 			View 3 : 0.506329113924
2016-08-24 09:46:40,941 DEBUG: 			 Best view : 		Methyl_
2016-08-24 09:46:43,774 DEBUG: 		Start:	 Iteration 48
2016-08-24 09:46:43,791 DEBUG: 			View 0 : 0.455696202532
2016-08-24 09:46:43,799 DEBUG: 			View 1 : 0.677215189873
2016-08-24 09:46:43,835 DEBUG: 			View 2 : 0.601265822785
2016-08-24 09:46:43,843 DEBUG: 			View 3 : 0.443037974684
2016-08-24 09:46:43,997 DEBUG: 			 Best view : 		MiRNA__
2016-08-24 09:46:46,889 DEBUG: 		Start:	 Iteration 49
2016-08-24 09:46:46,906 DEBUG: 			View 0 : 0.443037974684
2016-08-24 09:46:46,913 DEBUG: 			View 1 : 0.29746835443
2016-08-24 09:46:46,950 DEBUG: 			View 2 : 0.582278481013
2016-08-24 09:46:46,958 DEBUG: 			View 3 : 0.613924050633
2016-08-24 09:46:47,114 DEBUG: 			 Best view : 		Clinic_
2016-08-24 09:46:50,150 DEBUG: 		Start:	 Iteration 50
2016-08-24 09:46:50,167 DEBUG: 			View 0 : 0.436708860759
2016-08-24 09:46:50,175 DEBUG: 			View 1 : 0.537974683544
2016-08-24 09:46:50,211 DEBUG: 			View 2 : 0.569620253165
2016-08-24 09:46:50,219 DEBUG: 			View 3 : 0.405063291139
2016-08-24 09:46:50,378 DEBUG: 			 Best view : 		RANSeq_
2016-08-24 09:46:53,398 DEBUG: 		Start:	 Iteration 51
2016-08-24 09:46:53,415 DEBUG: 			View 0 : 0.569620253165
2016-08-24 09:46:53,423 DEBUG: 			View 1 : 0.417721518987
2016-08-24 09:46:53,459 DEBUG: 			View 2 : 0.386075949367
2016-08-24 09:46:53,467 DEBUG: 			View 3 : 0.563291139241
2016-08-24 09:46:53,629 DEBUG: 			 Best view : 		Methyl_
2016-08-24 09:46:56,894 DEBUG: 		Start:	 Iteration 52
2016-08-24 09:46:56,913 DEBUG: 			View 0 : 0.53164556962
2016-08-24 09:46:56,921 DEBUG: 			View 1 : 0.405063291139
2016-08-24 09:46:56,958 DEBUG: 			View 2 : 0.443037974684
2016-08-24 09:46:56,966 DEBUG: 			View 3 : 0.405063291139
2016-08-24 09:46:57,131 DEBUG: 			 Best view : 		Methyl_
2016-08-24 09:47:00,275 INFO: 	Start: 	 Classification
2016-08-24 09:47:07,807 INFO: 	Done: 	 Fold number 1
2016-08-24 09:47:07,807 INFO: 	Start:	 Fold number 2
2016-08-24 09:47:09,379 DEBUG: 		Start:	 Iteration 1
2016-08-24 09:47:09,398 DEBUG: 			View 0 : 0.446540880503
2016-08-24 09:47:09,405 DEBUG: 			View 1 : 0.377358490566
2016-08-24 09:47:09,433 DEBUG: 			View 2 : 0.622641509434
2016-08-24 09:47:09,441 DEBUG: 			View 3 : 0.622641509434
2016-08-24 09:47:09,482 DEBUG: 			 Best view : 		RANSeq_
2016-08-24 09:47:09,568 DEBUG: 		Start:	 Iteration 2
2016-08-24 09:47:09,585 DEBUG: 			View 0 : 0.459119496855
2016-08-24 09:47:09,593 DEBUG: 			View 1 : 0.477987421384
2016-08-24 09:47:09,630 DEBUG: 			View 2 : 0.572327044025
2016-08-24 09:47:09,637 DEBUG: 			View 3 : 0.389937106918
2016-08-24 09:47:09,682 DEBUG: 			 Best view : 		RANSeq_
2016-08-24 09:47:09,840 DEBUG: 		Start:	 Iteration 3
2016-08-24 09:47:09,856 DEBUG: 			View 0 : 0.534591194969
2016-08-24 09:47:09,864 DEBUG: 			View 1 : 0.610062893082
2016-08-24 09:47:09,900 DEBUG: 			View 2 : 0.383647798742
2016-08-24 09:47:09,908 DEBUG: 			View 3 : 0.452830188679
2016-08-24 09:47:09,960 DEBUG: 			 Best view : 		MiRNA__
2016-08-24 09:47:10,177 DEBUG: 		Start:	 Iteration 4
2016-08-24 09:47:10,194 DEBUG: 			View 0 : 0.566037735849
2016-08-24 09:47:10,201 DEBUG: 			View 1 : 0.427672955975
2016-08-24 09:47:10,239 DEBUG: 			View 2 : 0.408805031447
2016-08-24 09:47:10,246 DEBUG: 			View 3 : 0.660377358491
2016-08-24 09:47:10,301 DEBUG: 			 Best view : 		Clinic_
2016-08-24 09:47:10,577 DEBUG: 		Start:	 Iteration 5
2016-08-24 09:47:10,594 DEBUG: 			View 0 : 0.509433962264
2016-08-24 09:47:10,601 DEBUG: 			View 1 : 0.660377358491
2016-08-24 09:47:10,638 DEBUG: 			View 2 : 0.490566037736
2016-08-24 09:47:10,646 DEBUG: 			View 3 : 0.553459119497
2016-08-24 09:47:10,703 DEBUG: 			 Best view : 		MiRNA__
2016-08-24 09:47:11,037 DEBUG: 		Start:	 Iteration 6
2016-08-24 09:47:11,053 DEBUG: 			View 0 : 0.660377358491
2016-08-24 09:47:11,061 DEBUG: 			View 1 : 0.396226415094
2016-08-24 09:47:11,098 DEBUG: 			View 2 : 0.553459119497
2016-08-24 09:47:11,106 DEBUG: 			View 3 : 0.540880503145
2016-08-24 09:47:11,167 DEBUG: 			 Best view : 		Methyl_
2016-08-24 09:47:11,562 DEBUG: 		Start:	 Iteration 7
2016-08-24 09:47:11,578 DEBUG: 			View 0 : 0.339622641509
2016-08-24 09:47:11,586 DEBUG: 			View 1 : 0.62893081761
2016-08-24 09:47:11,623 DEBUG: 			View 2 : 0.566037735849
2016-08-24 09:47:11,630 DEBUG: 			View 3 : 0.465408805031
2016-08-24 09:47:11,692 DEBUG: 			 Best view : 		MiRNA__
2016-08-24 09:47:12,144 DEBUG: 		Start:	 Iteration 8
2016-08-24 09:47:12,160 DEBUG: 			View 0 : 0.471698113208
2016-08-24 09:47:12,168 DEBUG: 			View 1 : 0.654088050314
2016-08-24 09:47:12,205 DEBUG: 			View 2 : 0.383647798742
2016-08-24 09:47:12,212 DEBUG: 			View 3 : 0.59748427673
2016-08-24 09:47:12,276 DEBUG: 			 Best view : 		MiRNA__
2016-08-24 09:47:12,787 DEBUG: 		Start:	 Iteration 9
2016-08-24 09:47:12,803 DEBUG: 			View 0 : 0.622641509434
2016-08-24 09:47:12,811 DEBUG: 			View 1 : 0.383647798742
2016-08-24 09:47:12,848 DEBUG: 			View 2 : 0.389937106918
2016-08-24 09:47:12,856 DEBUG: 			View 3 : 0.584905660377
2016-08-24 09:47:12,923 DEBUG: 			 Best view : 		Methyl_
2016-08-24 09:47:13,494 DEBUG: 		Start:	 Iteration 10
2016-08-24 09:47:13,511 DEBUG: 			View 0 : 0.433962264151
2016-08-24 09:47:13,519 DEBUG: 			View 1 : 0.685534591195
2016-08-24 09:47:13,556 DEBUG: 			View 2 : 0.452830188679
2016-08-24 09:47:13,563 DEBUG: 			View 3 : 0.40251572327
2016-08-24 09:47:13,632 DEBUG: 			 Best view : 		MiRNA__
2016-08-24 09:47:14,261 DEBUG: 		Start:	 Iteration 11
2016-08-24 09:47:14,278 DEBUG: 			View 0 : 0.584905660377
2016-08-24 09:47:14,286 DEBUG: 			View 1 : 0.566037735849
2016-08-24 09:47:14,322 DEBUG: 			View 2 : 0.477987421384
2016-08-24 09:47:14,330 DEBUG: 			View 3 : 0.440251572327
2016-08-24 09:47:14,401 DEBUG: 			 Best view : 		Methyl_
2016-08-24 09:47:15,092 DEBUG: 		Start:	 Iteration 12
2016-08-24 09:47:15,109 DEBUG: 			View 0 : 0.301886792453
2016-08-24 09:47:15,116 DEBUG: 			View 1 : 0.37106918239
2016-08-24 09:47:15,153 DEBUG: 			View 2 : 0.59748427673
2016-08-24 09:47:15,160 DEBUG: 			View 3 : 0.528301886792
2016-08-24 09:47:15,233 DEBUG: 			 Best view : 		RANSeq_
2016-08-24 09:47:16,016 DEBUG: 		Start:	 Iteration 13
2016-08-24 09:47:16,033 DEBUG: 			View 0 : 0.427672955975
2016-08-24 09:47:16,040 DEBUG: 			View 1 : 0.660377358491
2016-08-24 09:47:16,077 DEBUG: 			View 2 : 0.377358490566
2016-08-24 09:47:16,084 DEBUG: 			View 3 : 0.452830188679
2016-08-24 09:47:16,162 DEBUG: 			 Best view : 		MiRNA__
2016-08-24 09:47:17,170 DEBUG: 		Start:	 Iteration 14
2016-08-24 09:47:17,190 DEBUG: 			View 0 : 0.622641509434
2016-08-24 09:47:17,199 DEBUG: 			View 1 : 0.641509433962
2016-08-24 09:47:17,242 DEBUG: 			View 2 : 0.584905660377
2016-08-24 09:47:17,251 DEBUG: 			View 3 : 0.528301886792
2016-08-24 09:47:17,335 DEBUG: 			 Best view : 		MiRNA__
2016-08-24 09:47:18,276 DEBUG: 		Start:	 Iteration 15
2016-08-24 09:47:18,294 DEBUG: 			View 0 : 0.440251572327
2016-08-24 09:47:18,302 DEBUG: 			View 1 : 0.283018867925
2016-08-24 09:47:18,343 DEBUG: 			View 2 : 0.377358490566
2016-08-24 09:47:18,351 DEBUG: 			View 3 : 0.522012578616
2016-08-24 09:47:18,437 DEBUG: 			 Best view : 		Clinic_
2016-08-24 09:47:19,473 DEBUG: 		Start:	 Iteration 16
2016-08-24 09:47:19,491 DEBUG: 			View 0 : 0.509433962264
2016-08-24 09:47:19,499 DEBUG: 			View 1 : 0.522012578616
2016-08-24 09:47:19,535 DEBUG: 			View 2 : 0.452830188679
2016-08-24 09:47:19,543 DEBUG: 			View 3 : 0.40251572327
2016-08-24 09:47:19,626 DEBUG: 			 Best view : 		MiRNA__
2016-08-24 09:47:20,644 DEBUG: 		Start:	 Iteration 17
2016-08-24 09:47:20,661 DEBUG: 			View 0 : 0.415094339623
2016-08-24 09:47:20,669 DEBUG: 			View 1 : 0.452830188679
2016-08-24 09:47:20,707 DEBUG: 			View 2 : 0.471698113208
2016-08-24 09:47:20,714 DEBUG: 			View 3 : 0.48427672956
2016-08-24 09:47:20,715 WARNING: WARNING:	All bad for iteration 16
2016-08-24 09:47:20,803 DEBUG: 			 Best view : 		Clinic_
2016-08-24 09:47:21,871 DEBUG: 		Start:	 Iteration 18
2016-08-24 09:47:21,889 DEBUG: 			View 0 : 0.396226415094
2016-08-24 09:47:21,897 DEBUG: 			View 1 : 0.62893081761
2016-08-24 09:47:21,935 DEBUG: 			View 2 : 0.553459119497
2016-08-24 09:47:21,942 DEBUG: 			View 3 : 0.534591194969
2016-08-24 09:47:22,033 DEBUG: 			 Best view : 		MiRNA__
2016-08-24 09:47:23,205 DEBUG: 		Start:	 Iteration 19
2016-08-24 09:47:23,222 DEBUG: 			View 0 : 0.415094339623
2016-08-24 09:47:23,230 DEBUG: 			View 1 : 0.710691823899
2016-08-24 09:47:23,268 DEBUG: 			View 2 : 0.660377358491
2016-08-24 09:47:23,276 DEBUG: 			View 3 : 0.534591194969
2016-08-24 09:47:23,370 DEBUG: 			 Best view : 		MiRNA__
2016-08-24 09:47:24,573 DEBUG: 		Start:	 Iteration 20
2016-08-24 09:47:24,590 DEBUG: 			View 0 : 0.459119496855
2016-08-24 09:47:24,598 DEBUG: 			View 1 : 0.616352201258
2016-08-24 09:47:24,636 DEBUG: 			View 2 : 0.465408805031
2016-08-24 09:47:24,643 DEBUG: 			View 3 : 0.415094339623
2016-08-24 09:47:24,737 DEBUG: 			 Best view : 		MiRNA__
2016-08-24 09:47:25,998 DEBUG: 		Start:	 Iteration 21
2016-08-24 09:47:26,016 DEBUG: 			View 0 : 0.48427672956
2016-08-24 09:47:26,024 DEBUG: 			View 1 : 0.616352201258
2016-08-24 09:47:26,063 DEBUG: 			View 2 : 0.415094339623
2016-08-24 09:47:26,071 DEBUG: 			View 3 : 0.553459119497
2016-08-24 09:47:26,172 DEBUG: 			 Best view : 		MiRNA__
2016-08-24 09:47:27,510 DEBUG: 		Start:	 Iteration 22
2016-08-24 09:47:27,527 DEBUG: 			View 0 : 0.547169811321
2016-08-24 09:47:27,534 DEBUG: 			View 1 : 0.584905660377
2016-08-24 09:47:27,571 DEBUG: 			View 2 : 0.540880503145
2016-08-24 09:47:27,579 DEBUG: 			View 3 : 0.440251572327
2016-08-24 09:47:27,682 DEBUG: 			 Best view : 		MiRNA__
2016-08-24 09:47:29,064 DEBUG: 		Start:	 Iteration 23
2016-08-24 09:47:29,081 DEBUG: 			View 0 : 0.534591194969
2016-08-24 09:47:29,088 DEBUG: 			View 1 : 0.704402515723
2016-08-24 09:47:29,125 DEBUG: 			View 2 : 0.48427672956
2016-08-24 09:47:29,132 DEBUG: 			View 3 : 0.471698113208
2016-08-24 09:47:29,232 DEBUG: 			 Best view : 		MiRNA__
2016-08-24 09:47:30,679 DEBUG: 		Start:	 Iteration 24
2016-08-24 09:47:30,696 DEBUG: 			View 0 : 0.679245283019
2016-08-24 09:47:30,704 DEBUG: 			View 1 : 0.691823899371
2016-08-24 09:47:30,742 DEBUG: 			View 2 : 0.559748427673
2016-08-24 09:47:30,750 DEBUG: 			View 3 : 0.471698113208
2016-08-24 09:47:30,856 DEBUG: 			 Best view : 		MiRNA__
2016-08-24 09:47:32,537 DEBUG: 		Start:	 Iteration 25
2016-08-24 09:47:32,554 DEBUG: 			View 0 : 0.465408805031
2016-08-24 09:47:32,562 DEBUG: 			View 1 : 0.452830188679
2016-08-24 09:47:32,599 DEBUG: 			View 2 : 0.40251572327
2016-08-24 09:47:32,606 DEBUG: 			View 3 : 0.540880503145
2016-08-24 09:47:32,710 DEBUG: 			 Best view : 		Clinic_
2016-08-24 09:47:34,272 DEBUG: 		Start:	 Iteration 26
2016-08-24 09:47:34,292 DEBUG: 			View 0 : 0.446540880503
2016-08-24 09:47:34,303 DEBUG: 			View 1 : 0.389937106918
2016-08-24 09:47:34,343 DEBUG: 			View 2 : 0.509433962264
2016-08-24 09:47:34,351 DEBUG: 			View 3 : 0.553459119497
2016-08-24 09:47:34,466 DEBUG: 			 Best view : 		Clinic_
2016-08-24 09:47:36,204 DEBUG: 		Start:	 Iteration 27
2016-08-24 09:47:36,223 DEBUG: 			View 0 : 0.522012578616
2016-08-24 09:47:36,234 DEBUG: 			View 1 : 0.685534591195
2016-08-24 09:47:36,278 DEBUG: 			View 2 : 0.578616352201
2016-08-24 09:47:36,287 DEBUG: 			View 3 : 0.496855345912
2016-08-24 09:47:36,415 DEBUG: 			 Best view : 		MiRNA__
2016-08-24 09:47:38,235 DEBUG: 		Start:	 Iteration 28
2016-08-24 09:47:38,252 DEBUG: 			View 0 : 0.660377358491
2016-08-24 09:47:38,260 DEBUG: 			View 1 : 0.679245283019
2016-08-24 09:47:38,297 DEBUG: 			View 2 : 0.559748427673
2016-08-24 09:47:38,305 DEBUG: 			View 3 : 0.641509433962
2016-08-24 09:47:38,415 DEBUG: 			 Best view : 		MiRNA__
