2016-08-19 20:31:22,431 INFO: ### Main Programm for Multiview Classification
2016-08-19 20:31:22,431 INFO: ### Classification - Database : MultiOmic ; Views : Methyl, MiRNA, RNASEQ, Clinical ; Algorithm : Fusion ; Cores : 4
2016-08-19 20:31:22,431 INFO: Start:	 Read HDF5 Database Files for MultiOmic
2016-08-19 20:31:22,433 INFO: Info:	 Labels used: No, Yes
2016-08-19 20:31:22,433 INFO: Info:	 Length of dataset:347
2016-08-19 20:31:22,434 INFO: Info:	 Shape of Methyl :[  347 25978]
2016-08-19 20:31:22,435 INFO: Info:	 Shape of MiRNA_ :[ 347 1046]
2016-08-19 20:31:22,435 INFO: Info:	 Shape of RNASeq :[  347 73599]
2016-08-19 20:31:22,436 INFO: Info:	 Shape of Clinic :[347 127]
2016-08-19 20:31:22,436 INFO: Done:	 Read Database Files
2016-08-19 20:31:22,436 INFO: Start:	 Determine validation split for ratio 0.7
2016-08-19 20:31:22,438 INFO: Done:	 Determine validation split
2016-08-19 20:31:22,438 INFO: Start:	 Determine 4 folds
2016-08-19 20:31:22,445 INFO: Info:	 Length of Learning Sets: 184
2016-08-19 20:31:22,445 INFO: Info:	 Length of Testing Sets: 60
2016-08-19 20:31:22,445 INFO: Info:	 Length of Validation Set: 103
2016-08-19 20:31:22,445 INFO: Done:	 Determine folds
2016-08-19 20:31:22,445 INFO: Start:	 Learning with Fusion and 4 folds
2016-08-19 20:31:22,445 INFO: 	Start:	 Fold number 1
2016-08-19 20:31:45,166 INFO: 	Start: 	 Classification
2016-08-19 20:31:51,976 INFO: 	Done: 	 Fold number 1
2016-08-19 20:31:51,977 INFO: 	Start:	 Fold number 2
2016-08-19 20:32:14,480 INFO: 	Start: 	 Classification
2016-08-19 20:32:20,940 INFO: 	Done: 	 Fold number 2
2016-08-19 20:32:20,940 INFO: 	Start:	 Fold number 3
2016-08-19 20:32:44,209 INFO: 	Start: 	 Classification
2016-08-19 20:32:50,946 INFO: 	Done: 	 Fold number 3
2016-08-19 20:32:50,947 INFO: 	Start:	 Fold number 4
2016-08-19 20:33:13,457 INFO: 	Start: 	 Classification
2016-08-19 20:33:20,178 INFO: 	Done: 	 Fold number 4
2016-08-19 20:33:20,179 INFO: Done:	 Classification
2016-08-19 20:33:20,179 INFO: Info:	 Time for Classification: 117[s]
2016-08-19 20:33:20,179 INFO: Start:	 Result Analysis for Fusion
