2016-08-19 20:27:55,231 INFO: ### Main Programm for Multiview Classification
2016-08-19 20:27:55,231 INFO: ### Classification - Database : MultiOmic ; Views : Methyl, MiRNA, RNASEQ, Clinical ; Algorithm : Fusion ; Cores : 1
2016-08-19 20:27:55,231 INFO: Start:	 Read HDF5 Database Files for MultiOmic
2016-08-19 20:27:55,233 INFO: Info:	 Labels used: No, Yes
2016-08-19 20:27:55,233 INFO: Info:	 Length of dataset:347
2016-08-19 20:27:55,234 INFO: Info:	 Shape of Methyl :[  347 25978]
2016-08-19 20:27:55,235 INFO: Info:	 Shape of MiRNA_ :[ 347 1046]
2016-08-19 20:27:55,235 INFO: Info:	 Shape of RNASeq :[  347 73599]
2016-08-19 20:27:55,236 INFO: Info:	 Shape of Clinic :[347 127]
2016-08-19 20:27:55,236 INFO: Done:	 Read Database Files
2016-08-19 20:27:55,236 INFO: Start:	 Determine validation split for ratio 0.7
2016-08-19 20:27:55,238 INFO: Done:	 Determine validation split
2016-08-19 20:27:55,239 INFO: Start:	 Determine 4 folds
2016-08-19 20:27:55,245 INFO: Info:	 Length of Learning Sets: 184
2016-08-19 20:27:55,245 INFO: Info:	 Length of Testing Sets: 60
2016-08-19 20:27:55,245 INFO: Info:	 Length of Validation Set: 103
2016-08-19 20:27:55,245 INFO: Done:	 Determine folds
2016-08-19 20:27:55,245 INFO: Start:	 Learning with Fusion and 4 folds
2016-08-19 20:27:55,245 INFO: 	Start:	 Fold number 1
2016-08-19 20:28:15,823 INFO: 	Start: 	 Classification
2016-08-19 20:28:22,714 INFO: 	Done: 	 Fold number 1
2016-08-19 20:28:22,714 INFO: 	Start:	 Fold number 2
2016-08-19 20:28:43,833 INFO: 	Start: 	 Classification
2016-08-19 20:28:51,219 INFO: 	Done: 	 Fold number 2
2016-08-19 20:28:51,219 INFO: 	Start:	 Fold number 3
2016-08-19 20:29:12,458 INFO: 	Start: 	 Classification
2016-08-19 20:29:19,644 INFO: 	Done: 	 Fold number 3
2016-08-19 20:29:19,645 INFO: 	Start:	 Fold number 4
2016-08-19 20:29:40,939 INFO: 	Start: 	 Classification
2016-08-19 20:29:47,958 INFO: 	Done: 	 Fold number 4
2016-08-19 20:29:47,958 INFO: Done:	 Classification
2016-08-19 20:29:47,958 INFO: Info:	 Time for Classification: 112[s]
2016-08-19 20:29:47,958 INFO: Start:	 Result Analysis for Fusion
