2016-08-24 11:10:30,661 INFO: Start:	 Read HDF5 Database Files for ModifiedMultiOmic
2016-08-24 11:10:30,661 INFO: Info:	 Labels used: No, Yes
2016-08-24 11:10:30,662 INFO: Info:	 Length of dataset:347
2016-08-24 11:10:30,663 INFO: ### Main Programm for Multiview Classification
2016-08-24 11:10:30,663 INFO: ### Classification - Database : ModifiedMultiOmic ; Views : Methyl, MiRNA, RNASEQ, Clinical ; Algorithm : Mumbo ; Cores : 1
2016-08-24 11:10:30,664 INFO: Info:	 Shape of Methyl_ :(347, 25978)
2016-08-24 11:10:30,664 INFO: Info:	 Shape of MiRNA__ :(347, 1046)
2016-08-24 11:10:30,664 INFO: Info:	 Shape of RANSeq_ :(347, 73599)
2016-08-24 11:10:30,665 INFO: Info:	 Shape of Clinic_ :(347, 127)
2016-08-24 11:10:30,665 INFO: Done:	 Read Database Files
2016-08-24 11:10:30,665 INFO: Start:	 Determine validation split for ratio 0.7
2016-08-24 11:10:30,668 INFO: Done:	 Determine validation split
2016-08-24 11:10:30,669 INFO: Start:	 Determine 2 folds
2016-08-24 11:10:30,679 INFO: Info:	 Length of Learning Sets: 122
2016-08-24 11:10:30,679 INFO: Info:	 Length of Testing Sets: 122
2016-08-24 11:10:30,679 INFO: Info:	 Length of Validation Set: 103
2016-08-24 11:10:30,679 INFO: Done:	 Determine folds
2016-08-24 11:10:30,679 INFO: Start:	 Learning with Mumbo and 2 folds
2016-08-24 11:10:30,679 INFO: Start:	 Gridsearching best settings for monoview classifiers
2016-08-24 11:10:30,679 DEBUG: 	Start:	 Gridsearch for DecisionTree on Methyl_
2016-08-24 11:10:38,124 DEBUG: 	Info:	 Best Reslut : 0.515158501441
2016-08-24 11:10:38,124 DEBUG: 	Done:	 Gridsearch for DecisionTree
2016-08-24 11:10:38,125 DEBUG: 	Start:	 Gridsearch for DecisionTree on MiRNA__
2016-08-24 11:10:40,053 DEBUG: 	Info:	 Best Reslut : 0.546397694524
2016-08-24 11:10:40,053 DEBUG: 	Done:	 Gridsearch for DecisionTree
2016-08-24 11:10:40,053 DEBUG: 	Start:	 Gridsearch for DecisionTree on RANSeq_
2016-08-24 11:10:57,326 DEBUG: 	Info:	 Best Reslut : 0.501268011527
2016-08-24 11:10:57,327 DEBUG: 	Done:	 Gridsearch for DecisionTree
2016-08-24 11:10:57,327 DEBUG: 	Start:	 Gridsearch for DecisionTree on Clinic_
2016-08-24 11:10:59,071 DEBUG: 	Info:	 Best Reslut : 0.510086455331
2016-08-24 11:10:59,072 DEBUG: 	Done:	 Gridsearch for DecisionTree
2016-08-24 11:10:59,072 DEBUG: 	Start:	 Gridsearch for DecisionTree on MRNASeq
