2016-08-22 12:47:44,016 INFO: ### Main Programm for Multiview Classification
2016-08-22 12:47:44,016 INFO: ### Classification - Database : ModifiedMultiOmic ; Views : Methyl, MiRNA, RNASEQ, Clinical ; Algorithm : Mumbo ; Cores : 1
2016-08-22 12:47:44,016 INFO: Start:	 Read HDF5 Database Files for ModifiedMultiOmic
2016-08-22 12:47:44,018 INFO: Info:	 Labels used: No, Yes
2016-08-22 12:47:44,018 INFO: Info:	 Length of dataset:347
2016-08-22 12:47:44,019 INFO: Info:	 Shape of Methyl_ :[  347 25978]
2016-08-22 12:47:44,020 INFO: Info:	 Shape of MiRNA__ :[ 347 1046]
2016-08-22 12:47:44,021 INFO: Info:	 Shape of RNASeq_ :[  347 73599]
2016-08-22 12:47:44,022 INFO: Info:	 Shape of Clinic_ :[347 127]
2016-08-22 12:47:44,023 INFO: Info:	 Shape of MRNASeq :[  347 73599]
2016-08-22 12:47:44,023 INFO: Done:	 Read Database Files
2016-08-22 12:47:44,023 INFO: Start:	 Determine validation split for ratio 0.7
2016-08-22 12:47:44,026 INFO: Done:	 Determine validation split
2016-08-22 12:47:44,026 INFO: Start:	 Determine 4 folds
2016-08-22 12:47:44,033 INFO: Info:	 Length of Learning Sets: 184
2016-08-22 12:47:44,033 INFO: Info:	 Length of Testing Sets: 60
2016-08-22 12:47:44,033 INFO: Info:	 Length of Validation Set: 103
2016-08-22 12:47:44,033 INFO: Done:	 Determine folds
2016-08-22 12:47:44,034 INFO: Start:	 Learning with Mumbo and 4 folds
2016-08-22 12:49:32,505 INFO: 	Start:	 Fold number 1
2016-08-22 12:49:33,181 DEBUG: 		Start:	 Iteration 1
2016-08-22 12:49:33,242 DEBUG: 			View 0 : 0.676616915423
2016-08-22 12:49:33,250 DEBUG: 			View 1 : 0.651741293532
2016-08-22 12:49:33,333 DEBUG: 			View 2 : 0.616915422886
2016-08-22 12:49:33,341 DEBUG: 			View 3 : 0.542288557214
2016-08-22 12:49:33,508 DEBUG: 			View 4 : 0.522388059701
2016-08-22 12:49:33,560 DEBUG: 			 Best view : 		MRNASeq
2016-08-22 12:49:33,568 DEBUG: 		Start:	 Iteration 2
2016-08-22 12:49:33,602 DEBUG: 			View 0 : 0.407960199005
2016-08-22 12:49:33,610 DEBUG: 			View 1 : 0.616915422886
2016-08-22 12:49:33,769 DEBUG: 			View 2 : 0.626865671642
2016-08-22 12:49:33,777 DEBUG: 			View 3 : 0.71144278607
2016-08-22 12:49:33,943 DEBUG: 			View 4 : 0.47263681592
2016-08-22 12:49:34,007 DEBUG: 			 Best view : 		Clinic_
2016-08-22 12:49:34,016 DEBUG: 		Start:	 Iteration 3
2016-08-22 12:49:34,050 DEBUG: 			View 0 : 0.636815920398
2016-08-22 12:49:34,058 DEBUG: 			View 1 : 0.65671641791
2016-08-22 12:49:34,220 DEBUG: 			View 2 : 0.606965174129
2016-08-22 12:49:34,228 DEBUG: 			View 3 : 0.671641791045
2016-08-22 12:49:34,417 DEBUG: 			View 4 : 0.52736318408
2016-08-22 12:49:34,483 DEBUG: 			 Best view : 		Clinic_
2016-08-22 12:49:34,493 DEBUG: 		Start:	 Iteration 4
2016-08-22 12:49:34,526 DEBUG: 			View 0 : 0.427860696517
2016-08-22 12:49:34,535 DEBUG: 			View 1 : 0.800995024876
2016-08-22 12:49:34,694 DEBUG: 			View 2 : 0.606965174129
2016-08-22 12:49:34,702 DEBUG: 			View 3 : 0.666666666667
2016-08-22 12:49:34,885 DEBUG: 			View 4 : 0.601990049751
2016-08-22 12:49:34,955 DEBUG: 			 Best view : 		MiRNA__
2016-08-22 12:49:34,966 DEBUG: 		Start:	 Iteration 5
2016-08-22 12:49:34,999 DEBUG: 			View 0 : 0.55223880597
2016-08-22 12:49:35,008 DEBUG: 			View 1 : 0.597014925373
2016-08-22 12:49:35,162 DEBUG: 			View 2 : 0.572139303483
2016-08-22 12:49:35,169 DEBUG: 			View 3 : 0.63184079602
2016-08-22 12:49:35,358 DEBUG: 			View 4 : 0.597014925373
2016-08-22 12:49:35,432 DEBUG: 			 Best view : 		Clinic_
2016-08-22 12:49:35,442 DEBUG: 		Start:	 Iteration 6
2016-08-22 12:49:35,476 DEBUG: 			View 0 : 0.532338308458
2016-08-22 12:49:35,484 DEBUG: 			View 1 : 0.701492537313
2016-08-22 12:49:35,643 DEBUG: 			View 2 : 0.487562189055
2016-08-22 12:49:35,651 DEBUG: 			View 3 : 0.522388059701
2016-08-22 12:49:35,839 DEBUG: 			View 4 : 0.582089552239
2016-08-22 12:49:35,916 DEBUG: 			 Best view : 		MiRNA__
2016-08-22 12:49:35,927 DEBUG: 		Start:	 Iteration 7
2016-08-22 12:49:35,961 DEBUG: 			View 0 : 0.457711442786
2016-08-22 12:49:35,969 DEBUG: 			View 1 : 0.721393034826
2016-08-22 12:49:36,126 DEBUG: 			View 2 : 0.621890547264
2016-08-22 12:49:36,133 DEBUG: 			View 3 : 0.597014925373
2016-08-22 12:49:36,316 DEBUG: 			View 4 : 0.601990049751
2016-08-22 12:49:36,397 DEBUG: 			 Best view : 		MiRNA__
2016-08-22 12:49:36,408 DEBUG: 		Start:	 Iteration 8
2016-08-22 12:49:36,443 DEBUG: 			View 0 : 0.562189054726
2016-08-22 12:49:36,451 DEBUG: 			View 1 : 0.756218905473
2016-08-22 12:49:36,611 DEBUG: 			View 2 : 0.592039800995
2016-08-22 12:49:36,619 DEBUG: 			View 3 : 0.542288557214
2016-08-22 12:49:36,794 DEBUG: 			View 4 : 0.537313432836
2016-08-22 12:49:36,879 DEBUG: 			 Best view : 		MiRNA__
2016-08-22 12:49:36,891 DEBUG: 		Start:	 Iteration 9
2016-08-22 12:49:36,925 DEBUG: 			View 0 : 0.52736318408
2016-08-22 12:49:36,933 DEBUG: 			View 1 : 0.477611940299
2016-08-22 12:49:37,094 DEBUG: 			View 2 : 0.597014925373
2016-08-22 12:49:37,102 DEBUG: 			View 3 : 0.55223880597
2016-08-22 12:49:37,286 DEBUG: 			View 4 : 0.55223880597
2016-08-22 12:49:37,374 DEBUG: 			 Best view : 		RNASeq_
2016-08-22 12:49:37,386 DEBUG: 		Start:	 Iteration 10
2016-08-22 12:49:37,420 DEBUG: 			View 0 : 0.412935323383
2016-08-22 12:49:37,428 DEBUG: 			View 1 : 0.621890547264
2016-08-22 12:49:37,579 DEBUG: 			View 2 : 0.492537313433
2016-08-22 12:49:37,587 DEBUG: 			View 3 : 0.601990049751
2016-08-22 12:49:37,776 DEBUG: 			View 4 : 0.611940298507
2016-08-22 12:49:37,868 DEBUG: 			 Best view : 		Clinic_
2016-08-22 12:49:37,880 DEBUG: 		Start:	 Iteration 11
2016-08-22 12:49:37,914 DEBUG: 			View 0 : 0.457711442786
2016-08-22 12:49:37,922 DEBUG: 			View 1 : 0.611940298507
2016-08-22 12:49:38,074 DEBUG: 			View 2 : 0.55223880597
2016-08-22 12:49:38,082 DEBUG: 			View 3 : 0.467661691542
2016-08-22 12:49:38,264 DEBUG: 			View 4 : 0.626865671642
2016-08-22 12:49:38,361 DEBUG: 			 Best view : 		MRNASeq
2016-08-22 12:49:38,373 DEBUG: 		Start:	 Iteration 12
2016-08-22 12:49:38,407 DEBUG: 			View 0 : 0.587064676617
2016-08-22 12:49:38,415 DEBUG: 			View 1 : 0.55223880597
2016-08-22 12:49:38,572 DEBUG: 			View 2 : 0.601990049751
2016-08-22 12:49:38,579 DEBUG: 			View 3 : 0.567164179104
2016-08-22 12:49:38,762 DEBUG: 			View 4 : 0.577114427861
2016-08-22 12:49:38,862 DEBUG: 			 Best view : 		RNASeq_
2016-08-22 12:49:38,875 DEBUG: 		Start:	 Iteration 13
2016-08-22 12:49:38,908 DEBUG: 			View 0 : 0.63184079602
2016-08-22 12:49:38,917 DEBUG: 			View 1 : 0.626865671642
2016-08-22 12:49:39,078 DEBUG: 			View 2 : 0.621890547264
2016-08-22 12:49:39,085 DEBUG: 			View 3 : 0.641791044776
2016-08-22 12:49:39,269 DEBUG: 			View 4 : 0.63184079602
2016-08-22 12:49:39,372 DEBUG: 			 Best view : 		Clinic_
2016-08-22 12:49:39,385 DEBUG: 		Start:	 Iteration 14
2016-08-22 12:49:39,419 DEBUG: 			View 0 : 0.562189054726
2016-08-22 12:49:39,427 DEBUG: 			View 1 : 0.606965174129
2016-08-22 12:49:39,579 DEBUG: 			View 2 : 0.611940298507
2016-08-22 12:49:39,587 DEBUG: 			View 3 : 0.542288557214
2016-08-22 12:49:39,776 DEBUG: 			View 4 : 0.572139303483
2016-08-22 12:49:39,883 DEBUG: 			 Best view : 		MiRNA__
2016-08-22 12:49:39,896 DEBUG: 		Start:	 Iteration 15
2016-08-22 12:49:39,930 DEBUG: 			View 0 : 0.582089552239
2016-08-22 12:49:39,938 DEBUG: 			View 1 : 0.577114427861
2016-08-22 12:49:40,103 DEBUG: 			View 2 : 0.567164179104
2016-08-22 12:49:40,111 DEBUG: 			View 3 : 0.537313432836
2016-08-22 12:49:40,303 DEBUG: 			View 4 : 0.601990049751
2016-08-22 12:49:40,413 DEBUG: 			 Best view : 		MRNASeq
2016-08-22 12:49:40,427 DEBUG: 		Start:	 Iteration 16
2016-08-22 12:49:40,460 DEBUG: 			View 0 : 0.641791044776
2016-08-22 12:49:40,468 DEBUG: 			View 1 : 0.626865671642
2016-08-22 12:49:40,628 DEBUG: 			View 2 : 0.592039800995
2016-08-22 12:49:40,636 DEBUG: 			View 3 : 0.611940298507
2016-08-22 12:49:40,826 DEBUG: 			View 4 : 0.547263681592
2016-08-22 12:49:40,940 DEBUG: 			 Best view : 		MiRNA__
2016-08-22 12:49:40,953 DEBUG: 		Start:	 Iteration 17
2016-08-22 12:49:40,987 DEBUG: 			View 0 : 0.621890547264
2016-08-22 12:49:40,995 DEBUG: 			View 1 : 0.492537313433
2016-08-22 12:49:41,150 DEBUG: 			View 2 : 0.601990049751
2016-08-22 12:49:41,158 DEBUG: 			View 3 : 0.55223880597
2016-08-22 12:49:41,346 DEBUG: 			View 4 : 0.601990049751
2016-08-22 12:49:41,463 DEBUG: 			 Best view : 		RNASeq_
2016-08-22 12:49:41,477 DEBUG: 		Start:	 Iteration 18
2016-08-22 12:49:41,511 DEBUG: 			View 0 : 0.582089552239
2016-08-22 12:49:41,519 DEBUG: 			View 1 : 0.696517412935
2016-08-22 12:49:41,678 DEBUG: 			View 2 : 0.597014925373
2016-08-22 12:49:41,686 DEBUG: 			View 3 : 0.522388059701
2016-08-22 12:49:41,874 DEBUG: 			View 4 : 0.587064676617
2016-08-22 12:49:41,997 DEBUG: 			 Best view : 		MiRNA__
2016-08-22 12:49:42,011 DEBUG: 		Start:	 Iteration 19
2016-08-22 12:49:42,045 DEBUG: 			View 0 : 0.52736318408
2016-08-22 12:49:42,053 DEBUG: 			View 1 : 0.686567164179
2016-08-22 12:49:42,204 DEBUG: 			View 2 : 0.547263681592
2016-08-22 12:49:42,212 DEBUG: 			View 3 : 0.611940298507
2016-08-22 12:49:42,394 DEBUG: 			View 4 : 0.55223880597
2016-08-22 12:49:42,518 DEBUG: 			 Best view : 		MiRNA__
2016-08-22 12:49:42,533 DEBUG: 		Start:	 Iteration 20
2016-08-22 12:49:42,566 DEBUG: 			View 0 : 0.547263681592
2016-08-22 12:49:42,575 DEBUG: 			View 1 : 0.467661691542
2016-08-22 12:49:42,733 DEBUG: 			View 2 : 0.597014925373
2016-08-22 12:49:42,741 DEBUG: 			View 3 : 0.671641791045
2016-08-22 12:49:42,917 DEBUG: 			View 4 : 0.587064676617
2016-08-22 12:49:43,044 DEBUG: 			 Best view : 		Clinic_
2016-08-22 12:49:43,059 DEBUG: 		Start:	 Iteration 21
2016-08-22 12:49:43,092 DEBUG: 			View 0 : 0.626865671642
2016-08-22 12:49:43,101 DEBUG: 			View 1 : 0.696517412935
2016-08-22 12:49:43,258 DEBUG: 			View 2 : 0.52736318408
2016-08-22 12:49:43,266 DEBUG: 			View 3 : 0.676616915423
2016-08-22 12:49:43,447 DEBUG: 			View 4 : 0.537313432836
2016-08-22 12:49:43,578 DEBUG: 			 Best view : 		Clinic_
2016-08-22 12:49:43,593 DEBUG: 		Start:	 Iteration 22
2016-08-22 12:49:43,627 DEBUG: 			View 0 : 0.666666666667
2016-08-22 12:49:43,635 DEBUG: 			View 1 : 0.487562189055
2016-08-22 12:49:43,789 DEBUG: 			View 2 : 0.567164179104
2016-08-22 12:49:43,796 DEBUG: 			View 3 : 0.582089552239
2016-08-22 12:49:43,974 DEBUG: 			View 4 : 0.557213930348
2016-08-22 12:49:44,108 DEBUG: 			 Best view : 		Methyl_
2016-08-22 12:49:44,124 DEBUG: 		Start:	 Iteration 23
2016-08-22 12:49:44,158 DEBUG: 			View 0 : 0.616915422886
2016-08-22 12:49:44,166 DEBUG: 			View 1 : 0.606965174129
2016-08-22 12:49:44,328 DEBUG: 			View 2 : 0.572139303483
2016-08-22 12:49:44,336 DEBUG: 			View 3 : 0.616915422886
2016-08-22 12:49:44,531 DEBUG: 			View 4 : 0.55223880597
2016-08-22 12:49:44,670 DEBUG: 			 Best view : 		Clinic_
2016-08-22 12:49:44,686 DEBUG: 		Start:	 Iteration 24
2016-08-22 12:49:44,720 DEBUG: 			View 0 : 0.487562189055
2016-08-22 12:49:44,728 DEBUG: 			View 1 : 0.716417910448
2016-08-22 12:49:44,887 DEBUG: 			View 2 : 0.572139303483
2016-08-22 12:49:44,895 DEBUG: 			View 3 : 0.592039800995
2016-08-22 12:49:45,078 DEBUG: 			View 4 : 0.55223880597
2016-08-22 12:49:45,221 DEBUG: 			 Best view : 		MiRNA__
2016-08-22 12:49:45,237 DEBUG: 		Start:	 Iteration 25
2016-08-22 12:49:45,271 DEBUG: 			View 0 : 0.597014925373
2016-08-22 12:49:45,279 DEBUG: 			View 1 : 0.65671641791
2016-08-22 12:49:45,439 DEBUG: 			View 2 : 0.597014925373
2016-08-22 12:49:45,447 DEBUG: 			View 3 : 0.597014925373
2016-08-22 12:49:45,628 DEBUG: 			View 4 : 0.52736318408
2016-08-22 12:49:45,773 DEBUG: 			 Best view : 		MiRNA__
2016-08-22 12:49:45,789 DEBUG: 		Start:	 Iteration 26
2016-08-22 12:49:45,823 DEBUG: 			View 0 : 0.502487562189
2016-08-22 12:49:45,831 DEBUG: 			View 1 : 0.63184079602
2016-08-22 12:49:45,990 DEBUG: 			View 2 : 0.567164179104
2016-08-22 12:49:45,997 DEBUG: 			View 3 : 0.592039800995
2016-08-22 12:49:46,185 DEBUG: 			View 4 : 0.592039800995
2016-08-22 12:49:46,334 DEBUG: 			 Best view : 		MiRNA__
2016-08-22 12:49:46,350 DEBUG: 		Start:	 Iteration 27
2016-08-22 12:49:46,384 DEBUG: 			View 0 : 0.621890547264
2016-08-22 12:49:46,392 DEBUG: 			View 1 : 0.482587064677
2016-08-22 12:49:46,544 DEBUG: 			View 2 : 0.577114427861
2016-08-22 12:49:46,551 DEBUG: 			View 3 : 0.542288557214
2016-08-22 12:49:46,739 DEBUG: 			View 4 : 0.616915422886
2016-08-22 12:49:46,891 DEBUG: 			 Best view : 		MRNASeq
2016-08-22 12:49:46,908 DEBUG: 		Start:	 Iteration 28
2016-08-22 12:49:46,942 DEBUG: 			View 0 : 0.52736318408
2016-08-22 12:49:46,950 DEBUG: 			View 1 : 0.621890547264
2016-08-22 12:49:47,106 DEBUG: 			View 2 : 0.587064676617
2016-08-22 12:49:47,114 DEBUG: 			View 3 : 0.616915422886
2016-08-22 12:49:47,301 DEBUG: 			View 4 : 0.522388059701
2016-08-22 12:49:47,457 DEBUG: 			 Best view : 		Clinic_
2016-08-22 12:49:47,474 DEBUG: 		Start:	 Iteration 29
2016-08-22 12:49:47,507 DEBUG: 			View 0 : 0.487562189055
2016-08-22 12:49:47,516 DEBUG: 			View 1 : 0.71144278607
2016-08-22 12:49:47,675 DEBUG: 			View 2 : 0.557213930348
2016-08-22 12:49:47,683 DEBUG: 			View 3 : 0.636815920398
2016-08-22 12:49:47,858 DEBUG: 			View 4 : 0.611940298507
2016-08-22 12:49:48,018 DEBUG: 			 Best view : 		MiRNA__
2016-08-22 12:49:48,035 DEBUG: 		Start:	 Iteration 30
2016-08-22 12:49:48,069 DEBUG: 			View 0 : 0.572139303483
2016-08-22 12:49:48,078 DEBUG: 			View 1 : 0.661691542289
2016-08-22 12:49:48,228 DEBUG: 			View 2 : 0.542288557214
2016-08-22 12:49:48,236 DEBUG: 			View 3 : 0.611940298507
2016-08-22 12:49:48,424 DEBUG: 			View 4 : 0.587064676617
2016-08-22 12:49:48,587 DEBUG: 			 Best view : 		MiRNA__
2016-08-22 12:49:48,605 DEBUG: 		Start:	 Iteration 31
2016-08-22 12:49:48,639 DEBUG: 			View 0 : 0.606965174129
2016-08-22 12:49:48,647 DEBUG: 			View 1 : 0.522388059701
2016-08-22 12:49:48,805 DEBUG: 			View 2 : 0.52736318408
2016-08-22 12:49:48,813 DEBUG: 			View 3 : 0.606965174129
2016-08-22 12:49:48,995 DEBUG: 			View 4 : 0.562189054726
2016-08-22 12:49:49,162 DEBUG: 			 Best view : 		Clinic_
2016-08-22 12:49:49,180 DEBUG: 		Start:	 Iteration 32
2016-08-22 12:49:49,214 DEBUG: 			View 0 : 0.65671641791
2016-08-22 12:49:49,222 DEBUG: 			View 1 : 0.437810945274
2016-08-22 12:49:49,384 DEBUG: 			View 2 : 0.572139303483
2016-08-22 12:49:49,391 DEBUG: 			View 3 : 0.55223880597
2016-08-22 12:49:49,580 DEBUG: 			View 4 : 0.582089552239
2016-08-22 12:49:49,749 DEBUG: 			 Best view : 		Methyl_
2016-08-22 12:49:49,767 DEBUG: 		Start:	 Iteration 33
2016-08-22 12:49:49,801 DEBUG: 			View 0 : 0.522388059701
2016-08-22 12:49:49,810 DEBUG: 			View 1 : 0.611940298507
2016-08-22 12:49:49,966 DEBUG: 			View 2 : 0.587064676617
2016-08-22 12:49:49,974 DEBUG: 			View 3 : 0.706467661692
2016-08-22 12:49:50,150 DEBUG: 			View 4 : 0.52736318408
2016-08-22 12:49:50,323 DEBUG: 			 Best view : 		Clinic_
2016-08-22 12:49:50,341 DEBUG: 		Start:	 Iteration 34
2016-08-22 12:49:50,375 DEBUG: 			View 0 : 0.487562189055
2016-08-22 12:49:50,383 DEBUG: 			View 1 : 0.691542288557
2016-08-22 12:49:50,541 DEBUG: 			View 2 : 0.55223880597
2016-08-22 12:49:50,549 DEBUG: 			View 3 : 0.651741293532
2016-08-22 12:49:50,737 DEBUG: 			View 4 : 0.562189054726
2016-08-22 12:49:50,915 DEBUG: 			 Best view : 		MiRNA__
2016-08-22 12:49:50,933 DEBUG: 		Start:	 Iteration 35
2016-08-22 12:49:50,968 DEBUG: 			View 0 : 0.47263681592
2016-08-22 12:49:50,976 DEBUG: 			View 1 : 0.532338308458
2016-08-22 12:49:51,138 DEBUG: 			View 2 : 0.63184079602
2016-08-22 12:49:51,145 DEBUG: 			View 3 : 0.671641791045
2016-08-22 12:49:51,327 DEBUG: 			View 4 : 0.532338308458
2016-08-22 12:49:51,509 DEBUG: 			 Best view : 		Clinic_
2016-08-22 12:49:51,528 DEBUG: 		Start:	 Iteration 36
2016-08-22 12:49:51,562 DEBUG: 			View 0 : 0.567164179104
2016-08-22 12:49:51,571 DEBUG: 			View 1 : 0.65671641791
2016-08-22 12:49:51,729 DEBUG: 			View 2 : 0.562189054726
2016-08-22 12:49:51,736 DEBUG: 			View 3 : 0.616915422886
2016-08-22 12:49:51,919 DEBUG: 			View 4 : 0.621890547264
2016-08-22 12:49:52,103 DEBUG: 			 Best view : 		MiRNA__
2016-08-22 12:49:52,121 DEBUG: 		Start:	 Iteration 37
2016-08-22 12:49:52,155 DEBUG: 			View 0 : 0.542288557214
2016-08-22 12:49:52,163 DEBUG: 			View 1 : 0.65671641791
2016-08-22 12:49:52,325 DEBUG: 			View 2 : 0.557213930348
2016-08-22 12:49:52,333 DEBUG: 			View 3 : 0.661691542289
2016-08-22 12:49:52,515 DEBUG: 			View 4 : 0.572139303483
2016-08-22 12:49:52,703 DEBUG: 			 Best view : 		Clinic_
2016-08-22 12:49:52,722 DEBUG: 		Start:	 Iteration 38
2016-08-22 12:49:52,756 DEBUG: 			View 0 : 0.517412935323
2016-08-22 12:49:52,765 DEBUG: 			View 1 : 0.567164179104
2016-08-22 12:49:52,917 DEBUG: 			View 2 : 0.587064676617
2016-08-22 12:49:52,925 DEBUG: 			View 3 : 0.606965174129
2016-08-22 12:49:53,102 DEBUG: 			View 4 : 0.601990049751
2016-08-22 12:49:53,293 DEBUG: 			 Best view : 		Clinic_
2016-08-22 12:49:53,312 DEBUG: 		Start:	 Iteration 39
2016-08-22 12:49:53,346 DEBUG: 			View 0 : 0.592039800995
2016-08-22 12:49:53,355 DEBUG: 			View 1 : 0.606965174129
2016-08-22 12:49:53,517 DEBUG: 			View 2 : 0.626865671642
2016-08-22 12:49:53,524 DEBUG: 			View 3 : 0.512437810945
2016-08-22 12:49:53,713 DEBUG: 			View 4 : 0.52736318408
2016-08-22 12:49:53,907 DEBUG: 			 Best view : 		RNASeq_
2016-08-22 12:49:53,927 DEBUG: 		Start:	 Iteration 40
2016-08-22 12:49:53,960 DEBUG: 			View 0 : 0.582089552239
2016-08-22 12:49:53,969 DEBUG: 			View 1 : 0.686567164179
2016-08-22 12:49:54,126 DEBUG: 			View 2 : 0.606965174129
2016-08-22 12:49:54,134 DEBUG: 			View 3 : 0.577114427861
2016-08-22 12:49:54,324 DEBUG: 			View 4 : 0.542288557214
2016-08-22 12:49:54,521 DEBUG: 			 Best view : 		MiRNA__
2016-08-22 12:49:54,541 DEBUG: 		Start:	 Iteration 41
2016-08-22 12:49:54,575 DEBUG: 			View 0 : 0.452736318408
2016-08-22 12:49:54,584 DEBUG: 			View 1 : 0.626865671642
2016-08-22 12:49:54,744 DEBUG: 			View 2 : 0.592039800995
2016-08-22 12:49:54,752 DEBUG: 			View 3 : 0.592039800995
2016-08-22 12:49:54,928 DEBUG: 			View 4 : 0.562189054726
2016-08-22 12:49:55,129 DEBUG: 			 Best view : 		MiRNA__
2016-08-22 12:49:55,149 DEBUG: 		Start:	 Iteration 42
2016-08-22 12:49:55,182 DEBUG: 			View 0 : 0.47263681592
2016-08-22 12:49:55,191 DEBUG: 			View 1 : 0.636815920398
2016-08-22 12:49:55,351 DEBUG: 			View 2 : 0.55223880597
2016-08-22 12:49:55,359 DEBUG: 			View 3 : 0.621890547264
2016-08-22 12:49:55,547 DEBUG: 			View 4 : 0.577114427861
