2016-08-22 10:36:42,942 INFO: ### Main Programm for Multiview Classification
2016-08-22 10:36:42,942 INFO: ### Classification - Database : ModifiedMultiOmic ; Views : Methyl, MiRNA, RNASEQ, Clinical ; Algorithm : Mumbo ; Cores : 1
2016-08-22 10:36:42,942 INFO: Start:	 Read HDF5 Database Files for ModifiedMultiOmic
2016-08-22 10:36:42,945 INFO: Info:	 Labels used: No, Yes
2016-08-22 10:36:42,945 INFO: Info:	 Length of dataset:347
2016-08-22 10:36:42,946 INFO: Info:	 Shape of Methyl_ :[  347 25978]
2016-08-22 10:36:42,947 INFO: Info:	 Shape of MiRNA__ :[ 347 1046]
2016-08-22 10:36:42,947 INFO: Info:	 Shape of RNASeq_ :[  347 73599]
2016-08-22 10:36:42,948 INFO: Info:	 Shape of Clinic_ :[347 127]
2016-08-22 10:36:42,949 INFO: Info:	 Shape of MRNASeq :[  347 73599]
2016-08-22 10:36:42,949 INFO: Done:	 Read Database Files
2016-08-22 10:36:42,949 INFO: Start:	 Determine validation split for ratio 0.7
2016-08-22 10:36:42,952 INFO: Done:	 Determine validation split
2016-08-22 10:36:42,952 INFO: Start:	 Determine 4 folds
2016-08-22 10:36:42,959 INFO: Info:	 Length of Learning Sets: 184
2016-08-22 10:36:42,959 INFO: Info:	 Length of Testing Sets: 60
2016-08-22 10:36:42,959 INFO: Info:	 Length of Validation Set: 103
2016-08-22 10:36:42,959 INFO: Done:	 Determine folds
2016-08-22 10:36:42,959 INFO: Start:	 Learning with Mumbo and 4 folds
2016-08-22 10:36:53,018 INFO: 	Start:	 Fold number 1
2016-08-22 10:36:53,663 DEBUG: 		Start:	 Iteration 1
