2016-08-24 09:31:48,286 INFO: Start:	 Read HDF5 Database Files for ModifiedMultiOmic
2016-08-24 09:31:48,286 INFO: Info:	 Labels used: No, Yes
2016-08-24 09:31:48,287 INFO: Info:	 Length of dataset:347
2016-08-24 09:31:48,288 INFO: ### Main Programm for Multiview Classification
2016-08-24 09:31:48,288 INFO: ### Classification - Database : ModifiedMultiOmic ; Views : Methyl, MiRNA, RNASEQ, Clinical ; Algorithm : Mumbo ; Cores : 1
2016-08-24 09:31:48,289 INFO: Info:	 Shape of Methyl_ :(347, 25978)
2016-08-24 09:31:48,289 INFO: Info:	 Shape of MiRNA__ :(347, 1046)
2016-08-24 09:31:48,289 INFO: Info:	 Shape of RANSeq_ :(347, 73599)
2016-08-24 09:31:48,290 INFO: Info:	 Shape of Clinic_ :(347, 127)
2016-08-24 09:31:48,290 INFO: Done:	 Read Database Files
2016-08-24 09:31:48,290 INFO: Start:	 Determine validation split for ratio 0.7
2016-08-24 09:31:48,293 INFO: Done:	 Determine validation split
2016-08-24 09:31:48,293 INFO: Start:	 Determine 2 folds
2016-08-24 09:31:48,304 INFO: Info:	 Length of Learning Sets: 122
2016-08-24 09:31:48,304 INFO: Info:	 Length of Testing Sets: 122
2016-08-24 09:31:48,304 INFO: Info:	 Length of Validation Set: 103
2016-08-24 09:31:48,304 INFO: Done:	 Determine folds
2016-08-24 09:31:48,304 INFO: Start:	 Learning with Mumbo and 2 folds
2016-08-24 09:31:48,304 INFO: Start:	 Gridsearching best settings for monoview classifiers
2016-08-24 09:31:48,305 DEBUG: 	Start:	 Gridsearch for DecisionTree on Methyl_
2016-08-24 09:31:55,692 DEBUG: 0.579596541787Poulet
2016-08-24 09:31:55,692 DEBUG: 0.592103746398Poulet
2016-08-24 09:31:55,693 DEBUG: 0.599135446686Poulet
2016-08-24 09:31:55,694 DEBUG: 	Done:	 Gridsearch for DecisionTree
2016-08-24 09:31:55,694 DEBUG: 	Start:	 Gridsearch for DecisionTree on MiRNA__
2016-08-24 09:31:57,621 DEBUG: 0.502997118156Poulet
2016-08-24 09:31:57,621 DEBUG: 0.571354466859Poulet
2016-08-24 09:31:57,621 DEBUG: 0.575331412104Poulet
2016-08-24 09:31:57,621 DEBUG: 	Done:	 Gridsearch for DecisionTree
2016-08-24 09:31:57,622 DEBUG: 	Start:	 Gridsearch for DecisionTree on RANSeq_
