2016-08-22 11:01:50,946 INFO: ### Main Programm for Multiview Classification
2016-08-22 11:01:50,946 INFO: ### Classification - Database : ModifiedMultiOmic ; Views : Methyl, MiRNA, RNASEQ, Clinical ; Algorithm : Mumbo ; Cores : 1
2016-08-22 11:01:50,946 INFO: Start:	 Read HDF5 Database Files for ModifiedMultiOmic
2016-08-22 11:01:50,948 INFO: Info:	 Labels used: No, Yes
2016-08-22 11:01:50,948 INFO: Info:	 Length of dataset:347
2016-08-22 11:01:50,949 INFO: Info:	 Shape of Methyl_ :[  347 25978]
2016-08-22 11:01:50,950 INFO: Info:	 Shape of MiRNA__ :[ 347 1046]
2016-08-22 11:01:50,951 INFO: Info:	 Shape of RNASeq_ :[  347 73599]
2016-08-22 11:01:50,952 INFO: Info:	 Shape of Clinic_ :[347 127]
2016-08-22 11:01:50,953 INFO: Info:	 Shape of MRNASeq :[  347 73599]
2016-08-22 11:01:50,953 INFO: Done:	 Read Database Files
2016-08-22 11:01:50,953 INFO: Start:	 Determine validation split for ratio 0.7
2016-08-22 11:01:50,956 INFO: Done:	 Determine validation split
2016-08-22 11:01:50,956 INFO: Start:	 Determine 4 folds
2016-08-22 11:01:50,962 INFO: Info:	 Length of Learning Sets: 184
2016-08-22 11:01:50,962 INFO: Info:	 Length of Testing Sets: 60
2016-08-22 11:01:50,962 INFO: Info:	 Length of Validation Set: 103
2016-08-22 11:01:50,962 INFO: Done:	 Determine folds
2016-08-22 11:01:50,962 INFO: Start:	 Learning with Mumbo and 4 folds
2016-08-22 11:02:52,994 INFO: 	Start:	 Fold number 1
2016-08-22 11:02:53,634 DEBUG: 		Start:	 Iteration 1
