2016-08-24 11:07:26,238 INFO: Start:	 Read HDF5 Database Files for ModifiedMultiOmic
2016-08-24 11:07:26,238 INFO: Info:	 Labels used: No, Yes
2016-08-24 11:07:26,239 INFO: Info:	 Length of dataset:347
2016-08-24 11:07:26,240 INFO: ### Main Programm for Multiview Classification
2016-08-24 11:07:26,240 INFO: ### Classification - Database : ModifiedMultiOmic ; Views : Methyl, MiRNA, RNASEQ, Clinical ; Algorithm : Mumbo ; Cores : 1
2016-08-24 11:07:26,241 INFO: Info:	 Shape of Methyl_ :(347, 25978)
2016-08-24 11:07:26,241 INFO: Info:	 Shape of MiRNA__ :(347, 1046)
2016-08-24 11:07:26,242 INFO: Info:	 Shape of RANSeq_ :(347, 73599)
2016-08-24 11:07:26,242 INFO: Info:	 Shape of Clinic_ :(347, 127)
2016-08-24 11:07:26,242 INFO: Done:	 Read Database Files
2016-08-24 11:07:26,242 INFO: Start:	 Determine validation split for ratio 0.7
2016-08-24 11:07:26,246 INFO: Done:	 Determine validation split
2016-08-24 11:07:26,246 INFO: Start:	 Determine 2 folds
2016-08-24 11:07:26,254 INFO: Info:	 Length of Learning Sets: 122
2016-08-24 11:07:26,254 INFO: Info:	 Length of Testing Sets: 122
2016-08-24 11:07:26,254 INFO: Info:	 Length of Validation Set: 103
2016-08-24 11:07:26,254 INFO: Done:	 Determine folds
2016-08-24 11:07:26,254 INFO: Start:	 Learning with Mumbo and 2 folds
2016-08-24 11:07:26,254 INFO: Start:	 Gridsearching best settings for monoview classifiers
2016-08-24 11:07:26,254 DEBUG: 	Start:	 Gridsearch for DecisionTree on Methyl_
2016-08-24 11:07:33,791 DEBUG: 0.558270893372Poulet
2016-08-24 11:07:33,791 DEBUG: 0.521268011527Poulet
2016-08-24 11:07:33,791 DEBUG: 0.521556195965Poulet
2016-08-24 11:07:33,792 DEBUG: 	Done:	 Gridsearch for DecisionTree
2016-08-24 11:07:33,792 DEBUG: 	Start:	 Gridsearch for DecisionTree on MiRNA__
2016-08-24 11:07:35,798 DEBUG: 0.530893371758Poulet
2016-08-24 11:07:35,798 DEBUG: 0.530720461095Poulet
2016-08-24 11:07:35,798 DEBUG: 	Done:	 Gridsearch for DecisionTree
2016-08-24 11:07:35,799 DEBUG: 	Start:	 Gridsearch for DecisionTree on RANSeq_
2016-08-24 11:07:52,803 DEBUG: 0.583227665706Poulet
2016-08-24 11:07:52,803 DEBUG: 0.569798270893Poulet
2016-08-24 11:07:52,803 DEBUG: 0.543746397695Poulet
2016-08-24 11:07:52,803 DEBUG: 0.520749279539Poulet
2016-08-24 11:07:52,803 DEBUG: 	Done:	 Gridsearch for DecisionTree
2016-08-24 11:07:52,804 DEBUG: 	Start:	 Gridsearch for DecisionTree on Clinic_
2016-08-24 11:07:54,548 DEBUG: 0.559827089337Poulet
2016-08-24 11:07:54,549 DEBUG: 	Done:	 Gridsearch for DecisionTree
2016-08-24 11:07:54,549 DEBUG: 	Start:	 Gridsearch for DecisionTree on MRNASeq
2016-08-24 11:08:34,507 DEBUG: 0.561383285303Poulet
2016-08-24 11:08:34,507 DEBUG: 0.549337175793Poulet
2016-08-24 11:08:34,508 DEBUG: 0.511930835735Poulet
2016-08-24 11:08:34,508 DEBUG: 0.514524495677Poulet
2016-08-24 11:08:34,508 DEBUG: 0.514755043228Poulet
2016-08-24 11:08:34,512 DEBUG: 	Done:	 Gridsearch for DecisionTree
2016-08-24 11:08:34,512 INFO: Done:	 Gridsearching best settings for monoview classifiers
2016-08-24 11:08:34,512 INFO: 	Start:	 Fold number 1
2016-08-24 11:08:36,691 DEBUG: 		Start:	 Iteration 1
2016-08-24 11:08:36,707 DEBUG: 			View 0 : 0.620253164557
2016-08-24 11:08:36,715 DEBUG: 			View 1 : 0.26582278481
2016-08-24 11:08:36,744 DEBUG: 			View 2 : 0.620253164557
2016-08-24 11:08:36,751 DEBUG: 			View 3 : 0.569620253165
2016-08-24 11:08:36,793 DEBUG: 			 Best view : 		Clinic_
2016-08-24 11:08:36,864 DEBUG: 		Start:	 Iteration 2
2016-08-24 11:08:36,881 DEBUG: 			View 0 : 0.436708860759
2016-08-24 11:08:36,888 DEBUG: 			View 1 : 0.481012658228
2016-08-24 11:08:36,925 DEBUG: 			View 2 : 0.405063291139
2016-08-24 11:08:36,932 DEBUG: 			View 3 : 0.626582278481
2016-08-24 11:08:36,977 DEBUG: 			 Best view : 		Clinic_
2016-08-24 11:08:37,106 DEBUG: 		Start:	 Iteration 3
2016-08-24 11:08:37,122 DEBUG: 			View 0 : 0.53164556962
2016-08-24 11:08:37,130 DEBUG: 			View 1 : 0.626582278481
2016-08-24 11:08:37,168 DEBUG: 			View 2 : 0.518987341772
2016-08-24 11:08:37,176 DEBUG: 			View 3 : 0.575949367089
2016-08-24 11:08:37,230 DEBUG: 			 Best view : 		MiRNA__
2016-08-24 11:08:37,420 DEBUG: 		Start:	 Iteration 4
2016-08-24 11:08:37,437 DEBUG: 			View 0 : 0.677215189873
2016-08-24 11:08:37,445 DEBUG: 			View 1 : 0.588607594937
2016-08-24 11:08:37,482 DEBUG: 			View 2 : 0.436708860759
2016-08-24 11:08:37,489 DEBUG: 			View 3 : 0.411392405063
2016-08-24 11:08:37,546 DEBUG: 			 Best view : 		Methyl_
2016-08-24 11:08:37,798 DEBUG: 		Start:	 Iteration 5
2016-08-24 11:08:37,815 DEBUG: 			View 0 : 0.506329113924
2016-08-24 11:08:37,823 DEBUG: 			View 1 : 0.474683544304
2016-08-24 11:08:37,861 DEBUG: 			View 2 : 0.392405063291
2016-08-24 11:08:37,868 DEBUG: 			View 3 : 0.436708860759
2016-08-24 11:08:37,927 DEBUG: 			 Best view : 		MiRNA__
2016-08-24 11:08:38,240 DEBUG: 		Start:	 Iteration 6
2016-08-24 11:08:38,256 DEBUG: 			View 0 : 0.449367088608
2016-08-24 11:08:38,264 DEBUG: 			View 1 : 0.626582278481
2016-08-24 11:08:38,302 DEBUG: 			View 2 : 0.417721518987
2016-08-24 11:08:38,309 DEBUG: 			View 3 : 0.53164556962
2016-08-24 11:08:38,371 DEBUG: 			 Best view : 		Clinic_
2016-08-24 11:08:38,740 DEBUG: 		Start:	 Iteration 7
2016-08-24 11:08:38,756 DEBUG: 			View 0 : 0.443037974684
2016-08-24 11:08:38,764 DEBUG: 			View 1 : 0.487341772152
2016-08-24 11:08:38,800 DEBUG: 			View 2 : 0.582278481013
2016-08-24 11:08:38,808 DEBUG: 			View 3 : 0.512658227848
2016-08-24 11:08:38,871 DEBUG: 			 Best view : 		RANSeq_
2016-08-24 11:08:39,315 DEBUG: 		Start:	 Iteration 8
2016-08-24 11:08:39,332 DEBUG: 			View 0 : 0.417721518987
2016-08-24 11:08:39,339 DEBUG: 			View 1 : 0.462025316456
2016-08-24 11:08:39,377 DEBUG: 			View 2 : 0.474683544304
2016-08-24 11:08:39,384 DEBUG: 			View 3 : 0.556962025316
2016-08-24 11:08:39,450 DEBUG: 			 Best view : 		Clinic_
2016-08-24 11:08:39,972 DEBUG: 		Start:	 Iteration 9
2016-08-24 11:08:39,990 DEBUG: 			View 0 : 0.5
2016-08-24 11:08:39,998 DEBUG: 			View 1 : 0.651898734177
2016-08-24 11:08:40,037 DEBUG: 			View 2 : 0.537974683544
2016-08-24 11:08:40,045 DEBUG: 			View 3 : 0.392405063291
2016-08-24 11:08:40,115 DEBUG: 			 Best view : 		MiRNA__
2016-08-24 11:08:40,698 DEBUG: 		Start:	 Iteration 10
2016-08-24 11:08:40,715 DEBUG: 			View 0 : 0.594936708861
2016-08-24 11:08:40,723 DEBUG: 			View 1 : 0.354430379747
2016-08-24 11:08:40,760 DEBUG: 			View 2 : 0.613924050633
2016-08-24 11:08:40,768 DEBUG: 			View 3 : 0.544303797468
2016-08-24 11:08:40,837 DEBUG: 			 Best view : 		RANSeq_
2016-08-24 11:08:41,469 DEBUG: 		Start:	 Iteration 11
2016-08-24 11:08:41,485 DEBUG: 			View 0 : 0.367088607595
2016-08-24 11:08:41,493 DEBUG: 			View 1 : 0.658227848101
2016-08-24 11:08:41,530 DEBUG: 			View 2 : 0.537974683544
2016-08-24 11:08:41,537 DEBUG: 			View 3 : 0.582278481013
2016-08-24 11:08:41,610 DEBUG: 			 Best view : 		MiRNA__
2016-08-24 11:08:42,303 DEBUG: 		Start:	 Iteration 12
2016-08-24 11:08:42,319 DEBUG: 			View 0 : 0.424050632911
2016-08-24 11:08:42,327 DEBUG: 			View 1 : 0.373417721519
2016-08-24 11:08:42,364 DEBUG: 			View 2 : 0.462025316456
2016-08-24 11:08:42,371 DEBUG: 			View 3 : 0.588607594937
2016-08-24 11:08:42,445 DEBUG: 			 Best view : 		Clinic_
2016-08-24 11:08:43,193 DEBUG: 		Start:	 Iteration 13
2016-08-24 11:08:43,209 DEBUG: 			View 0 : 0.474683544304
2016-08-24 11:08:43,217 DEBUG: 			View 1 : 0.575949367089
2016-08-24 11:08:43,253 DEBUG: 			View 2 : 0.411392405063
2016-08-24 11:08:43,261 DEBUG: 			View 3 : 0.386075949367
2016-08-24 11:08:43,339 DEBUG: 			 Best view : 		MiRNA__
2016-08-24 11:08:44,142 DEBUG: 		Start:	 Iteration 14
2016-08-24 11:08:44,159 DEBUG: 			View 0 : 0.620253164557
2016-08-24 11:08:44,166 DEBUG: 			View 1 : 0.493670886076
2016-08-24 11:08:44,203 DEBUG: 			View 2 : 0.575949367089
2016-08-24 11:08:44,211 DEBUG: 			View 3 : 0.658227848101
2016-08-24 11:08:44,291 DEBUG: 			 Best view : 		Clinic_
2016-08-24 11:08:45,149 DEBUG: 		Start:	 Iteration 15
2016-08-24 11:08:45,165 DEBUG: 			View 0 : 0.518987341772
2016-08-24 11:08:45,173 DEBUG: 			View 1 : 0.46835443038
2016-08-24 11:08:45,210 DEBUG: 			View 2 : 0.392405063291
2016-08-24 11:08:45,218 DEBUG: 			View 3 : 0.443037974684
2016-08-24 11:08:45,299 DEBUG: 			 Best view : 		MiRNA__
2016-08-24 11:08:46,226 DEBUG: 		Start:	 Iteration 16
2016-08-24 11:08:46,243 DEBUG: 			View 0 : 0.556962025316
2016-08-24 11:08:46,251 DEBUG: 			View 1 : 0.398734177215
2016-08-24 11:08:46,287 DEBUG: 			View 2 : 0.550632911392
2016-08-24 11:08:46,294 DEBUG: 			View 3 : 0.664556962025
2016-08-24 11:08:46,380 DEBUG: 			 Best view : 		Clinic_
2016-08-24 11:08:47,364 DEBUG: 		Start:	 Iteration 17
2016-08-24 11:08:47,380 DEBUG: 			View 0 : 0.626582278481
2016-08-24 11:08:47,389 DEBUG: 			View 1 : 0.506329113924
2016-08-24 11:08:47,428 DEBUG: 			View 2 : 0.474683544304
2016-08-24 11:08:47,436 DEBUG: 			View 3 : 0.455696202532
2016-08-24 11:08:47,522 DEBUG: 			 Best view : 		Methyl_
2016-08-24 11:08:48,613 DEBUG: 		Start:	 Iteration 18
2016-08-24 11:08:48,629 DEBUG: 			View 0 : 0.525316455696
2016-08-24 11:08:48,636 DEBUG: 			View 1 : 0.715189873418
2016-08-24 11:08:48,673 DEBUG: 			View 2 : 0.386075949367
2016-08-24 11:08:48,681 DEBUG: 			View 3 : 0.455696202532
2016-08-24 11:08:48,770 DEBUG: 			 Best view : 		MiRNA__
2016-08-24 11:08:49,927 DEBUG: 		Start:	 Iteration 19
2016-08-24 11:08:49,947 DEBUG: 			View 0 : 0.550632911392
2016-08-24 11:08:49,955 DEBUG: 			View 1 : 0.569620253165
2016-08-24 11:08:49,992 DEBUG: 			View 2 : 0.405063291139
2016-08-24 11:08:50,000 DEBUG: 			View 3 : 0.575949367089
2016-08-24 11:08:50,090 DEBUG: 			 Best view : 		Clinic_
2016-08-24 11:08:51,285 DEBUG: 		Start:	 Iteration 20
2016-08-24 11:08:51,304 DEBUG: 			View 0 : 0.424050632911
2016-08-24 11:08:51,313 DEBUG: 			View 1 : 0.354430379747
2016-08-24 11:08:51,355 DEBUG: 			View 2 : 0.474683544304
2016-08-24 11:08:51,363 DEBUG: 			View 3 : 0.436708860759
2016-08-24 11:08:51,363 WARNING: WARNING:	All bad for iteration 19
2016-08-24 11:08:51,460 DEBUG: 			 Best view : 		RANSeq_
2016-08-24 11:08:52,684 DEBUG: 		Start:	 Iteration 21
2016-08-24 11:08:52,701 DEBUG: 			View 0 : 0.563291139241
2016-08-24 11:08:52,708 DEBUG: 			View 1 : 0.29746835443
2016-08-24 11:08:52,745 DEBUG: 			View 2 : 0.487341772152
2016-08-24 11:08:52,753 DEBUG: 			View 3 : 0.462025316456
2016-08-24 11:08:52,849 DEBUG: 			 Best view : 		Methyl_
2016-08-24 11:08:54,166 DEBUG: 		Start:	 Iteration 22
2016-08-24 11:08:54,182 DEBUG: 			View 0 : 0.563291139241
2016-08-24 11:08:54,190 DEBUG: 			View 1 : 0.392405063291
2016-08-24 11:08:54,232 DEBUG: 			View 2 : 0.518987341772
2016-08-24 11:08:54,239 DEBUG: 			View 3 : 0.658227848101
2016-08-24 11:08:54,339 DEBUG: 			 Best view : 		Clinic_
2016-08-24 11:08:55,764 DEBUG: 		Start:	 Iteration 23
2016-08-24 11:08:55,784 DEBUG: 			View 0 : 0.405063291139
2016-08-24 11:08:55,796 DEBUG: 			View 1 : 0.696202531646
2016-08-24 11:08:55,833 DEBUG: 			View 2 : 0.512658227848
2016-08-24 11:08:55,840 DEBUG: 			View 3 : 0.481012658228
2016-08-24 11:08:55,941 DEBUG: 			 Best view : 		MiRNA__
2016-08-24 11:08:57,391 DEBUG: 		Start:	 Iteration 24
2016-08-24 11:08:57,408 DEBUG: 			View 0 : 0.563291139241
2016-08-24 11:08:57,416 DEBUG: 			View 1 : 0.512658227848
2016-08-24 11:08:57,455 DEBUG: 			View 2 : 0.626582278481
2016-08-24 11:08:57,465 DEBUG: 			View 3 : 0.556962025316
2016-08-24 11:08:57,578 DEBUG: 			 Best view : 		RANSeq_
2016-08-24 11:08:59,113 DEBUG: 		Start:	 Iteration 25
2016-08-24 11:08:59,129 DEBUG: 			View 0 : 0.462025316456
2016-08-24 11:08:59,137 DEBUG: 			View 1 : 0.626582278481
2016-08-24 11:08:59,174 DEBUG: 			View 2 : 0.462025316456
2016-08-24 11:08:59,181 DEBUG: 			View 3 : 0.474683544304
2016-08-24 11:08:59,294 DEBUG: 			 Best view : 		MiRNA__
2016-08-24 11:09:00,911 DEBUG: 		Start:	 Iteration 26
2016-08-24 11:09:00,929 DEBUG: 			View 0 : 0.316455696203
2016-08-24 11:09:00,937 DEBUG: 			View 1 : 0.29746835443
2016-08-24 11:09:00,974 DEBUG: 			View 2 : 0.632911392405
2016-08-24 11:09:00,981 DEBUG: 			View 3 : 0.544303797468
2016-08-24 11:09:01,092 DEBUG: 			 Best view : 		RANSeq_
2016-08-24 11:09:02,722 DEBUG: 		Start:	 Iteration 27
2016-08-24 11:09:02,739 DEBUG: 			View 0 : 0.53164556962
2016-08-24 11:09:02,747 DEBUG: 			View 1 : 0.620253164557
2016-08-24 11:09:02,783 DEBUG: 			View 2 : 0.594936708861
2016-08-24 11:09:02,791 DEBUG: 			View 3 : 0.53164556962
2016-08-24 11:09:02,898 DEBUG: 			 Best view : 		MiRNA__
2016-08-24 11:09:04,562 DEBUG: 		Start:	 Iteration 28
2016-08-24 11:09:04,579 DEBUG: 			View 0 : 0.398734177215
2016-08-24 11:09:04,587 DEBUG: 			View 1 : 0.487341772152
2016-08-24 11:09:04,623 DEBUG: 			View 2 : 0.449367088608
2016-08-24 11:09:04,631 DEBUG: 			View 3 : 0.537974683544
2016-08-24 11:09:04,742 DEBUG: 			 Best view : 		Clinic_
2016-08-24 11:09:06,650 DEBUG: 		Start:	 Iteration 29
2016-08-24 11:09:06,666 DEBUG: 			View 0 : 0.544303797468
2016-08-24 11:09:06,674 DEBUG: 			View 1 : 0.708860759494
2016-08-24 11:09:06,711 DEBUG: 			View 2 : 0.462025316456
2016-08-24 11:09:06,719 DEBUG: 			View 3 : 0.575949367089
2016-08-24 11:09:06,836 DEBUG: 			 Best view : 		MiRNA__
2016-08-24 11:09:08,697 DEBUG: 		Start:	 Iteration 30
2016-08-24 11:09:08,714 DEBUG: 			View 0 : 0.46835443038
2016-08-24 11:09:08,721 DEBUG: 			View 1 : 0.512658227848
2016-08-24 11:09:08,759 DEBUG: 			View 2 : 0.424050632911
2016-08-24 11:09:08,766 DEBUG: 			View 3 : 0.462025316456
2016-08-24 11:09:08,882 DEBUG: 			 Best view : 		MiRNA__
2016-08-24 11:09:10,855 DEBUG: 		Start:	 Iteration 31
2016-08-24 11:09:10,874 DEBUG: 			View 0 : 0.563291139241
2016-08-24 11:09:10,882 DEBUG: 			View 1 : 0.335443037975
2016-08-24 11:09:10,922 DEBUG: 			View 2 : 0.512658227848
2016-08-24 11:09:10,930 DEBUG: 			View 3 : 0.487341772152
2016-08-24 11:09:11,065 DEBUG: 			 Best view : 		Methyl_
2016-08-24 11:09:13,022 DEBUG: 		Start:	 Iteration 32
2016-08-24 11:09:13,039 DEBUG: 			View 0 : 0.424050632911
2016-08-24 11:09:13,047 DEBUG: 			View 1 : 0.632911392405
2016-08-24 11:09:13,089 DEBUG: 			View 2 : 0.474683544304
2016-08-24 11:09:13,097 DEBUG: 			View 3 : 0.582278481013
2016-08-24 11:09:13,225 DEBUG: 			 Best view : 		MiRNA__
2016-08-24 11:09:15,276 DEBUG: 		Start:	 Iteration 33
2016-08-24 11:09:15,292 DEBUG: 			View 0 : 0.493670886076
2016-08-24 11:09:15,300 DEBUG: 			View 1 : 0.651898734177
2016-08-24 11:09:15,340 DEBUG: 			View 2 : 0.462025316456
2016-08-24 11:09:15,349 DEBUG: 			View 3 : 0.367088607595
2016-08-24 11:09:15,480 DEBUG: 			 Best view : 		MiRNA__
2016-08-24 11:09:17,640 DEBUG: 		Start:	 Iteration 34
2016-08-24 11:09:17,656 DEBUG: 			View 0 : 0.455696202532
2016-08-24 11:09:17,664 DEBUG: 			View 1 : 0.79746835443
2016-08-24 11:09:17,701 DEBUG: 			View 2 : 0.594936708861
2016-08-24 11:09:17,708 DEBUG: 			View 3 : 0.594936708861
2016-08-24 11:09:17,832 DEBUG: 			 Best view : 		MiRNA__
2016-08-24 11:09:19,911 DEBUG: 		Start:	 Iteration 35
2016-08-24 11:09:19,928 DEBUG: 			View 0 : 0.575949367089
2016-08-24 11:09:19,935 DEBUG: 			View 1 : 0.601265822785
2016-08-24 11:09:19,971 DEBUG: 			View 2 : 0.613924050633
2016-08-24 11:09:19,979 DEBUG: 			View 3 : 0.443037974684
2016-08-24 11:09:20,105 DEBUG: 			 Best view : 		MiRNA__
2016-08-24 11:09:22,296 DEBUG: 		Start:	 Iteration 36
2016-08-24 11:09:22,312 DEBUG: 			View 0 : 0.639240506329
2016-08-24 11:09:22,320 DEBUG: 			View 1 : 0.550632911392
2016-08-24 11:09:22,357 DEBUG: 			View 2 : 0.424050632911
2016-08-24 11:09:22,365 DEBUG: 			View 3 : 0.474683544304
2016-08-24 11:09:22,498 DEBUG: 			 Best view : 		Methyl_
2016-08-24 11:09:24,768 DEBUG: 		Start:	 Iteration 37
2016-08-24 11:09:24,785 DEBUG: 			View 0 : 0.455696202532
2016-08-24 11:09:24,792 DEBUG: 			View 1 : 0.677215189873
2016-08-24 11:09:24,831 DEBUG: 			View 2 : 0.46835443038
2016-08-24 11:09:24,838 DEBUG: 			View 3 : 0.518987341772
2016-08-24 11:09:24,970 DEBUG: 			 Best view : 		MiRNA__
2016-08-24 11:09:27,288 DEBUG: 		Start:	 Iteration 38
2016-08-24 11:09:27,305 DEBUG: 			View 0 : 0.411392405063
2016-08-24 11:09:27,313 DEBUG: 			View 1 : 0.46835443038
2016-08-24 11:09:27,350 DEBUG: 			View 2 : 0.436708860759
2016-08-24 11:09:27,357 DEBUG: 			View 3 : 0.474683544304
2016-08-24 11:09:27,358 WARNING: WARNING:	All bad for iteration 37
2016-08-24 11:09:27,495 DEBUG: 			 Best view : 		Clinic_
2016-08-24 11:09:29,938 DEBUG: 		Start:	 Iteration 39
2016-08-24 11:09:29,954 DEBUG: 			View 0 : 0.563291139241
2016-08-24 11:09:29,962 DEBUG: 			View 1 : 0.379746835443
2016-08-24 11:09:29,998 DEBUG: 			View 2 : 0.430379746835
2016-08-24 11:09:30,006 DEBUG: 			View 3 : 0.443037974684
2016-08-24 11:09:30,143 DEBUG: 			 Best view : 		Methyl_
2016-08-24 11:09:32,730 DEBUG: 		Start:	 Iteration 40
2016-08-24 11:09:32,748 DEBUG: 			View 0 : 0.462025316456
2016-08-24 11:09:32,755 DEBUG: 			View 1 : 0.626582278481
2016-08-24 11:09:32,797 DEBUG: 			View 2 : 0.411392405063
2016-08-24 11:09:32,804 DEBUG: 			View 3 : 0.53164556962
2016-08-24 11:09:32,941 DEBUG: 			 Best view : 		MiRNA__
2016-08-24 11:09:35,450 DEBUG: 		Start:	 Iteration 41
2016-08-24 11:09:35,467 DEBUG: 			View 0 : 0.556962025316
2016-08-24 11:09:35,474 DEBUG: 			View 1 : 0.620253164557
2016-08-24 11:09:35,511 DEBUG: 			View 2 : 0.443037974684
2016-08-24 11:09:35,518 DEBUG: 			View 3 : 0.594936708861
2016-08-24 11:09:35,658 DEBUG: 			 Best view : 		MiRNA__
2016-08-24 11:09:38,266 DEBUG: 		Start:	 Iteration 42
2016-08-24 11:09:38,283 DEBUG: 			View 0 : 0.632911392405
2016-08-24 11:09:38,290 DEBUG: 			View 1 : 0.582278481013
2016-08-24 11:09:38,328 DEBUG: 			View 2 : 0.550632911392
2016-08-24 11:09:38,335 DEBUG: 			View 3 : 0.398734177215
2016-08-24 11:09:38,481 DEBUG: 			 Best view : 		Methyl_
2016-08-24 11:09:41,096 DEBUG: 		Start:	 Iteration 43
2016-08-24 11:09:41,113 DEBUG: 			View 0 : 0.430379746835
2016-08-24 11:09:41,121 DEBUG: 			View 1 : 0.613924050633
2016-08-24 11:09:41,158 DEBUG: 			View 2 : 0.474683544304
2016-08-24 11:09:41,165 DEBUG: 			View 3 : 0.512658227848
2016-08-24 11:09:41,315 DEBUG: 			 Best view : 		MiRNA__
2016-08-24 11:09:43,945 DEBUG: 		Start:	 Iteration 44
2016-08-24 11:09:43,961 DEBUG: 			View 0 : 0.462025316456
2016-08-24 11:09:43,969 DEBUG: 			View 1 : 0.537974683544
2016-08-24 11:09:44,024 DEBUG: 			View 2 : 0.594936708861
2016-08-24 11:09:44,038 DEBUG: 			View 3 : 0.411392405063
2016-08-24 11:09:44,211 DEBUG: 			 Best view : 		RANSeq_
2016-08-24 11:09:46,944 DEBUG: 		Start:	 Iteration 45
2016-08-24 11:09:46,961 DEBUG: 			View 0 : 0.53164556962
2016-08-24 11:09:46,968 DEBUG: 			View 1 : 0.626582278481
2016-08-24 11:09:47,006 DEBUG: 			View 2 : 0.506329113924
2016-08-24 11:09:47,014 DEBUG: 			View 3 : 0.462025316456
2016-08-24 11:09:47,164 DEBUG: 			 Best view : 		MiRNA__
2016-08-24 11:09:49,893 DEBUG: 		Start:	 Iteration 46
2016-08-24 11:09:49,910 DEBUG: 			View 0 : 0.348101265823
2016-08-24 11:09:49,917 DEBUG: 			View 1 : 0.607594936709
2016-08-24 11:09:49,954 DEBUG: 			View 2 : 0.632911392405
2016-08-24 11:09:49,962 DEBUG: 			View 3 : 0.556962025316
2016-08-24 11:09:50,111 DEBUG: 			 Best view : 		RANSeq_
2016-08-24 11:09:52,926 DEBUG: 		Start:	 Iteration 47
2016-08-24 11:09:52,943 DEBUG: 			View 0 : 0.518987341772
2016-08-24 11:09:52,951 DEBUG: 			View 1 : 0.664556962025
2016-08-24 11:09:52,987 DEBUG: 			View 2 : 0.417721518987
2016-08-24 11:09:52,995 DEBUG: 			View 3 : 0.582278481013
2016-08-24 11:09:53,147 DEBUG: 			 Best view : 		MiRNA__
2016-08-24 11:09:56,001 DEBUG: 		Start:	 Iteration 48
2016-08-24 11:09:56,017 DEBUG: 			View 0 : 0.487341772152
2016-08-24 11:09:56,025 DEBUG: 			View 1 : 0.689873417722
2016-08-24 11:09:56,063 DEBUG: 			View 2 : 0.411392405063
2016-08-24 11:09:56,071 DEBUG: 			View 3 : 0.449367088608
2016-08-24 11:09:56,226 DEBUG: 			 Best view : 		MiRNA__
2016-08-24 11:09:59,142 DEBUG: 		Start:	 Iteration 49
2016-08-24 11:09:59,158 DEBUG: 			View 0 : 0.360759493671
2016-08-24 11:09:59,166 DEBUG: 			View 1 : 0.392405063291
2016-08-24 11:09:59,202 DEBUG: 			View 2 : 0.398734177215
2016-08-24 11:09:59,210 DEBUG: 			View 3 : 0.607594936709
2016-08-24 11:09:59,368 DEBUG: 			 Best view : 		Clinic_
2016-08-24 11:10:02,340 DEBUG: 		Start:	 Iteration 50
2016-08-24 11:10:02,356 DEBUG: 			View 0 : 0.518987341772
2016-08-24 11:10:02,364 DEBUG: 			View 1 : 0.5
2016-08-24 11:10:02,400 DEBUG: 			View 2 : 0.430379746835
2016-08-24 11:10:02,408 DEBUG: 			View 3 : 0.556962025316
2016-08-24 11:10:02,569 DEBUG: 			 Best view : 		MiRNA__
2016-08-24 11:10:05,711 DEBUG: 		Start:	 Iteration 51
2016-08-24 11:10:05,734 DEBUG: 			View 0 : 0.518987341772
2016-08-24 11:10:05,747 DEBUG: 			View 1 : 0.373417721519
2016-08-24 11:10:05,793 DEBUG: 			View 2 : 0.518987341772
2016-08-24 11:10:05,801 DEBUG: 			View 3 : 0.556962025316
2016-08-24 11:10:05,984 DEBUG: 			 Best view : 		Clinic_
2016-08-24 11:10:09,117 DEBUG: 		Start:	 Iteration 52
2016-08-24 11:10:09,133 DEBUG: 			View 0 : 0.430379746835
2016-08-24 11:10:09,141 DEBUG: 			View 1 : 0.645569620253
2016-08-24 11:10:09,178 DEBUG: 			View 2 : 0.556962025316
2016-08-24 11:10:09,185 DEBUG: 			View 3 : 0.658227848101
2016-08-24 11:10:09,351 DEBUG: 			 Best view : 		Clinic_
2016-08-24 11:10:12,580 DEBUG: 		Start:	 Iteration 53
2016-08-24 11:10:12,600 DEBUG: 			View 0 : 0.550632911392
2016-08-24 11:10:12,609 DEBUG: 			View 1 : 0.639240506329
2016-08-24 11:10:12,649 DEBUG: 			View 2 : 0.525316455696
2016-08-24 11:10:12,657 DEBUG: 			View 3 : 0.487341772152
2016-08-24 11:10:12,836 DEBUG: 			 Best view : 		MiRNA__
2016-08-24 11:10:16,117 DEBUG: 		Start:	 Iteration 54
2016-08-24 11:10:16,135 DEBUG: 			View 0 : 0.481012658228
2016-08-24 11:10:16,143 DEBUG: 			View 1 : 0.430379746835
2016-08-24 11:10:16,180 DEBUG: 			View 2 : 0.607594936709
2016-08-24 11:10:16,187 DEBUG: 			View 3 : 0.582278481013
2016-08-24 11:10:16,358 DEBUG: 			 Best view : 		RANSeq_
2016-08-24 11:10:19,696 DEBUG: 		Start:	 Iteration 55
2016-08-24 11:10:19,712 DEBUG: 			View 0 : 0.594936708861
2016-08-24 11:10:19,720 DEBUG: 			View 1 : 0.607594936709
2016-08-24 11:10:19,756 DEBUG: 			View 2 : 0.512658227848
2016-08-24 11:10:19,764 DEBUG: 			View 3 : 0.5
2016-08-24 11:10:19,935 DEBUG: 			 Best view : 		Methyl_
2016-08-24 11:10:23,272 DEBUG: 		Start:	 Iteration 56
2016-08-24 11:10:23,289 DEBUG: 			View 0 : 0.563291139241
2016-08-24 11:10:23,297 DEBUG: 			View 1 : 0.405063291139
2016-08-24 11:10:23,334 DEBUG: 			View 2 : 0.575949367089
2016-08-24 11:10:23,341 DEBUG: 			View 3 : 0.594936708861
2016-08-24 11:10:23,515 DEBUG: 			 Best view : 		Clinic_
2016-08-24 11:10:26,942 DEBUG: 		Start:	 Iteration 57
2016-08-24 11:10:26,959 DEBUG: 			View 0 : 0.481012658228
2016-08-24 11:10:26,966 DEBUG: 			View 1 : 0.5
2016-08-24 11:10:27,003 DEBUG: 			View 2 : 0.512658227848
2016-08-24 11:10:27,011 DEBUG: 			View 3 : 0.563291139241
2016-08-24 11:10:27,189 DEBUG: 			 Best view : 		Clinic_
