2016-08-24 08:49:43,519 INFO: Start:	 Read HDF5 Database Files for ModifiedMultiOmic
2016-08-24 08:49:43,519 INFO: Info:	 Labels used: No, Yes
2016-08-24 08:49:43,520 INFO: Info:	 Length of dataset:347
2016-08-24 08:49:43,521 INFO: ### Main Programm for Multiview Classification
2016-08-24 08:49:43,521 INFO: ### Classification - Database : ModifiedMultiOmic ; Views : Methyl, MiRNA, RNASEQ, Clinical ; Algorithm : Mumbo ; Cores : 1
2016-08-24 08:49:43,522 INFO: Info:	 Shape of Methyl_ :(347, 25978)
2016-08-24 08:49:43,522 INFO: Info:	 Shape of MiRNA__ :(347, 1046)
2016-08-24 08:49:43,523 INFO: Info:	 Shape of RANSeq_ :(347, 73599)
2016-08-24 08:49:43,523 INFO: Info:	 Shape of Clinic_ :(347, 127)
2016-08-24 08:49:43,523 INFO: Done:	 Read Database Files
2016-08-24 08:49:43,523 INFO: Start:	 Determine validation split for ratio 0.7
2016-08-24 08:49:43,527 INFO: Done:	 Determine validation split
2016-08-24 08:49:43,527 INFO: Start:	 Determine 2 folds
2016-08-24 08:49:43,537 INFO: Info:	 Length of Learning Sets: 122
2016-08-24 08:49:43,537 INFO: Info:	 Length of Testing Sets: 122
2016-08-24 08:49:43,537 INFO: Info:	 Length of Validation Set: 103
2016-08-24 08:49:43,537 INFO: Done:	 Determine folds
2016-08-24 08:49:43,537 INFO: Start:	 Learning with Mumbo and 2 folds
2016-08-24 08:49:43,537 INFO: Start:	 Gridsearching best settings for monoview classifiers
2016-08-24 08:49:43,537 DEBUG: 	Start:	 Gridsearch for DecisionTree
2016-08-24 08:49:51,018 DEBUG: 	Done:	 Gridsearch for DecisionTree
2016-08-24 08:49:51,018 DEBUG: 	Start:	 Gridsearch for DecisionTree
2016-08-24 08:49:52,921 DEBUG: 	Done:	 Gridsearch for DecisionTree
2016-08-24 08:49:52,921 DEBUG: 	Start:	 Gridsearch for DecisionTree
2016-08-24 08:50:09,522 DEBUG: 	Done:	 Gridsearch for DecisionTree
2016-08-24 08:50:09,522 DEBUG: 	Start:	 Gridsearch for DecisionTree
2016-08-24 08:50:11,247 DEBUG: 	Done:	 Gridsearch for DecisionTree
2016-08-24 08:50:11,247 DEBUG: 	Start:	 Gridsearch for DecisionTree
2016-08-24 08:50:51,870 DEBUG: 	Done:	 Gridsearch for DecisionTree
2016-08-24 08:50:51,871 INFO: Done:	 Gridsearching best settings for monoview classifiers
2016-08-24 08:50:51,871 INFO: 	Start:	 Fold number 1
2016-08-24 08:50:53,455 DEBUG: 		Start:	 Iteration 1
2016-08-24 08:50:53,476 DEBUG: 			View 0 : 0.605263157895
2016-08-24 08:50:53,484 DEBUG: 			View 1 : 0.605263157895
2016-08-24 08:50:53,520 DEBUG: 			View 2 : 0.611842105263
2016-08-24 08:50:53,528 DEBUG: 			View 3 : 0.493421052632
2016-08-24 08:50:53,568 DEBUG: 			 Best view : 		RANSeq_
2016-08-24 08:50:53,652 DEBUG: 		Start:	 Iteration 2
2016-08-24 08:50:53,669 DEBUG: 			View 0 : 0.605263157895
2016-08-24 08:50:53,677 DEBUG: 			View 1 : 0.605263157895
2016-08-24 08:50:53,713 DEBUG: 			View 2 : 0.394736842105
2016-08-24 08:50:53,720 DEBUG: 			View 3 : 0.532894736842
2016-08-24 08:50:53,763 DEBUG: 			 Best view : 		Methyl_
2016-08-24 08:50:53,908 DEBUG: 		Start:	 Iteration 3
2016-08-24 08:50:53,924 DEBUG: 			View 0 : 0.565789473684
2016-08-24 08:50:53,931 DEBUG: 			View 1 : 0.710526315789
2016-08-24 08:50:53,966 DEBUG: 			View 2 : 0.407894736842
2016-08-24 08:50:53,974 DEBUG: 			View 3 : 0.460526315789
2016-08-24 08:50:54,024 DEBUG: 			 Best view : 		MiRNA__
2016-08-24 08:50:54,225 DEBUG: 		Start:	 Iteration 4
2016-08-24 08:50:54,241 DEBUG: 			View 0 : 0.407894736842
2016-08-24 08:50:54,249 DEBUG: 			View 1 : 0.427631578947
2016-08-24 08:50:54,285 DEBUG: 			View 2 : 0.598684210526
2016-08-24 08:50:54,292 DEBUG: 			View 3 : 0.519736842105
2016-08-24 08:50:54,345 DEBUG: 			 Best view : 		RANSeq_
2016-08-24 08:50:54,614 DEBUG: 		Start:	 Iteration 5
2016-08-24 08:50:54,630 DEBUG: 			View 0 : 0.565789473684
2016-08-24 08:50:54,638 DEBUG: 			View 1 : 0.552631578947
2016-08-24 08:50:54,673 DEBUG: 			View 2 : 0.480263157895
2016-08-24 08:50:54,681 DEBUG: 			View 3 : 0.526315789474
2016-08-24 08:50:54,736 DEBUG: 			 Best view : 		MiRNA__
2016-08-24 08:50:55,067 DEBUG: 		Start:	 Iteration 6
2016-08-24 08:50:55,083 DEBUG: 			View 0 : 0.585526315789
2016-08-24 08:50:55,090 DEBUG: 			View 1 : 0.381578947368
2016-08-24 08:50:55,127 DEBUG: 			View 2 : 0.453947368421
2016-08-24 08:50:55,134 DEBUG: 			View 3 : 0.467105263158
2016-08-24 08:50:55,193 DEBUG: 			 Best view : 		Methyl_
2016-08-24 08:50:55,584 DEBUG: 		Start:	 Iteration 7
2016-08-24 08:50:55,601 DEBUG: 			View 0 : 0.822368421053
2016-08-24 08:50:55,609 DEBUG: 			View 1 : 0.651315789474
2016-08-24 08:50:55,645 DEBUG: 			View 2 : 0.480263157895
2016-08-24 08:50:55,653 DEBUG: 			View 3 : 0.375
2016-08-24 08:50:55,712 DEBUG: 			 Best view : 		Methyl_
2016-08-24 08:50:56,161 DEBUG: 		Start:	 Iteration 8
2016-08-24 08:50:56,178 DEBUG: 			View 0 : 0.638157894737
2016-08-24 08:50:56,185 DEBUG: 			View 1 : 0.578947368421
2016-08-24 08:50:56,221 DEBUG: 			View 2 : 0.631578947368
2016-08-24 08:50:56,228 DEBUG: 			View 3 : 0.407894736842
2016-08-24 08:50:56,290 DEBUG: 			 Best view : 		Methyl_
2016-08-24 08:50:56,793 DEBUG: 		Start:	 Iteration 9
2016-08-24 08:50:56,809 DEBUG: 			View 0 : 0.532894736842
2016-08-24 08:50:56,816 DEBUG: 			View 1 : 0.539473684211
2016-08-24 08:50:56,852 DEBUG: 			View 2 : 0.532894736842
2016-08-24 08:50:56,860 DEBUG: 			View 3 : 0.585526315789
2016-08-24 08:50:56,923 DEBUG: 			 Best view : 		Clinic_
2016-08-24 08:50:57,481 DEBUG: 		Start:	 Iteration 10
2016-08-24 08:50:57,497 DEBUG: 			View 0 : 0.618421052632
2016-08-24 08:50:57,505 DEBUG: 			View 1 : 0.361842105263
2016-08-24 08:50:57,541 DEBUG: 			View 2 : 0.394736842105
2016-08-24 08:50:57,548 DEBUG: 			View 3 : 0.664473684211
2016-08-24 08:50:57,614 DEBUG: 			 Best view : 		Clinic_
2016-08-24 08:50:58,229 DEBUG: 		Start:	 Iteration 11
2016-08-24 08:50:58,244 DEBUG: 			View 0 : 0.565789473684
2016-08-24 08:50:58,252 DEBUG: 			View 1 : 0.421052631579
2016-08-24 08:50:58,287 DEBUG: 			View 2 : 0.539473684211
2016-08-24 08:50:58,295 DEBUG: 			View 3 : 0.493421052632
2016-08-24 08:50:58,363 DEBUG: 			 Best view : 		Methyl_
