2016-08-24 09:23:01,452 INFO: Start:	 Read HDF5 Database Files for ModifiedMultiOmic
2016-08-24 09:23:01,453 INFO: Info:	 Labels used: No, Yes
2016-08-24 09:23:01,453 INFO: Info:	 Length of dataset:347
2016-08-24 09:23:01,454 INFO: ### Main Programm for Multiview Classification
2016-08-24 09:23:01,455 INFO: ### Classification - Database : ModifiedMultiOmic ; Views : Methyl, MiRNA, RNASEQ, Clinical ; Algorithm : Mumbo ; Cores : 1
2016-08-24 09:23:01,455 INFO: Info:	 Shape of Methyl_ :(347, 25978)
2016-08-24 09:23:01,455 INFO: Info:	 Shape of MiRNA__ :(347, 1046)
2016-08-24 09:23:01,456 INFO: Info:	 Shape of RANSeq_ :(347, 73599)
2016-08-24 09:23:01,456 INFO: Info:	 Shape of Clinic_ :(347, 127)
2016-08-24 09:23:01,456 INFO: Done:	 Read Database Files
2016-08-24 09:23:01,456 INFO: Start:	 Determine validation split for ratio 0.7
2016-08-24 09:23:01,460 INFO: Done:	 Determine validation split
2016-08-24 09:23:01,460 INFO: Start:	 Determine 2 folds
2016-08-24 09:23:01,469 INFO: Info:	 Length of Learning Sets: 122
2016-08-24 09:23:01,469 INFO: Info:	 Length of Testing Sets: 122
2016-08-24 09:23:01,469 INFO: Info:	 Length of Validation Set: 103
2016-08-24 09:23:01,469 INFO: Done:	 Determine folds
2016-08-24 09:23:01,469 INFO: Start:	 Learning with Mumbo and 2 folds
2016-08-24 09:23:01,469 INFO: Start:	 Gridsearching best settings for monoview classifiers
2016-08-24 09:23:01,469 DEBUG: 	Start:	 Gridsearch for DecisionTree on Methyl_
2016-08-24 09:23:08,825 DEBUG: 	Done:	 Gridsearch for DecisionTree
2016-08-24 09:23:08,826 DEBUG: 	Start:	 Gridsearch for DecisionTree on MiRNA__
2016-08-24 09:23:10,814 DEBUG: 	Done:	 Gridsearch for DecisionTree
2016-08-24 09:23:10,814 DEBUG: 	Start:	 Gridsearch for DecisionTree on RANSeq_
2016-08-24 09:23:27,482 DEBUG: 	Done:	 Gridsearch for DecisionTree
2016-08-24 09:23:27,482 DEBUG: 	Start:	 Gridsearch for DecisionTree on Clinic_
2016-08-24 09:23:29,240 DEBUG: 	Done:	 Gridsearch for DecisionTree
2016-08-24 09:23:29,241 DEBUG: 	Start:	 Gridsearch for DecisionTree on MRNASeq
2016-08-24 09:24:07,505 DEBUG: 	Done:	 Gridsearch for DecisionTree
2016-08-24 09:24:07,505 INFO: Done:	 Gridsearching best settings for monoview classifiers
2016-08-24 09:24:07,505 INFO: 	Start:	 Fold number 1
2016-08-24 09:24:09,143 DEBUG: 		Start:	 Iteration 1
2016-08-24 09:24:09,163 DEBUG: 			View 0 : 0.596153846154
2016-08-24 09:24:09,171 DEBUG: 			View 1 : 0.384615384615
2016-08-24 09:24:09,198 DEBUG: 			View 2 : 0.615384615385
2016-08-24 09:24:09,206 DEBUG: 			View 3 : 0.615384615385
2016-08-24 09:24:09,247 DEBUG: 			 Best view : 		MiRNA__
2016-08-24 09:24:09,317 DEBUG: 		Start:	 Iteration 2
2016-08-24 09:24:09,335 DEBUG: 			View 0 : 0.5
2016-08-24 09:24:09,342 DEBUG: 			View 1 : 0.288461538462
2016-08-24 09:24:09,379 DEBUG: 			View 2 : 0.5
2016-08-24 09:24:09,386 DEBUG: 			View 3 : 0.410256410256
2016-08-24 09:24:09,432 DEBUG: 			 Best view : 		Methyl_
2016-08-24 09:24:09,567 DEBUG: 		Start:	 Iteration 3
2016-08-24 09:24:09,584 DEBUG: 			View 0 : 0.461538461538
2016-08-24 09:24:09,592 DEBUG: 			View 1 : 0.621794871795
2016-08-24 09:24:09,628 DEBUG: 			View 2 : 0.532051282051
2016-08-24 09:24:09,636 DEBUG: 			View 3 : 0.621794871795
2016-08-24 09:24:09,689 DEBUG: 			 Best view : 		MiRNA__
2016-08-24 09:24:09,884 DEBUG: 		Start:	 Iteration 4
2016-08-24 09:24:09,900 DEBUG: 			View 0 : 0.544871794872
2016-08-24 09:24:09,908 DEBUG: 			View 1 : 0.474358974359
2016-08-24 09:24:09,944 DEBUG: 			View 2 : 0.442307692308
2016-08-24 09:24:09,952 DEBUG: 			View 3 : 0.423076923077
2016-08-24 09:24:10,007 DEBUG: 			 Best view : 		Methyl_
2016-08-24 09:24:10,258 DEBUG: 		Start:	 Iteration 5
2016-08-24 09:24:10,275 DEBUG: 			View 0 : 0.49358974359
2016-08-24 09:24:10,282 DEBUG: 			View 1 : 0.557692307692
2016-08-24 09:24:10,319 DEBUG: 			View 2 : 0.596153846154
2016-08-24 09:24:10,327 DEBUG: 			View 3 : 0.429487179487
2016-08-24 09:24:10,384 DEBUG: 			 Best view : 		RANSeq_
2016-08-24 09:24:10,714 DEBUG: 		Start:	 Iteration 6
2016-08-24 09:24:10,731 DEBUG: 			View 0 : 0.544871794872
2016-08-24 09:24:10,739 DEBUG: 			View 1 : 0.429487179487
2016-08-24 09:24:10,775 DEBUG: 			View 2 : 0.608974358974
2016-08-24 09:24:10,783 DEBUG: 			View 3 : 0.608974358974
2016-08-24 09:24:10,843 DEBUG: 			 Best view : 		RANSeq_
2016-08-24 09:24:11,237 DEBUG: 		Start:	 Iteration 7
2016-08-24 09:24:11,253 DEBUG: 			View 0 : 0.467948717949
2016-08-24 09:24:11,261 DEBUG: 			View 1 : 0.570512820513
2016-08-24 09:24:11,297 DEBUG: 			View 2 : 0.403846153846
2016-08-24 09:24:11,305 DEBUG: 			View 3 : 0.487179487179
2016-08-24 09:24:11,367 DEBUG: 			 Best view : 		MiRNA__
2016-08-24 09:24:11,817 DEBUG: 		Start:	 Iteration 8
2016-08-24 09:24:11,834 DEBUG: 			View 0 : 0.410256410256
2016-08-24 09:24:11,841 DEBUG: 			View 1 : 0.435897435897
2016-08-24 09:24:11,877 DEBUG: 			View 2 : 0.615384615385
2016-08-24 09:24:11,885 DEBUG: 			View 3 : 0.570512820513
2016-08-24 09:24:11,949 DEBUG: 			 Best view : 		Clinic_
2016-08-24 09:24:12,494 DEBUG: 		Start:	 Iteration 9
2016-08-24 09:24:12,510 DEBUG: 			View 0 : 0.583333333333
2016-08-24 09:24:12,518 DEBUG: 			View 1 : 0.602564102564
2016-08-24 09:24:12,556 DEBUG: 			View 2 : 0.391025641026
2016-08-24 09:24:12,563 DEBUG: 			View 3 : 0.461538461538
2016-08-24 09:24:12,633 DEBUG: 			 Best view : 		MiRNA__
2016-08-24 09:24:13,242 DEBUG: 		Start:	 Iteration 10
2016-08-24 09:24:13,269 DEBUG: 			View 0 : 0.551282051282
2016-08-24 09:24:13,278 DEBUG: 			View 1 : 0.647435897436
2016-08-24 09:24:13,322 DEBUG: 			View 2 : 0.551282051282
2016-08-24 09:24:13,331 DEBUG: 			View 3 : 0.602564102564
2016-08-24 09:24:13,410 DEBUG: 			 Best view : 		MiRNA__
2016-08-24 09:24:14,046 DEBUG: 		Start:	 Iteration 11
2016-08-24 09:24:14,063 DEBUG: 			View 0 : 0.435897435897
2016-08-24 09:24:14,070 DEBUG: 			View 1 : 0.455128205128
2016-08-24 09:24:14,106 DEBUG: 			View 2 : 0.416666666667
2016-08-24 09:24:14,114 DEBUG: 			View 3 : 0.532051282051
2016-08-24 09:24:14,187 DEBUG: 			 Best view : 		Clinic_
2016-08-24 09:24:14,942 DEBUG: 		Start:	 Iteration 12
2016-08-24 09:24:14,963 DEBUG: 			View 0 : 0.724358974359
2016-08-24 09:24:14,972 DEBUG: 			View 1 : 0.775641025641
2016-08-24 09:24:15,010 DEBUG: 			View 2 : 0.467948717949
2016-08-24 09:24:15,019 DEBUG: 			View 3 : 0.487179487179
2016-08-24 09:24:15,094 DEBUG: 			 Best view : 		MiRNA__
2016-08-24 09:24:15,834 DEBUG: 		Start:	 Iteration 13
2016-08-24 09:24:15,853 DEBUG: 			View 0 : 0.782051282051
2016-08-24 09:24:15,861 DEBUG: 			View 1 : 0.480769230769
2016-08-24 09:24:15,899 DEBUG: 			View 2 : 0.538461538462
2016-08-24 09:24:15,907 DEBUG: 			View 3 : 0.423076923077
2016-08-24 09:24:15,982 DEBUG: 			 Best view : 		Methyl_
2016-08-24 09:24:16,787 DEBUG: 		Start:	 Iteration 14
2016-08-24 09:24:16,804 DEBUG: 			View 0 : 0.788461538462
2016-08-24 09:24:16,812 DEBUG: 			View 1 : 0.641025641026
2016-08-24 09:24:16,848 DEBUG: 			View 2 : 0.564102564103
2016-08-24 09:24:16,856 DEBUG: 			View 3 : 0.615384615385
2016-08-24 09:24:16,934 DEBUG: 			 Best view : 		Methyl_
2016-08-24 09:24:17,794 DEBUG: 		Start:	 Iteration 15
2016-08-24 09:24:17,810 DEBUG: 			View 0 : 0.589743589744
2016-08-24 09:24:17,818 DEBUG: 			View 1 : 0.519230769231
2016-08-24 09:24:17,854 DEBUG: 			View 2 : 0.403846153846
2016-08-24 09:24:17,861 DEBUG: 			View 3 : 0.570512820513
2016-08-24 09:24:17,941 DEBUG: 			 Best view : 		Methyl_
2016-08-24 09:24:18,865 DEBUG: 		Start:	 Iteration 16
2016-08-24 09:24:18,882 DEBUG: 			View 0 : 0.673076923077
2016-08-24 09:24:18,890 DEBUG: 			View 1 : 0.634615384615
2016-08-24 09:24:18,930 DEBUG: 			View 2 : 0.461538461538
2016-08-24 09:24:18,938 DEBUG: 			View 3 : 0.416666666667
2016-08-24 09:24:19,022 DEBUG: 			 Best view : 		Methyl_
2016-08-24 09:24:20,318 DEBUG: 		Start:	 Iteration 17
2016-08-24 09:24:20,347 DEBUG: 			View 0 : 0.685897435897
2016-08-24 09:24:20,361 DEBUG: 			View 1 : 0.403846153846
2016-08-24 09:24:20,409 DEBUG: 			View 2 : 0.50641025641
2016-08-24 09:24:20,418 DEBUG: 			View 3 : 0.666666666667
2016-08-24 09:24:20,513 DEBUG: 			 Best view : 		Clinic_
2016-08-24 09:24:21,727 DEBUG: 		Start:	 Iteration 18
2016-08-24 09:24:21,746 DEBUG: 			View 0 : 0.544871794872
2016-08-24 09:24:21,755 DEBUG: 			View 1 : 0.467948717949
2016-08-24 09:24:21,799 DEBUG: 			View 2 : 0.576923076923
2016-08-24 09:24:21,809 DEBUG: 			View 3 : 0.455128205128
2016-08-24 09:24:21,907 DEBUG: 			 Best view : 		Methyl_
2016-08-24 09:24:23,082 DEBUG: 		Start:	 Iteration 19
2016-08-24 09:24:23,100 DEBUG: 			View 0 : 0.519230769231
2016-08-24 09:24:23,109 DEBUG: 			View 1 : 0.339743589744
2016-08-24 09:24:23,158 DEBUG: 			View 2 : 0.525641025641
2016-08-24 09:24:23,167 DEBUG: 			View 3 : 0.525641025641
2016-08-24 09:24:23,274 DEBUG: 			 Best view : 		Methyl_
2016-08-24 09:24:24,497 DEBUG: 		Start:	 Iteration 20
2016-08-24 09:24:24,515 DEBUG: 			View 0 : 0.615384615385
2016-08-24 09:24:24,523 DEBUG: 			View 1 : 0.50641025641
2016-08-24 09:24:24,571 DEBUG: 			View 2 : 0.384615384615
2016-08-24 09:24:24,579 DEBUG: 			View 3 : 0.512820512821
2016-08-24 09:24:24,674 DEBUG: 			 Best view : 		Methyl_
2016-08-24 09:24:25,966 DEBUG: 		Start:	 Iteration 21
2016-08-24 09:24:25,984 DEBUG: 			View 0 : 0.391025641026
2016-08-24 09:24:25,992 DEBUG: 			View 1 : 0.615384615385
2016-08-24 09:24:26,030 DEBUG: 			View 2 : 0.480769230769
2016-08-24 09:24:26,038 DEBUG: 			View 3 : 0.538461538462
2016-08-24 09:24:26,133 DEBUG: 			 Best view : 		MiRNA__
2016-08-24 09:24:27,438 DEBUG: 		Start:	 Iteration 22
2016-08-24 09:24:27,455 DEBUG: 			View 0 : 0.358974358974
2016-08-24 09:24:27,463 DEBUG: 			View 1 : 0.730769230769
2016-08-24 09:24:27,499 DEBUG: 			View 2 : 0.557692307692
2016-08-24 09:24:27,507 DEBUG: 			View 3 : 0.378205128205
2016-08-24 09:24:27,603 DEBUG: 			 Best view : 		MiRNA__
2016-08-24 09:24:29,071 DEBUG: 		Start:	 Iteration 23
2016-08-24 09:24:29,087 DEBUG: 			View 0 : 0.512820512821
2016-08-24 09:24:29,095 DEBUG: 			View 1 : 0.371794871795
2016-08-24 09:24:29,135 DEBUG: 			View 2 : 0.487179487179
2016-08-24 09:24:29,143 DEBUG: 			View 3 : 0.455128205128
2016-08-24 09:24:29,243 DEBUG: 			 Best view : 		Methyl_
2016-08-24 09:24:30,754 DEBUG: 		Start:	 Iteration 24
2016-08-24 09:24:30,771 DEBUG: 			View 0 : 0.615384615385
2016-08-24 09:24:30,779 DEBUG: 			View 1 : 0.698717948718
2016-08-24 09:24:30,832 DEBUG: 			View 2 : 0.49358974359
2016-08-24 09:24:30,848 DEBUG: 			View 3 : 0.583333333333
2016-08-24 09:24:30,972 DEBUG: 			 Best view : 		MiRNA__
2016-08-24 09:24:32,536 DEBUG: 		Start:	 Iteration 25
2016-08-24 09:24:32,553 DEBUG: 			View 0 : 0.512820512821
2016-08-24 09:24:32,561 DEBUG: 			View 1 : 0.461538461538
2016-08-24 09:24:32,598 DEBUG: 			View 2 : 0.532051282051
2016-08-24 09:24:32,609 DEBUG: 			View 3 : 0.512820512821
2016-08-24 09:24:32,735 DEBUG: 			 Best view : 		Methyl_
2016-08-24 09:24:34,372 DEBUG: 		Start:	 Iteration 26
2016-08-24 09:24:34,395 DEBUG: 			View 0 : 0.705128205128
2016-08-24 09:24:34,404 DEBUG: 			View 1 : 0.442307692308
2016-08-24 09:24:34,443 DEBUG: 			View 2 : 0.5
2016-08-24 09:24:34,451 DEBUG: 			View 3 : 0.666666666667
2016-08-24 09:24:34,558 DEBUG: 			 Best view : 		Methyl_
2016-08-24 09:24:36,187 DEBUG: 		Start:	 Iteration 27
2016-08-24 09:24:36,206 DEBUG: 			View 0 : 0.525641025641
2016-08-24 09:24:36,214 DEBUG: 			View 1 : 0.429487179487
2016-08-24 09:24:36,252 DEBUG: 			View 2 : 0.467948717949
2016-08-24 09:24:36,260 DEBUG: 			View 3 : 0.467948717949
2016-08-24 09:24:36,370 DEBUG: 			 Best view : 		Methyl_
2016-08-24 09:24:38,001 DEBUG: 		Start:	 Iteration 28
2016-08-24 09:24:38,017 DEBUG: 			View 0 : 0.608974358974
2016-08-24 09:24:38,025 DEBUG: 			View 1 : 0.448717948718
2016-08-24 09:24:38,061 DEBUG: 			View 2 : 0.589743589744
2016-08-24 09:24:38,069 DEBUG: 			View 3 : 0.416666666667
2016-08-24 09:24:38,177 DEBUG: 			 Best view : 		Methyl_
2016-08-24 09:24:39,928 DEBUG: 		Start:	 Iteration 29
2016-08-24 09:24:39,944 DEBUG: 			View 0 : 0.403846153846
2016-08-24 09:24:39,952 DEBUG: 			View 1 : 0.410256410256
2016-08-24 09:24:39,989 DEBUG: 			View 2 : 0.538461538462
2016-08-24 09:24:39,997 DEBUG: 			View 3 : 0.544871794872
2016-08-24 09:24:40,108 DEBUG: 			 Best view : 		Clinic_
2016-08-24 09:24:41,868 DEBUG: 		Start:	 Iteration 30
2016-08-24 09:24:41,885 DEBUG: 			View 0 : 0.692307692308
2016-08-24 09:24:41,893 DEBUG: 			View 1 : 0.49358974359
2016-08-24 09:24:41,929 DEBUG: 			View 2 : 0.423076923077
2016-08-24 09:24:41,937 DEBUG: 			View 3 : 0.487179487179
2016-08-24 09:24:42,050 DEBUG: 			 Best view : 		Methyl_
2016-08-24 09:24:44,013 DEBUG: 		Start:	 Iteration 31
2016-08-24 09:24:44,030 DEBUG: 			View 0 : 0.442307692308
2016-08-24 09:24:44,038 DEBUG: 			View 1 : 0.576923076923
2016-08-24 09:24:44,074 DEBUG: 			View 2 : 0.442307692308
2016-08-24 09:24:44,082 DEBUG: 			View 3 : 0.538461538462
2016-08-24 09:24:44,197 DEBUG: 			 Best view : 		MiRNA__
2016-08-24 09:24:46,115 DEBUG: 		Start:	 Iteration 32
2016-08-24 09:24:46,140 DEBUG: 			View 0 : 0.448717948718
2016-08-24 09:24:46,155 DEBUG: 			View 1 : 0.326923076923
2016-08-24 09:24:46,202 DEBUG: 			View 2 : 0.512820512821
2016-08-24 09:24:46,212 DEBUG: 			View 3 : 0.442307692308
2016-08-24 09:24:46,350 DEBUG: 			 Best view : 		RANSeq_
2016-08-24 09:24:48,336 DEBUG: 		Start:	 Iteration 33
2016-08-24 09:24:48,352 DEBUG: 			View 0 : 0.621794871795
2016-08-24 09:24:48,360 DEBUG: 			View 1 : 0.50641025641
2016-08-24 09:24:48,397 DEBUG: 			View 2 : 0.589743589744
2016-08-24 09:24:48,405 DEBUG: 			View 3 : 0.429487179487
2016-08-24 09:24:48,525 DEBUG: 			 Best view : 		Methyl_
2016-08-24 09:24:50,614 DEBUG: 		Start:	 Iteration 34
2016-08-24 09:24:50,633 DEBUG: 			View 0 : 0.416666666667
2016-08-24 09:24:50,642 DEBUG: 			View 1 : 0.391025641026
2016-08-24 09:24:50,684 DEBUG: 			View 2 : 0.5
2016-08-24 09:24:50,693 DEBUG: 			View 3 : 0.423076923077
2016-08-24 09:24:50,835 DEBUG: 			 Best view : 		RANSeq_
2016-08-24 09:24:53,102 DEBUG: 		Start:	 Iteration 35
2016-08-24 09:24:53,119 DEBUG: 			View 0 : 0.564102564103
2016-08-24 09:24:53,126 DEBUG: 			View 1 : 0.589743589744
2016-08-24 09:24:53,163 DEBUG: 			View 2 : 0.391025641026
2016-08-24 09:24:53,171 DEBUG: 			View 3 : 0.519230769231
2016-08-24 09:24:53,313 DEBUG: 			 Best view : 		Methyl_
2016-08-24 09:24:55,605 DEBUG: 		Start:	 Iteration 36
2016-08-24 09:24:55,622 DEBUG: 			View 0 : 0.448717948718
2016-08-24 09:24:55,630 DEBUG: 			View 1 : 0.653846153846
2016-08-24 09:24:55,667 DEBUG: 			View 2 : 0.589743589744
2016-08-24 09:24:55,675 DEBUG: 			View 3 : 0.397435897436
2016-08-24 09:24:55,810 DEBUG: 			 Best view : 		MiRNA__
2016-08-24 09:24:58,037 DEBUG: 		Start:	 Iteration 37
2016-08-24 09:24:58,053 DEBUG: 			View 0 : 0.461538461538
2016-08-24 09:24:58,061 DEBUG: 			View 1 : 0.660256410256
2016-08-24 09:24:58,098 DEBUG: 			View 2 : 0.5
2016-08-24 09:24:58,105 DEBUG: 			View 3 : 0.525641025641
2016-08-24 09:24:58,235 DEBUG: 			 Best view : 		MiRNA__
2016-08-24 09:25:00,477 DEBUG: 		Start:	 Iteration 38
2016-08-24 09:25:00,494 DEBUG: 			View 0 : 0.525641025641
2016-08-24 09:25:00,502 DEBUG: 			View 1 : 0.49358974359
2016-08-24 09:25:00,540 DEBUG: 			View 2 : 0.551282051282
2016-08-24 09:25:00,548 DEBUG: 			View 3 : 0.519230769231
2016-08-24 09:25:00,684 DEBUG: 			 Best view : 		Methyl_
2016-08-24 09:25:02,984 DEBUG: 		Start:	 Iteration 39
2016-08-24 09:25:03,001 DEBUG: 			View 0 : 0.532051282051
2016-08-24 09:25:03,008 DEBUG: 			View 1 : 0.641025641026
2016-08-24 09:25:03,045 DEBUG: 			View 2 : 0.576923076923
2016-08-24 09:25:03,053 DEBUG: 			View 3 : 0.647435897436
2016-08-24 09:25:03,187 DEBUG: 			 Best view : 		MiRNA__
2016-08-24 09:25:05,555 DEBUG: 		Start:	 Iteration 40
2016-08-24 09:25:05,571 DEBUG: 			View 0 : 0.442307692308
2016-08-24 09:25:05,579 DEBUG: 			View 1 : 0.634615384615
2016-08-24 09:25:05,616 DEBUG: 			View 2 : 0.512820512821
2016-08-24 09:25:05,624 DEBUG: 			View 3 : 0.532051282051
2016-08-24 09:25:05,761 DEBUG: 			 Best view : 		MiRNA__
2016-08-24 09:25:08,173 DEBUG: 		Start:	 Iteration 41
2016-08-24 09:25:08,189 DEBUG: 			View 0 : 0.576923076923
2016-08-24 09:25:08,197 DEBUG: 			View 1 : 0.692307692308
2016-08-24 09:25:08,233 DEBUG: 			View 2 : 0.615384615385
2016-08-24 09:25:08,241 DEBUG: 			View 3 : 0.589743589744
2016-08-24 09:25:08,380 DEBUG: 			 Best view : 		MiRNA__
2016-08-24 09:25:10,856 DEBUG: 		Start:	 Iteration 42
2016-08-24 09:25:10,873 DEBUG: 			View 0 : 0.410256410256
2016-08-24 09:25:10,881 DEBUG: 			View 1 : 0.384615384615
2016-08-24 09:25:10,918 DEBUG: 			View 2 : 0.621794871795
2016-08-24 09:25:10,926 DEBUG: 			View 3 : 0.564102564103
2016-08-24 09:25:11,067 DEBUG: 			 Best view : 		RANSeq_
2016-08-24 09:25:13,607 DEBUG: 		Start:	 Iteration 43
2016-08-24 09:25:13,623 DEBUG: 			View 0 : 0.608974358974
2016-08-24 09:25:13,631 DEBUG: 			View 1 : 0.711538461538
2016-08-24 09:25:13,668 DEBUG: 			View 2 : 0.557692307692
2016-08-24 09:25:13,675 DEBUG: 			View 3 : 0.589743589744
2016-08-24 09:25:13,817 DEBUG: 			 Best view : 		MiRNA__
2016-08-24 09:25:16,417 DEBUG: 		Start:	 Iteration 44
2016-08-24 09:25:16,434 DEBUG: 			View 0 : 0.423076923077
2016-08-24 09:25:16,442 DEBUG: 			View 1 : 0.641025641026
2016-08-24 09:25:16,478 DEBUG: 			View 2 : 0.538461538462
2016-08-24 09:25:16,486 DEBUG: 			View 3 : 0.608974358974
2016-08-24 09:25:16,632 DEBUG: 			 Best view : 		MiRNA__
2016-08-24 09:25:19,287 DEBUG: 		Start:	 Iteration 45
2016-08-24 09:25:19,303 DEBUG: 			View 0 : 0.49358974359
2016-08-24 09:25:19,311 DEBUG: 			View 1 : 0.628205128205
2016-08-24 09:25:19,348 DEBUG: 			View 2 : 0.519230769231
2016-08-24 09:25:19,356 DEBUG: 			View 3 : 0.544871794872
2016-08-24 09:25:19,504 DEBUG: 			 Best view : 		MiRNA__
2016-08-24 09:25:22,218 DEBUG: 		Start:	 Iteration 46
2016-08-24 09:25:22,235 DEBUG: 			View 0 : 0.525641025641
2016-08-24 09:25:22,243 DEBUG: 			View 1 : 0.423076923077
2016-08-24 09:25:22,280 DEBUG: 			View 2 : 0.544871794872
2016-08-24 09:25:22,287 DEBUG: 			View 3 : 0.416666666667
2016-08-24 09:25:22,437 DEBUG: 			 Best view : 		Methyl_
2016-08-24 09:25:25,212 DEBUG: 		Start:	 Iteration 47
2016-08-24 09:25:25,228 DEBUG: 			View 0 : 0.378205128205
2016-08-24 09:25:25,236 DEBUG: 			View 1 : 0.480769230769
2016-08-24 09:25:25,273 DEBUG: 			View 2 : 0.583333333333
2016-08-24 09:25:25,281 DEBUG: 			View 3 : 0.570512820513
2016-08-24 09:25:25,434 DEBUG: 			 Best view : 		Clinic_
2016-08-24 09:25:28,262 DEBUG: 		Start:	 Iteration 48
2016-08-24 09:25:28,279 DEBUG: 			View 0 : 0.525641025641
2016-08-24 09:25:28,287 DEBUG: 			View 1 : 0.333333333333
2016-08-24 09:25:28,323 DEBUG: 			View 2 : 0.544871794872
2016-08-24 09:25:28,331 DEBUG: 			View 3 : 0.435897435897
2016-08-24 09:25:28,487 DEBUG: 			 Best view : 		RANSeq_
2016-08-24 09:25:31,392 DEBUG: 		Start:	 Iteration 49
2016-08-24 09:25:31,409 DEBUG: 			View 0 : 0.570512820513
2016-08-24 09:25:31,416 DEBUG: 			View 1 : 0.50641025641
2016-08-24 09:25:31,453 DEBUG: 			View 2 : 0.474358974359
2016-08-24 09:25:31,461 DEBUG: 			View 3 : 0.461538461538
2016-08-24 09:25:31,616 DEBUG: 			 Best view : 		Methyl_
2016-08-24 09:25:34,579 DEBUG: 		Start:	 Iteration 50
2016-08-24 09:25:34,596 DEBUG: 			View 0 : 0.628205128205
2016-08-24 09:25:34,604 DEBUG: 			View 1 : 0.474358974359
2016-08-24 09:25:34,640 DEBUG: 			View 2 : 0.576923076923
2016-08-24 09:25:34,648 DEBUG: 			View 3 : 0.519230769231
2016-08-24 09:25:34,807 DEBUG: 			 Best view : 		Methyl_
2016-08-24 09:25:37,851 DEBUG: 		Start:	 Iteration 51
2016-08-24 09:25:37,868 DEBUG: 			View 0 : 0.525641025641
2016-08-24 09:25:37,876 DEBUG: 			View 1 : 0.49358974359
2016-08-24 09:25:37,912 DEBUG: 			View 2 : 0.50641025641
2016-08-24 09:25:37,920 DEBUG: 			View 3 : 0.397435897436
2016-08-24 09:25:38,082 DEBUG: 			 Best view : 		Methyl_
2016-08-24 09:25:41,390 DEBUG: 		Start:	 Iteration 52
2016-08-24 09:25:41,409 DEBUG: 			View 0 : 0.397435897436
2016-08-24 09:25:41,417 DEBUG: 			View 1 : 0.634615384615
2016-08-24 09:25:41,454 DEBUG: 			View 2 : 0.532051282051
2016-08-24 09:25:41,462 DEBUG: 			View 3 : 0.416666666667
2016-08-24 09:25:41,625 DEBUG: 			 Best view : 		MiRNA__
2016-08-24 09:25:44,792 INFO: 	Start: 	 Classification
2016-08-24 09:25:52,398 INFO: 	Done: 	 Fold number 1
2016-08-24 09:25:52,398 INFO: 	Start:	 Fold number 2
2016-08-24 09:25:54,031 DEBUG: 		Start:	 Iteration 1
2016-08-24 09:25:54,047 DEBUG: 			View 0 : 0.62962962963
2016-08-24 09:25:54,055 DEBUG: 			View 1 : 0.666666666667
2016-08-24 09:25:54,093 DEBUG: 			View 2 : 0.623456790123
2016-08-24 09:25:54,101 DEBUG: 			View 3 : 0.37037037037
2016-08-24 09:25:54,143 DEBUG: 			 Best view : 		Clinic_
2016-08-24 09:25:54,215 DEBUG: 		Start:	 Iteration 2
2016-08-24 09:25:54,233 DEBUG: 			View 0 : 0.530864197531
2016-08-24 09:25:54,241 DEBUG: 			View 1 : 0.277777777778
2016-08-24 09:25:54,279 DEBUG: 			View 2 : 0.41975308642
2016-08-24 09:25:54,287 DEBUG: 			View 3 : 0.561728395062
2016-08-24 09:25:54,340 DEBUG: 			 Best view : 		Clinic_
2016-08-24 09:25:54,473 DEBUG: 		Start:	 Iteration 3
2016-08-24 09:25:54,491 DEBUG: 			View 0 : 0.506172839506
2016-08-24 09:25:54,502 DEBUG: 			View 1 : 0.592592592593
2016-08-24 09:25:54,543 DEBUG: 			View 2 : 0.549382716049
2016-08-24 09:25:54,551 DEBUG: 			View 3 : 0.450617283951
2016-08-24 09:25:54,607 DEBUG: 			 Best view : 		MiRNA__
2016-08-24 09:25:54,799 DEBUG: 		Start:	 Iteration 4
2016-08-24 09:25:54,817 DEBUG: 			View 0 : 0.469135802469
2016-08-24 09:25:54,825 DEBUG: 			View 1 : 0.549382716049
2016-08-24 09:25:54,865 DEBUG: 			View 2 : 0.487654320988
2016-08-24 09:25:54,873 DEBUG: 			View 3 : 0.382716049383
2016-08-24 09:25:54,931 DEBUG: 			 Best view : 		MiRNA__
2016-08-24 09:25:55,184 DEBUG: 		Start:	 Iteration 5
2016-08-24 09:25:55,202 DEBUG: 			View 0 : 0.506172839506
2016-08-24 09:25:55,211 DEBUG: 			View 1 : 0.716049382716
2016-08-24 09:25:55,249 DEBUG: 			View 2 : 0.469135802469
2016-08-24 09:25:55,257 DEBUG: 			View 3 : 0.623456790123
2016-08-24 09:25:55,325 DEBUG: 			 Best view : 		MiRNA__
2016-08-24 09:25:55,645 DEBUG: 		Start:	 Iteration 6
2016-08-24 09:25:55,663 DEBUG: 			View 0 : 0.388888888889
2016-08-24 09:25:55,671 DEBUG: 			View 1 : 0.771604938272
2016-08-24 09:25:55,709 DEBUG: 			View 2 : 0.598765432099
2016-08-24 09:25:55,717 DEBUG: 			View 3 : 0.524691358025
2016-08-24 09:25:55,779 DEBUG: 			 Best view : 		MiRNA__
2016-08-24 09:25:56,151 DEBUG: 		Start:	 Iteration 7
2016-08-24 09:25:56,168 DEBUG: 			View 0 : 0.524691358025
2016-08-24 09:25:56,176 DEBUG: 			View 1 : 0.641975308642
2016-08-24 09:25:56,214 DEBUG: 			View 2 : 0.506172839506
2016-08-24 09:25:56,222 DEBUG: 			View 3 : 0.537037037037
2016-08-24 09:25:56,288 DEBUG: 			 Best view : 		MiRNA__
2016-08-24 09:25:56,721 DEBUG: 		Start:	 Iteration 8
2016-08-24 09:25:56,738 DEBUG: 			View 0 : 0.413580246914
2016-08-24 09:25:56,747 DEBUG: 			View 1 : 0.524691358025
2016-08-24 09:25:56,785 DEBUG: 			View 2 : 0.586419753086
2016-08-24 09:25:56,793 DEBUG: 			View 3 : 0.407407407407
2016-08-24 09:25:56,862 DEBUG: 			 Best view : 		RANSeq_
2016-08-24 09:25:57,369 DEBUG: 		Start:	 Iteration 9
2016-08-24 09:25:57,386 DEBUG: 			View 0 : 0.444444444444
2016-08-24 09:25:57,394 DEBUG: 			View 1 : 0.604938271605
2016-08-24 09:25:57,431 DEBUG: 			View 2 : 0.444444444444
2016-08-24 09:25:57,439 DEBUG: 			View 3 : 0.481481481481
2016-08-24 09:25:57,507 DEBUG: 			 Best view : 		MiRNA__
2016-08-24 09:25:58,072 DEBUG: 		Start:	 Iteration 10
2016-08-24 09:25:58,089 DEBUG: 			View 0 : 0.382716049383
2016-08-24 09:25:58,097 DEBUG: 			View 1 : 0.623456790123
2016-08-24 09:25:58,134 DEBUG: 			View 2 : 0.617283950617
2016-08-24 09:25:58,142 DEBUG: 			View 3 : 0.41975308642
2016-08-24 09:25:58,213 DEBUG: 			 Best view : 		MiRNA__
2016-08-24 09:25:58,839 DEBUG: 		Start:	 Iteration 11
2016-08-24 09:25:58,856 DEBUG: 			View 0 : 0.506172839506
2016-08-24 09:25:58,864 DEBUG: 			View 1 : 0.487654320988
2016-08-24 09:25:58,901 DEBUG: 			View 2 : 0.530864197531
2016-08-24 09:25:58,909 DEBUG: 			View 3 : 0.407407407407
2016-08-24 09:25:58,983 DEBUG: 			 Best view : 		RANSeq_
2016-08-24 09:25:59,688 DEBUG: 		Start:	 Iteration 12
2016-08-24 09:25:59,705 DEBUG: 			View 0 : 0.518518518519
2016-08-24 09:25:59,714 DEBUG: 			View 1 : 0.543209876543
2016-08-24 09:25:59,751 DEBUG: 			View 2 : 0.530864197531
2016-08-24 09:25:59,759 DEBUG: 			View 3 : 0.469135802469
2016-08-24 09:25:59,835 DEBUG: 			 Best view : 		MiRNA__
2016-08-24 09:26:00,606 DEBUG: 		Start:	 Iteration 13
2016-08-24 09:26:00,623 DEBUG: 			View 0 : 0.487654320988
2016-08-24 09:26:00,631 DEBUG: 			View 1 : 0.549382716049
2016-08-24 09:26:00,669 DEBUG: 			View 2 : 0.413580246914
2016-08-24 09:26:00,676 DEBUG: 			View 3 : 0.530864197531
2016-08-24 09:26:00,756 DEBUG: 			 Best view : 		MiRNA__
2016-08-24 09:26:01,578 DEBUG: 		Start:	 Iteration 14
2016-08-24 09:26:01,595 DEBUG: 			View 0 : 0.561728395062
2016-08-24 09:26:01,603 DEBUG: 			View 1 : 0.555555555556
2016-08-24 09:26:01,640 DEBUG: 			View 2 : 0.537037037037
2016-08-24 09:26:01,648 DEBUG: 			View 3 : 0.376543209877
2016-08-24 09:26:01,729 DEBUG: 			 Best view : 		MiRNA__
2016-08-24 09:26:02,647 DEBUG: 		Start:	 Iteration 15
2016-08-24 09:26:02,664 DEBUG: 			View 0 : 0.444444444444
2016-08-24 09:26:02,672 DEBUG: 			View 1 : 0.364197530864
2016-08-24 09:26:02,709 DEBUG: 			View 2 : 0.450617283951
2016-08-24 09:26:02,717 DEBUG: 			View 3 : 0.561728395062
2016-08-24 09:26:02,800 DEBUG: 			 Best view : 		Clinic_
2016-08-24 09:26:03,734 DEBUG: 		Start:	 Iteration 16
2016-08-24 09:26:03,751 DEBUG: 			View 0 : 0.604938271605
2016-08-24 09:26:03,759 DEBUG: 			View 1 : 0.666666666667
2016-08-24 09:26:03,796 DEBUG: 			View 2 : 0.530864197531
2016-08-24 09:26:03,804 DEBUG: 			View 3 : 0.611111111111
2016-08-24 09:26:03,888 DEBUG: 			 Best view : 		MiRNA__
2016-08-24 09:26:04,879 DEBUG: 		Start:	 Iteration 17
2016-08-24 09:26:04,896 DEBUG: 			View 0 : 0.561728395062
2016-08-24 09:26:04,904 DEBUG: 			View 1 : 0.641975308642
2016-08-24 09:26:04,941 DEBUG: 			View 2 : 0.450617283951
2016-08-24 09:26:04,948 DEBUG: 			View 3 : 0.62962962963
2016-08-24 09:26:05,035 DEBUG: 			 Best view : 		Clinic_
2016-08-24 09:26:06,079 DEBUG: 		Start:	 Iteration 18
2016-08-24 09:26:06,096 DEBUG: 			View 0 : 0.438271604938
2016-08-24 09:26:06,104 DEBUG: 			View 1 : 0.549382716049
2016-08-24 09:26:06,141 DEBUG: 			View 2 : 0.493827160494
2016-08-24 09:26:06,149 DEBUG: 			View 3 : 0.524691358025
2016-08-24 09:26:06,238 DEBUG: 			 Best view : 		MiRNA__
2016-08-24 09:26:07,352 DEBUG: 		Start:	 Iteration 19
2016-08-24 09:26:07,369 DEBUG: 			View 0 : 0.512345679012
2016-08-24 09:26:07,377 DEBUG: 			View 1 : 0.611111111111
2016-08-24 09:26:07,415 DEBUG: 			View 2 : 0.617283950617
2016-08-24 09:26:07,423 DEBUG: 			View 3 : 0.574074074074
2016-08-24 09:26:07,517 DEBUG: 			 Best view : 		MiRNA__
2016-08-24 09:26:08,688 DEBUG: 		Start:	 Iteration 20
2016-08-24 09:26:08,705 DEBUG: 			View 0 : 0.407407407407
2016-08-24 09:26:08,713 DEBUG: 			View 1 : 0.62962962963
2016-08-24 09:26:08,751 DEBUG: 			View 2 : 0.549382716049
2016-08-24 09:26:08,759 DEBUG: 			View 3 : 0.493827160494
2016-08-24 09:26:08,855 DEBUG: 			 Best view : 		MiRNA__
2016-08-24 09:26:10,080 DEBUG: 		Start:	 Iteration 21
2016-08-24 09:26:10,097 DEBUG: 			View 0 : 0.561728395062
2016-08-24 09:26:10,105 DEBUG: 			View 1 : 0.672839506173
2016-08-24 09:26:10,142 DEBUG: 			View 2 : 0.648148148148
2016-08-24 09:26:10,150 DEBUG: 			View 3 : 0.438271604938
2016-08-24 09:26:10,246 DEBUG: 			 Best view : 		MiRNA__
2016-08-24 09:26:11,549 DEBUG: 		Start:	 Iteration 22
2016-08-24 09:26:11,566 DEBUG: 			View 0 : 0.549382716049
2016-08-24 09:26:11,574 DEBUG: 			View 1 : 0.586419753086
2016-08-24 09:26:11,612 DEBUG: 			View 2 : 0.450617283951
2016-08-24 09:26:11,620 DEBUG: 			View 3 : 0.561728395062
2016-08-24 09:26:11,718 DEBUG: 			 Best view : 		MiRNA__
2016-08-24 09:26:13,055 DEBUG: 		Start:	 Iteration 23
2016-08-24 09:26:13,072 DEBUG: 			View 0 : 0.592592592593
2016-08-24 09:26:13,080 DEBUG: 			View 1 : 0.666666666667
2016-08-24 09:26:13,117 DEBUG: 			View 2 : 0.62962962963
2016-08-24 09:26:13,125 DEBUG: 			View 3 : 0.586419753086
2016-08-24 09:26:13,226 DEBUG: 			 Best view : 		MiRNA__
2016-08-24 09:26:14,621 DEBUG: 		Start:	 Iteration 24
2016-08-24 09:26:14,638 DEBUG: 			View 0 : 0.425925925926
2016-08-24 09:26:14,646 DEBUG: 			View 1 : 0.376543209877
2016-08-24 09:26:14,684 DEBUG: 			View 2 : 0.475308641975
2016-08-24 09:26:14,691 DEBUG: 			View 3 : 0.413580246914
2016-08-24 09:26:14,692 WARNING: All bad for iteration 23
2016-08-24 09:26:14,795 DEBUG: 			 Best view : 		RANSeq_
2016-08-24 09:26:16,277 DEBUG: 		Start:	 Iteration 25
2016-08-24 09:26:16,294 DEBUG: 			View 0 : 0.462962962963
2016-08-24 09:26:16,302 DEBUG: 			View 1 : 0.716049382716
2016-08-24 09:26:16,339 DEBUG: 			View 2 : 0.530864197531
2016-08-24 09:26:16,347 DEBUG: 			View 3 : 0.401234567901
2016-08-24 09:26:16,452 DEBUG: 			 Best view : 		MiRNA__
2016-08-24 09:26:18,023 DEBUG: 		Start:	 Iteration 26
2016-08-24 09:26:18,040 DEBUG: 			View 0 : 0.62962962963
2016-08-24 09:26:18,048 DEBUG: 			View 1 : 0.567901234568
2016-08-24 09:26:18,089 DEBUG: 			View 2 : 0.506172839506
2016-08-24 09:26:18,098 DEBUG: 			View 3 : 0.567901234568
2016-08-24 09:26:18,209 DEBUG: 			 Best view : 		Methyl_
2016-08-24 09:26:19,837 DEBUG: 		Start:	 Iteration 27
2016-08-24 09:26:19,854 DEBUG: 			View 0 : 0.413580246914
2016-08-24 09:26:19,862 DEBUG: 			View 1 : 0.672839506173
2016-08-24 09:26:19,900 DEBUG: 			View 2 : 0.364197530864
2016-08-24 09:26:19,908 DEBUG: 			View 3 : 0.469135802469
2016-08-24 09:26:20,019 DEBUG: 			 Best view : 		MiRNA__
2016-08-24 09:26:21,774 DEBUG: 		Start:	 Iteration 28
2016-08-24 09:26:21,791 DEBUG: 			View 0 : 0.555555555556
2016-08-24 09:26:21,799 DEBUG: 			View 1 : 0.388888888889
2016-08-24 09:26:21,837 DEBUG: 			View 2 : 0.530864197531
2016-08-24 09:26:21,845 DEBUG: 			View 3 : 0.561728395062
2016-08-24 09:26:21,962 DEBUG: 			 Best view : 		Methyl_
2016-08-24 09:26:23,703 DEBUG: 		Start:	 Iteration 29
2016-08-24 09:26:23,720 DEBUG: 			View 0 : 0.493827160494
2016-08-24 09:26:23,728 DEBUG: 			View 1 : 0.611111111111
2016-08-24 09:26:23,765 DEBUG: 			View 2 : 0.617283950617
2016-08-24 09:26:23,773 DEBUG: 			View 3 : 0.438271604938
2016-08-24 09:26:23,890 DEBUG: 			 Best view : 		MiRNA__
2016-08-24 09:26:25,713 DEBUG: 		Start:	 Iteration 30
2016-08-24 09:26:25,730 DEBUG: 			View 0 : 0.432098765432
2016-08-24 09:26:25,739 DEBUG: 			View 1 : 0.586419753086
2016-08-24 09:26:25,776 DEBUG: 			View 2 : 0.604938271605
2016-08-24 09:26:25,784 DEBUG: 			View 3 : 0.617283950617
2016-08-24 09:26:25,904 DEBUG: 			 Best view : 		Clinic_
2016-08-24 09:26:27,986 DEBUG: 		Start:	 Iteration 31
2016-08-24 09:26:28,004 DEBUG: 			View 0 : 0.623456790123
2016-08-24 09:26:28,013 DEBUG: 			View 1 : 0.456790123457
2016-08-24 09:26:28,051 DEBUG: 			View 2 : 0.506172839506
2016-08-24 09:26:28,059 DEBUG: 			View 3 : 0.376543209877
2016-08-24 09:26:28,180 DEBUG: 			 Best view : 		Methyl_
2016-08-24 09:26:30,112 DEBUG: 		Start:	 Iteration 32
2016-08-24 09:26:30,129 DEBUG: 			View 0 : 0.456790123457
2016-08-24 09:26:30,137 DEBUG: 			View 1 : 0.567901234568
2016-08-24 09:26:30,175 DEBUG: 			View 2 : 0.382716049383
2016-08-24 09:26:30,182 DEBUG: 			View 3 : 0.567901234568
2016-08-24 09:26:30,305 DEBUG: 			 Best view : 		MiRNA__
2016-08-24 09:26:32,285 DEBUG: 		Start:	 Iteration 33
2016-08-24 09:26:32,302 DEBUG: 			View 0 : 0.512345679012
2016-08-24 09:26:32,310 DEBUG: 			View 1 : 0.327160493827
2016-08-24 09:26:32,347 DEBUG: 			View 2 : 0.592592592593
2016-08-24 09:26:32,355 DEBUG: 			View 3 : 0.487654320988
2016-08-24 09:26:32,483 DEBUG: 			 Best view : 		RANSeq_
2016-08-24 09:26:34,814 DEBUG: 		Start:	 Iteration 34
2016-08-24 09:26:34,837 DEBUG: 			View 0 : 0.5
2016-08-24 09:26:34,853 DEBUG: 			View 1 : 0.537037037037
2016-08-24 09:26:34,913 DEBUG: 			View 2 : 0.487654320988
2016-08-24 09:26:34,927 DEBUG: 			View 3 : 0.395061728395
2016-08-24 09:26:35,074 DEBUG: 			 Best view : 		MiRNA__
2016-08-24 09:26:37,180 DEBUG: 		Start:	 Iteration 35
2016-08-24 09:26:37,197 DEBUG: 			View 0 : 0.493827160494
2016-08-24 09:26:37,205 DEBUG: 			View 1 : 0.493827160494
2016-08-24 09:26:37,242 DEBUG: 			View 2 : 0.512345679012
2016-08-24 09:26:37,250 DEBUG: 			View 3 : 0.641975308642
2016-08-24 09:26:37,379 DEBUG: 			 Best view : 		Clinic_
