2016-08-19 10:43:25,072 INFO: ### Main Programm for Multiview Classification
2016-08-19 10:43:25,072 INFO: ### Classification - Database : MultiOmicModified ; Views : Methyl, MiRNA, RNASEQ, Clinical ; Algorithm : Mumbo ; Cores : 5
2016-08-19 10:43:25,072 INFO: Start:	 Read HDF5 Database Files for MultiOmicModified
2016-08-19 10:43:25,075 INFO: Info:	 Labels used: No, Yes
2016-08-19 10:43:25,075 INFO: Info:	 Length of dataset:347
2016-08-19 10:43:25,077 INFO: Info:	 Shape of Methyl_ :[  347 25978]
2016-08-19 10:43:25,078 INFO: Info:	 Shape of MiRNA__ :[ 347 1046]
2016-08-19 10:43:25,079 INFO: Info:	 Shape of RNASeq_ :[  347 73599]
2016-08-19 10:43:25,081 INFO: Info:	 Shape of Clinic_ :[347 127]
2016-08-19 10:43:25,082 INFO: Info:	 Shape of MRNASeq :[  347 73599]
2016-08-19 10:43:25,082 INFO: Done:	 Read Database Files
2016-08-19 10:43:25,082 INFO: Start:	 Determine validation split for ratio 0.3
2016-08-19 10:43:25,089 INFO: Done:	 Determine validation split
2016-08-19 10:43:25,089 INFO: Start:	 Determine 5 folds
2016-08-19 10:43:25,091 INFO: Info:	 Length of Learning Sets: 85
2016-08-19 10:43:25,091 INFO: Info:	 Length of Testing Sets: 20
2016-08-19 10:43:25,091 INFO: Info:	 Length of Validation Set: 242
2016-08-19 10:43:25,091 INFO: Done:	 Determine folds
2016-08-19 10:43:25,091 INFO: Start:	 Learning with Mumbo and 5 folds
2016-08-19 10:43:25,092 INFO: 	Start:	 Fold number 1
2016-08-19 10:43:25,415 DEBUG: 		Start:	 Iteration 1
2016-08-19 10:43:25,552 DEBUG: 			View 0 : 0.260204081633
2016-08-19 10:43:25,567 DEBUG: 			View 1 : 0.260204081633
2016-08-19 10:43:25,698 DEBUG: 			View 3 : 0.260204081633
2016-08-19 10:43:25,707 DEBUG: 			View 2 : 0.239795918367
2016-08-19 10:43:25,844 DEBUG: 			View 4 : 0.239795918367
2016-08-19 10:43:25,872 WARNING: All bad for iteration 0
2016-08-19 10:43:25,903 DEBUG: 			 Best view : 		Methyl_
2016-08-19 10:43:25,906 DEBUG: 		Start:	 Iteration 2
2016-08-19 10:43:26,089 DEBUG: 			View 0 : 0.260204081633
2016-08-19 10:43:26,096 DEBUG: 			View 1 : 0.260204081633
2016-08-19 10:43:26,224 DEBUG: 			View 3 : 0.762387387387
2016-08-19 10:43:26,274 DEBUG: 			View 2 : 0.518881118881
2016-08-19 10:43:26,426 DEBUG: 			View 4 : 0.511055486024
2016-08-19 10:43:26,492 DEBUG: 			 Best view : 		Clinic_
2016-08-19 10:43:26,496 DEBUG: 		Start:	 Iteration 3
2016-08-19 10:43:26,667 DEBUG: 			View 0 : 0.260204081633
2016-08-19 10:43:26,672 DEBUG: 			View 1 : 0.260204081633
2016-08-19 10:43:26,800 DEBUG: 			View 3 : 0.570669029685
2016-08-19 10:43:26,850 DEBUG: 			View 2 : 0.488050314465
2016-08-19 10:43:26,988 DEBUG: 			View 4 : 0.600852272727
2016-08-19 10:43:27,094 DEBUG: 			 Best view : 		MRNASeq
2016-08-19 10:43:27,099 DEBUG: 		Start:	 Iteration 4
2016-08-19 10:43:27,266 DEBUG: 			View 0 : 0.260204081633
2016-08-19 10:43:27,273 DEBUG: 			View 1 : 0.260204081633
2016-08-19 10:43:27,406 DEBUG: 			View 3 : 0.54125
2016-08-19 10:43:27,455 DEBUG: 			View 2 : 0.493106617647
2016-08-19 10:43:27,594 DEBUG: 			View 4 : 0.501304121022
2016-08-19 10:43:27,690 DEBUG: 			 Best view : 		Clinic_
2016-08-19 10:43:27,696 DEBUG: 		Start:	 Iteration 5
2016-08-19 10:43:27,870 DEBUG: 			View 0 : 0.260204081633
2016-08-19 10:43:27,882 DEBUG: 			View 1 : 0.260204081633
2016-08-19 10:43:28,010 DEBUG: 			View 3 : 0.539285714286
2016-08-19 10:43:28,061 DEBUG: 			View 2 : 0.610784313725
2016-08-19 10:43:28,199 DEBUG: 			View 4 : 0.50582437276
2016-08-19 10:43:28,295 DEBUG: 			 Best view : 		RNASeq_
2016-08-19 10:43:28,300 DEBUG: 		Start:	 Iteration 6
2016-08-19 10:43:28,469 DEBUG: 			View 0 : 0.260204081633
2016-08-19 10:43:28,478 DEBUG: 			View 1 : 0.260204081633
2016-08-19 10:43:28,609 DEBUG: 			View 3 : 0.573904670197
2016-08-19 10:43:28,657 DEBUG: 			View 2 : 0.497895622896
2016-08-19 10:43:28,787 DEBUG: 			View 4 : 0.528541226216
2016-08-19 10:43:28,905 DEBUG: 			 Best view : 		Clinic_
2016-08-19 10:43:28,910 DEBUG: 		Start:	 Iteration 7
2016-08-19 10:43:29,051 DEBUG: 			View 0 : 0.260204081633
2016-08-19 10:43:29,059 DEBUG: 			View 1 : 0.260204081633
2016-08-19 10:43:29,186 DEBUG: 			View 3 : 0.485893416928
2016-08-19 10:43:29,237 DEBUG: 			View 2 : 0.667105263158
2016-08-19 10:43:29,371 DEBUG: 			View 4 : 0.572382144347
2016-08-19 10:43:29,515 DEBUG: 			 Best view : 		RNASeq_
2016-08-19 10:43:29,520 DEBUG: 		Start:	 Iteration 8
2016-08-19 10:43:29,694 DEBUG: 			View 0 : 0.260204081633
2016-08-19 10:43:29,701 DEBUG: 			View 1 : 0.260204081633
2016-08-19 10:43:29,833 DEBUG: 			View 3 : 0.610784313725
2016-08-19 10:43:29,891 DEBUG: 			View 2 : 0.48275862069
2016-08-19 10:43:30,031 DEBUG: 			View 4 : 0.647849462366
2016-08-19 10:43:30,123 DEBUG: 			 Best view : 		MRNASeq
2016-08-19 10:43:30,129 DEBUG: 		Start:	 Iteration 9
2016-08-19 10:43:30,299 DEBUG: 			View 0 : 0.260204081633
2016-08-19 10:43:30,306 DEBUG: 			View 1 : 0.260204081633
2016-08-19 10:43:30,436 DEBUG: 			View 3 : 0.552425665102
2016-08-19 10:43:30,485 DEBUG: 			View 2 : 0.553039832285
2016-08-19 10:43:30,623 DEBUG: 			View 4 : 0.506301607997
2016-08-19 10:43:30,737 DEBUG: 			 Best view : 		Clinic_
2016-08-19 10:43:30,743 DEBUG: 		Start:	 Iteration 10
2016-08-19 10:43:30,913 DEBUG: 			View 0 : 0.260204081633
2016-08-19 10:43:30,922 DEBUG: 			View 1 : 0.260204081633
2016-08-19 10:43:31,053 DEBUG: 			View 3 : 0.473684210526
2016-08-19 10:43:31,104 DEBUG: 			View 2 : 0.572382144347
2016-08-19 10:43:31,237 DEBUG: 			View 4 : 0.58137254902
2016-08-19 10:43:31,352 DEBUG: 			 Best view : 		MRNASeq
2016-08-19 10:43:31,358 DEBUG: 		Start:	 Iteration 11
2016-08-19 10:43:31,505 DEBUG: 			View 0 : 0.260204081633
2016-08-19 10:43:31,515 DEBUG: 			View 1 : 0.260204081633
2016-08-19 10:43:31,644 DEBUG: 			View 3 : 0.643965517241
2016-08-19 10:43:31,693 DEBUG: 			View 2 : 0.533615221987
2016-08-19 10:43:31,830 DEBUG: 			View 4 : 0.529828952858
2016-08-19 10:43:31,965 DEBUG: 			 Best view : 		Clinic_
2016-08-19 10:43:31,971 DEBUG: 		Start:	 Iteration 12
2016-08-19 10:43:32,144 DEBUG: 			View 0 : 0.260204081633
2016-08-19 10:43:32,152 DEBUG: 			View 1 : 0.260204081633
2016-08-19 10:43:32,279 DEBUG: 			View 3 : 0.570669029685
2016-08-19 10:43:32,328 DEBUG: 			View 2 : 0.591481964363
2016-08-19 10:43:32,459 DEBUG: 			View 4 : 0.503879310345
2016-08-19 10:43:32,580 DEBUG: 			 Best view : 		RNASeq_
2016-08-19 10:43:32,586 DEBUG: 		Start:	 Iteration 13
2016-08-19 10:43:32,753 DEBUG: 			View 0 : 0.260204081633
2016-08-19 10:43:32,762 DEBUG: 			View 1 : 0.260204081633
2016-08-19 10:43:32,891 DEBUG: 			View 3 : 0.61858974359
2016-08-19 10:43:32,942 DEBUG: 			View 2 : 0.572382144347
2016-08-19 10:43:33,077 DEBUG: 			View 4 : 0.553039832285
2016-08-19 10:43:33,198 DEBUG: 			 Best view : 		Clinic_
2016-08-19 10:43:33,205 DEBUG: 		Start:	 Iteration 14
2016-08-19 10:43:33,375 DEBUG: 			View 0 : 0.260204081633
2016-08-19 10:43:33,384 DEBUG: 			View 1 : 0.260204081633
2016-08-19 10:43:33,513 DEBUG: 			View 3 : 0.54895879486
2016-08-19 10:43:33,562 DEBUG: 			View 2 : 0.49417562724
2016-08-19 10:43:33,693 DEBUG: 			View 4 : 0.674593241552
