2016-08-24 08:47:17,766 INFO: Start:	 Read HDF5 Database Files for ModifiedMultiOmic
2016-08-24 08:47:17,767 INFO: Info:	 Labels used: No, Yes
2016-08-24 08:47:17,767 INFO: Info:	 Length of dataset:347
2016-08-24 08:47:17,769 INFO: ### Main Programm for Multiview Classification
2016-08-24 08:47:17,769 INFO: ### Classification - Database : ModifiedMultiOmic ; Views : Methyl, MiRNA, RNASEQ, Clinical ; Algorithm : Mumbo ; Cores : 1
2016-08-24 08:47:17,769 INFO: Info:	 Shape of Methyl_ :(347, 25978)
2016-08-24 08:47:17,769 INFO: Info:	 Shape of MiRNA__ :(347, 1046)
2016-08-24 08:47:17,770 INFO: Info:	 Shape of RANSeq_ :(347, 73599)
2016-08-24 08:47:17,770 INFO: Info:	 Shape of Clinic_ :(347, 127)
2016-08-24 08:47:17,771 INFO: Done:	 Read Database Files
2016-08-24 08:47:17,771 INFO: Start:	 Determine validation split for ratio 0.7
2016-08-24 08:47:17,774 INFO: Done:	 Determine validation split
2016-08-24 08:47:17,774 INFO: Start:	 Determine 2 folds
2016-08-24 08:47:17,783 INFO: Info:	 Length of Learning Sets: 122
2016-08-24 08:47:17,783 INFO: Info:	 Length of Testing Sets: 122
2016-08-24 08:47:17,783 INFO: Info:	 Length of Validation Set: 103
2016-08-24 08:47:17,783 INFO: Done:	 Determine folds
2016-08-24 08:47:17,783 INFO: Start:	 Learning with Mumbo and 2 folds
2016-08-24 08:47:17,784 INFO: Start:	 Gridsearching best settings for monoview classifiers
2016-08-24 08:48:32,759 INFO: Done:	 Gridsearching best settings for monoview classifiers
2016-08-24 08:48:32,759 INFO: 	Start:	 Fold number 1
