2016-08-22 10:47:28,294 INFO: ### Main Programm for Multiview Classification
2016-08-22 10:47:28,294 INFO: ### Classification - Database : ModifiedMultiOmic ; Views : Methyl, MiRNA, RNASEQ, Clinical ; Algorithm : Mumbo ; Cores : 1
2016-08-22 10:47:28,294 INFO: Start:	 Read HDF5 Database Files for ModifiedMultiOmic
2016-08-22 10:47:28,296 INFO: Info:	 Labels used: No, Yes
2016-08-22 10:47:28,296 INFO: Info:	 Length of dataset:347
2016-08-22 10:47:28,298 INFO: Info:	 Shape of Methyl_ :[  347 25978]
2016-08-22 10:47:28,299 INFO: Info:	 Shape of MiRNA__ :[ 347 1046]
2016-08-22 10:47:28,300 INFO: Info:	 Shape of RNASeq_ :[  347 73599]
2016-08-22 10:47:28,300 INFO: Info:	 Shape of Clinic_ :[347 127]
2016-08-22 10:47:28,301 INFO: Info:	 Shape of MRNASeq :[  347 73599]
2016-08-22 10:47:28,302 INFO: Done:	 Read Database Files
2016-08-22 10:47:28,302 INFO: Start:	 Determine validation split for ratio 0.7
2016-08-22 10:47:28,304 INFO: Done:	 Determine validation split
2016-08-22 10:47:28,304 INFO: Start:	 Determine 4 folds
2016-08-22 10:47:28,311 INFO: Info:	 Length of Learning Sets: 184
2016-08-22 10:47:28,312 INFO: Info:	 Length of Testing Sets: 60
2016-08-22 10:47:28,312 INFO: Info:	 Length of Validation Set: 103
2016-08-22 10:47:28,312 INFO: Done:	 Determine folds
2016-08-22 10:47:28,312 INFO: Start:	 Learning with Mumbo and 4 folds
2016-08-22 10:48:40,796 INFO: 	Start:	 Fold number 1
2016-08-22 10:48:41,465 DEBUG: 		Start:	 Iteration 1
