2016-03-23 15:47:22,753 DEBUG:### Main Programm for Feature Parameter Optimisation 
2016-03-23 15:47:22,753 DEBUG:### Optimisation - Feature:SURF Parameter:SURF_Cluster from:2 to:40 in #calc:8
2016-03-23 15:47:22,753 DEBUG:Start:	 Exportation of images from DB
2016-03-23 15:47:58,572 DEBUG:Done:	 Exportation of Images from DB 
2016-03-23 15:47:58,572 DEBUG:Start:	 Feautre Optimisation
2016-03-23 15:47:58,572 DEBUG:Start:	 FeatureExtraction Nr:1 from:8 with SURF_Cluster=2 ###
2016-03-23 15:47:58,573 DEBUG:SURF:	 Keypoints Calculation
2016-03-23 15:55:28,437 DEBUG:SURF:	 25% of images processed (Keypoints)
2016-03-23 16:00:12,702 DEBUG:SURF:	 50% of images processed (Keypoints)
2016-03-23 16:04:09,958 DEBUG:SURF:	 75% of images processed (Keypoints)
2016-03-23 16:07:01,292 DEBUG:SURF:	 Calculation of Dictonary with 2 Clusters
2016-03-23 16:07:16,703 DEBUG:SURF:	 Assign words from Dictonary to each Image
2016-03-23 16:07:24,325 DEBUG:SURF:	 25% of images processed (Assignments)
2016-03-23 16:07:29,456 DEBUG:SURF:	 50% of images processed (Assignments)
2016-03-23 16:07:33,642 DEBUG:SURF:	 75% of images processed (Assignments)
2016-03-23 16:07:36,142 DEBUG:Done:	 FeatureExtraction Nr:1 from:8 ###
2016-03-23 16:07:36,146 DEBUG:Start:	 Classification Nr:1 from:8
2016-03-23 16:10:01,420 DEBUG:Done:	 Classification Nr:1 from:8
2016-03-23 16:10:01,426 DEBUG:Start:	 FeatureExtraction Nr:2 from:8 with SURF_Cluster=7 ###
2016-03-23 16:10:01,426 DEBUG:SURF:	 Calculation of Dictonary with 7 Clusters
2016-03-23 16:11:05,372 DEBUG:SURF:	 Assign words from Dictonary to each Image
2016-03-23 16:11:16,519 DEBUG:SURF:	 25% of images processed (Assignments)
2016-03-23 16:11:24,647 DEBUG:SURF:	 50% of images processed (Assignments)
2016-03-23 16:11:32,408 DEBUG:SURF:	 75% of images processed (Assignments)
2016-03-23 16:11:39,240 DEBUG:Done:	 FeatureExtraction Nr:2 from:8 ###
2016-03-23 16:11:39,247 DEBUG:Start:	 Classification Nr:2 from:8
2016-03-23 16:15:03,767 DEBUG:Done:	 Classification Nr:2 from:8
2016-03-23 16:15:03,771 DEBUG:Start:	 FeatureExtraction Nr:3 from:8 with SURF_Cluster=13 ###
2016-03-23 16:15:03,772 DEBUG:SURF:	 Calculation of Dictonary with 13 Clusters
2016-03-23 16:15:49,614 DEBUG:SURF:	 Assign words from Dictonary to each Image
2016-03-23 16:16:02,758 DEBUG:SURF:	 25% of images processed (Assignments)
2016-03-23 16:16:14,102 DEBUG:SURF:	 50% of images processed (Assignments)
2016-03-23 16:16:24,261 DEBUG:SURF:	 75% of images processed (Assignments)
2016-03-23 16:16:33,065 DEBUG:Done:	 FeatureExtraction Nr:3 from:8 ###
2016-03-23 16:16:33,072 DEBUG:Start:	 Classification Nr:3 from:8
2016-03-23 16:20:29,949 DEBUG:Done:	 Classification Nr:3 from:8
2016-03-23 16:20:29,953 DEBUG:Start:	 FeatureExtraction Nr:4 from:8 with SURF_Cluster=18 ###
2016-03-23 16:20:29,954 DEBUG:SURF:	 Calculation of Dictonary with 18 Clusters
2016-03-23 16:21:44,514 DEBUG:SURF:	 Assign words from Dictonary to each Image
2016-03-23 16:21:57,679 DEBUG:SURF:	 25% of images processed (Assignments)
2016-03-23 16:22:09,362 DEBUG:SURF:	 50% of images processed (Assignments)
2016-03-23 16:22:23,607 DEBUG:SURF:	 75% of images processed (Assignments)
2016-03-23 16:22:41,389 DEBUG:Done:	 FeatureExtraction Nr:4 from:8 ###
2016-03-23 16:22:41,396 DEBUG:Start:	 Classification Nr:4 from:8
2016-03-23 16:28:20,581 DEBUG:Done:	 Classification Nr:4 from:8
2016-03-23 16:28:20,587 DEBUG:Start:	 FeatureExtraction Nr:5 from:8 with SURF_Cluster=24 ###
2016-03-23 16:28:20,587 DEBUG:SURF:	 Calculation of Dictonary with 24 Clusters
2016-03-23 16:29:45,494 DEBUG:SURF:	 Assign words from Dictonary to each Image
2016-03-23 16:29:58,846 DEBUG:SURF:	 25% of images processed (Assignments)
2016-03-23 16:30:09,033 DEBUG:SURF:	 50% of images processed (Assignments)
2016-03-23 16:30:18,873 DEBUG:SURF:	 75% of images processed (Assignments)
2016-03-23 16:30:27,412 DEBUG:Done:	 FeatureExtraction Nr:5 from:8 ###
2016-03-23 16:30:27,419 DEBUG:Start:	 Classification Nr:5 from:8
2016-03-23 16:35:54,690 DEBUG:Done:	 Classification Nr:5 from:8
2016-03-23 16:35:54,694 DEBUG:Start:	 FeatureExtraction Nr:6 from:8 with SURF_Cluster=29 ###
2016-03-23 16:35:54,695 DEBUG:SURF:	 Calculation of Dictonary with 29 Clusters
2016-03-23 16:37:09,293 DEBUG:SURF:	 Assign words from Dictonary to each Image
2016-03-23 16:37:22,049 DEBUG:SURF:	 25% of images processed (Assignments)
2016-03-23 16:37:33,119 DEBUG:SURF:	 50% of images processed (Assignments)
2016-03-23 16:37:40,733 DEBUG:SURF:	 75% of images processed (Assignments)
2016-03-23 16:37:47,406 DEBUG:Done:	 FeatureExtraction Nr:6 from:8 ###
2016-03-23 16:37:47,414 DEBUG:Start:	 Classification Nr:6 from:8
2016-03-23 16:43:56,507 DEBUG:Done:	 Classification Nr:6 from:8
2016-03-23 16:43:56,513 DEBUG:Start:	 FeatureExtraction Nr:7 from:8 with SURF_Cluster=35 ###
2016-03-23 16:43:56,513 DEBUG:SURF:	 Calculation of Dictonary with 35 Clusters
2016-03-23 16:46:33,964 DEBUG:SURF:	 Assign words from Dictonary to each Image
2016-03-23 16:46:47,670 DEBUG:SURF:	 25% of images processed (Assignments)
2016-03-23 16:46:58,951 DEBUG:SURF:	 50% of images processed (Assignments)
2016-03-23 16:47:09,580 DEBUG:SURF:	 75% of images processed (Assignments)
2016-03-23 16:47:20,168 DEBUG:Done:	 FeatureExtraction Nr:7 from:8 ###
2016-03-23 16:47:20,176 DEBUG:Start:	 Classification Nr:7 from:8
2016-03-23 16:53:27,352 DEBUG:Done:	 Classification Nr:7 from:8
2016-03-23 16:53:27,358 DEBUG:Start:	 FeatureExtraction Nr:8 from:8 with SURF_Cluster=40 ###
2016-03-23 16:53:27,359 DEBUG:SURF:	 Calculation of Dictonary with 40 Clusters
2016-03-23 16:55:07,399 DEBUG:SURF:	 Assign words from Dictonary to each Image
2016-03-23 16:55:20,671 DEBUG:SURF:	 25% of images processed (Assignments)
2016-03-23 16:55:31,703 DEBUG:SURF:	 50% of images processed (Assignments)
2016-03-23 16:55:41,663 DEBUG:SURF:	 75% of images processed (Assignments)
2016-03-23 16:55:50,039 DEBUG:Done:	 FeatureExtraction Nr:8 from:8 ###
2016-03-23 16:55:50,048 DEBUG:Start:	 Classification Nr:8 from:8
2016-03-23 17:03:17,209 DEBUG:Done:	 Classification Nr:8 from:8
2016-03-23 17:03:17,262 DEBUG:Done:	 Feautre Optimisation 
2016-03-23 17:03:17,264 DEBUG:Start:	 Exporting to CSV 
2016-03-23 17:03:17,271 DEBUG:Done:	 Exporting to CSV 
2016-03-23 17:03:17,271 DEBUG:Start:	 Plot Result
