2016-06-16 18:01:17,828 DEBUG: ### Main Programm for Multiview Classification
2016-06-16 18:01:17,828 DEBUG: ### Classification - Database : Awa ; Features : phog-hist, cq-hist, surf-hist ; Algorithm : Mumbo ; Cores : 1
2016-06-16 18:01:17,828 DEBUG: Start:	 Read CSV Database Files for Awa
2016-06-16 18:01:36,840 DEBUG: Info:	 Labels used: skunk, sheep, wolf, polar+bear, weasel, walrus, rhinoceros, leopard, cow, lion
2016-06-16 18:01:36,841 DEBUG: Info:	 Length of dataset:5342
2016-06-16 18:01:36,841 DEBUG: Info:	 Shape of phog-hist :(5342, 252)
2016-06-16 18:01:36,841 DEBUG: Info:	 Shape of cq-hist :(5342, 2688)
2016-06-16 18:01:36,841 DEBUG: Info:	 Shape of surf-hist :(5342, 2000)
2016-06-16 18:01:36,841 DEBUG: Done:	 Read CSV Files
2016-06-16 18:01:36,841 DEBUG: Start:	 Determine Train/Test split for ratio 0.3
2016-06-16 18:01:37,068 DEBUG: Info:	 Length of Learning Set: 1379
2016-06-16 18:01:37,069 DEBUG: Info:	 Length of Testing Set: 1379
2016-06-16 18:01:37,069 DEBUG: Done:	 Determine Train/Test split
2016-06-16 18:01:37,069 DEBUG: Start:	 Learning with Mumbo
2016-06-16 18:02:41,830 DEBUG: Done: 	 Learning
2016-06-16 18:02:41,830 DEBUG: Start: 	 Classification
2016-06-16 18:03:01,275 DEBUG: Done:	 Classification
2016-06-16 18:03:01,276 DEBUG: Info:	 Time for Classification: 103[s]
2016-06-16 18:03:01,276 DEBUG: Start:	 Result Analysis for Mumbo
2016-06-16 18:03:22,046 DEBUG: 
Mumbo classification using DecisionTreeas weak classifier with depth 3.

 Learning on 
	- phog-hist cq-hist surf-hist as features
	- skunk sheep wolf polar+bear weasel walrus rhinoceros leopard cow lion as labels
	- 1379 training examples, 3963 testing examples (0.3 rate)

 With configuration :
	- 5 iterations on Mumbo
	- 1 cores used for computing.

The algorithm took : 
	- 0:00:19.240763 to extract the database,
	- 0:01:04.761184 to learn on 1379 examples and 3 views,
	- 0:00:19.445148 to predict on 5342 examples
So a total classification time of 0:01:43.447097.

Total accuracy 
	- On train : 58.8107324148%
             precision    recall  f1-score   support

      skunk       0.76      0.55      0.64        69
      sheep       0.58      0.58      0.58       162
       wolf       0.56      0.50      0.53       149
 polar+bear       0.53      0.80      0.64       203
     weasel       0.92      0.26      0.40        85
     walrus       0.71      0.43      0.54        79
 rhinoceros       0.56      0.54      0.55       180
    leopard       0.62      0.74      0.67       151
        cow       0.58      0.70      0.63       173
       lion       0.61      0.44      0.51       128

avg / total       0.61      0.59      0.58      1379

	- On test : 30.5324249306% 
             precision    recall  f1-score   support

      skunk       0.18      0.07      0.11       215
      sheep       0.31      0.26      0.28       469
       wolf       0.23      0.21      0.22       397
 polar+bear       0.34      0.52      0.41       613
     weasel       0.13      0.02      0.03       194
     walrus       0.26      0.14      0.18       258
 rhinoceros       0.27      0.27      0.27       519
    leopard       0.41      0.54      0.46       457
        cow       0.29      0.34      0.31       485
       lion       0.27      0.22      0.24       356

avg / total       0.29      0.31      0.29      3963



 Analysis for each Mumbo iteration : 
	- Iteration 1
		 Accuracy on train : 0.519216823785
		 Accuracy on test : 0.287156194802
		 Selected View : surf-hist
	- Iteration 2
		 Accuracy on train : 0.518491660624
		 Accuracy on test : 0.288417865254
		 Selected View : surf-hist
	- Iteration 3
		 Accuracy on train : 0.519216823785
		 Accuracy on test : 0.288165531163
		 Selected View : surf-hist
	- Iteration 4
		 Accuracy on train : 0.519216823785
		 Accuracy on test : 0.287408528892
		 Selected View : surf-hist
	- Iteration 5
		 Accuracy on train : 0.588107324148
		 Accuracy on test : 0.305324249306
		 Selected View : surf-hist

2016-06-16 18:03:22,466 DEBUG: Done:	 Result Analysis
