2016-08-22 11:23:57,312 INFO: ### Main Programm for Multiview Classification
2016-08-22 11:23:57,312 INFO: ### Classification - Database : ModifiedMultiOmic ; Views : Methyl, MiRNA, RNASEQ, Clinical ; Algorithm : Mumbo ; Cores : 1
2016-08-22 11:23:57,312 INFO: Start:	 Read HDF5 Database Files for ModifiedMultiOmic
2016-08-22 11:23:57,315 INFO: Info:	 Labels used: No, Yes
2016-08-22 11:23:57,315 INFO: Info:	 Length of dataset:347
2016-08-22 11:23:57,316 INFO: Info:	 Shape of Methyl_ :[  347 25978]
2016-08-22 11:23:57,317 INFO: Info:	 Shape of MiRNA__ :[ 347 1046]
2016-08-22 11:23:57,318 INFO: Info:	 Shape of RNASeq_ :[  347 73599]
2016-08-22 11:23:57,319 INFO: Info:	 Shape of Clinic_ :[347 127]
2016-08-22 11:23:57,319 INFO: Info:	 Shape of MRNASeq :[  347 73599]
2016-08-22 11:23:57,319 INFO: Done:	 Read Database Files
2016-08-22 11:23:57,320 INFO: Start:	 Determine validation split for ratio 0.7
2016-08-22 11:23:57,322 INFO: Done:	 Determine validation split
2016-08-22 11:23:57,322 INFO: Start:	 Determine 4 folds
2016-08-22 11:23:57,330 INFO: Info:	 Length of Learning Sets: 184
2016-08-22 11:23:57,330 INFO: Info:	 Length of Testing Sets: 60
2016-08-22 11:23:57,330 INFO: Info:	 Length of Validation Set: 103
2016-08-22 11:23:57,331 INFO: Done:	 Determine folds
2016-08-22 11:23:57,331 INFO: Start:	 Learning with Mumbo and 4 folds
2016-08-22 11:25:29,952 INFO: 	Start:	 Fold number 1
2016-08-22 11:25:30,601 DEBUG: 		Start:	 Iteration 1
2016-08-22 11:25:30,636 DEBUG: 			View 0 : 0.41
2016-08-22 11:25:30,644 DEBUG: 			View 1 : 0.385
2016-08-22 11:25:30,782 DEBUG: 			View 2 : 0.5
2016-08-22 11:25:30,790 DEBUG: 			View 3 : 0.385
2016-08-22 11:25:30,954 DEBUG: 			View 4 : 0.535
2016-08-22 11:25:31,001 DEBUG: 			 Best view : 		MRNASeq
2016-08-22 11:25:31,008 DEBUG: 		Start:	 Iteration 2
2016-08-22 11:25:31,042 DEBUG: 			View 0 : 0.625
2016-08-22 11:25:31,050 DEBUG: 			View 1 : 0.5
2016-08-22 11:25:31,194 DEBUG: 			View 2 : 0.555
2016-08-22 11:25:31,202 DEBUG: 			View 3 : 0.525
2016-08-22 11:25:31,371 DEBUG: 			View 4 : 0.62
2016-08-22 11:25:31,435 DEBUG: 			 Best view : 		Methyl_
2016-08-22 11:25:31,444 DEBUG: 		Start:	 Iteration 3
2016-08-22 11:25:31,478 DEBUG: 			View 0 : 0.395
2016-08-22 11:25:31,486 DEBUG: 			View 1 : 0.505
2016-08-22 11:25:31,640 DEBUG: 			View 2 : 0.57
2016-08-22 11:25:31,648 DEBUG: 			View 3 : 0.59
2016-08-22 11:25:31,816 DEBUG: 			View 4 : 0.515
2016-08-22 11:25:31,882 DEBUG: 			 Best view : 		Clinic_
2016-08-22 11:25:31,892 DEBUG: 		Start:	 Iteration 4
2016-08-22 11:25:31,925 DEBUG: 			View 0 : 0.66
2016-08-22 11:25:31,933 DEBUG: 			View 1 : 0.57
2016-08-22 11:25:32,071 DEBUG: 			View 2 : 0.59
2016-08-22 11:25:32,079 DEBUG: 			View 3 : 0.585
2016-08-22 11:25:32,256 DEBUG: 			View 4 : 0.595
2016-08-22 11:25:32,325 DEBUG: 			 Best view : 		Methyl_
2016-08-22 11:25:32,335 DEBUG: 		Start:	 Iteration 5
2016-08-22 11:25:32,369 DEBUG: 			View 0 : 0.695
2016-08-22 11:25:32,377 DEBUG: 			View 1 : 0.72
2016-08-22 11:25:32,519 DEBUG: 			View 2 : 0.615
2016-08-22 11:25:32,527 DEBUG: 			View 3 : 0.605
2016-08-22 11:25:32,702 DEBUG: 			View 4 : 0.59
2016-08-22 11:25:32,775 DEBUG: 			 Best view : 		MiRNA__
2016-08-22 11:25:32,785 DEBUG: 		Start:	 Iteration 6
2016-08-22 11:25:32,818 DEBUG: 			View 0 : 0.595
2016-08-22 11:25:32,827 DEBUG: 			View 1 : 0.61
2016-08-22 11:25:32,974 DEBUG: 			View 2 : 0.52
2016-08-22 11:25:32,981 DEBUG: 			View 3 : 0.675
2016-08-22 11:25:33,132 DEBUG: 			View 4 : 0.56
2016-08-22 11:25:33,209 DEBUG: 			 Best view : 		Clinic_
2016-08-22 11:25:33,219 DEBUG: 		Start:	 Iteration 7
2016-08-22 11:25:33,253 DEBUG: 			View 0 : 0.545
2016-08-22 11:25:33,261 DEBUG: 			View 1 : 0.62
2016-08-22 11:25:33,400 DEBUG: 			View 2 : 0.55
2016-08-22 11:25:33,408 DEBUG: 			View 3 : 0.61
2016-08-22 11:25:33,570 DEBUG: 			View 4 : 0.59
2016-08-22 11:25:33,651 DEBUG: 			 Best view : 		Clinic_
2016-08-22 11:25:33,661 DEBUG: 		Start:	 Iteration 8
2016-08-22 11:25:33,695 DEBUG: 			View 0 : 0.58
2016-08-22 11:25:33,703 DEBUG: 			View 1 : 0.46
2016-08-22 11:25:33,841 DEBUG: 			View 2 : 0.59
2016-08-22 11:25:33,849 DEBUG: 			View 3 : 0.67
2016-08-22 11:25:34,020 DEBUG: 			View 4 : 0.62
2016-08-22 11:25:34,105 DEBUG: 			 Best view : 		Clinic_
2016-08-22 11:25:34,116 DEBUG: 		Start:	 Iteration 9
2016-08-22 11:25:34,150 DEBUG: 			View 0 : 0.75
2016-08-22 11:25:34,158 DEBUG: 			View 1 : 0.635
2016-08-22 11:25:34,300 DEBUG: 			View 2 : 0.54
2016-08-22 11:25:34,307 DEBUG: 			View 3 : 0.545
2016-08-22 11:25:34,483 DEBUG: 			View 4 : 0.52
2016-08-22 11:25:34,572 DEBUG: 			 Best view : 		Methyl_
2016-08-22 11:25:34,583 DEBUG: 		Start:	 Iteration 10
2016-08-22 11:25:34,617 DEBUG: 			View 0 : 0.62
2016-08-22 11:25:34,625 DEBUG: 			View 1 : 0.575
2016-08-22 11:25:34,759 DEBUG: 			View 2 : 0.6
2016-08-22 11:25:34,767 DEBUG: 			View 3 : 0.6
2016-08-22 11:25:34,942 DEBUG: 			View 4 : 0.635
2016-08-22 11:25:35,035 DEBUG: 			 Best view : 		MRNASeq
2016-08-22 11:25:35,047 DEBUG: 		Start:	 Iteration 11
2016-08-22 11:25:35,080 DEBUG: 			View 0 : 0.645
2016-08-22 11:25:35,088 DEBUG: 			View 1 : 0.6
2016-08-22 11:25:35,237 DEBUG: 			View 2 : 0.505
2016-08-22 11:25:35,244 DEBUG: 			View 3 : 0.595
2016-08-22 11:25:35,419 DEBUG: 			View 4 : 0.64
2016-08-22 11:25:35,514 DEBUG: 			 Best view : 		Methyl_
2016-08-22 11:25:35,526 DEBUG: 		Start:	 Iteration 12
2016-08-22 11:25:35,559 DEBUG: 			View 0 : 0.505
2016-08-22 11:25:35,567 DEBUG: 			View 1 : 0.58
2016-08-22 11:25:35,710 DEBUG: 			View 2 : 0.615
2016-08-22 11:25:35,718 DEBUG: 			View 3 : 0.66
2016-08-22 11:25:35,892 DEBUG: 			View 4 : 0.51
2016-08-22 11:25:35,993 DEBUG: 			 Best view : 		Clinic_
2016-08-22 11:25:36,006 DEBUG: 		Start:	 Iteration 13
2016-08-22 11:25:36,039 DEBUG: 			View 0 : 0.49
2016-08-22 11:25:36,047 DEBUG: 			View 1 : 0.62
2016-08-22 11:25:36,189 DEBUG: 			View 2 : 0.5
2016-08-22 11:25:36,197 DEBUG: 			View 3 : 0.655
2016-08-22 11:25:36,365 DEBUG: 			View 4 : 0.57
2016-08-22 11:25:36,469 DEBUG: 			 Best view : 		Clinic_
2016-08-22 11:25:36,481 DEBUG: 		Start:	 Iteration 14
2016-08-22 11:25:36,515 DEBUG: 			View 0 : 0.58
2016-08-22 11:25:36,523 DEBUG: 			View 1 : 0.575
2016-08-22 11:25:36,670 DEBUG: 			View 2 : 0.61
2016-08-22 11:25:36,678 DEBUG: 			View 3 : 0.615
2016-08-22 11:25:36,847 DEBUG: 			View 4 : 0.54
2016-08-22 11:25:36,952 DEBUG: 			 Best view : 		RNASeq_
2016-08-22 11:25:36,965 DEBUG: 		Start:	 Iteration 15
2016-08-22 11:25:36,999 DEBUG: 			View 0 : 0.63
2016-08-22 11:25:37,007 DEBUG: 			View 1 : 0.63
2016-08-22 11:25:37,153 DEBUG: 			View 2 : 0.57
2016-08-22 11:25:37,161 DEBUG: 			View 3 : 0.625
2016-08-22 11:25:37,336 DEBUG: 			View 4 : 0.58
2016-08-22 11:25:37,446 DEBUG: 			 Best view : 		MiRNA__
2016-08-22 11:25:37,458 DEBUG: 		Start:	 Iteration 16
2016-08-22 11:25:37,492 DEBUG: 			View 0 : 0.7
2016-08-22 11:25:37,500 DEBUG: 			View 1 : 0.675
2016-08-22 11:25:37,648 DEBUG: 			View 2 : 0.595
2016-08-22 11:25:37,656 DEBUG: 			View 3 : 0.57
2016-08-22 11:25:37,831 DEBUG: 			View 4 : 0.6
2016-08-22 11:25:37,943 DEBUG: 			 Best view : 		MiRNA__
2016-08-22 11:25:37,956 DEBUG: 		Start:	 Iteration 17
2016-08-22 11:25:37,990 DEBUG: 			View 0 : 0.63
2016-08-22 11:25:37,998 DEBUG: 			View 1 : 0.51
2016-08-22 11:25:38,140 DEBUG: 			View 2 : 0.575
2016-08-22 11:25:38,148 DEBUG: 			View 3 : 0.645
2016-08-22 11:25:38,318 DEBUG: 			View 4 : 0.63
2016-08-22 11:25:38,433 DEBUG: 			 Best view : 		Clinic_
2016-08-22 11:25:38,447 DEBUG: 		Start:	 Iteration 18
2016-08-22 11:25:38,480 DEBUG: 			View 0 : 0.475
2016-08-22 11:25:38,488 DEBUG: 			View 1 : 0.495
2016-08-22 11:25:38,634 DEBUG: 			View 2 : 0.565
2016-08-22 11:25:38,642 DEBUG: 			View 3 : 0.595
2016-08-22 11:25:38,810 DEBUG: 			View 4 : 0.6
2016-08-22 11:25:38,933 DEBUG: 			 Best view : 		Clinic_
2016-08-22 11:25:38,947 DEBUG: 		Start:	 Iteration 19
2016-08-22 11:25:38,981 DEBUG: 			View 0 : 0.6
2016-08-22 11:25:38,989 DEBUG: 			View 1 : 0.615
2016-08-22 11:25:39,136 DEBUG: 			View 2 : 0.665
2016-08-22 11:25:39,144 DEBUG: 			View 3 : 0.515
2016-08-22 11:25:39,313 DEBUG: 			View 4 : 0.605
2016-08-22 11:25:39,436 DEBUG: 			 Best view : 		RNASeq_
2016-08-22 11:25:39,451 DEBUG: 		Start:	 Iteration 20
2016-08-22 11:25:39,484 DEBUG: 			View 0 : 0.495
2016-08-22 11:25:39,492 DEBUG: 			View 1 : 0.305
2016-08-22 11:25:39,635 DEBUG: 			View 2 : 0.58
2016-08-22 11:25:39,642 DEBUG: 			View 3 : 0.7
2016-08-22 11:25:39,811 DEBUG: 			View 4 : 0.59
2016-08-22 11:25:39,938 DEBUG: 			 Best view : 		Clinic_
2016-08-22 11:25:39,953 DEBUG: 		Start:	 Iteration 21
2016-08-22 11:25:39,986 DEBUG: 			View 0 : 0.645
2016-08-22 11:25:39,994 DEBUG: 			View 1 : 0.66
2016-08-22 11:25:40,143 DEBUG: 			View 2 : 0.575
2016-08-22 11:25:40,151 DEBUG: 			View 3 : 0.54
2016-08-22 11:25:40,314 DEBUG: 			View 4 : 0.615
2016-08-22 11:25:40,444 DEBUG: 			 Best view : 		MiRNA__
2016-08-22 11:25:40,458 DEBUG: 		Start:	 Iteration 22
2016-08-22 11:25:40,492 DEBUG: 			View 0 : 0.42
2016-08-22 11:25:40,500 DEBUG: 			View 1 : 0.745
2016-08-22 11:25:40,649 DEBUG: 			View 2 : 0.66
2016-08-22 11:25:40,656 DEBUG: 			View 3 : 0.575
2016-08-22 11:25:40,826 DEBUG: 			View 4 : 0.56
2016-08-22 11:25:40,960 DEBUG: 			 Best view : 		MiRNA__
2016-08-22 11:25:40,975 DEBUG: 		Start:	 Iteration 23
2016-08-22 11:25:41,008 DEBUG: 			View 0 : 0.49
2016-08-22 11:25:41,016 DEBUG: 			View 1 : 0.57
2016-08-22 11:25:41,164 DEBUG: 			View 2 : 0.555
2016-08-22 11:25:41,172 DEBUG: 			View 3 : 0.65
2016-08-22 11:25:41,350 DEBUG: 			View 4 : 0.595
2016-08-22 11:25:41,488 DEBUG: 			 Best view : 		Clinic_
2016-08-22 11:25:41,504 DEBUG: 		Start:	 Iteration 24
2016-08-22 11:25:41,537 DEBUG: 			View 0 : 0.72
2016-08-22 11:25:41,545 DEBUG: 			View 1 : 0.655
2016-08-22 11:25:41,687 DEBUG: 			View 2 : 0.625
2016-08-22 11:25:41,695 DEBUG: 			View 3 : 0.57
2016-08-22 11:25:41,866 DEBUG: 			View 4 : 0.575
2016-08-22 11:25:42,007 DEBUG: 			 Best view : 		Methyl_
2016-08-22 11:25:42,022 DEBUG: 		Start:	 Iteration 25
2016-08-22 11:25:42,056 DEBUG: 			View 0 : 0.54
2016-08-22 11:25:42,064 DEBUG: 			View 1 : 0.405
2016-08-22 11:25:42,213 DEBUG: 			View 2 : 0.575
2016-08-22 11:25:42,220 DEBUG: 			View 3 : 0.55
2016-08-22 11:25:42,396 DEBUG: 			View 4 : 0.55
2016-08-22 11:25:42,540 DEBUG: 			 Best view : 		RNASeq_
2016-08-22 11:25:42,556 DEBUG: 		Start:	 Iteration 26
2016-08-22 11:25:42,589 DEBUG: 			View 0 : 0.435
2016-08-22 11:25:42,597 DEBUG: 			View 1 : 0.61
2016-08-22 11:25:42,740 DEBUG: 			View 2 : 0.565
2016-08-22 11:25:42,748 DEBUG: 			View 3 : 0.65
2016-08-22 11:25:42,917 DEBUG: 			View 4 : 0.52
2016-08-22 11:25:43,066 DEBUG: 			 Best view : 		Clinic_
2016-08-22 11:25:43,082 DEBUG: 		Start:	 Iteration 27
2016-08-22 11:25:43,115 DEBUG: 			View 0 : 0.575
2016-08-22 11:25:43,124 DEBUG: 			View 1 : 0.64
2016-08-22 11:25:43,274 DEBUG: 			View 2 : 0.63
2016-08-22 11:25:43,281 DEBUG: 			View 3 : 0.54
2016-08-22 11:25:43,445 DEBUG: 			View 4 : 0.64
2016-08-22 11:25:43,596 DEBUG: 			 Best view : 		MRNASeq
2016-08-22 11:25:43,612 DEBUG: 		Start:	 Iteration 28
2016-08-22 11:25:43,645 DEBUG: 			View 0 : 0.635
2016-08-22 11:25:43,654 DEBUG: 			View 1 : 0.56
2016-08-22 11:25:43,803 DEBUG: 			View 2 : 0.53
2016-08-22 11:25:43,810 DEBUG: 			View 3 : 0.58
2016-08-22 11:25:43,974 DEBUG: 			View 4 : 0.59
2016-08-22 11:25:44,129 DEBUG: 			 Best view : 		Methyl_
2016-08-22 11:25:44,145 DEBUG: 		Start:	 Iteration 29
2016-08-22 11:25:44,179 DEBUG: 			View 0 : 0.695
2016-08-22 11:25:44,187 DEBUG: 			View 1 : 0.44
2016-08-22 11:25:44,332 DEBUG: 			View 2 : 0.595
2016-08-22 11:25:44,339 DEBUG: 			View 3 : 0.59
2016-08-22 11:25:44,509 DEBUG: 			View 4 : 0.54
2016-08-22 11:25:44,668 DEBUG: 			 Best view : 		Methyl_
2016-08-22 11:25:44,685 DEBUG: 		Start:	 Iteration 30
2016-08-22 11:25:44,718 DEBUG: 			View 0 : 0.475
2016-08-22 11:25:44,726 DEBUG: 			View 1 : 0.615
2016-08-22 11:25:44,875 DEBUG: 			View 2 : 0.545
2016-08-22 11:25:44,882 DEBUG: 			View 3 : 0.54
2016-08-22 11:25:45,047 DEBUG: 			View 4 : 0.59
2016-08-22 11:25:45,209 DEBUG: 			 Best view : 		MiRNA__
2016-08-22 11:25:45,226 DEBUG: 		Start:	 Iteration 31
2016-08-22 11:25:45,259 DEBUG: 			View 0 : 0.51
2016-08-22 11:25:45,268 DEBUG: 			View 1 : 0.705
2016-08-22 11:25:45,412 DEBUG: 			View 2 : 0.575
2016-08-22 11:25:45,419 DEBUG: 			View 3 : 0.57
2016-08-22 11:25:45,589 DEBUG: 			View 4 : 0.545
2016-08-22 11:25:45,755 DEBUG: 			 Best view : 		MiRNA__
2016-08-22 11:25:45,772 DEBUG: 		Start:	 Iteration 32
2016-08-22 11:25:45,805 DEBUG: 			View 0 : 0.545
2016-08-22 11:25:45,814 DEBUG: 			View 1 : 0.625
2016-08-22 11:25:45,948 DEBUG: 			View 2 : 0.6
2016-08-22 11:25:45,956 DEBUG: 			View 3 : 0.54
2016-08-22 11:25:46,127 DEBUG: 			View 4 : 0.535
2016-08-22 11:25:46,296 DEBUG: 			 Best view : 		MiRNA__
2016-08-22 11:25:46,314 DEBUG: 		Start:	 Iteration 33
2016-08-22 11:25:46,347 DEBUG: 			View 0 : 0.525
2016-08-22 11:25:46,356 DEBUG: 			View 1 : 0.71
2016-08-22 11:25:46,499 DEBUG: 			View 2 : 0.6
2016-08-22 11:25:46,507 DEBUG: 			View 3 : 0.51
2016-08-22 11:25:46,685 DEBUG: 			View 4 : 0.59
2016-08-22 11:25:46,858 DEBUG: 			 Best view : 		MiRNA__
2016-08-22 11:25:46,876 DEBUG: 		Start:	 Iteration 34
2016-08-22 11:25:46,911 DEBUG: 			View 0 : 0.605
2016-08-22 11:25:46,920 DEBUG: 			View 1 : 0.64
2016-08-22 11:25:47,067 DEBUG: 			View 2 : 0.575
2016-08-22 11:25:47,075 DEBUG: 			View 3 : 0.535
2016-08-22 11:25:47,252 DEBUG: 			View 4 : 0.6
2016-08-22 11:25:47,428 DEBUG: 			 Best view : 		Methyl_
2016-08-22 11:25:47,446 DEBUG: 		Start:	 Iteration 35
2016-08-22 11:25:47,479 DEBUG: 			View 0 : 0.445
2016-08-22 11:25:47,487 DEBUG: 			View 1 : 0.77
2016-08-22 11:25:47,632 DEBUG: 			View 2 : 0.57
2016-08-22 11:25:47,640 DEBUG: 			View 3 : 0.605
2016-08-22 11:25:47,811 DEBUG: 			View 4 : 0.625
2016-08-22 11:25:47,989 DEBUG: 			 Best view : 		MiRNA__
2016-08-22 11:25:48,008 DEBUG: 		Start:	 Iteration 36
2016-08-22 11:25:48,041 DEBUG: 			View 0 : 0.625
2016-08-22 11:25:48,050 DEBUG: 			View 1 : 0.625
2016-08-22 11:25:48,200 DEBUG: 			View 2 : 0.595
2016-08-22 11:25:48,208 DEBUG: 			View 3 : 0.415
2016-08-22 11:25:48,384 DEBUG: 			View 4 : 0.62
2016-08-22 11:25:48,566 DEBUG: 			 Best view : 		Methyl_
2016-08-22 11:25:48,585 DEBUG: 		Start:	 Iteration 37
2016-08-22 11:25:48,618 DEBUG: 			View 0 : 0.435
2016-08-22 11:25:48,627 DEBUG: 			View 1 : 0.8
2016-08-22 11:25:48,775 DEBUG: 			View 2 : 0.55
2016-08-22 11:25:48,783 DEBUG: 			View 3 : 0.56
2016-08-22 11:25:48,953 DEBUG: 			View 4 : 0.56
2016-08-22 11:25:49,139 DEBUG: 			 Best view : 		MiRNA__
2016-08-22 11:25:49,158 DEBUG: 		Start:	 Iteration 38
2016-08-22 11:25:49,192 DEBUG: 			View 0 : 0.635
2016-08-22 11:25:49,200 DEBUG: 			View 1 : 0.435
2016-08-22 11:25:49,344 DEBUG: 			View 2 : 0.615
2016-08-22 11:25:49,351 DEBUG: 			View 3 : 0.575
2016-08-22 11:25:49,521 DEBUG: 			View 4 : 0.595
