2016-07-12 19:11:52,839 DEBUG: ### Main Programm for Multiview Classification
2016-07-12 19:11:52,841 DEBUG: ### Classification - Database : MultiOmic ; Features : Methyl, MiRNA, RNASEQ, Clinical ; Algorithm : Mumbo ; Cores : 4
2016-07-12 19:11:52,841 DEBUG: Start:	 Read CSV Database Files for MultiOmic
2016-07-12 19:12:59,573 DEBUG: Info:	 Labels used: No, Yes
2016-07-12 19:12:59,573 DEBUG: Info:	 Length of dataset:347
2016-07-12 19:12:59,574 DEBUG: Info:	 Shape of Methyl :(347, 25978)
2016-07-12 19:12:59,574 DEBUG: Info:	 Shape of MiRNA :(347, 1046)
2016-07-12 19:12:59,574 DEBUG: Info:	 Shape of RNASEQ :(347, 73599)
2016-07-12 19:12:59,574 DEBUG: Info:	 Shape of Clinical :(347, 127)
2016-07-12 19:12:59,574 DEBUG: Done:	 Read CSV Files
2016-07-12 19:12:59,574 DEBUG: Start:	 Determine Train/Test split for ratio 1.0
2016-07-12 19:12:59,574 DEBUG: Info:	 Length of Learning Set: 347
2016-07-12 19:12:59,574 DEBUG: Info:	 Length of Testing Set: 347
2016-07-12 19:12:59,574 DEBUG: Done:	 Determine Train/Test split
2016-07-12 19:12:59,574 DEBUG: Start:	 Learning with Mumbo
2016-07-12 19:13:03,515 DEBUG: Done: 	 Learning
2016-07-12 19:13:03,516 DEBUG: Start: 	 Classification
2016-07-12 19:13:03,594 DEBUG: Done:	 Classification
2016-07-12 19:13:03,594 DEBUG: Info:	 Time for Classification: 70[s]
2016-07-12 19:13:03,594 DEBUG: Start:	 Result Analysis for Mumbo
2016-07-12 19:13:04,168 DEBUG: 
Mumbo classification using DecisionTreeas weak classifier with depth 1.

 Learning on 
	- Methyl MiRNA RNASEQ Clinical as features
	- No Yes as labels
	- 347 training examples, 347 testing examples (1.0 rate)

 With configuration :
	- 1 iterations on Mumbo
	- 4 cores used for computing.

The algorithm took : 
	- 0:01:06.733758 to extract the database,
	- 0:00:03.941204 to learn on 347 examples and 4 views,
	- 0:00:00.078161 to predict on 694 examples
So a total classification time of 0:01:10.753125.

Total accuracy 
	- On train : 88.4726224784%
             precision    recall  f1-score   support

         No       0.97      0.87      0.92       254
        Yes       0.72      0.92      0.81        93

avg / total       0.90      0.88      0.89       347

	- On test : 88.4726224784% 
             precision    recall  f1-score   support

         No       0.97      0.87      0.92       254
        Yes       0.72      0.92      0.81        93

avg / total       0.90      0.88      0.89       347



 Analysis for each Mumbo iteration : 
	- Iteration 1
		 Accuracy on train : 0.884726224784
		 Accuracy on test : 0.884726224784
		 Selected View : Methyl

2016-07-12 19:13:04,353 DEBUG: Done:	 Result Analysis
