2016-04-26 12:15:46,022 DEBUG: ### Main Programm for Multiview Classification
2016-04-26 12:15:46,022 DEBUG: ### Classification - Database : Awa ; Features : phog-hist, decaf, cq-hist ; Algorithm : Mumbo ; Cores : 5
2016-04-26 12:15:46,023 DEBUG: Start:	 Read CSV Database Files for Awa
2016-04-26 12:15:55,379 DEBUG: Info:	 Labels used: rabbit, giant+panda, rat, skunk, buffalo
2016-04-26 12:15:55,379 DEBUG: Info:	 Length of dataset:2657
2016-04-26 12:15:55,379 DEBUG: Info:	 Shape of phog-hist :(2657, 252)
2016-04-26 12:15:55,379 DEBUG: Info:	 Shape of decaf :(2657, 4096)
2016-04-26 12:15:55,379 DEBUG: Info:	 Shape of cq-hist :(2657, 2688)
2016-04-26 12:15:55,379 DEBUG: Done:	 Read CSV Files
2016-04-26 12:15:55,380 DEBUG: Start:	 Determine Train/Test split for ratio 0.5
2016-04-26 12:15:55,579 DEBUG: Info:	 Length of Learning Set: 1050
2016-04-26 12:15:55,580 DEBUG: Info:	 Length of Testing Set: 1050
2016-04-26 12:15:55,580 DEBUG: Done:	 Determine Train/Test split
2016-04-26 12:15:55,580 DEBUG: Start:	 Learning with Mumbo
2016-04-26 12:39:02,292 DEBUG: Done: 	 Learning
2016-04-26 12:39:02,292 DEBUG: Start: 	 Classification
2016-04-26 12:42:34,504 DEBUG: Done:	 Classification
2016-04-26 12:42:34,504 DEBUG: Info:	 Time for Classification: 1608[s]
2016-04-26 12:42:34,504 DEBUG: Start:	 Result Analysis for Mumbo
2016-04-26 12:46:14,908 DEBUG: 
Mumbo classification using DecisionTreeas weak classifier with depth 3.

 Learning on 
	- phog-hist decaf cq-hist as features
	- rabbit giant+panda rat skunk buffalo as labels
	- 1050 training examples, 1607 testing examples (0.5 rate)

 With configuration :
	- 200 iterations on Mumbo
	- 5 cores used for computing.

The algorithm took : 
	- 0:00:09.557443 to extract the database,
	- 0:23:06.712007 to learn on 1050 examples and 3 views,
	- 0:03:32.211896 to predict on 2657 examples
So a total classification time of 0:26:48.481347.

Total accuracy 
	- On train : 86.6666666667%
             precision    recall  f1-score   support

     rabbit       0.70      0.87      0.78       213
giant+panda       0.94      0.94      0.94       391
        rat       0.87      0.72      0.79       122
      skunk       0.97      0.73      0.83       121
    buffalo       0.88      0.90      0.89       203

avg / total       0.88      0.87      0.87      1050

	- On test : 72.1841941506% 
             precision    recall  f1-score   support

     rabbit       0.54      0.64      0.59       355
giant+panda       0.85      0.85      0.85       551
        rat       0.55      0.45      0.50       181
      skunk       0.78      0.59      0.67       163
    buffalo       0.79      0.81      0.80       357

avg / total       0.73      0.72      0.72      1607



 Analysis for each Mumbo iteration : 
	- Iteration 1
		 Accuracy on train : 0.817142857143
		 Accuracy on test : 0.670815183572
		 Selected View : decaf
	- Iteration 2
		 Accuracy on train : 0.817142857143
		 Accuracy on test : 0.668326073429
		 Selected View : decaf
	- Iteration 3
		 Accuracy on train : 0.817142857143
		 Accuracy on test : 0.668326073429
		 Selected View : decaf
	- Iteration 4
		 Accuracy on train : 0.818095238095
		 Accuracy on test : 0.668948350965
		 Selected View : decaf
	- Iteration 5
		 Accuracy on train : 0.855238095238
		 Accuracy on test : 0.718730553827
		 Selected View : decaf
	- Iteration 6
		 Accuracy on train : 0.866666666667
		 Accuracy on test : 0.722464219042
		 Selected View : decaf
	- Iteration 7
		 Accuracy on train : 0.864761904762
		 Accuracy on test : 0.72121966397
		 Selected View : decaf
	- Iteration 8
		 Accuracy on train : 0.86380952381
		 Accuracy on test : 0.72121966397
		 Selected View : decaf
	- Iteration 9
		 Accuracy on train : 0.861904761905
		 Accuracy on test : 0.720597386434
		 Selected View : decaf
	- Iteration 10
		 Accuracy on train : 0.86
		 Accuracy on test : 0.728064716864
		 Selected View : decaf
	- Iteration 11
		 Accuracy on train : 0.86380952381
		 Accuracy on test : 0.728064716864
		 Selected View : decaf
	- Iteration 12
		 Accuracy on train : 0.869523809524
		 Accuracy on test : 0.734909769757
		 Selected View : decaf
	- Iteration 13
		 Accuracy on train : 0.874285714286
		 Accuracy on test : 0.7286869944
		 Selected View : decaf
	- Iteration 14
		 Accuracy on train : 0.868571428571
		 Accuracy on test : 0.726820161792
		 Selected View : decaf
	- Iteration 15
		 Accuracy on train : 0.86
		 Accuracy on test : 0.726197884256
		 Selected View : decaf
	- Iteration 16
		 Accuracy on train : 0.86
		 Accuracy on test : 0.730553827007
		 Selected View : decaf
	- Iteration 17
		 Accuracy on train : 0.866666666667
		 Accuracy on test : 0.73304293715
		 Selected View : decaf
	- Iteration 18
		 Accuracy on train : 0.870476190476
		 Accuracy on test : 0.729309271935
		 Selected View : decaf
	- Iteration 19
		 Accuracy on train : 0.869523809524
		 Accuracy on test : 0.7286869944
		 Selected View : decaf
	- Iteration 20
		 Accuracy on train : 0.864761904762
		 Accuracy on test : 0.73304293715
		 Selected View : decaf
	- Iteration 21
		 Accuracy on train : 0.866666666667
		 Accuracy on test : 0.730553827007
		 Selected View : decaf
	- Iteration 22
		 Accuracy on train : 0.865714285714
		 Accuracy on test : 0.726820161792
		 Selected View : decaf
	- Iteration 23
		 Accuracy on train : 0.865714285714
		 Accuracy on test : 0.724331051649
		 Selected View : decaf
	- Iteration 24
		 Accuracy on train : 0.865714285714
		 Accuracy on test : 0.719352831363
		 Selected View : decaf
	- Iteration 25
		 Accuracy on train : 0.860952380952
		 Accuracy on test : 0.721841941506
		 Selected View : decaf
	- Iteration 26
		 Accuracy on train : 0.86
		 Accuracy on test : 0.717485998755
		 Selected View : decaf
	- Iteration 27
		 Accuracy on train : 0.86
		 Accuracy on test : 0.72121966397
		 Selected View : decaf
	- Iteration 28
		 Accuracy on train : 0.86
		 Accuracy on test : 0.721841941506
		 Selected View : decaf
	- Iteration 29
		 Accuracy on train : 0.858095238095
		 Accuracy on test : 0.717485998755
		 Selected View : decaf
	- Iteration 30
		 Accuracy on train : 0.85619047619
		 Accuracy on test : 0.719975108899
		 Selected View : decaf
	- Iteration 31
		 Accuracy on train : 0.852380952381
		 Accuracy on test : 0.719352831363
		 Selected View : decaf
	- Iteration 32
		 Accuracy on train : 0.857142857143
		 Accuracy on test : 0.723086496577
		 Selected View : decaf
	- Iteration 33
		 Accuracy on train : 0.857142857143
		 Accuracy on test : 0.722464219042
		 Selected View : decaf
	- Iteration 34
		 Accuracy on train : 0.860952380952
		 Accuracy on test : 0.726197884256
		 Selected View : decaf
	- Iteration 35
		 Accuracy on train : 0.862857142857
		 Accuracy on test : 0.7286869944
		 Selected View : decaf
	- Iteration 36
		 Accuracy on train : 0.865714285714
		 Accuracy on test : 0.729309271935
		 Selected View : decaf
	- Iteration 37
		 Accuracy on train : 0.866666666667
		 Accuracy on test : 0.730553827007
		 Selected View : decaf
	- Iteration 38
		 Accuracy on train : 0.865714285714
		 Accuracy on test : 0.725575606721
		 Selected View : decaf
	- Iteration 39
		 Accuracy on train : 0.866666666667
		 Accuracy on test : 0.724331051649
		 Selected View : decaf
	- Iteration 40
		 Accuracy on train : 0.86380952381
		 Accuracy on test : 0.723086496577
		 Selected View : decaf
	- Iteration 41
		 Accuracy on train : 0.866666666667
		 Accuracy on test : 0.721841941506
		 Selected View : decaf
	- Iteration 42
		 Accuracy on train : 0.865714285714
		 Accuracy on test : 0.723086496577
		 Selected View : decaf
	- Iteration 43
		 Accuracy on train : 0.866666666667
		 Accuracy on test : 0.724331051649
		 Selected View : decaf
	- Iteration 44
		 Accuracy on train : 0.869523809524
		 Accuracy on test : 0.724331051649
		 Selected View : decaf
	- Iteration 45
		 Accuracy on train : 0.868571428571
		 Accuracy on test : 0.724331051649
		 Selected View : decaf
	- Iteration 46
		 Accuracy on train : 0.865714285714
		 Accuracy on test : 0.72121966397
		 Selected View : decaf
	- Iteration 47
		 Accuracy on train : 0.866666666667
		 Accuracy on test : 0.721841941506
		 Selected View : decaf
	- Iteration 48
		 Accuracy on train : 0.864761904762
		 Accuracy on test : 0.72121966397
		 Selected View : decaf
	- Iteration 49
		 Accuracy on train : 0.86380952381
		 Accuracy on test : 0.716241443684
		 Selected View : decaf
	- Iteration 50
		 Accuracy on train : 0.86380952381
		 Accuracy on test : 0.717485998755
		 Selected View : decaf
	- Iteration 51
		 Accuracy on train : 0.862857142857
		 Accuracy on test : 0.71686372122
		 Selected View : decaf
	- Iteration 52
		 Accuracy on train : 0.861904761905
		 Accuracy on test : 0.717485998755
		 Selected View : decaf
	- Iteration 53
		 Accuracy on train : 0.860952380952
		 Accuracy on test : 0.718730553827
		 Selected View : decaf
	- Iteration 54
		 Accuracy on train : 0.861904761905
		 Accuracy on test : 0.715619166148
		 Selected View : decaf
	- Iteration 55
		 Accuracy on train : 0.861904761905
		 Accuracy on test : 0.71686372122
		 Selected View : decaf
	- Iteration 56
		 Accuracy on train : 0.864761904762
		 Accuracy on test : 0.715619166148
		 Selected View : decaf
	- Iteration 57
		 Accuracy on train : 0.865714285714
		 Accuracy on test : 0.718730553827
		 Selected View : decaf
	- Iteration 58
		 Accuracy on train : 0.864761904762
		 Accuracy on test : 0.717485998755
		 Selected View : decaf
	- Iteration 59
		 Accuracy on train : 0.86380952381
		 Accuracy on test : 0.720597386434
		 Selected View : decaf
	- Iteration 60
		 Accuracy on train : 0.865714285714
		 Accuracy on test : 0.72121966397
		 Selected View : decaf
	- Iteration 61
		 Accuracy on train : 0.865714285714
		 Accuracy on test : 0.722464219042
		 Selected View : decaf
	- Iteration 62
		 Accuracy on train : 0.864761904762
		 Accuracy on test : 0.725575606721
		 Selected View : decaf
	- Iteration 63
		 Accuracy on train : 0.867619047619
		 Accuracy on test : 0.725575606721
		 Selected View : decaf
	- Iteration 64
		 Accuracy on train : 0.865714285714
		 Accuracy on test : 0.724331051649
		 Selected View : decaf
	- Iteration 65
		 Accuracy on train : 0.86380952381
		 Accuracy on test : 0.720597386434
		 Selected View : decaf
	- Iteration 66
		 Accuracy on train : 0.865714285714
		 Accuracy on test : 0.717485998755
		 Selected View : decaf
	- Iteration 67
		 Accuracy on train : 0.864761904762
		 Accuracy on test : 0.718730553827
		 Selected View : decaf
	- Iteration 68
		 Accuracy on train : 0.86380952381
		 Accuracy on test : 0.71686372122
		 Selected View : decaf
	- Iteration 69
		 Accuracy on train : 0.86
		 Accuracy on test : 0.717485998755
		 Selected View : decaf
	- Iteration 70
		 Accuracy on train : 0.860952380952
		 Accuracy on test : 0.71686372122
		 Selected View : decaf
	- Iteration 71
		 Accuracy on train : 0.860952380952
		 Accuracy on test : 0.714374611077
		 Selected View : decaf
	- Iteration 72
		 Accuracy on train : 0.86
		 Accuracy on test : 0.715619166148
		 Selected View : decaf
	- Iteration 73
		 Accuracy on train : 0.86
		 Accuracy on test : 0.716241443684
		 Selected View : decaf
	- Iteration 74
		 Accuracy on train : 0.861904761905
		 Accuracy on test : 0.720597386434
		 Selected View : decaf
	- Iteration 75
		 Accuracy on train : 0.86
		 Accuracy on test : 0.718730553827
		 Selected View : decaf
	- Iteration 76
		 Accuracy on train : 0.860952380952
		 Accuracy on test : 0.718730553827
		 Selected View : decaf
	- Iteration 77
		 Accuracy on train : 0.860952380952
		 Accuracy on test : 0.720597386434
		 Selected View : decaf
	- Iteration 78
		 Accuracy on train : 0.86380952381
		 Accuracy on test : 0.722464219042
		 Selected View : decaf
	- Iteration 79
		 Accuracy on train : 0.864761904762
		 Accuracy on test : 0.722464219042
		 Selected View : decaf
	- Iteration 80
		 Accuracy on train : 0.864761904762
		 Accuracy on test : 0.72121966397
		 Selected View : decaf
	- Iteration 81
		 Accuracy on train : 0.862857142857
		 Accuracy on test : 0.722464219042
		 Selected View : decaf
	- Iteration 82
		 Accuracy on train : 0.862857142857
		 Accuracy on test : 0.72121966397
		 Selected View : decaf
	- Iteration 83
		 Accuracy on train : 0.86380952381
		 Accuracy on test : 0.72121966397
		 Selected View : decaf
	- Iteration 84
		 Accuracy on train : 0.864761904762
		 Accuracy on test : 0.721841941506
		 Selected View : decaf
	- Iteration 85
		 Accuracy on train : 0.862857142857
		 Accuracy on test : 0.723086496577
		 Selected View : decaf
	- Iteration 86
		 Accuracy on train : 0.862857142857
		 Accuracy on test : 0.722464219042
		 Selected View : decaf
	- Iteration 87
		 Accuracy on train : 0.860952380952
		 Accuracy on test : 0.720597386434
		 Selected View : decaf
	- Iteration 88
		 Accuracy on train : 0.862857142857
		 Accuracy on test : 0.720597386434
		 Selected View : decaf
	- Iteration 89
		 Accuracy on train : 0.860952380952
		 Accuracy on test : 0.72121966397
		 Selected View : decaf
	- Iteration 90
		 Accuracy on train : 0.86380952381
		 Accuracy on test : 0.723086496577
		 Selected View : decaf
	- Iteration 91
		 Accuracy on train : 0.861904761905
		 Accuracy on test : 0.723708774113
		 Selected View : decaf
	- Iteration 92
		 Accuracy on train : 0.862857142857
		 Accuracy on test : 0.723086496577
		 Selected View : decaf
	- Iteration 93
		 Accuracy on train : 0.861904761905
		 Accuracy on test : 0.726197884256
		 Selected View : decaf
	- Iteration 94
		 Accuracy on train : 0.861904761905
		 Accuracy on test : 0.724331051649
		 Selected View : decaf
	- Iteration 95
		 Accuracy on train : 0.861904761905
		 Accuracy on test : 0.724331051649
		 Selected View : decaf
	- Iteration 96
		 Accuracy on train : 0.86380952381
		 Accuracy on test : 0.723708774113
		 Selected View : decaf
	- Iteration 97
		 Accuracy on train : 0.86380952381
		 Accuracy on test : 0.725575606721
		 Selected View : decaf
	- Iteration 98
		 Accuracy on train : 0.864761904762
		 Accuracy on test : 0.723086496577
		 Selected View : decaf
	- Iteration 99
		 Accuracy on train : 0.861904761905
		 Accuracy on test : 0.723708774113
		 Selected View : decaf
	- Iteration 100
		 Accuracy on train : 0.862857142857
		 Accuracy on test : 0.723086496577
		 Selected View : decaf
	- Iteration 101
		 Accuracy on train : 0.862857142857
		 Accuracy on test : 0.721841941506
		 Selected View : decaf
	- Iteration 102
		 Accuracy on train : 0.86380952381
		 Accuracy on test : 0.723086496577
		 Selected View : decaf
	- Iteration 103
		 Accuracy on train : 0.861904761905
		 Accuracy on test : 0.723708774113
		 Selected View : decaf
	- Iteration 104
		 Accuracy on train : 0.860952380952
		 Accuracy on test : 0.724953329185
		 Selected View : decaf
	- Iteration 105
		 Accuracy on train : 0.860952380952
		 Accuracy on test : 0.722464219042
		 Selected View : decaf
	- Iteration 106
		 Accuracy on train : 0.861904761905
		 Accuracy on test : 0.72121966397
		 Selected View : decaf
	- Iteration 107
		 Accuracy on train : 0.861904761905
		 Accuracy on test : 0.722464219042
		 Selected View : decaf
	- Iteration 108
		 Accuracy on train : 0.861904761905
		 Accuracy on test : 0.723708774113
		 Selected View : decaf
	- Iteration 109
		 Accuracy on train : 0.86
		 Accuracy on test : 0.722464219042
		 Selected View : decaf
	- Iteration 110
		 Accuracy on train : 0.859047619048
		 Accuracy on test : 0.722464219042
		 Selected View : decaf
	- Iteration 111
		 Accuracy on train : 0.859047619048
		 Accuracy on test : 0.720597386434
		 Selected View : decaf
	- Iteration 112
		 Accuracy on train : 0.861904761905
		 Accuracy on test : 0.72121966397
		 Selected View : decaf
	- Iteration 113
		 Accuracy on train : 0.860952380952
		 Accuracy on test : 0.721841941506
		 Selected View : decaf
	- Iteration 114
		 Accuracy on train : 0.861904761905
		 Accuracy on test : 0.720597386434
		 Selected View : decaf
	- Iteration 115
		 Accuracy on train : 0.861904761905
		 Accuracy on test : 0.719352831363
		 Selected View : decaf
	- Iteration 116
		 Accuracy on train : 0.86
		 Accuracy on test : 0.71686372122
		 Selected View : decaf
	- Iteration 117
		 Accuracy on train : 0.86
		 Accuracy on test : 0.719975108899
		 Selected View : decaf
	- Iteration 118
		 Accuracy on train : 0.86
		 Accuracy on test : 0.719975108899
		 Selected View : decaf
	- Iteration 119
		 Accuracy on train : 0.860952380952
		 Accuracy on test : 0.720597386434
		 Selected View : decaf
	- Iteration 120
		 Accuracy on train : 0.860952380952
		 Accuracy on test : 0.719352831363
		 Selected View : decaf
	- Iteration 121
		 Accuracy on train : 0.860952380952
		 Accuracy on test : 0.723086496577
		 Selected View : decaf
	- Iteration 122
		 Accuracy on train : 0.861904761905
		 Accuracy on test : 0.721841941506
		 Selected View : decaf
	- Iteration 123
		 Accuracy on train : 0.862857142857
		 Accuracy on test : 0.722464219042
		 Selected View : decaf
	- Iteration 124
		 Accuracy on train : 0.864761904762
		 Accuracy on test : 0.721841941506
		 Selected View : decaf
	- Iteration 125
		 Accuracy on train : 0.861904761905
		 Accuracy on test : 0.719352831363
		 Selected View : decaf
	- Iteration 126
		 Accuracy on train : 0.861904761905
		 Accuracy on test : 0.718108276291
		 Selected View : decaf
	- Iteration 127
		 Accuracy on train : 0.862857142857
		 Accuracy on test : 0.719975108899
		 Selected View : decaf
	- Iteration 128
		 Accuracy on train : 0.864761904762
		 Accuracy on test : 0.721841941506
		 Selected View : decaf
	- Iteration 129
		 Accuracy on train : 0.86380952381
		 Accuracy on test : 0.721841941506
		 Selected View : decaf
	- Iteration 130
		 Accuracy on train : 0.86380952381
		 Accuracy on test : 0.720597386434
		 Selected View : decaf
	- Iteration 131
		 Accuracy on train : 0.861904761905
		 Accuracy on test : 0.721841941506
		 Selected View : decaf
	- Iteration 132
		 Accuracy on train : 0.860952380952
		 Accuracy on test : 0.721841941506
		 Selected View : decaf
	- Iteration 133
		 Accuracy on train : 0.860952380952
		 Accuracy on test : 0.720597386434
		 Selected View : decaf
	- Iteration 134
		 Accuracy on train : 0.861904761905
		 Accuracy on test : 0.719975108899
		 Selected View : decaf
	- Iteration 135
		 Accuracy on train : 0.861904761905
		 Accuracy on test : 0.719352831363
		 Selected View : decaf
	- Iteration 136
		 Accuracy on train : 0.862857142857
		 Accuracy on test : 0.720597386434
		 Selected View : decaf
	- Iteration 137
		 Accuracy on train : 0.862857142857
		 Accuracy on test : 0.721841941506
		 Selected View : decaf
	- Iteration 138
		 Accuracy on train : 0.862857142857
		 Accuracy on test : 0.72121966397
		 Selected View : decaf
	- Iteration 139
		 Accuracy on train : 0.862857142857
		 Accuracy on test : 0.721841941506
		 Selected View : decaf
	- Iteration 140
		 Accuracy on train : 0.862857142857
		 Accuracy on test : 0.72121966397
		 Selected View : decaf
	- Iteration 141
		 Accuracy on train : 0.864761904762
		 Accuracy on test : 0.719975108899
		 Selected View : decaf
	- Iteration 142
		 Accuracy on train : 0.86380952381
		 Accuracy on test : 0.72121966397
		 Selected View : decaf
	- Iteration 143
		 Accuracy on train : 0.86380952381
		 Accuracy on test : 0.723708774113
		 Selected View : decaf
	- Iteration 144
		 Accuracy on train : 0.865714285714
		 Accuracy on test : 0.724331051649
		 Selected View : decaf
	- Iteration 145
		 Accuracy on train : 0.865714285714
		 Accuracy on test : 0.724331051649
		 Selected View : decaf
	- Iteration 146
		 Accuracy on train : 0.86380952381
		 Accuracy on test : 0.723708774113
		 Selected View : decaf
	- Iteration 147
		 Accuracy on train : 0.86380952381
		 Accuracy on test : 0.721841941506
		 Selected View : decaf
	- Iteration 148
		 Accuracy on train : 0.862857142857
		 Accuracy on test : 0.719975108899
		 Selected View : decaf
	- Iteration 149
		 Accuracy on train : 0.862857142857
		 Accuracy on test : 0.717485998755
		 Selected View : decaf
	- Iteration 150
		 Accuracy on train : 0.862857142857
		 Accuracy on test : 0.717485998755
		 Selected View : decaf
	- Iteration 151
		 Accuracy on train : 0.862857142857
		 Accuracy on test : 0.719975108899
		 Selected View : decaf
	- Iteration 152
		 Accuracy on train : 0.861904761905
		 Accuracy on test : 0.719352831363
		 Selected View : decaf
	- Iteration 153
		 Accuracy on train : 0.861904761905
		 Accuracy on test : 0.719975108899
		 Selected View : decaf
	- Iteration 154
		 Accuracy on train : 0.860952380952
		 Accuracy on test : 0.719352831363
		 Selected View : decaf
	- Iteration 155
		 Accuracy on train : 0.861904761905
		 Accuracy on test : 0.717485998755
		 Selected View : decaf
	- Iteration 156
		 Accuracy on train : 0.861904761905
		 Accuracy on test : 0.718730553827
		 Selected View : decaf
	- Iteration 157
		 Accuracy on train : 0.862857142857
		 Accuracy on test : 0.719975108899
		 Selected View : decaf
	- Iteration 158
		 Accuracy on train : 0.862857142857
		 Accuracy on test : 0.719975108899
		 Selected View : decaf
	- Iteration 159
		 Accuracy on train : 0.862857142857
		 Accuracy on test : 0.720597386434
		 Selected View : decaf
	- Iteration 160
		 Accuracy on train : 0.862857142857
		 Accuracy on test : 0.72121966397
		 Selected View : decaf
	- Iteration 161
		 Accuracy on train : 0.862857142857
		 Accuracy on test : 0.722464219042
		 Selected View : decaf
	- Iteration 162
		 Accuracy on train : 0.861904761905
		 Accuracy on test : 0.72121966397
		 Selected View : decaf
	- Iteration 163
		 Accuracy on train : 0.86380952381
		 Accuracy on test : 0.719352831363
		 Selected View : decaf
	- Iteration 164
		 Accuracy on train : 0.862857142857
		 Accuracy on test : 0.719975108899
		 Selected View : decaf
	- Iteration 165
		 Accuracy on train : 0.864761904762
		 Accuracy on test : 0.720597386434
		 Selected View : decaf
	- Iteration 166
		 Accuracy on train : 0.864761904762
		 Accuracy on test : 0.723708774113
		 Selected View : decaf
	- Iteration 167
		 Accuracy on train : 0.865714285714
		 Accuracy on test : 0.72121966397
		 Selected View : decaf
	- Iteration 168
		 Accuracy on train : 0.864761904762
		 Accuracy on test : 0.723086496577
		 Selected View : decaf
	- Iteration 169
		 Accuracy on train : 0.865714285714
		 Accuracy on test : 0.72121966397
		 Selected View : decaf
	- Iteration 170
		 Accuracy on train : 0.86380952381
		 Accuracy on test : 0.719975108899
		 Selected View : decaf
	- Iteration 171
		 Accuracy on train : 0.86380952381
		 Accuracy on test : 0.719975108899
		 Selected View : decaf
	- Iteration 172
		 Accuracy on train : 0.86380952381
		 Accuracy on test : 0.72121966397
		 Selected View : decaf
	- Iteration 173
		 Accuracy on train : 0.864761904762
		 Accuracy on test : 0.719352831363
		 Selected View : decaf
	- Iteration 174
		 Accuracy on train : 0.865714285714
		 Accuracy on test : 0.720597386434
		 Selected View : decaf
	- Iteration 175
		 Accuracy on train : 0.866666666667
		 Accuracy on test : 0.720597386434
		 Selected View : decaf
	- Iteration 176
		 Accuracy on train : 0.865714285714
		 Accuracy on test : 0.721841941506
		 Selected View : decaf
	- Iteration 177
		 Accuracy on train : 0.864761904762
		 Accuracy on test : 0.722464219042
		 Selected View : decaf
	- Iteration 178
		 Accuracy on train : 0.865714285714
		 Accuracy on test : 0.722464219042
		 Selected View : decaf
	- Iteration 179
		 Accuracy on train : 0.864761904762
		 Accuracy on test : 0.722464219042
		 Selected View : decaf
	- Iteration 180
		 Accuracy on train : 0.86380952381
		 Accuracy on test : 0.721841941506
		 Selected View : decaf
	- Iteration 181
		 Accuracy on train : 0.86380952381
		 Accuracy on test : 0.72121966397
		 Selected View : decaf
	- Iteration 182
		 Accuracy on train : 0.86380952381
		 Accuracy on test : 0.720597386434
		 Selected View : decaf
	- Iteration 183
		 Accuracy on train : 0.86380952381
		 Accuracy on test : 0.719975108899
		 Selected View : decaf
	- Iteration 184
		 Accuracy on train : 0.86380952381
		 Accuracy on test : 0.72121966397
		 Selected View : decaf
	- Iteration 185
		 Accuracy on train : 0.864761904762
		 Accuracy on test : 0.719975108899
		 Selected View : decaf
	- Iteration 186
		 Accuracy on train : 0.860952380952
		 Accuracy on test : 0.719975108899
		 Selected View : decaf
	- Iteration 187
		 Accuracy on train : 0.862857142857
		 Accuracy on test : 0.718108276291
		 Selected View : decaf
	- Iteration 188
		 Accuracy on train : 0.86380952381
		 Accuracy on test : 0.719352831363
		 Selected View : decaf
	- Iteration 189
		 Accuracy on train : 0.866666666667
		 Accuracy on test : 0.719975108899
		 Selected View : decaf
	- Iteration 190
		 Accuracy on train : 0.865714285714
		 Accuracy on test : 0.72121966397
		 Selected View : decaf
	- Iteration 191
		 Accuracy on train : 0.865714285714
		 Accuracy on test : 0.72121966397
		 Selected View : decaf
	- Iteration 192
		 Accuracy on train : 0.861904761905
		 Accuracy on test : 0.720597386434
		 Selected View : decaf
	- Iteration 193
		 Accuracy on train : 0.86380952381
		 Accuracy on test : 0.718108276291
		 Selected View : decaf
	- Iteration 194
		 Accuracy on train : 0.864761904762
		 Accuracy on test : 0.718730553827
		 Selected View : decaf
	- Iteration 195
		 Accuracy on train : 0.864761904762
		 Accuracy on test : 0.718730553827
		 Selected View : decaf
	- Iteration 196
		 Accuracy on train : 0.864761904762
		 Accuracy on test : 0.719352831363
		 Selected View : decaf
	- Iteration 197
		 Accuracy on train : 0.864761904762
		 Accuracy on test : 0.717485998755
		 Selected View : decaf
	- Iteration 198
		 Accuracy on train : 0.86380952381
		 Accuracy on test : 0.718730553827
		 Selected View : decaf
	- Iteration 199
		 Accuracy on train : 0.866666666667
		 Accuracy on test : 0.720597386434
		 Selected View : decaf
	- Iteration 200
		 Accuracy on train : 0.866666666667
		 Accuracy on test : 0.721841941506
		 Selected View : decaf

2016-04-26 12:46:15,055 DEBUG: Done:	 Result Analysis
