2016-08-22 11:08:07,955 INFO: ### Main Programm for Multiview Classification
2016-08-22 11:08:07,955 INFO: ### Classification - Database : ModifiedMultiOmic ; Views : Methyl, MiRNA, RNASEQ, Clinical ; Algorithm : Mumbo ; Cores : 1
2016-08-22 11:08:07,956 INFO: Start:	 Read HDF5 Database Files for ModifiedMultiOmic
2016-08-22 11:08:07,958 INFO: Info:	 Labels used: No, Yes
2016-08-22 11:08:07,958 INFO: Info:	 Length of dataset:347
2016-08-22 11:08:07,960 INFO: Info:	 Shape of Methyl_ :[  347 25978]
2016-08-22 11:08:07,961 INFO: Info:	 Shape of MiRNA__ :[ 347 1046]
2016-08-22 11:08:07,962 INFO: Info:	 Shape of RNASeq_ :[  347 73599]
2016-08-22 11:08:07,963 INFO: Info:	 Shape of Clinic_ :[347 127]
2016-08-22 11:08:07,964 INFO: Info:	 Shape of MRNASeq :[  347 73599]
2016-08-22 11:08:07,964 INFO: Done:	 Read Database Files
2016-08-22 11:08:07,964 INFO: Start:	 Determine validation split for ratio 0.7
2016-08-22 11:08:07,967 INFO: Done:	 Determine validation split
2016-08-22 11:08:07,967 INFO: Start:	 Determine 4 folds
2016-08-22 11:08:07,974 INFO: Info:	 Length of Learning Sets: 184
2016-08-22 11:08:07,974 INFO: Info:	 Length of Testing Sets: 60
2016-08-22 11:08:07,974 INFO: Info:	 Length of Validation Set: 103
2016-08-22 11:08:07,974 INFO: Done:	 Determine folds
2016-08-22 11:08:07,974 INFO: Start:	 Learning with Mumbo and 4 folds
2016-08-22 11:09:24,305 INFO: 	Start:	 Fold number 1
2016-08-22 11:09:24,943 DEBUG: 		Start:	 Iteration 1
2016-08-22 11:09:25,176 DEBUG: 			View 0 : 0.390862944162
2016-08-22 11:09:25,192 DEBUG: 			View 1 : 0.609137055838
2016-08-22 11:09:25,646 DEBUG: 			View 2 : 0.609137055838
2016-08-22 11:09:25,653 DEBUG: 			View 3 : 0.624365482234
2016-08-22 11:09:25,743 DEBUG: 			View 4 : 0.390862944162
2016-08-22 11:09:25,788 DEBUG: 			 Best view : 		Methyl_
2016-08-22 11:09:25,796 DEBUG: 		Start:	 Iteration 2
2016-08-22 11:09:25,830 DEBUG: 			View 0 : 0.675126903553
2016-08-22 11:09:25,839 DEBUG: 			View 1 : 0.619289340102
2016-08-22 11:09:25,991 DEBUG: 			View 2 : 0.53807106599
2016-08-22 11:09:25,999 DEBUG: 			View 3 : 0.705583756345
2016-08-22 11:09:26,189 DEBUG: 			View 4 : 0.619289340102
2016-08-22 11:09:26,242 DEBUG: 			 Best view : 		Clinic_
2016-08-22 11:09:26,251 DEBUG: 		Start:	 Iteration 3
2016-08-22 11:09:26,284 DEBUG: 			View 0 : 0.477157360406
2016-08-22 11:09:26,292 DEBUG: 			View 1 : 0.51269035533
2016-08-22 11:09:26,452 DEBUG: 			View 2 : 0.578680203046
2016-08-22 11:09:26,460 DEBUG: 			View 3 : 0.629441624365
2016-08-22 11:09:26,637 DEBUG: 			View 4 : 0.532994923858
2016-08-22 11:09:26,703 DEBUG: 			 Best view : 		Clinic_
2016-08-22 11:09:26,712 DEBUG: 		Start:	 Iteration 4
2016-08-22 11:09:26,746 DEBUG: 			View 0 : 0.715736040609
2016-08-22 11:09:26,754 DEBUG: 			View 1 : 0.705583756345
2016-08-22 11:09:26,907 DEBUG: 			View 2 : 0.51269035533
2016-08-22 11:09:26,914 DEBUG: 			View 3 : 0.598984771574
2016-08-22 11:09:27,101 DEBUG: 			View 4 : 0.568527918782
2016-08-22 11:09:27,170 DEBUG: 			 Best view : 		Methyl_
2016-08-22 11:09:27,180 DEBUG: 		Start:	 Iteration 5
2016-08-22 11:09:27,213 DEBUG: 			View 0 : 0.548223350254
2016-08-22 11:09:27,221 DEBUG: 			View 1 : 0.421319796954
2016-08-22 11:09:27,383 DEBUG: 			View 2 : 0.624365482234
2016-08-22 11:09:27,391 DEBUG: 			View 3 : 0.624365482234
2016-08-22 11:09:27,583 DEBUG: 			View 4 : 0.568527918782
2016-08-22 11:09:27,656 DEBUG: 			 Best view : 		Clinic_
2016-08-22 11:09:27,666 DEBUG: 		Start:	 Iteration 6
2016-08-22 11:09:27,699 DEBUG: 			View 0 : 0.670050761421
2016-08-22 11:09:27,707 DEBUG: 			View 1 : 0.568527918782
2016-08-22 11:09:27,871 DEBUG: 			View 2 : 0.568527918782
2016-08-22 11:09:27,879 DEBUG: 			View 3 : 0.573604060914
2016-08-22 11:09:28,065 DEBUG: 			View 4 : 0.492385786802
2016-08-22 11:09:28,142 DEBUG: 			 Best view : 		Methyl_
2016-08-22 11:09:28,152 DEBUG: 		Start:	 Iteration 7
2016-08-22 11:09:28,185 DEBUG: 			View 0 : 0.416243654822
2016-08-22 11:09:28,193 DEBUG: 			View 1 : 0.543147208122
2016-08-22 11:09:28,344 DEBUG: 			View 2 : 0.573604060914
2016-08-22 11:09:28,352 DEBUG: 			View 3 : 0.604060913706
2016-08-22 11:09:28,532 DEBUG: 			View 4 : 0.532994923858
2016-08-22 11:09:28,612 DEBUG: 			 Best view : 		Clinic_
2016-08-22 11:09:28,623 DEBUG: 		Start:	 Iteration 8
2016-08-22 11:09:28,656 DEBUG: 			View 0 : 0.61421319797
2016-08-22 11:09:28,664 DEBUG: 			View 1 : 0.61421319797
2016-08-22 11:09:28,828 DEBUG: 			View 2 : 0.568527918782
2016-08-22 11:09:28,836 DEBUG: 			View 3 : 0.629441624365
2016-08-22 11:09:29,009 DEBUG: 			View 4 : 0.609137055838
2016-08-22 11:09:29,094 DEBUG: 			 Best view : 		Clinic_
2016-08-22 11:09:29,105 DEBUG: 		Start:	 Iteration 9
2016-08-22 11:09:29,138 DEBUG: 			View 0 : 0.401015228426
2016-08-22 11:09:29,146 DEBUG: 			View 1 : 0.619289340102
2016-08-22 11:09:29,306 DEBUG: 			View 2 : 0.492385786802
2016-08-22 11:09:29,314 DEBUG: 			View 3 : 0.654822335025
2016-08-22 11:09:29,506 DEBUG: 			View 4 : 0.568527918782
2016-08-22 11:09:29,593 DEBUG: 			 Best view : 		Clinic_
2016-08-22 11:09:29,604 DEBUG: 		Start:	 Iteration 10
2016-08-22 11:09:29,637 DEBUG: 			View 0 : 0.583756345178
2016-08-22 11:09:29,646 DEBUG: 			View 1 : 0.573604060914
2016-08-22 11:09:29,800 DEBUG: 			View 2 : 0.583756345178
2016-08-22 11:09:29,808 DEBUG: 			View 3 : 0.507614213198
2016-08-22 11:09:30,000 DEBUG: 			View 4 : 0.583756345178
2016-08-22 11:09:30,092 DEBUG: 			 Best view : 		RNASeq_
2016-08-22 11:09:30,104 DEBUG: 		Start:	 Iteration 11
2016-08-22 11:09:30,136 DEBUG: 			View 0 : 0.639593908629
2016-08-22 11:09:30,145 DEBUG: 			View 1 : 0.61421319797
2016-08-22 11:09:30,303 DEBUG: 			View 2 : 0.502538071066
2016-08-22 11:09:30,311 DEBUG: 			View 3 : 0.548223350254
2016-08-22 11:09:30,492 DEBUG: 			View 4 : 0.573604060914
2016-08-22 11:09:30,587 DEBUG: 			 Best view : 		Methyl_
2016-08-22 11:09:30,599 DEBUG: 		Start:	 Iteration 12
2016-08-22 11:09:30,632 DEBUG: 			View 0 : 0.502538071066
2016-08-22 11:09:30,641 DEBUG: 			View 1 : 0.56345177665
2016-08-22 11:09:30,800 DEBUG: 			View 2 : 0.53807106599
2016-08-22 11:09:30,808 DEBUG: 			View 3 : 0.497461928934
2016-08-22 11:09:30,996 DEBUG: 			View 4 : 0.634517766497
2016-08-22 11:09:31,094 DEBUG: 			 Best view : 		MRNASeq
2016-08-22 11:09:31,107 DEBUG: 		Start:	 Iteration 13
2016-08-22 11:09:31,140 DEBUG: 			View 0 : 0.578680203046
2016-08-22 11:09:31,148 DEBUG: 			View 1 : 0.583756345178
2016-08-22 11:09:31,311 DEBUG: 			View 2 : 0.583756345178
2016-08-22 11:09:31,319 DEBUG: 			View 3 : 0.675126903553
2016-08-22 11:09:31,494 DEBUG: 			View 4 : 0.548223350254
2016-08-22 11:09:31,596 DEBUG: 			 Best view : 		Clinic_
2016-08-22 11:09:31,608 DEBUG: 		Start:	 Iteration 14
2016-08-22 11:09:31,641 DEBUG: 			View 0 : 0.654822335025
2016-08-22 11:09:31,649 DEBUG: 			View 1 : 0.629441624365
2016-08-22 11:09:31,804 DEBUG: 			View 2 : 0.568527918782
2016-08-22 11:09:31,812 DEBUG: 			View 3 : 0.502538071066
2016-08-22 11:09:31,998 DEBUG: 			View 4 : 0.593908629442
2016-08-22 11:09:32,104 DEBUG: 			 Best view : 		Methyl_
2016-08-22 11:09:32,117 DEBUG: 		Start:	 Iteration 15
2016-08-22 11:09:32,150 DEBUG: 			View 0 : 0.502538071066
2016-08-22 11:09:32,158 DEBUG: 			View 1 : 0.680203045685
2016-08-22 11:09:32,322 DEBUG: 			View 2 : 0.583756345178
2016-08-22 11:09:32,330 DEBUG: 			View 3 : 0.553299492386
2016-08-22 11:09:32,516 DEBUG: 			View 4 : 0.548223350254
2016-08-22 11:09:32,625 DEBUG: 			 Best view : 		MiRNA__
2016-08-22 11:09:32,638 DEBUG: 		Start:	 Iteration 16
2016-08-22 11:09:32,671 DEBUG: 			View 0 : 0.492385786802
2016-08-22 11:09:32,679 DEBUG: 			View 1 : 0.568527918782
2016-08-22 11:09:32,833 DEBUG: 			View 2 : 0.568527918782
2016-08-22 11:09:32,841 DEBUG: 			View 3 : 0.53807106599
2016-08-22 11:09:33,034 DEBUG: 			View 4 : 0.56345177665
2016-08-22 11:09:33,145 DEBUG: 			 Best view : 		MiRNA__
2016-08-22 11:09:33,158 DEBUG: 		Start:	 Iteration 17
2016-08-22 11:09:33,192 DEBUG: 			View 0 : 0.624365482234
2016-08-22 11:09:33,200 DEBUG: 			View 1 : 0.654822335025
2016-08-22 11:09:33,355 DEBUG: 			View 2 : 0.573604060914
2016-08-22 11:09:33,363 DEBUG: 			View 3 : 0.568527918782
2016-08-22 11:09:33,555 DEBUG: 			View 4 : 0.598984771574
2016-08-22 11:09:33,673 DEBUG: 			 Best view : 		MiRNA__
2016-08-22 11:09:33,687 DEBUG: 		Start:	 Iteration 18
2016-08-22 11:09:33,720 DEBUG: 			View 0 : 0.629441624365
2016-08-22 11:09:33,729 DEBUG: 			View 1 : 0.690355329949
2016-08-22 11:09:33,883 DEBUG: 			View 2 : 0.532994923858
2016-08-22 11:09:33,891 DEBUG: 			View 3 : 0.548223350254
2016-08-22 11:09:34,079 DEBUG: 			View 4 : 0.56345177665
2016-08-22 11:09:34,199 DEBUG: 			 Best view : 		MiRNA__
2016-08-22 11:09:34,213 DEBUG: 		Start:	 Iteration 19
2016-08-22 11:09:34,246 DEBUG: 			View 0 : 0.548223350254
2016-08-22 11:09:34,254 DEBUG: 			View 1 : 0.639593908629
2016-08-22 11:09:34,411 DEBUG: 			View 2 : 0.553299492386
2016-08-22 11:09:34,419 DEBUG: 			View 3 : 0.56345177665
2016-08-22 11:09:34,608 DEBUG: 			View 4 : 0.58883248731
2016-08-22 11:09:34,730 DEBUG: 			 Best view : 		MiRNA__
2016-08-22 11:09:34,744 DEBUG: 		Start:	 Iteration 20
2016-08-22 11:09:34,777 DEBUG: 			View 0 : 0.497461928934
2016-08-22 11:09:34,786 DEBUG: 			View 1 : 0.517766497462
2016-08-22 11:09:34,945 DEBUG: 			View 2 : 0.573604060914
2016-08-22 11:09:34,953 DEBUG: 			View 3 : 0.654822335025
2016-08-22 11:09:35,142 DEBUG: 			View 4 : 0.527918781726
2016-08-22 11:09:35,268 DEBUG: 			 Best view : 		Clinic_
2016-08-22 11:09:35,283 DEBUG: 		Start:	 Iteration 21
2016-08-22 11:09:35,316 DEBUG: 			View 0 : 0.456852791878
2016-08-22 11:09:35,324 DEBUG: 			View 1 : 0.639593908629
2016-08-22 11:09:35,486 DEBUG: 			View 2 : 0.543147208122
2016-08-22 11:09:35,494 DEBUG: 			View 3 : 0.553299492386
2016-08-22 11:09:35,666 DEBUG: 			View 4 : 0.502538071066
2016-08-22 11:09:35,797 DEBUG: 			 Best view : 		MiRNA__
2016-08-22 11:09:35,811 DEBUG: 		Start:	 Iteration 22
2016-08-22 11:09:35,844 DEBUG: 			View 0 : 0.517766497462
2016-08-22 11:09:35,852 DEBUG: 			View 1 : 0.695431472081
2016-08-22 11:09:36,011 DEBUG: 			View 2 : 0.548223350254
2016-08-22 11:09:36,019 DEBUG: 			View 3 : 0.629441624365
2016-08-22 11:09:36,212 DEBUG: 			View 4 : 0.593908629442
2016-08-22 11:09:36,346 DEBUG: 			 Best view : 		MiRNA__
2016-08-22 11:09:36,361 DEBUG: 		Start:	 Iteration 23
2016-08-22 11:09:36,394 DEBUG: 			View 0 : 0.48730964467
2016-08-22 11:09:36,403 DEBUG: 			View 1 : 0.573604060914
2016-08-22 11:09:36,565 DEBUG: 			View 2 : 0.598984771574
2016-08-22 11:09:36,573 DEBUG: 			View 3 : 0.492385786802
2016-08-22 11:09:36,765 DEBUG: 			View 4 : 0.578680203046
2016-08-22 11:09:36,902 DEBUG: 			 Best view : 		RNASeq_
2016-08-22 11:09:36,917 DEBUG: 		Start:	 Iteration 24
2016-08-22 11:09:36,951 DEBUG: 			View 0 : 0.48730964467
2016-08-22 11:09:36,959 DEBUG: 			View 1 : 0.705583756345
2016-08-22 11:09:37,121 DEBUG: 			View 2 : 0.553299492386
2016-08-22 11:09:37,129 DEBUG: 			View 3 : 0.583756345178
2016-08-22 11:09:37,317 DEBUG: 			View 4 : 0.573604060914
2016-08-22 11:09:37,458 DEBUG: 			 Best view : 		MiRNA__
2016-08-22 11:09:37,474 DEBUG: 		Start:	 Iteration 25
2016-08-22 11:09:37,506 DEBUG: 			View 0 : 0.48730964467
2016-08-22 11:09:37,514 DEBUG: 			View 1 : 0.446700507614
2016-08-22 11:09:37,676 DEBUG: 			View 2 : 0.654822335025
2016-08-22 11:09:37,684 DEBUG: 			View 3 : 0.741116751269
2016-08-22 11:09:37,872 DEBUG: 			View 4 : 0.568527918782
2016-08-22 11:09:38,016 DEBUG: 			 Best view : 		Clinic_
2016-08-22 11:09:38,032 DEBUG: 		Start:	 Iteration 26
2016-08-22 11:09:38,065 DEBUG: 			View 0 : 0.451776649746
2016-08-22 11:09:38,073 DEBUG: 			View 1 : 0.664974619289
2016-08-22 11:09:38,236 DEBUG: 			View 2 : 0.558375634518
2016-08-22 11:09:38,244 DEBUG: 			View 3 : 0.568527918782
2016-08-22 11:09:38,436 DEBUG: 			View 4 : 0.573604060914
2016-08-22 11:09:38,583 DEBUG: 			 Best view : 		MiRNA__
2016-08-22 11:09:38,599 DEBUG: 		Start:	 Iteration 27
2016-08-22 11:09:38,633 DEBUG: 			View 0 : 0.639593908629
2016-08-22 11:09:38,641 DEBUG: 			View 1 : 0.776649746193
2016-08-22 11:09:38,800 DEBUG: 			View 2 : 0.553299492386
2016-08-22 11:09:38,808 DEBUG: 			View 3 : 0.629441624365
2016-08-22 11:09:38,996 DEBUG: 			View 4 : 0.522842639594
2016-08-22 11:09:39,149 DEBUG: 			 Best view : 		MiRNA__
2016-08-22 11:09:39,165 DEBUG: 		Start:	 Iteration 28
2016-08-22 11:09:39,199 DEBUG: 			View 0 : 0.548223350254
2016-08-22 11:09:39,208 DEBUG: 			View 1 : 0.705583756345
2016-08-22 11:09:39,371 DEBUG: 			View 2 : 0.583756345178
2016-08-22 11:09:39,379 DEBUG: 			View 3 : 0.644670050761
2016-08-22 11:09:39,560 DEBUG: 			View 4 : 0.609137055838
2016-08-22 11:09:39,714 DEBUG: 			 Best view : 		MiRNA__
2016-08-22 11:09:39,731 DEBUG: 		Start:	 Iteration 29
2016-08-22 11:09:39,764 DEBUG: 			View 0 : 0.43654822335
2016-08-22 11:09:39,772 DEBUG: 			View 1 : 0.527918781726
2016-08-22 11:09:39,932 DEBUG: 			View 2 : 0.543147208122
2016-08-22 11:09:39,940 DEBUG: 			View 3 : 0.568527918782
2016-08-22 11:09:40,122 DEBUG: 			View 4 : 0.629441624365
2016-08-22 11:09:40,284 DEBUG: 			 Best view : 		MRNASeq
2016-08-22 11:09:40,302 DEBUG: 		Start:	 Iteration 30
2016-08-22 11:09:40,338 DEBUG: 			View 0 : 0.705583756345
2016-08-22 11:09:40,347 DEBUG: 			View 1 : 0.61421319797
2016-08-22 11:09:40,522 DEBUG: 			View 2 : 0.482233502538
2016-08-22 11:09:40,530 DEBUG: 			View 3 : 0.522842639594
2016-08-22 11:09:40,728 DEBUG: 			View 4 : 0.553299492386
2016-08-22 11:09:40,898 DEBUG: 			 Best view : 		Methyl_
2016-08-22 11:09:40,915 DEBUG: 		Start:	 Iteration 31
2016-08-22 11:09:40,949 DEBUG: 			View 0 : 0.517766497462
2016-08-22 11:09:40,958 DEBUG: 			View 1 : 0.598984771574
2016-08-22 11:09:41,123 DEBUG: 			View 2 : 0.532994923858
2016-08-22 11:09:41,131 DEBUG: 			View 3 : 0.527918781726
2016-08-22 11:09:41,322 DEBUG: 			View 4 : 0.548223350254
2016-08-22 11:09:41,490 DEBUG: 			 Best view : 		MiRNA__
2016-08-22 11:09:41,508 DEBUG: 		Start:	 Iteration 32
2016-08-22 11:09:41,543 DEBUG: 			View 0 : 0.578680203046
2016-08-22 11:09:41,552 DEBUG: 			View 1 : 0.578680203046
2016-08-22 11:09:41,717 DEBUG: 			View 2 : 0.593908629442
2016-08-22 11:09:41,725 DEBUG: 			View 3 : 0.492385786802
2016-08-22 11:09:41,915 DEBUG: 			View 4 : 0.609137055838
2016-08-22 11:09:42,086 DEBUG: 			 Best view : 		MRNASeq
2016-08-22 11:09:42,104 DEBUG: 		Start:	 Iteration 33
2016-08-22 11:09:42,138 DEBUG: 			View 0 : 0.796954314721
2016-08-22 11:09:42,147 DEBUG: 			View 1 : 0.644670050761
2016-08-22 11:09:42,316 DEBUG: 			View 2 : 0.604060913706
2016-08-22 11:09:42,324 DEBUG: 			View 3 : 0.675126903553
2016-08-22 11:09:42,513 DEBUG: 			View 4 : 0.568527918782
2016-08-22 11:09:42,683 DEBUG: 			 Best view : 		Methyl_
2016-08-22 11:09:42,701 DEBUG: 		Start:	 Iteration 34
2016-08-22 11:09:42,734 DEBUG: 			View 0 : 0.370558375635
2016-08-22 11:09:42,743 DEBUG: 			View 1 : 0.649746192893
2016-08-22 11:09:42,906 DEBUG: 			View 2 : 0.553299492386
2016-08-22 11:09:42,914 DEBUG: 			View 3 : 0.619289340102
2016-08-22 11:09:43,113 DEBUG: 			View 4 : 0.56345177665
2016-08-22 11:09:43,290 DEBUG: 			 Best view : 		Clinic_
2016-08-22 11:09:43,308 DEBUG: 		Start:	 Iteration 35
2016-08-22 11:09:43,342 DEBUG: 			View 0 : 0.583756345178
2016-08-22 11:09:43,350 DEBUG: 			View 1 : 0.548223350254
2016-08-22 11:09:43,515 DEBUG: 			View 2 : 0.568527918782
2016-08-22 11:09:43,523 DEBUG: 			View 3 : 0.715736040609
2016-08-22 11:09:43,717 DEBUG: 			View 4 : 0.568527918782
2016-08-22 11:09:43,898 DEBUG: 			 Best view : 		Clinic_
2016-08-22 11:09:43,916 DEBUG: 		Start:	 Iteration 36
2016-08-22 11:09:43,950 DEBUG: 			View 0 : 0.624365482234
2016-08-22 11:09:43,958 DEBUG: 			View 1 : 0.543147208122
2016-08-22 11:09:44,127 DEBUG: 			View 2 : 0.578680203046
2016-08-22 11:09:44,135 DEBUG: 			View 3 : 0.568527918782
2016-08-22 11:09:44,332 DEBUG: 			View 4 : 0.558375634518
2016-08-22 11:09:44,514 DEBUG: 			 Best view : 		Methyl_
2016-08-22 11:09:44,532 DEBUG: 		Start:	 Iteration 37
2016-08-22 11:09:44,565 DEBUG: 			View 0 : 0.573604060914
2016-08-22 11:09:44,573 DEBUG: 			View 1 : 0.664974619289
2016-08-22 11:09:44,738 DEBUG: 			View 2 : 0.502538071066
2016-08-22 11:09:44,746 DEBUG: 			View 3 : 0.61421319797
2016-08-22 11:09:44,940 DEBUG: 			View 4 : 0.619289340102
2016-08-22 11:09:45,126 DEBUG: 			 Best view : 		MiRNA__
2016-08-22 11:09:45,144 DEBUG: 		Start:	 Iteration 38
2016-08-22 11:09:45,177 DEBUG: 			View 0 : 0.568527918782
2016-08-22 11:09:45,186 DEBUG: 			View 1 : 0.421319796954
2016-08-22 11:09:45,363 DEBUG: 			View 2 : 0.578680203046
2016-08-22 11:09:45,371 DEBUG: 			View 3 : 0.553299492386
2016-08-22 11:09:45,582 DEBUG: 			View 4 : 0.573604060914
2016-08-22 11:09:45,794 DEBUG: 			 Best view : 		RNASeq_
2016-08-22 11:09:45,815 DEBUG: 		Start:	 Iteration 39
2016-08-22 11:09:45,855 DEBUG: 			View 0 : 0.472081218274
2016-08-22 11:09:45,864 DEBUG: 			View 1 : 0.725888324873
2016-08-22 11:09:46,036 DEBUG: 			View 2 : 0.548223350254
2016-08-22 11:09:46,044 DEBUG: 			View 3 : 0.624365482234
2016-08-22 11:09:46,227 DEBUG: 			View 4 : 0.578680203046
2016-08-22 11:09:46,424 DEBUG: 			 Best view : 		MiRNA__
2016-08-22 11:09:46,444 DEBUG: 		Start:	 Iteration 40
2016-08-22 11:09:46,479 DEBUG: 			View 0 : 0.553299492386
2016-08-22 11:09:46,488 DEBUG: 			View 1 : 0.751269035533
2016-08-22 11:09:46,681 DEBUG: 			View 2 : 0.644670050761
2016-08-22 11:09:46,690 DEBUG: 			View 3 : 0.573604060914
2016-08-22 11:09:46,889 DEBUG: 			View 4 : 0.61421319797
2016-08-22 11:09:47,108 DEBUG: 			 Best view : 		MiRNA__
2016-08-22 11:09:47,129 DEBUG: 		Start:	 Iteration 41
2016-08-22 11:09:47,165 DEBUG: 			View 0 : 0.634517766497
2016-08-22 11:09:47,175 DEBUG: 			View 1 : 0.517766497462
2016-08-22 11:09:47,346 DEBUG: 			View 2 : 0.619289340102
2016-08-22 11:09:47,356 DEBUG: 			View 3 : 0.517766497462
2016-08-22 11:09:47,560 DEBUG: 			View 4 : 0.53807106599
2016-08-22 11:09:47,757 DEBUG: 			 Best view : 		RNASeq_
2016-08-22 11:09:47,777 DEBUG: 		Start:	 Iteration 42
2016-08-22 11:09:47,810 DEBUG: 			View 0 : 0.51269035533
2016-08-22 11:09:47,818 DEBUG: 			View 1 : 0.507614213198
2016-08-22 11:09:47,981 DEBUG: 			View 2 : 0.593908629442
2016-08-22 11:09:47,988 DEBUG: 			View 3 : 0.61421319797
2016-08-22 11:09:48,170 DEBUG: 			View 4 : 0.548223350254
2016-08-22 11:09:48,373 DEBUG: 			 Best view : 		Clinic_
2016-08-22 11:09:48,393 DEBUG: 		Start:	 Iteration 43
2016-08-22 11:09:48,426 DEBUG: 			View 0 : 0.583756345178
2016-08-22 11:09:48,435 DEBUG: 			View 1 : 0.659898477157
2016-08-22 11:09:48,599 DEBUG: 			View 2 : 0.609137055838
2016-08-22 11:09:48,607 DEBUG: 			View 3 : 0.527918781726
2016-08-22 11:09:48,793 DEBUG: 			View 4 : 0.543147208122
2016-08-22 11:09:48,999 DEBUG: 			 Best view : 		MiRNA__
2016-08-22 11:09:49,019 DEBUG: 		Start:	 Iteration 44
2016-08-22 11:09:49,052 DEBUG: 			View 0 : 0.61421319797
2016-08-22 11:09:49,061 DEBUG: 			View 1 : 0.258883248731
2016-08-22 11:09:49,219 DEBUG: 			View 2 : 0.593908629442
2016-08-22 11:09:49,226 DEBUG: 			View 3 : 0.573604060914
2016-08-22 11:09:49,413 DEBUG: 			View 4 : 0.56345177665
2016-08-22 11:09:49,622 DEBUG: 			 Best view : 		RNASeq_
2016-08-22 11:09:49,643 DEBUG: 		Start:	 Iteration 45
2016-08-22 11:09:49,677 DEBUG: 			View 0 : 0.593908629442
2016-08-22 11:09:49,685 DEBUG: 			View 1 : 0.593908629442
2016-08-22 11:09:49,846 DEBUG: 			View 2 : 0.543147208122
2016-08-22 11:09:49,854 DEBUG: 			View 3 : 0.53807106599
2016-08-22 11:09:50,041 DEBUG: 			View 4 : 0.583756345178
2016-08-22 11:09:50,255 DEBUG: 			 Best view : 		MRNASeq
2016-08-22 11:09:50,275 DEBUG: 		Start:	 Iteration 46
2016-08-22 11:09:50,308 DEBUG: 			View 0 : 0.573604060914
2016-08-22 11:09:50,317 DEBUG: 			View 1 : 0.568527918782
2016-08-22 11:09:50,481 DEBUG: 			View 2 : 0.619289340102
2016-08-22 11:09:50,489 DEBUG: 			View 3 : 0.649746192893
2016-08-22 11:09:50,668 DEBUG: 			View 4 : 0.568527918782
2016-08-22 11:09:50,888 DEBUG: 			 Best view : 		Clinic_
2016-08-22 11:09:50,909 DEBUG: 		Start:	 Iteration 47
2016-08-22 11:09:50,943 DEBUG: 			View 0 : 0.532994923858
2016-08-22 11:09:50,952 DEBUG: 			View 1 : 0.441624365482
2016-08-22 11:09:51,118 DEBUG: 			View 2 : 0.568527918782
2016-08-22 11:09:51,126 DEBUG: 			View 3 : 0.664974619289
2016-08-22 11:09:51,316 DEBUG: 			View 4 : 0.609137055838
2016-08-22 11:09:51,536 DEBUG: 			 Best view : 		Clinic_
2016-08-22 11:09:51,558 DEBUG: 		Start:	 Iteration 48
2016-08-22 11:09:51,592 DEBUG: 			View 0 : 0.690355329949
2016-08-22 11:09:51,601 DEBUG: 			View 1 : 0.786802030457
2016-08-22 11:09:51,765 DEBUG: 			View 2 : 0.53807106599
2016-08-22 11:09:51,773 DEBUG: 			View 3 : 0.61421319797
2016-08-22 11:09:51,961 DEBUG: 			View 4 : 0.609137055838
2016-08-22 11:09:52,190 DEBUG: 			 Best view : 		MiRNA__
2016-08-22 11:09:52,212 DEBUG: 		Start:	 Iteration 49
2016-08-22 11:09:52,247 DEBUG: 			View 0 : 0.497461928934
2016-08-22 11:09:52,256 DEBUG: 			View 1 : 0.578680203046
2016-08-22 11:09:52,422 DEBUG: 			View 2 : 0.527918781726
2016-08-22 11:09:52,430 DEBUG: 			View 3 : 0.604060913706
2016-08-22 11:09:52,625 DEBUG: 			View 4 : 0.593908629442
2016-08-22 11:09:52,853 DEBUG: 			 Best view : 		Clinic_
2016-08-22 11:09:52,875 DEBUG: 		Start:	 Iteration 50
2016-08-22 11:09:52,908 DEBUG: 			View 0 : 0.746192893401
2016-08-22 11:09:52,916 DEBUG: 			View 1 : 0.680203045685
2016-08-22 11:09:53,079 DEBUG: 			View 2 : 0.548223350254
2016-08-22 11:09:53,087 DEBUG: 			View 3 : 0.624365482234
2016-08-22 11:09:53,285 DEBUG: 			View 4 : 0.532994923858
2016-08-22 11:09:53,521 DEBUG: 			 Best view : 		Methyl_
2016-08-22 11:09:53,543 DEBUG: 		Start:	 Iteration 51
2016-08-22 11:09:53,578 DEBUG: 			View 0 : 0.639593908629
2016-08-22 11:09:53,586 DEBUG: 			View 1 : 0.61421319797
2016-08-22 11:09:53,746 DEBUG: 			View 2 : 0.53807106599
2016-08-22 11:09:53,754 DEBUG: 			View 3 : 0.619289340102
2016-08-22 11:09:53,950 DEBUG: 			View 4 : 0.58883248731
2016-08-22 11:09:54,188 DEBUG: 			 Best view : 		Clinic_
2016-08-22 11:09:54,211 DEBUG: 		Start:	 Iteration 52
2016-08-22 11:09:54,245 DEBUG: 			View 0 : 0.680203045685
2016-08-22 11:09:54,253 DEBUG: 			View 1 : 0.578680203046
2016-08-22 11:09:54,412 DEBUG: 			View 2 : 0.467005076142
2016-08-22 11:09:54,420 DEBUG: 			View 3 : 0.573604060914
2016-08-22 11:09:54,618 DEBUG: 			View 4 : 0.532994923858
2016-08-22 11:09:54,867 DEBUG: 			 Best view : 		Methyl_
2016-08-22 11:09:54,889 DEBUG: 		Start:	 Iteration 53
2016-08-22 11:09:54,922 DEBUG: 			View 0 : 0.598984771574
2016-08-22 11:09:54,931 DEBUG: 			View 1 : 0.725888324873
2016-08-22 11:09:55,097 DEBUG: 			View 2 : 0.61421319797
2016-08-22 11:09:55,105 DEBUG: 			View 3 : 0.583756345178
2016-08-22 11:09:55,302 DEBUG: 			View 4 : 0.527918781726
2016-08-22 11:09:55,546 DEBUG: 			 Best view : 		MiRNA__
2016-08-22 11:09:55,569 DEBUG: 		Start:	 Iteration 54
2016-08-22 11:09:55,602 DEBUG: 			View 0 : 0.573604060914
2016-08-22 11:09:55,611 DEBUG: 			View 1 : 0.558375634518
2016-08-22 11:09:55,775 DEBUG: 			View 2 : 0.634517766497
2016-08-22 11:09:55,782 DEBUG: 			View 3 : 0.573604060914
2016-08-22 11:09:55,972 DEBUG: 			View 4 : 0.604060913706
2016-08-22 11:09:56,218 DEBUG: 			 Best view : 		RNASeq_
2016-08-22 11:09:56,242 DEBUG: 		Start:	 Iteration 55
2016-08-22 11:09:56,278 DEBUG: 			View 0 : 0.61421319797
2016-08-22 11:09:56,286 DEBUG: 			View 1 : 0.680203045685
2016-08-22 11:09:56,445 DEBUG: 			View 2 : 0.609137055838
2016-08-22 11:09:56,453 DEBUG: 			View 3 : 0.53807106599
2016-08-22 11:09:56,659 DEBUG: 			View 4 : 0.482233502538
2016-08-22 11:09:56,929 DEBUG: 			 Best view : 		MiRNA__
2016-08-22 11:09:56,955 DEBUG: 		Start:	 Iteration 56
2016-08-22 11:09:56,992 DEBUG: 			View 0 : 0.598984771574
2016-08-22 11:09:57,001 DEBUG: 			View 1 : 0.456852791878
2016-08-22 11:09:57,167 DEBUG: 			View 2 : 0.583756345178
2016-08-22 11:09:57,175 DEBUG: 			View 3 : 0.583756345178
2016-08-22 11:09:57,361 DEBUG: 			View 4 : 0.58883248731
2016-08-22 11:09:57,634 DEBUG: 			 Best view : 		Clinic_
2016-08-22 11:09:57,659 DEBUG: 		Start:	 Iteration 57
2016-08-22 11:09:57,694 DEBUG: 			View 0 : 0.568527918782
2016-08-22 11:09:57,703 DEBUG: 			View 1 : 0.624365482234
2016-08-22 11:09:57,885 DEBUG: 			View 2 : 0.639593908629
2016-08-22 11:09:57,894 DEBUG: 			View 3 : 0.644670050761
2016-08-22 11:09:58,092 DEBUG: 			View 4 : 0.497461928934
2016-08-22 11:09:58,346 DEBUG: 			 Best view : 		Clinic_
2016-08-22 11:09:58,369 DEBUG: 		Start:	 Iteration 58
2016-08-22 11:09:58,402 DEBUG: 			View 0 : 0.604060913706
2016-08-22 11:09:58,411 DEBUG: 			View 1 : 0.583756345178
2016-08-22 11:09:58,573 DEBUG: 			View 2 : 0.497461928934
2016-08-22 11:09:58,581 DEBUG: 			View 3 : 0.517766497462
2016-08-22 11:09:58,775 DEBUG: 			View 4 : 0.548223350254
2016-08-22 11:09:59,033 DEBUG: 			 Best view : 		MiRNA__
2016-08-22 11:09:59,057 DEBUG: 		Start:	 Iteration 59
2016-08-22 11:09:59,091 DEBUG: 			View 0 : 0.598984771574
2016-08-22 11:09:59,099 DEBUG: 			View 1 : 0.56345177665
2016-08-22 11:09:59,267 DEBUG: 			View 2 : 0.61421319797
2016-08-22 11:09:59,275 DEBUG: 			View 3 : 0.507614213198
2016-08-22 11:09:59,476 DEBUG: 			View 4 : 0.573604060914
2016-08-22 11:09:59,745 DEBUG: 			 Best view : 		RNASeq_
2016-08-22 11:09:59,770 DEBUG: 		Start:	 Iteration 60
2016-08-22 11:09:59,805 DEBUG: 			View 0 : 0.502538071066
2016-08-22 11:09:59,815 DEBUG: 			View 1 : 0.482233502538
2016-08-22 11:09:59,991 DEBUG: 			View 2 : 0.619289340102
2016-08-22 11:10:00,000 DEBUG: 			View 3 : 0.532994923858
2016-08-22 11:10:00,205 DEBUG: 			View 4 : 0.58883248731
2016-08-22 11:10:00,473 DEBUG: 			 Best view : 		RNASeq_
2016-08-22 11:10:00,497 DEBUG: 		Start:	 Iteration 61
2016-08-22 11:10:00,531 DEBUG: 			View 0 : 0.53807106599
2016-08-22 11:10:00,539 DEBUG: 			View 1 : 0.624365482234
2016-08-22 11:10:00,702 DEBUG: 			View 2 : 0.624365482234
2016-08-22 11:10:00,710 DEBUG: 			View 3 : 0.568527918782
