2016-08-19 20:35:14,928 INFO: ### Main Programm for Multiview Classification
2016-08-19 20:35:14,928 INFO: ### Classification - Database : MultiOmic ; Views : Methyl, MiRNA, RNASEQ, Clinical ; Algorithm : Fusion ; Cores : 4
2016-08-19 20:35:14,928 INFO: Start:	 Read HDF5 Database Files for MultiOmic
2016-08-19 20:35:14,930 INFO: Info:	 Labels used: No, Yes
2016-08-19 20:35:14,930 INFO: Info:	 Length of dataset:347
2016-08-19 20:35:14,931 INFO: Info:	 Shape of Methyl :[  347 25978]
2016-08-19 20:35:14,931 INFO: Info:	 Shape of MiRNA_ :[ 347 1046]
2016-08-19 20:35:14,932 INFO: Info:	 Shape of RNASeq :[  347 73599]
2016-08-19 20:35:14,933 INFO: Info:	 Shape of Clinic :[347 127]
2016-08-19 20:35:14,933 INFO: Done:	 Read Database Files
2016-08-19 20:35:14,933 INFO: Start:	 Determine validation split for ratio 0.7
2016-08-19 20:35:14,935 INFO: Done:	 Determine validation split
2016-08-19 20:35:14,935 INFO: Start:	 Determine 4 folds
2016-08-19 20:35:14,941 INFO: Info:	 Length of Learning Sets: 184
2016-08-19 20:35:14,942 INFO: Info:	 Length of Testing Sets: 60
2016-08-19 20:35:14,942 INFO: Info:	 Length of Validation Set: 103
2016-08-19 20:35:14,942 INFO: Done:	 Determine folds
2016-08-19 20:35:14,942 INFO: Start:	 Learning with Fusion and 4 folds
2016-08-19 20:35:14,942 INFO: 	Start:	 Fold number 1
2016-08-19 20:35:37,821 INFO: 	Start: 	 Classification
2016-08-19 20:35:44,285 INFO: 	Done: 	 Fold number 1
2016-08-19 20:35:44,285 INFO: 	Start:	 Fold number 2
2016-08-19 20:36:06,729 INFO: 	Start: 	 Classification
2016-08-19 20:36:13,324 INFO: 	Done: 	 Fold number 2
2016-08-19 20:36:13,325 INFO: 	Start:	 Fold number 3
2016-08-19 20:36:36,563 INFO: 	Start: 	 Classification
2016-08-19 20:36:43,307 INFO: 	Done: 	 Fold number 3
2016-08-19 20:36:43,308 INFO: 	Start:	 Fold number 4
2016-08-19 20:37:06,302 INFO: 	Start: 	 Classification
2016-08-19 20:37:12,500 INFO: 	Done: 	 Fold number 4
2016-08-19 20:37:12,500 INFO: Done:	 Classification
2016-08-19 20:37:12,501 INFO: Info:	 Time for Classification: 117[s]
2016-08-19 20:37:12,501 INFO: Start:	 Result Analysis for Fusion
