2016-08-22 11:07:14,738 INFO: ### Main Programm for Multiview Classification
2016-08-22 11:07:14,738 INFO: ### Classification - Database : ModifiedMultiOmic ; Views : Methyl, MiRNA, RNASEQ, Clinical ; Algorithm : Mumbo ; Cores : 1
2016-08-22 11:07:14,739 INFO: Start:	 Read HDF5 Database Files for ModifiedMultiOmic
2016-08-22 11:07:14,741 INFO: Info:	 Labels used: No, Yes
2016-08-22 11:07:14,741 INFO: Info:	 Length of dataset:347
2016-08-22 11:07:14,742 INFO: Info:	 Shape of Methyl_ :[  347 25978]
2016-08-22 11:07:14,743 INFO: Info:	 Shape of MiRNA__ :[ 347 1046]
2016-08-22 11:07:14,744 INFO: Info:	 Shape of RNASeq_ :[  347 73599]
2016-08-22 11:07:14,745 INFO: Info:	 Shape of Clinic_ :[347 127]
2016-08-22 11:07:14,746 INFO: Info:	 Shape of MRNASeq :[  347 73599]
2016-08-22 11:07:14,746 INFO: Done:	 Read Database Files
2016-08-22 11:07:14,746 INFO: Start:	 Determine validation split for ratio 0.7
2016-08-22 11:07:14,748 INFO: Done:	 Determine validation split
2016-08-22 11:07:14,749 INFO: Start:	 Determine 4 folds
2016-08-22 11:07:14,755 INFO: Info:	 Length of Learning Sets: 184
2016-08-22 11:07:14,755 INFO: Info:	 Length of Testing Sets: 60
2016-08-22 11:07:14,755 INFO: Info:	 Length of Validation Set: 103
2016-08-22 11:07:14,755 INFO: Done:	 Determine folds
2016-08-22 11:07:14,755 INFO: Start:	 Learning with Mumbo and 4 folds
2016-08-22 11:07:14,756 INFO: 	Start:	 Fold number 1
2016-08-22 11:07:15,415 DEBUG: 		Start:	 Iteration 1
2016-08-22 11:07:15,446 DEBUG: 			View 0 : 0.371980676329
2016-08-22 11:07:15,455 DEBUG: 			View 1 : 0.371980676329
2016-08-22 11:07:15,536 DEBUG: 			View 2 : 0.371980676329
2016-08-22 11:07:15,544 DEBUG: 			View 3 : 0.497584541063
2016-08-22 11:07:15,627 DEBUG: 			View 4 : 0.628019323671
2016-08-22 11:07:15,676 DEBUG: 			 Best view : 		MRNASeq
2016-08-22 11:07:15,683 DEBUG: 		Start:	 Iteration 2
2016-08-22 11:07:15,718 DEBUG: 			View 0 : 0.608695652174
2016-08-22 11:07:15,727 DEBUG: 			View 1 : 0.381642512077
2016-08-22 11:07:15,879 DEBUG: 			View 2 : 0.63768115942
2016-08-22 11:07:15,887 DEBUG: 			View 3 : 0.608695652174
2016-08-22 11:07:16,076 DEBUG: 			View 4 : 0.56038647343
2016-08-22 11:07:16,132 DEBUG: 			 Best view : 		RNASeq_
2016-08-22 11:07:16,141 DEBUG: 		Start:	 Iteration 3
2016-08-22 11:07:16,176 DEBUG: 			View 0 : 0.618357487923
2016-08-22 11:07:16,184 DEBUG: 			View 1 : 0.56038647343
2016-08-22 11:07:16,342 DEBUG: 			View 2 : 0.555555555556
2016-08-22 11:07:16,349 DEBUG: 			View 3 : 0.545893719807
2016-08-22 11:07:16,538 DEBUG: 			View 4 : 0.618357487923
2016-08-22 11:07:16,608 DEBUG: 			 Best view : 		Methyl_
2016-08-22 11:07:16,618 DEBUG: 		Start:	 Iteration 4
2016-08-22 11:07:16,653 DEBUG: 			View 0 : 0.473429951691
2016-08-22 11:07:16,661 DEBUG: 			View 1 : 0.48309178744
2016-08-22 11:07:16,818 DEBUG: 			View 2 : 0.623188405797
2016-08-22 11:07:16,825 DEBUG: 			View 3 : 0.512077294686
2016-08-22 11:07:17,005 DEBUG: 			View 4 : 0.565217391304
2016-08-22 11:07:17,078 DEBUG: 			 Best view : 		RNASeq_
2016-08-22 11:07:17,088 DEBUG: 		Start:	 Iteration 5
2016-08-22 11:07:17,123 DEBUG: 			View 0 : 0.43961352657
2016-08-22 11:07:17,132 DEBUG: 			View 1 : 0.386473429952
2016-08-22 11:07:17,293 DEBUG: 			View 2 : 0.594202898551
2016-08-22 11:07:17,301 DEBUG: 			View 3 : 0.719806763285
2016-08-22 11:07:17,492 DEBUG: 			View 4 : 0.589371980676
2016-08-22 11:07:17,568 DEBUG: 			 Best view : 		Clinic_
2016-08-22 11:07:17,578 DEBUG: 		Start:	 Iteration 6
2016-08-22 11:07:17,613 DEBUG: 			View 0 : 0.550724637681
2016-08-22 11:07:17,621 DEBUG: 			View 1 : 0.584541062802
2016-08-22 11:07:17,777 DEBUG: 			View 2 : 0.555555555556
2016-08-22 11:07:17,784 DEBUG: 			View 3 : 0.632850241546
2016-08-22 11:07:17,975 DEBUG: 			View 4 : 0.579710144928
2016-08-22 11:07:18,055 DEBUG: 			 Best view : 		Clinic_
2016-08-22 11:07:18,066 DEBUG: 		Start:	 Iteration 7
2016-08-22 11:07:18,100 DEBUG: 			View 0 : 0.574879227053
2016-08-22 11:07:18,108 DEBUG: 			View 1 : 0.463768115942
2016-08-22 11:07:18,268 DEBUG: 			View 2 : 0.589371980676
2016-08-22 11:07:18,276 DEBUG: 			View 3 : 0.618357487923
2016-08-22 11:07:18,468 DEBUG: 			View 4 : 0.579710144928
2016-08-22 11:07:18,552 DEBUG: 			 Best view : 		Clinic_
2016-08-22 11:07:18,563 DEBUG: 		Start:	 Iteration 8
2016-08-22 11:07:18,597 DEBUG: 			View 0 : 0.555555555556
2016-08-22 11:07:18,606 DEBUG: 			View 1 : 0.63768115942
2016-08-22 11:07:18,757 DEBUG: 			View 2 : 0.652173913043
2016-08-22 11:07:18,765 DEBUG: 			View 3 : 0.579710144928
2016-08-22 11:07:18,938 DEBUG: 			View 4 : 0.526570048309
2016-08-22 11:07:19,026 DEBUG: 			 Best view : 		RNASeq_
2016-08-22 11:07:19,037 DEBUG: 		Start:	 Iteration 9
2016-08-22 11:07:19,072 DEBUG: 			View 0 : 0.236714975845
2016-08-22 11:07:19,080 DEBUG: 			View 1 : 0.772946859903
2016-08-22 11:07:19,243 DEBUG: 			View 2 : 0.541062801932
2016-08-22 11:07:19,250 DEBUG: 			View 3 : 0.666666666667
2016-08-22 11:07:19,435 DEBUG: 			View 4 : 0.628019323671
2016-08-22 11:07:19,525 DEBUG: 			 Best view : 		MiRNA__
2016-08-22 11:07:19,537 DEBUG: 		Start:	 Iteration 10
2016-08-22 11:07:19,571 DEBUG: 			View 0 : 0.570048309179
2016-08-22 11:07:19,580 DEBUG: 			View 1 : 0.6038647343
2016-08-22 11:07:19,735 DEBUG: 			View 2 : 0.608695652174
2016-08-22 11:07:19,743 DEBUG: 			View 3 : 0.550724637681
