2016-08-05 01:37:37,699 INFO: ### Main Programm for Multiview Classification
2016-08-05 01:37:37,699 INFO: ### Classification - Database : Fake ; Views : Methyl, MiRNA, RNASEQ, Clinical ; Algorithm : Mumbo ; Cores : 4
2016-08-05 01:37:37,700 INFO: Start:	 Read CSV Database Files for Fake
2016-08-05 01:37:37,706 INFO: Info:	 Labels used: Methyl, MiRNA, RNASEQ, Clinical
2016-08-05 01:37:37,706 INFO: Info:	 Length of dataset:400
2016-08-05 01:37:37,706 INFO: Info:	 Shape of Methyl :(400, 16)
2016-08-05 01:37:37,706 INFO: Info:	 Shape of MiRNA :(400, 10)
2016-08-05 01:37:37,706 INFO: Info:	 Shape of RNASEQ :(400, 9)
2016-08-05 01:37:37,706 INFO: Info:	 Shape of Clinical :(400, 13)
2016-08-05 01:37:37,706 INFO: Done:	 Read CSV Files
2016-08-05 01:37:37,706 INFO: Start:	 Determine 4.0 folds for cross validation 
2016-08-05 01:37:37,720 INFO: Info:	 Length of Learning Set: 100
2016-08-05 01:37:37,720 INFO: Info:	 Length of Testing Set: 300
2016-08-05 01:37:37,720 INFO: Done:	 Determine folds
2016-08-05 01:37:37,720 INFO: Start:	 Learning with Mumbo and 4 folds
2016-08-05 01:37:37,720 INFO: 	Start:	 Fold number 1
2016-08-05 01:37:37,735 DEBUG: 		Start:	 Iteration 1
2016-08-05 01:37:37,779 DEBUG: 			View 0 : 0.450605740304
2016-08-05 01:37:37,780 DEBUG: 			View 2 : 0.540753361577
2016-08-05 01:37:37,781 DEBUG: 			View 1 : 0.543824434631
2016-08-05 01:37:37,786 DEBUG: 			View 3 : 0.577952233525
2016-08-05 01:37:37,917 DEBUG: 		Start:	 Iteration 2
2016-08-05 01:37:37,959 DEBUG: 			View 0 : 0.504789272031
2016-08-05 01:37:37,963 DEBUG: 			View 1 : 0.575139146568
2016-08-05 01:37:37,964 DEBUG: 			View 3 : 0.564271588662
2016-08-05 01:37:37,964 DEBUG: 			View 2 : 0.523782421335
2016-08-05 01:37:38,110 DEBUG: 		Start:	 Iteration 3
2016-08-05 01:37:38,156 DEBUG: 			View 0 : 0.515379357485
2016-08-05 01:37:38,156 DEBUG: 			View 1 : 0.521086665763
2016-08-05 01:37:38,161 DEBUG: 			View 2 : 0.517056002107
2016-08-05 01:37:38,162 DEBUG: 			View 3 : 0.556739608301
2016-08-05 01:37:38,307 DEBUG: 		Start:	 Iteration 4
2016-08-05 01:37:38,353 DEBUG: 			View 0 : 0.493294624253
2016-08-05 01:37:38,355 DEBUG: 			View 1 : 0.533501346555
2016-08-05 01:37:38,357 DEBUG: 			View 2 : 0.542855810176
2016-08-05 01:37:38,361 DEBUG: 			View 3 : 0.599919701017
2016-08-05 01:37:38,509 DEBUG: 		Start:	 Iteration 5
2016-08-05 01:37:38,554 DEBUG: 			View 1 : 0.574363699114
2016-08-05 01:37:38,554 DEBUG: 			View 0 : 0.531073974778
2016-08-05 01:37:38,558 DEBUG: 			View 2 : 0.418780019794
2016-08-05 01:37:38,558 DEBUG: 			View 3 : 0.535083489107
2016-08-05 01:37:38,716 DEBUG: 		Start:	 Iteration 6
2016-08-05 01:37:38,760 DEBUG: 			View 0 : 0.641334417987
2016-08-05 01:37:38,763 DEBUG: 			View 2 : 0.586086454238
2016-08-05 01:37:38,764 DEBUG: 			View 1 : 0.503933431825
2016-08-05 01:37:38,769 DEBUG: 			View 3 : 0.535887241913
2016-08-05 01:37:38,920 DEBUG: 		Start:	 Iteration 7
2016-08-05 01:37:38,964 DEBUG: 			View 1 : 0.52996814044
2016-08-05 01:37:38,964 DEBUG: 			View 0 : 0.462036685465
2016-08-05 01:37:38,969 DEBUG: 			View 2 : 0.559732336701
2016-08-05 01:37:38,972 DEBUG: 			View 3 : 0.512215262261
2016-08-05 01:37:39,127 DEBUG: 		Start:	 Iteration 8
2016-08-05 01:37:39,170 DEBUG: 			View 0 : 0.496626450251
2016-08-05 01:37:39,173 DEBUG: 			View 1 : 0.526237279554
2016-08-05 01:37:39,174 DEBUG: 			View 2 : 0.509572396227
2016-08-05 01:37:39,176 DEBUG: 			View 3 : 0.541677872638
2016-08-05 01:37:39,337 DEBUG: 		Start:	 Iteration 9
2016-08-05 01:37:39,379 DEBUG: 			View 0 : 0.579528143745
2016-08-05 01:37:39,385 DEBUG: 			View 1 : 0.562547103073
2016-08-05 01:37:39,386 DEBUG: 			View 2 : 0.501923124228
2016-08-05 01:37:39,388 DEBUG: 			View 3 : 0.558048268485
2016-08-05 01:37:39,558 DEBUG: 		Start:	 Iteration 10
2016-08-05 01:37:39,603 DEBUG: 			View 0 : 0.490249913431
2016-08-05 01:37:39,607 DEBUG: 			View 1 : 0.554987271106
2016-08-05 01:37:39,609 DEBUG: 			View 2 : 0.52622966703
2016-08-05 01:37:39,610 DEBUG: 			View 3 : 0.608561433283
2016-08-05 01:37:39,784 INFO: 	Start: 	 Classification
2016-08-05 01:37:39,970 INFO: 	Done: 	 Fold number 1
2016-08-05 01:37:39,970 INFO: 	Start:	 Fold number 2
2016-08-05 01:37:39,985 DEBUG: 		Start:	 Iteration 1
2016-08-05 01:37:40,033 DEBUG: 			View 0 : 0.510070233423
2016-08-05 01:37:40,034 DEBUG: 			View 1 : 0.540436456996
2016-08-05 01:37:40,034 DEBUG: 			View 2 : 0.530612244898
2016-08-05 01:37:40,038 DEBUG: 			View 3 : 0.53
2016-08-05 01:37:40,172 DEBUG: 		Start:	 Iteration 2
2016-08-05 01:37:40,218 DEBUG: 			View 0 : 0.510822510823
2016-08-05 01:37:40,222 DEBUG: 			View 1 : 0.540436456996
2016-08-05 01:37:40,223 DEBUG: 			View 2 : 0.625454545455
2016-08-05 01:37:40,226 DEBUG: 			View 3 : 0.614583333333
2016-08-05 01:37:40,363 DEBUG: 		Start:	 Iteration 3
2016-08-05 01:37:40,408 DEBUG: 			View 0 : 0.51134308589
2016-08-05 01:37:40,411 DEBUG: 			View 1 : 0.540148786934
2016-08-05 01:37:40,413 DEBUG: 			View 2 : 0.608638917172
2016-08-05 01:37:40,417 DEBUG: 			View 3 : 0.275181691995
2016-08-05 01:37:40,559 DEBUG: 		Start:	 Iteration 4
2016-08-05 01:37:40,602 DEBUG: 			View 0 : 0.521649085934
2016-08-05 01:37:40,607 DEBUG: 			View 1 : 0.540392272952
2016-08-05 01:37:40,608 DEBUG: 			View 2 : 0.583698577103
2016-08-05 01:37:40,609 DEBUG: 			View 3 : 0.564026535286
2016-08-05 01:37:40,756 DEBUG: 		Start:	 Iteration 5
2016-08-05 01:37:40,800 DEBUG: 			View 0 : 0.594244700955
2016-08-05 01:37:40,803 DEBUG: 			View 2 : 0.540401610599
2016-08-05 01:37:40,804 DEBUG: 			View 1 : 0.562414053312
2016-08-05 01:37:40,805 DEBUG: 			View 3 : 0.547730695
2016-08-05 01:37:40,961 DEBUG: 		Start:	 Iteration 6
2016-08-05 01:37:41,005 DEBUG: 			View 0 : 0.485820106448
2016-08-05 01:37:41,008 DEBUG: 			View 1 : 0.603832912423
2016-08-05 01:37:41,009 DEBUG: 			View 3 : 0.532391887649
2016-08-05 01:37:41,009 DEBUG: 			View 2 : 0.520135714049
2016-08-05 01:37:41,165 DEBUG: 		Start:	 Iteration 7
2016-08-05 01:37:41,209 DEBUG: 			View 0 : 0.496138671438
2016-08-05 01:37:41,211 DEBUG: 			View 1 : 0.519196629792
2016-08-05 01:37:41,212 DEBUG: 			View 2 : 0.534125574885
2016-08-05 01:37:41,214 DEBUG: 			View 3 : 0.280793537109
2016-08-05 01:37:41,378 DEBUG: 		Start:	 Iteration 8
2016-08-05 01:37:41,420 DEBUG: 			View 0 : 0.498748206174
2016-08-05 01:37:41,424 DEBUG: 			View 2 : 0.591723151651
2016-08-05 01:37:41,426 DEBUG: 			View 1 : 0.579204642643
2016-08-05 01:37:41,427 DEBUG: 			View 3 : 0.278238343344
2016-08-05 01:37:41,589 DEBUG: 		Start:	 Iteration 9
2016-08-05 01:37:41,633 DEBUG: 			View 0 : 0.569160439338
2016-08-05 01:37:41,635 DEBUG: 			View 1 : 0.522849672017
2016-08-05 01:37:41,638 DEBUG: 			View 3 : 0.602912426939
2016-08-05 01:37:41,638 DEBUG: 			View 2 : 0.600158977009
2016-08-05 01:37:41,808 DEBUG: 		Start:	 Iteration 10
2016-08-05 01:37:41,854 DEBUG: 			View 0 : 0.585676076297
2016-08-05 01:37:41,857 DEBUG: 			View 1 : 0.544640100192
2016-08-05 01:37:41,859 DEBUG: 			View 2 : 0.568765350895
2016-08-05 01:37:41,860 DEBUG: 			View 3 : 0.589855345926
2016-08-05 01:37:42,032 INFO: 	Start: 	 Classification
2016-08-05 01:37:42,218 INFO: 	Done: 	 Fold number 2
2016-08-05 01:37:42,218 INFO: 	Start:	 Fold number 3
2016-08-05 01:37:42,233 DEBUG: 		Start:	 Iteration 1
2016-08-05 01:37:42,284 DEBUG: 			View 0 : 0.50612745098
2016-08-05 01:37:42,287 DEBUG: 			View 2 : 0.275
2016-08-05 01:37:42,287 DEBUG: 			View 1 : 0.578828828829
2016-08-05 01:37:42,292 DEBUG: 			View 3 : 0.576530612245
2016-08-05 01:37:42,419 DEBUG: 		Start:	 Iteration 2
2016-08-05 01:37:42,463 DEBUG: 			View 0 : 0.504274316109
2016-08-05 01:37:42,467 DEBUG: 			View 1 : 0.525568181818
2016-08-05 01:37:42,467 DEBUG: 			View 2 : 0.531066882198
2016-08-05 01:37:42,471 DEBUG: 			View 3 : 0.638888888889
2016-08-05 01:37:42,606 DEBUG: 		Start:	 Iteration 3
2016-08-05 01:37:42,651 DEBUG: 			View 0 : 0.435379163508
2016-08-05 01:37:42,653 DEBUG: 			View 1 : 0.531689936253
2016-08-05 01:37:42,660 DEBUG: 			View 2 : 0.275
2016-08-05 01:37:42,661 DEBUG: 			View 3 : 0.587191742903
2016-08-05 01:37:42,797 DEBUG: 		Start:	 Iteration 4
2016-08-05 01:37:42,842 DEBUG: 			View 0 : 0.492698292089
2016-08-05 01:37:42,842 DEBUG: 			View 2 : 0.611415950639
2016-08-05 01:37:42,844 DEBUG: 			View 1 : 0.529943446061
2016-08-05 01:37:42,848 DEBUG: 			View 3 : 0.563369712093
2016-08-05 01:37:42,997 DEBUG: 		Start:	 Iteration 5
2016-08-05 01:37:43,041 DEBUG: 			View 0 : 0.54758391504
2016-08-05 01:37:43,042 DEBUG: 			View 1 : 0.572352041457
2016-08-05 01:37:43,045 DEBUG: 			View 3 : 0.564144043944
2016-08-05 01:37:43,046 DEBUG: 			View 2 : 0.562509919984
2016-08-05 01:37:43,197 DEBUG: 		Start:	 Iteration 6
2016-08-05 01:37:43,240 DEBUG: 			View 0 : 0.534872614937
2016-08-05 01:37:43,244 DEBUG: 			View 2 : 0.530255992614
2016-08-05 01:37:43,245 DEBUG: 			View 1 : 0.539574131117
2016-08-05 01:37:43,248 DEBUG: 			View 3 : 0.548477050668
2016-08-05 01:37:43,398 DEBUG: 		Start:	 Iteration 7
2016-08-05 01:37:43,442 DEBUG: 			View 0 : 0.514450640314
2016-08-05 01:37:43,445 DEBUG: 			View 1 : 0.579432720847
2016-08-05 01:37:43,447 DEBUG: 			View 3 : 0.512724805454
2016-08-05 01:37:43,448 DEBUG: 			View 2 : 0.570885151739
2016-08-05 01:37:43,608 DEBUG: 		Start:	 Iteration 8
2016-08-05 01:37:43,653 DEBUG: 			View 0 : 0.541143965739
2016-08-05 01:37:43,655 DEBUG: 			View 1 : 0.574773729212
2016-08-05 01:37:43,657 DEBUG: 			View 2 : 0.552290348085
2016-08-05 01:37:43,659 DEBUG: 			View 3 : 0.519747824265
2016-08-05 01:37:43,826 DEBUG: 		Start:	 Iteration 9
2016-08-05 01:37:43,874 DEBUG: 			View 0 : 0.527261735557
2016-08-05 01:37:43,874 DEBUG: 			View 1 : 0.539463200312
2016-08-05 01:37:43,879 DEBUG: 			View 3 : 0.575466737154
2016-08-05 01:37:43,880 DEBUG: 			View 2 : 0.507212313989
2016-08-05 01:37:44,044 DEBUG: 		Start:	 Iteration 10
2016-08-05 01:37:44,088 DEBUG: 			View 0 : 0.553075428004
2016-08-05 01:37:44,092 DEBUG: 			View 1 : 0.524439722148
2016-08-05 01:37:44,093 DEBUG: 			View 2 : 0.555456799136
2016-08-05 01:37:44,096 DEBUG: 			View 3 : 0.548417675112
2016-08-05 01:37:44,271 INFO: 	Start: 	 Classification
2016-08-05 01:37:44,458 INFO: 	Done: 	 Fold number 3
2016-08-05 01:37:44,458 INFO: 	Start:	 Fold number 4
2016-08-05 01:37:44,473 DEBUG: 		Start:	 Iteration 1
2016-08-05 01:37:44,514 DEBUG: 			View 0 : 0.518351214003
2016-08-05 01:37:44,518 DEBUG: 			View 2 : 0.543091655267
2016-08-05 01:37:44,519 DEBUG: 			View 1 : 0.542162698413
2016-08-05 01:37:44,520 DEBUG: 			View 3 : 0.543589989913
2016-08-05 01:37:44,657 DEBUG: 		Start:	 Iteration 2
2016-08-05 01:37:44,702 DEBUG: 			View 0 : 0.537200053622
2016-08-05 01:37:44,705 DEBUG: 			View 1 : 0.586437952292
2016-08-05 01:37:44,707 DEBUG: 			View 2 : 0.674133420536
2016-08-05 01:37:44,711 DEBUG: 			View 3 : 0.718321917808
2016-08-05 01:37:44,848 DEBUG: 		Start:	 Iteration 3
2016-08-05 01:37:44,892 DEBUG: 			View 0 : 0.500517496916
2016-08-05 01:37:44,897 DEBUG: 			View 2 : 0.548882218657
2016-08-05 01:37:44,897 DEBUG: 			View 1 : 0.561895433113
2016-08-05 01:37:44,902 DEBUG: 			View 3 : 0.579576610018
2016-08-05 01:37:45,046 DEBUG: 		Start:	 Iteration 4
2016-08-05 01:37:45,092 DEBUG: 			View 0 : 0.537631924845
2016-08-05 01:37:45,095 DEBUG: 			View 1 : 0.545888888235
2016-08-05 01:37:45,097 DEBUG: 			View 2 : 0.515960734297
2016-08-05 01:37:45,099 DEBUG: 			View 3 : 0.675514828364
2016-08-05 01:37:45,244 DEBUG: 		Start:	 Iteration 5
2016-08-05 01:37:45,288 DEBUG: 			View 0 : 0.520509964263
2016-08-05 01:37:45,292 DEBUG: 			View 1 : 0.573733384283
2016-08-05 01:37:45,294 DEBUG: 			View 3 : 0.580364591453
2016-08-05 01:37:45,296 DEBUG: 			View 2 : 0.536589985261
2016-08-05 01:37:45,442 DEBUG: 		Start:	 Iteration 6
2016-08-05 01:37:45,487 DEBUG: 			View 0 : 0.545450555315
2016-08-05 01:37:45,493 DEBUG: 			View 1 : 0.596026594708
2016-08-05 01:37:45,494 DEBUG: 			View 2 : 0.539105608065
2016-08-05 01:37:45,496 DEBUG: 			View 3 : 0.562693151186
2016-08-05 01:37:45,644 DEBUG: 		Start:	 Iteration 7
2016-08-05 01:37:45,688 DEBUG: 			View 0 : 0.478045700554
2016-08-05 01:37:45,689 DEBUG: 			View 1 : 0.565657331179
2016-08-05 01:37:45,693 DEBUG: 			View 2 : 0.564737900692
2016-08-05 01:37:45,695 DEBUG: 			View 3 : 0.568258589493
2016-08-05 01:37:45,856 DEBUG: 		Start:	 Iteration 8
2016-08-05 01:37:45,901 DEBUG: 			View 0 : 0.489264328315
2016-08-05 01:37:45,904 DEBUG: 			View 2 : 0.71003870331
2016-08-05 01:37:45,904 DEBUG: 			View 1 : 0.573621418735
2016-08-05 01:37:45,907 DEBUG: 			View 3 : 0.76422414197
2016-08-05 01:37:46,073 DEBUG: 		Start:	 Iteration 9
2016-08-05 01:37:46,114 DEBUG: 			View 0 : 0.555681390937
2016-08-05 01:37:46,119 DEBUG: 			View 1 : 0.562225880998
2016-08-05 01:37:46,120 DEBUG: 			View 2 : 0.721191519604
2016-08-05 01:37:46,120 DEBUG: 			View 3 : 0.766827343086
2016-08-05 01:37:46,290 DEBUG: 		Start:	 Iteration 10
2016-08-05 01:37:46,334 DEBUG: 			View 0 : 0.480497337213
2016-08-05 01:37:46,336 DEBUG: 			View 1 : 0.574761840607
2016-08-05 01:37:46,336 DEBUG: 			View 3 : 0.583281037168
2016-08-05 01:37:46,337 DEBUG: 			View 2 : 0.559054911785
2016-08-05 01:37:46,509 INFO: 	Start: 	 Classification
2016-08-05 01:37:46,695 INFO: 	Done: 	 Fold number 4
2016-08-05 01:37:46,695 INFO: Done:	 Classification
2016-08-05 01:37:46,695 INFO: Info:	 Time for Classification: 8[s]
2016-08-05 01:37:46,695 INFO: Start:	 Result Analysis for Mumbo
