2016-06-16 17:40:15,313 DEBUG: ### Main Programm for Multiview Classification
2016-06-16 17:40:15,313 DEBUG: ### Classification - Database : Awa ; Features : phog-hist, decaf, cq-hist ; Algorithm : Fusion ; Cores : 1
2016-06-16 17:40:15,313 DEBUG: Start:	 Read CSV Database Files for Awa
2016-06-16 17:40:58,109 DEBUG: Info:	 Labels used: leopard, weasel, lion, skunk, mouse, ox, walrus, german+shepherd, dalmatian, spider+monkey
2016-06-16 17:40:58,110 DEBUG: Info:	 Length of dataset:4367
2016-06-16 17:40:58,110 DEBUG: Info:	 Shape of phog-hist :(4367, 252)
2016-06-16 17:40:58,111 DEBUG: Info:	 Shape of decaf :(4367, 4096)
2016-06-16 17:40:58,111 DEBUG: Info:	 Shape of cq-hist :(4367, 2688)
2016-06-16 17:40:58,111 DEBUG: Done:	 Read CSV Files
2016-06-16 17:40:58,111 DEBUG: Start:	 Determine Train/Test split for ratio 0.3
2016-06-16 17:40:58,551 DEBUG: Info:	 Length of Learning Set: 1137
2016-06-16 17:40:58,551 DEBUG: Info:	 Length of Testing Set: 1137
2016-06-16 17:40:58,551 DEBUG: Done:	 Determine Train/Test split
2016-06-16 17:40:58,551 DEBUG: Start:	 Learning with Fusion
2016-06-16 17:40:59,688 DEBUG: Done: 	 Learning
2016-06-16 17:40:59,688 DEBUG: Start: 	 Classification
2016-06-16 17:41:00,579 DEBUG: Done:	 Classification
2016-06-16 17:41:00,580 DEBUG: Info:	 Time for Classification: 45[s]
2016-06-16 17:41:00,580 DEBUG: Start:	 Result Analysis for Fusion
2016-06-16 17:41:00,599 DEBUG: 
EarlyFusion classification using RandomForestas monoview classifier Learning on 
	- phog-hist, decaf, cq-hist as features
	- leopard, weasel, lion, skunk, mouse, ox, walrus, german+shepherd, dalmatian, spider+monkey as labels
	- 1137 training examples, 3230 testing examples (0.3 rate)

 With 1 cores used for computing.

The algorithm took : 
	- 0:00:43.238423 to extract the database,
	- 0:00:01.136342 to learn on 1137 examples and 3 views,
	- 0:00:00.891643 to predict on 4367 examples
So a total classification time of 0:00:45.266411.

Total accuracy 
	- On train : 100.0%
                 precision    recall  f1-score   support

        leopard       1.00      1.00      1.00       174
         weasel       1.00      1.00      1.00        66
           lion       1.00      1.00      1.00       134
          skunk       1.00      1.00      1.00        67
          mouse       1.00      1.00      1.00        54
             ox       1.00      1.00      1.00        36
         walrus       1.00      1.00      1.00        73
german+shepherd       1.00      1.00      1.00       272
      dalmatian       1.00      1.00      1.00       166
  spider+monkey       1.00      1.00      1.00        95

    avg / total       1.00      1.00      1.00      1137

	- On test : 69.226006192% 
                 precision    recall  f1-score   support

        leopard       0.81      0.93      0.87       434
         weasel       0.82      0.07      0.12       213
           lion       0.66      0.69      0.68       350
          skunk       0.89      0.69      0.77       217
          mouse       0.50      0.04      0.07       154
             ox       0.00      0.00      0.00       132
         walrus       0.81      0.69      0.74       264
german+shepherd       0.59      0.94      0.72       786
      dalmatian       0.72      0.91      0.81       423
  spider+monkey       0.77      0.44      0.56       257

    avg / total       0.68      0.69      0.64      3230

