2016-08-22 10:39:59,832 INFO: ### Main Programm for Multiview Classification
2016-08-22 10:39:59,832 INFO: ### Classification - Database : ModifiedMultiOmic ; Views : Methyl, MiRNA, RNASEQ, Clinical ; Algorithm : Mumbo ; Cores : 1
2016-08-22 10:39:59,832 INFO: Start:	 Read HDF5 Database Files for ModifiedMultiOmic
2016-08-22 10:39:59,835 INFO: Info:	 Labels used: No, Yes
2016-08-22 10:39:59,835 INFO: Info:	 Length of dataset:347
2016-08-22 10:39:59,836 INFO: Info:	 Shape of Methyl_ :[  347 25978]
2016-08-22 10:39:59,837 INFO: Info:	 Shape of MiRNA__ :[ 347 1046]
2016-08-22 10:39:59,838 INFO: Info:	 Shape of RNASeq_ :[  347 73599]
2016-08-22 10:39:59,838 INFO: Info:	 Shape of Clinic_ :[347 127]
2016-08-22 10:39:59,839 INFO: Info:	 Shape of MRNASeq :[  347 73599]
2016-08-22 10:39:59,839 INFO: Done:	 Read Database Files
2016-08-22 10:39:59,840 INFO: Start:	 Determine validation split for ratio 0.7
2016-08-22 10:39:59,842 INFO: Done:	 Determine validation split
2016-08-22 10:39:59,842 INFO: Start:	 Determine 4 folds
2016-08-22 10:39:59,849 INFO: Info:	 Length of Learning Sets: 184
2016-08-22 10:39:59,849 INFO: Info:	 Length of Testing Sets: 60
2016-08-22 10:39:59,849 INFO: Info:	 Length of Validation Set: 103
2016-08-22 10:39:59,850 INFO: Done:	 Determine folds
2016-08-22 10:39:59,850 INFO: Start:	 Learning with Mumbo and 4 folds
2016-08-22 10:40:06,985 INFO: 	Start:	 Fold number 1
2016-08-22 10:40:07,614 DEBUG: 		Start:	 Iteration 1
