2016-08-19 10:43:11,593 INFO: ### Main Programm for Multiview Classification
2016-08-19 10:43:11,593 INFO: ### Classification - Database : MultiOmicModified ; Views : Methyl, MiRNA, RNASEQ, Clinical ; Algorithm : Mumbo ; Cores : 5
2016-08-19 10:43:11,593 INFO: Start:	 Read HDF5 Database Files for MultiOmicModified
2016-08-19 10:43:11,596 INFO: Info:	 Labels used: No, Yes
2016-08-19 10:43:11,596 INFO: Info:	 Length of dataset:347
2016-08-19 10:43:11,597 INFO: Info:	 Shape of Methyl_ :[  347 25978]
2016-08-19 10:43:11,598 INFO: Info:	 Shape of MiRNA__ :[ 347 1046]
2016-08-19 10:43:11,599 INFO: Info:	 Shape of RNASeq_ :[  347 73599]
2016-08-19 10:43:11,600 INFO: Info:	 Shape of Clinic_ :[347 127]
2016-08-19 10:43:11,601 INFO: Info:	 Shape of MRNASeq :[  347 73599]
2016-08-19 10:43:11,601 INFO: Done:	 Read Database Files
2016-08-19 10:43:11,601 INFO: Start:	 Determine validation split for ratio 0.3
2016-08-19 10:43:11,608 INFO: Done:	 Determine validation split
2016-08-19 10:43:11,608 INFO: Start:	 Determine 5 folds
2016-08-19 10:43:11,610 INFO: Info:	 Length of Learning Sets: 85
2016-08-19 10:43:11,610 INFO: Info:	 Length of Testing Sets: 20
2016-08-19 10:43:11,610 INFO: Info:	 Length of Validation Set: 242
2016-08-19 10:43:11,610 INFO: Done:	 Determine folds
2016-08-19 10:43:11,610 INFO: Start:	 Learning with Mumbo and 5 folds
2016-08-19 10:43:11,610 INFO: 	Start:	 Fold number 1
2016-08-19 10:43:11,922 DEBUG: 		Start:	 Iteration 1
2016-08-19 10:43:12,276 DEBUG: 			View 3 : 0.247422680412
2016-08-19 10:43:12,286 DEBUG: 			View 2 : 0.247422680412
2016-08-19 10:43:12,422 DEBUG: 			View 4 : 0.247422680412
