2016-03-22 16:32:30,171 DEBUG:### Main Programm for Feature Parameter Optimisation 
2016-03-22 16:32:30,171 DEBUG:### Optimisation - Feature:RGB Parameter:RGB_Bins from:2 to:30 in #calc:10
2016-03-22 16:32:30,173 DEBUG:### Start:	 Exportation of images from DB
2016-03-22 16:32:30,434 DEBUG:### Done:	 Exportation of Images from DB 
2016-03-22 16:32:30,434 DEBUG:### Start:	 Feautre Optimisation
2016-03-22 16:32:30,434 DEBUG:### Start:	 FeatureExtraction Nr:1 from:10 with RGB_Bins=2 ###
2016-03-22 16:32:30,605 DEBUG:### Done:	 FeatureExtraction Nr:1 from:10 ###
2016-03-22 16:32:30,607 DEBUG:### Start:	 Classification Nr:1 from:10
2016-03-22 16:32:33,263 DEBUG:### Done:	 Classification Nr:1 from:10
2016-03-22 16:32:33,269 DEBUG:### Start:	 FeatureExtraction Nr:2 from:10 with RGB_Bins=5 ###
2016-03-22 16:32:33,440 DEBUG:### Done:	 FeatureExtraction Nr:2 from:10 ###
2016-03-22 16:32:33,441 DEBUG:### Start:	 Classification Nr:2 from:10
2016-03-22 16:32:36,063 DEBUG:### Done:	 Classification Nr:2 from:10
2016-03-22 16:32:36,068 DEBUG:### Start:	 FeatureExtraction Nr:3 from:10 with RGB_Bins=8 ###
2016-03-22 16:32:36,236 DEBUG:### Done:	 FeatureExtraction Nr:3 from:10 ###
2016-03-22 16:32:36,237 DEBUG:### Start:	 Classification Nr:3 from:10
2016-03-22 16:32:38,921 DEBUG:### Done:	 Classification Nr:3 from:10
2016-03-22 16:32:38,926 DEBUG:### Start:	 FeatureExtraction Nr:4 from:10 with RGB_Bins=11 ###
2016-03-22 16:32:39,098 DEBUG:### Done:	 FeatureExtraction Nr:4 from:10 ###
2016-03-22 16:32:39,099 DEBUG:### Start:	 Classification Nr:4 from:10
2016-03-22 16:32:41,841 DEBUG:### Done:	 Classification Nr:4 from:10
2016-03-22 16:32:41,845 DEBUG:### Start:	 FeatureExtraction Nr:5 from:10 with RGB_Bins=14 ###
2016-03-22 16:32:42,023 DEBUG:### Done:	 FeatureExtraction Nr:5 from:10 ###
2016-03-22 16:32:42,023 DEBUG:### Start:	 Classification Nr:5 from:10
2016-03-22 16:32:44,762 DEBUG:### Done:	 Classification Nr:5 from:10
2016-03-22 16:32:44,769 DEBUG:### Start:	 FeatureExtraction Nr:6 from:10 with RGB_Bins=18 ###
2016-03-22 16:32:44,950 DEBUG:### Done:	 FeatureExtraction Nr:6 from:10 ###
2016-03-22 16:32:44,950 DEBUG:### Start:	 Classification Nr:6 from:10
2016-03-22 16:32:47,818 DEBUG:### Done:	 Classification Nr:6 from:10
2016-03-22 16:32:47,822 DEBUG:### Start:	 FeatureExtraction Nr:7 from:10 with RGB_Bins=21 ###
2016-03-22 16:32:48,043 DEBUG:### Done:	 FeatureExtraction Nr:7 from:10 ###
2016-03-22 16:32:48,045 DEBUG:### Start:	 Classification Nr:7 from:10
2016-03-22 16:32:51,453 DEBUG:### Done:	 Classification Nr:7 from:10
2016-03-22 16:32:51,459 DEBUG:### Start:	 FeatureExtraction Nr:8 from:10 with RGB_Bins=24 ###
2016-03-22 16:32:51,677 DEBUG:### Done:	 FeatureExtraction Nr:8 from:10 ###
2016-03-22 16:32:51,677 DEBUG:### Start:	 Classification Nr:8 from:10
2016-03-22 16:32:54,657 DEBUG:### Done:	 Classification Nr:8 from:10
2016-03-22 16:32:54,661 DEBUG:### Start:	 FeatureExtraction Nr:9 from:10 with RGB_Bins=27 ###
2016-03-22 16:32:54,859 DEBUG:### Done:	 FeatureExtraction Nr:9 from:10 ###
2016-03-22 16:32:54,861 DEBUG:### Start:	 Classification Nr:9 from:10
2016-03-22 16:32:57,914 DEBUG:### Done:	 Classification Nr:9 from:10
2016-03-22 16:32:57,920 DEBUG:### Start:	 FeatureExtraction Nr:10 from:10 with RGB_Bins=30 ###
2016-03-22 16:32:58,135 DEBUG:### Done:	 FeatureExtraction Nr:10 from:10 ###
2016-03-22 16:32:58,138 DEBUG:### Start:	 Classification Nr:10 from:10
2016-03-22 16:33:01,158 DEBUG:### Done:	 Classification Nr:10 from:10
2016-03-22 16:33:01,164 DEBUG:### Done:	 Feautre Optimisation 
2016-03-22 16:33:01,164 DEBUG:### Start:	 Exporting to CSV 
2016-03-22 16:33:01,173 DEBUG:### Done:	 Exporting to CSV 
2016-03-22 16:33:01,173 DEBUG:### Start:	 Plot Result
2016-03-22 16:33:03,180 DEBUG:### Done:	 Plot Result
