2016-03-23 17:08:50,853 DEBUG:### Main Programm for Feature Parameter Optimisation 
2016-03-23 17:08:50,853 DEBUG:### Optimisation - Feature:HSV Parameter:HSV_S_Bins from:2 to:25 in #calc:5
2016-03-23 17:08:50,853 DEBUG:Start:	 Exportation of images from DB
2016-03-23 17:09:27,252 DEBUG:Done:	 Exportation of Images from DB 
2016-03-23 17:09:27,252 DEBUG:Start:	 Feautre Optimisation
2016-03-23 17:09:27,253 DEBUG:Start:	 FeatureExtraction Nr:1 from:5 with HSV_S_Bins=2 ###
2016-03-23 17:09:32,472 WARNING:WARNING NORMALIZATION: sumHIST is zero
2016-03-23 17:09:32,472 WARNING:image: ../../Caltech/BACKGROUND_Google/image_0031.jpg

2016-03-23 17:09:43,788 WARNING:WARNING NORMALIZATION: sumHIST is zero
2016-03-23 17:09:43,788 WARNING:image: ../../Caltech/menorah/image_0022.jpg

2016-03-23 17:09:58,909 DEBUG:Done:	 FeatureExtraction Nr:1 from:5 ###
2016-03-23 17:09:58,914 DEBUG:Start:	 Classification Nr:1 from:5
2016-03-23 17:15:48,926 DEBUG:Done:	 Classification Nr:1 from:5
2016-03-23 17:15:48,930 DEBUG:Start:	 FeatureExtraction Nr:2 from:5 with HSV_S_Bins=8 ###
2016-03-23 17:15:52,479 WARNING:WARNING NORMALIZATION: sumHIST is zero
2016-03-23 17:15:52,479 WARNING:image: ../../Caltech/BACKGROUND_Google/image_0031.jpg

2016-03-23 17:16:00,109 WARNING:WARNING NORMALIZATION: sumHIST is zero
2016-03-23 17:16:00,110 WARNING:image: ../../Caltech/menorah/image_0022.jpg

2016-03-23 17:16:13,900 DEBUG:Done:	 FeatureExtraction Nr:2 from:5 ###
2016-03-23 17:16:13,908 DEBUG:Start:	 Classification Nr:2 from:5
2016-03-23 17:23:20,040 DEBUG:Done:	 Classification Nr:2 from:5
2016-03-23 17:23:20,044 DEBUG:Start:	 FeatureExtraction Nr:3 from:5 with HSV_S_Bins=14 ###
2016-03-23 17:23:23,678 WARNING:WARNING NORMALIZATION: sumHIST is zero
2016-03-23 17:23:23,678 WARNING:image: ../../Caltech/BACKGROUND_Google/image_0031.jpg

2016-03-23 17:23:31,379 WARNING:WARNING NORMALIZATION: sumHIST is zero
2016-03-23 17:23:31,379 WARNING:image: ../../Caltech/menorah/image_0022.jpg

2016-03-23 17:23:42,356 DEBUG:Done:	 FeatureExtraction Nr:3 from:5 ###
2016-03-23 17:23:42,361 DEBUG:Start:	 Classification Nr:3 from:5
2016-03-23 17:31:34,656 DEBUG:Done:	 Classification Nr:3 from:5
2016-03-23 17:31:34,662 DEBUG:Start:	 FeatureExtraction Nr:4 from:5 with HSV_S_Bins=19 ###
2016-03-23 17:31:39,982 WARNING:WARNING NORMALIZATION: sumHIST is zero
2016-03-23 17:31:39,982 WARNING:image: ../../Caltech/BACKGROUND_Google/image_0031.jpg

2016-03-23 17:31:51,444 WARNING:WARNING NORMALIZATION: sumHIST is zero
2016-03-23 17:31:51,444 WARNING:image: ../../Caltech/menorah/image_0022.jpg

2016-03-23 17:32:07,479 DEBUG:Done:	 FeatureExtraction Nr:4 from:5 ###
2016-03-23 17:32:07,484 DEBUG:Start:	 Classification Nr:4 from:5
2016-03-23 17:40:29,419 DEBUG:Done:	 Classification Nr:4 from:5
2016-03-23 17:40:29,424 DEBUG:Start:	 FeatureExtraction Nr:5 from:5 with HSV_S_Bins=25 ###
2016-03-23 17:40:33,212 WARNING:WARNING NORMALIZATION: sumHIST is zero
2016-03-23 17:40:33,212 WARNING:image: ../../Caltech/BACKGROUND_Google/image_0031.jpg

2016-03-23 17:40:41,419 WARNING:WARNING NORMALIZATION: sumHIST is zero
2016-03-23 17:40:41,419 WARNING:image: ../../Caltech/menorah/image_0022.jpg

2016-03-23 17:41:00,151 DEBUG:Done:	 FeatureExtraction Nr:5 from:5 ###
2016-03-23 17:41:00,159 DEBUG:Start:	 Classification Nr:5 from:5
2016-03-23 17:48:40,592 DEBUG:Done:	 Classification Nr:5 from:5
2016-03-23 17:48:40,599 DEBUG:Done:	 Feautre Optimisation 
2016-03-23 17:48:40,599 DEBUG:Start:	 Exporting to CSV 
2016-03-23 17:48:40,608 DEBUG:Done:	 Exporting to CSV 
2016-03-23 17:48:40,608 DEBUG:Start:	 Plot Result
