2016-03-23 15:10:47,390 DEBUG:### Main Programm for Feature Parameter Optimisation 
2016-03-23 15:10:47,390 DEBUG:### Optimisation - Feature:RGB Parameter:RGB_Bins from:2 to:25 in #calc:5
2016-03-23 15:10:47,390 DEBUG:Start:	 Exportation of images from DB
2016-03-23 15:11:23,701 DEBUG:Done:	 Exportation of Images from DB 
2016-03-23 15:11:23,701 DEBUG:Start:	 Feautre Optimisation
2016-03-23 15:11:23,702 DEBUG:Start:	 FeatureExtraction Nr:1 from:5 with RGB_Bins=2 ###
2016-03-23 15:11:45,787 DEBUG:Done:	 FeatureExtraction Nr:1 from:5 ###
2016-03-23 15:11:45,791 DEBUG:Start:	 Classification Nr:1 from:5
2016-03-23 15:15:05,857 DEBUG:Done:	 Classification Nr:1 from:5
2016-03-23 15:15:05,863 DEBUG:Start:	 FeatureExtraction Nr:2 from:5 with RGB_Bins=8 ###
2016-03-23 15:15:26,322 DEBUG:Done:	 FeatureExtraction Nr:2 from:5 ###
2016-03-23 15:15:26,327 DEBUG:Start:	 Classification Nr:2 from:5
2016-03-23 15:20:55,795 DEBUG:Done:	 Classification Nr:2 from:5
2016-03-23 15:20:55,800 DEBUG:Start:	 FeatureExtraction Nr:3 from:5 with RGB_Bins=14 ###
2016-03-23 15:21:17,321 DEBUG:Done:	 FeatureExtraction Nr:3 from:5 ###
2016-03-23 15:21:17,329 DEBUG:Start:	 Classification Nr:3 from:5
2016-03-23 15:29:36,605 DEBUG:Done:	 Classification Nr:3 from:5
2016-03-23 15:29:36,609 DEBUG:Start:	 FeatureExtraction Nr:4 from:5 with RGB_Bins=19 ###
2016-03-23 15:29:53,220 DEBUG:Done:	 FeatureExtraction Nr:4 from:5 ###
2016-03-23 15:29:53,225 DEBUG:Start:	 Classification Nr:4 from:5
2016-03-23 15:39:40,264 DEBUG:Done:	 Classification Nr:4 from:5
2016-03-23 15:39:40,270 DEBUG:Start:	 FeatureExtraction Nr:5 from:5 with RGB_Bins=25 ###
2016-03-23 15:40:07,559 DEBUG:Done:	 FeatureExtraction Nr:5 from:5 ###
2016-03-23 15:40:07,569 DEBUG:Start:	 Classification Nr:5 from:5
2016-03-23 15:49:36,381 DEBUG:Done:	 Classification Nr:5 from:5
2016-03-23 15:49:36,385 DEBUG:Done:	 Feautre Optimisation 
2016-03-23 15:49:36,385 DEBUG:Start:	 Exporting to CSV 
2016-03-23 15:49:36,390 DEBUG:Done:	 Exporting to CSV 
2016-03-23 15:49:36,390 DEBUG:Start:	 Plot Result
