2016-03-22 15:16:37,407 DEBUG:### Main Programm for Feature Extraction ###
2016-03-22 15:16:37,408 DEBUG:Infos:	 NameDB=CTMini, Path=D:\CaltechMini, Features=RGB HSV SIFT SURF HOG
2016-03-22 15:16:37,408 DEBUG:Start:	 Exportation of images from DB
2016-03-22 15:16:37,667 DEBUG:Done:	 Exportation of images from DB in:0.259000062943[s]
2016-03-22 15:16:37,668 DEBUG:Start:	 Features Extraction
2016-03-22 15:16:37,668 DEBUG:RGB:	 Start
2016-03-22 15:16:37,668 DEBUG:RGB:	 NumberOfBins=16, MaxColorIntensity=256, Norm=Distr
2016-03-22 15:16:37,844 DEBUG:RGB:	 Done in: 0.175000190735[s]
2016-03-22 15:16:37,844 DEBUG:HSV:	 Start
2016-03-22 15:16:37,844 DEBUG:HSV:	 HSVBins=[16,4,4], Norm=Distr
2016-03-22 15:16:38,188 DEBUG:HSV:	 Done in: 0.344999790192[s]
2016-03-22 15:16:38,190 DEBUG:SIFT:	 Start
2016-03-22 15:16:38,190 DEBUG:SIFT:	 Cluster=50, Norm=Distr
2016-03-22 15:16:38,190 DEBUG:SIFT:	 Keypoints Calculation
2016-03-22 15:16:40,349 DEBUG:SIFT:	 25% of images processed (Keypoints)
2016-03-22 15:16:42,005 DEBUG:SIFT:	 50% of images processed (Keypoints)
2016-03-22 15:16:43,447 DEBUG:SIFT:	 75% of images processed (Keypoints)
2016-03-22 15:16:44,878 DEBUG:SIFT:	 Calculation of Dictonary with 50 Clusters
2016-03-22 15:16:48,861 DEBUG:SIFT:	 Assign words from Dictonary to each Image
2016-03-22 15:16:48,951 DEBUG:SIFT:	 25% of images processed (Assignments)
2016-03-22 15:16:49,023 DEBUG:SIFT:	 50% of images processed (Assignments)
2016-03-22 15:16:49,079 DEBUG:SIFT:	 75% of images processed (Assignments)
2016-03-22 15:16:49,135 DEBUG:SIFT:	 Done in: 10.9459998608[s]
2016-03-22 15:16:49,135 DEBUG:SURF:	 Start
2016-03-22 15:16:49,137 DEBUG:SURF:	 Cluster=50, Norm=Distr
2016-03-22 15:16:49,138 DEBUG:SURF:	 Keypoints Calculation
2016-03-22 15:16:51,694 DEBUG:SURF:	 25% of images processed (Keypoints)
2016-03-22 15:16:53,861 DEBUG:SURF:	 50% of images processed (Keypoints)
2016-03-22 15:16:56,025 DEBUG:SURF:	 75% of images processed (Keypoints)
2016-03-22 15:16:58,243 DEBUG:SURF:	 Calculation of Dictonary with 50 Clusters
2016-03-22 15:17:00,667 DEBUG:SURF:	 Assign words from Dictonary to each Image
2016-03-22 15:17:00,757 DEBUG:SURF:	 25% of images processed (Assignments)
2016-03-22 15:17:00,829 DEBUG:SURF:	 50% of images processed (Assignments)
2016-03-22 15:17:00,897 DEBUG:SURF:	 75% of images processed (Assignments)
2016-03-22 15:17:00,986 DEBUG:SURF:	 Done in: 11.8489999771[s]
2016-03-22 15:17:00,986 DEBUG:HOG:	 Start
2016-03-22 15:17:00,986 DEBUG:HOG:	 CellDim=5, NbOrientations=8, Cluster=12, MaxIter=100, NbCores=1
2016-03-22 15:19:21,826 DEBUG:HOG:	 Done in: 140.839999914[s]
2016-03-22 15:19:21,828 DEBUG:Done:	 Features Extraction
2016-03-22 15:19:21,828 DEBUG:Start:	 Save Features to CSV Databases
2016-03-22 15:19:21,924 DEBUG:Done:	 Save Features to CSV Databases
